#
# There is insufficient memory for the Java Runtime Environment to continue.
# Native memory allocation (malloc) failed to allocate 117936 bytes for Chunk::new
# Possible reasons:
#   The system is out of physical RAM or swap space
#   The process is running with CompressedOops enabled, and the Java Heap may be blocking the growth of the native heap
# Possible solutions:
#   Reduce memory load on the system
#   Increase physical memory or swap space
#   Check if swap backing store is full
#   Decrease Java heap size (-Xmx/-Xms)
#   Decrease number of Java threads
#   Decrease Java thread stack sizes (-Xss)
#   Set larger code cache with -XX:ReservedCodeCacheSize=
#   JVM is running with Unscaled Compressed Oops mode in which the Java heap is
#     placed in the first 4GB address space. The Java Heap base address is the
#     maximum limit for the native heap growth. Please use -XX:HeapBaseMinAddress
#     to set the Java Heap base and to place the Java Heap above 4GB virtual address.
# This output file may be truncated or incomplete.
#
#  Out of Memory Error (arena.cpp:191), pid=17200, tid=18360
#
# JRE version: OpenJDK Runtime Environment Temurin-17.0.10+7 (17.0.10+7) (build 17.0.10+7)
# Java VM: OpenJDK 64-Bit Server VM Temurin-17.0.10+7 (17.0.10+7, mixed mode, tiered, compressed oops, compressed class ptrs, parallel gc, windows-amd64)
# No core dump will be written. Minidumps are not enabled by default on client versions of Windows
#

---------------  S U M M A R Y ------------

Command Line: --add-modules=ALL-SYSTEM --add-opens=java.base/java.util=ALL-UNNAMED --add-opens=java.base/java.lang=ALL-UNNAMED --add-opens=java.base/sun.nio.fs=ALL-UNNAMED -Declipse.application=org.eclipse.jdt.ls.core.id1 -Dosgi.bundles.defaultStartLevel=4 -Declipse.product=org.eclipse.jdt.ls.core.product -Djava.import.generatesMetadataFilesAtProjectRoot=false -DDetectVMInstallationsJob.disabled=true -Dfile.encoding=utf8 -XX:+UseParallelGC -XX:GCTimeRatio=4 -XX:AdaptiveSizePolicyWeight=90 -Dsun.zip.disableMemoryMapping=true -Xmx1G -Xms100m -Xlog:disable -javaagent:c:\Users\TDR SOFTWARE PVT LTD\.vscode\extensions\redhat.java-1.28.1-win32-x64\lombok\lombok-1.18.31.jar -XX:+HeapDumpOnOutOfMemoryError -XX:HeapDumpPath=c:\Users\TDR SOFTWARE PVT LTD\AppData\Roaming\Code\User\workspaceStorage\dda9ed2ddc5e0cadd90f1bcc6f87684a\redhat.java -Daether.dependencyCollector.impl=bf c:\Users\TDR SOFTWARE PVT LTD\.vscode\extensions\redhat.java-1.28.1-win32-x64\server\plugins\org.eclipse.equinox.launcher_1.6.700.v20231214-2017.jar -configuration c:\Users\TDR SOFTWARE PVT LTD\AppData\Roaming\Code\User\globalStorage\redhat.java\1.28.1\config_win -data c:\Users\TDR SOFTWARE PVT LTD\AppData\Roaming\Code\User\workspaceStorage\dda9ed2ddc5e0cadd90f1bcc6f87684a\redhat.java\jdt_ws --stdio

Host: Intel(R) Core(TM) i5-10400F CPU @ 2.90GHz, 12 cores, 15G,  Windows 11 , 64 bit Build 22621 (10.0.22621.3235)
Time: Mon Apr  1 23:18:09 2024 India Standard Time elapsed time: 9.743932 seconds (0d 0h 0m 9s)

---------------  T H R E A D  ---------------

Current thread (0x000001fb471cc0f0):  JavaThread "C2 CompilerThread0" daemon [_thread_in_native, id=18360, stack(0x000000b3c9f00000,0x000000b3ca000000)]


Current CompileTask:
C2:   9744 8070       4       org.eclipse.jdt.internal.compiler.classfmt.FieldInfo::createField (453 bytes)

Stack: [0x000000b3c9f00000,0x000000b3ca000000]
Native frames: (J=compiled Java code, j=interpreted, Vv=VM code, C=native code)
V  [jvm.dll+0x67d2c9]
V  [jvm.dll+0x834afa]
V  [jvm.dll+0x8365be]
V  [jvm.dll+0x836c23]
V  [jvm.dll+0x2477ff]
V  [jvm.dll+0xac514]
V  [jvm.dll+0xacb5c]
V  [jvm.dll+0x3667d7]
V  [jvm.dll+0x1bcd86]
V  [jvm.dll+0x21a049]
V  [jvm.dll+0x219311]
V  [jvm.dll+0x1a502d]
V  [jvm.dll+0x2290de]
V  [jvm.dll+0x2272ac]
V  [jvm.dll+0x7e9bb7]
V  [jvm.dll+0x7e3fba]
V  [jvm.dll+0x67c1b5]
C  [ucrtbase.dll+0x29363]
C  [KERNEL32.DLL+0x1257d]
C  [ntdll.dll+0x5aa58]


---------------  P R O C E S S  ---------------

Threads class SMR info:
_java_thread_list=0x000001fb4e714f30, length=43, elements={
0x000001fb2e1e4290, 0x000001fb42069020, 0x000001fb42069a50, 0x000001fb471c8010,
0x000001fb471c8ba0, 0x000001fb471c9820, 0x000001fb471cb350, 0x000001fb471cc0f0,
0x000001fb471de370, 0x000001fb4722c490, 0x000001fb472e63b0, 0x000001fb489bb420,
0x000001fb48cb8e70, 0x000001fb48cba2b0, 0x000001fb48cbacd0, 0x000001fb48cb9890,
0x000001fb48cb9da0, 0x000001fb49a7e0e0, 0x000001fb48cbb6f0, 0x000001fb49909fa0,
0x000001fb48cbc110, 0x000001fb48cb8960, 0x000001fb49f0a5b0, 0x000001fb49f105e0,
0x000001fb49f09b90, 0x000001fb49f0a0a0, 0x000001fb49f0afd0, 0x000001fb49f0b9f0,
0x000001fb49f0bf00, 0x000001fb49f0fbc0, 0x000001fb49f0d850, 0x000001fb49f0e270,
0x000001fb49f0f6b0, 0x000001fb49f09170, 0x000001fb49f09680, 0x000001fb49f100d0,
0x000001fb48cbb1e0, 0x000001fb49f0e780, 0x000001fb49f0c410, 0x000001fb49f0f1a0,
0x000001fb4e70e540, 0x000001fb4e7108b0, 0x000001fb4e70f980
}

Java Threads: ( => current thread )
  0x000001fb2e1e4290 JavaThread "main" [_thread_blocked, id=11044, stack(0x000000b3c9600000,0x000000b3c9700000)]
  0x000001fb42069020 JavaThread "Reference Handler" daemon [_thread_blocked, id=9076, stack(0x000000b3c9900000,0x000000b3c9a00000)]
  0x000001fb42069a50 JavaThread "Finalizer" daemon [_thread_blocked, id=15536, stack(0x000000b3c9a00000,0x000000b3c9b00000)]
  0x000001fb471c8010 JavaThread "Signal Dispatcher" daemon [_thread_blocked, id=16356, stack(0x000000b3c9b00000,0x000000b3c9c00000)]
  0x000001fb471c8ba0 JavaThread "Attach Listener" daemon [_thread_blocked, id=6240, stack(0x000000b3c9c00000,0x000000b3c9d00000)]
  0x000001fb471c9820 JavaThread "Service Thread" daemon [_thread_blocked, id=8720, stack(0x000000b3c9d00000,0x000000b3c9e00000)]
  0x000001fb471cb350 JavaThread "Monitor Deflation Thread" daemon [_thread_blocked, id=9232, stack(0x000000b3c9e00000,0x000000b3c9f00000)]
=>0x000001fb471cc0f0 JavaThread "C2 CompilerThread0" daemon [_thread_in_native, id=18360, stack(0x000000b3c9f00000,0x000000b3ca000000)]
  0x000001fb471de370 JavaThread "C1 CompilerThread0" daemon [_thread_in_vm, id=4228, stack(0x000000b3ca000000,0x000000b3ca100000)]
  0x000001fb4722c490 JavaThread "Sweeper thread" daemon [_thread_blocked, id=18356, stack(0x000000b3ca100000,0x000000b3ca200000)]
  0x000001fb472e63b0 JavaThread "Common-Cleaner" daemon [_thread_blocked, id=4028, stack(0x000000b3ca200000,0x000000b3ca300000)]
  0x000001fb489bb420 JavaThread "Notification Thread" daemon [_thread_blocked, id=1572, stack(0x000000b3ca400000,0x000000b3ca500000)]
  0x000001fb48cb8e70 JavaThread "Active Thread: Equinox Container: 150dbc19-8645-4d6c-9637-58bbe871e4cf" [_thread_blocked, id=15076, stack(0x000000b3cac00000,0x000000b3cad00000)]
  0x000001fb48cba2b0 JavaThread "Framework Event Dispatcher: Equinox Container: 150dbc19-8645-4d6c-9637-58bbe871e4cf" daemon [_thread_blocked, id=16816, stack(0x000000b3cae00000,0x000000b3caf00000)]
  0x000001fb48cbacd0 JavaThread "Start Level: Equinox Container: 150dbc19-8645-4d6c-9637-58bbe871e4cf" daemon [_thread_blocked, id=6456, stack(0x000000b3caf00000,0x000000b3cb000000)]
  0x000001fb48cb9890 JavaThread "Bundle File Closer" daemon [_thread_blocked, id=15612, stack(0x000000b3cad00000,0x000000b3cae00000)]
  0x000001fb48cb9da0 JavaThread "SCR Component Actor" daemon [_thread_blocked, id=16724, stack(0x000000b3cb100000,0x000000b3cb200000)]
  0x000001fb49a7e0e0 JavaThread "C2 CompilerThread1" daemon [_thread_in_native, id=1768, stack(0x000000b3ca300000,0x000000b3ca400000)]
  0x000001fb48cbb6f0 JavaThread "Worker-JM" [_thread_blocked, id=11440, stack(0x000000b3cb500000,0x000000b3cb600000)]
  0x000001fb49909fa0 JavaThread "C2 CompilerThread2" daemon [_thread_in_native, id=18392, stack(0x000000b3cb600000,0x000000b3cb700000)]
  0x000001fb48cbc110 JavaThread "Worker-0" [_thread_blocked, id=1520, stack(0x000000b3cb700000,0x000000b3cb800000)]
  0x000001fb48cb8960 JavaThread "Worker-1: Java indexing... " [_thread_blocked, id=16812, stack(0x000000b3cb800000,0x000000b3cb900000)]
  0x000001fb49f0a5b0 JavaThread "Java indexing" daemon [_thread_in_Java, id=12148, stack(0x000000b3cb900000,0x000000b3cba00000)]
  0x000001fb49f105e0 JavaThread "JNA Cleaner" daemon [_thread_blocked, id=1904, stack(0x000000b3cba00000,0x000000b3cbb00000)]
  0x000001fb49f09b90 JavaThread "pool-2-thread-1" [_thread_blocked, id=12984, stack(0x000000b3cbd00000,0x000000b3cbe00000)]
  0x000001fb49f0a0a0 JavaThread "Worker-2: Classpath Update Job" [_thread_in_Java, id=1400, stack(0x000000b3cbe00000,0x000000b3cbf00000)]
  0x000001fb49f0afd0 JavaThread "Worker-3" [_thread_blocked, id=2944, stack(0x000000b3cbf00000,0x000000b3cc000000)]
  0x000001fb49f0b9f0 JavaThread "WorkspaceEventsHandler" [_thread_blocked, id=13880, stack(0x000000b3cc000000,0x000000b3cc100000)]
  0x000001fb49f0bf00 JavaThread "pool-1-thread-1" [_thread_in_native, id=8480, stack(0x000000b3cc100000,0x000000b3cc200000)]
  0x000001fb49f0fbc0 JavaThread "Timer-0" [_thread_blocked, id=9344, stack(0x000000b3cc200000,0x000000b3cc300000)]
  0x000001fb49f0d850 JavaThread "Worker-4: Initialize workspace" [_thread_blocked, id=2228, stack(0x000000b3cc400000,0x000000b3cc500000)]
  0x000001fb49f0e270 JavaThread "Worker-5: Classpath Update Job" [_thread_in_Java, id=5080, stack(0x000000b3cc500000,0x000000b3cc600000)]
  0x000001fb49f0f6b0 JavaThread "Exec process" [_thread_blocked, id=7512, stack(0x000000b3cc600000,0x000000b3cc700000)]
  0x000001fb49f09170 JavaThread "Exec process Thread 2" [_thread_blocked, id=14408, stack(0x000000b3cc700000,0x000000b3cc800000)]
  0x000001fb49f09680 JavaThread "Exec process Thread 3" [_thread_blocked, id=7648, stack(0x000000b3cc800000,0x000000b3cc900000)]
  0x000001fb49f100d0 JavaThread "Timer-1" [_thread_blocked, id=16032, stack(0x000000b3cb400000,0x000000b3cb500000)]
  0x000001fb48cbb1e0 JavaThread "ForkJoinPool.commonPool-worker-1" daemon [_thread_blocked, id=16324, stack(0x000000b3cc300000,0x000000b3cc400000)]
  0x000001fb49f0e780 JavaThread "ForkJoinPool.commonPool-worker-2" daemon [_thread_blocked, id=14104, stack(0x000000b3cc900000,0x000000b3cca00000)]
  0x000001fb49f0c410 JavaThread "ForkJoinPool.commonPool-worker-3" daemon [_thread_blocked, id=7664, stack(0x000000b3cca00000,0x000000b3ccb00000)]
  0x000001fb49f0f1a0 JavaThread "ForkJoinPool.commonPool-worker-4" daemon [_thread_blocked, id=16736, stack(0x000000b3ccb00000,0x000000b3ccc00000)]
  0x000001fb4e70e540 JavaThread "ForkJoinPool.commonPool-worker-5" daemon [_thread_blocked, id=12316, stack(0x000000b3ccc00000,0x000000b3ccd00000)]
  0x000001fb4e7108b0 JavaThread "ForkJoinPool.commonPool-worker-6" daemon [_thread_blocked, id=4856, stack(0x000000b3ccd00000,0x000000b3cce00000)]
  0x000001fb4e70f980 JavaThread "ForkJoinPool.commonPool-worker-7" daemon [_thread_blocked, id=2752, stack(0x000000b3cce00000,0x000000b3ccf00000)]

Other Threads:
  0x000001fb2e25d460 VMThread "VM Thread" [stack: 0x000000b3c9800000,0x000000b3c9900000] [id=16624]
  0x000001fb489bb900 WatcherThread [stack: 0x000000b3ca500000,0x000000b3ca600000] [id=16852]
  0x000001fb2e1f90b0 GCTaskThread "GC Thread#0" [stack: 0x000000b3c9700000,0x000000b3c9800000] [id=5144]
  0x000001fb48ed7410 GCTaskThread "GC Thread#1" [stack: 0x000000b3ca600000,0x000000b3ca700000] [id=16404]
  0x000001fb490064f0 GCTaskThread "GC Thread#2" [stack: 0x000000b3ca700000,0x000000b3ca800000] [id=9900]
  0x000001fb490067b0 GCTaskThread "GC Thread#3" [stack: 0x000000b3ca800000,0x000000b3ca900000] [id=14584]
  0x000001fb49006a70 GCTaskThread "GC Thread#4" [stack: 0x000000b3ca900000,0x000000b3caa00000] [id=2100]
  0x000001fb49006d30 GCTaskThread "GC Thread#5" [stack: 0x000000b3caa00000,0x000000b3cab00000] [id=13604]
  0x000001fb49006ff0 GCTaskThread "GC Thread#6" [stack: 0x000000b3cab00000,0x000000b3cac00000] [id=3120]
  0x000001fb49420890 GCTaskThread "GC Thread#7" [stack: 0x000000b3cb000000,0x000000b3cb100000] [id=17816]
  0x000001fb4941f290 GCTaskThread "GC Thread#8" [stack: 0x000000b3cb200000,0x000000b3cb300000] [id=12516]
  0x000001fb49420310 GCTaskThread "GC Thread#9" [stack: 0x000000b3cb300000,0x000000b3cb400000] [id=12932]

Threads with active compile tasks:
C2 CompilerThread0     9774 8070       4       org.eclipse.jdt.internal.compiler.classfmt.FieldInfo::createField (453 bytes)
C2 CompilerThread1     9774 8125       4       org.eclipse.core.runtime.Path::computeSegments (163 bytes)
C2 CompilerThread2     9774 8036       4       org.eclipse.jdt.internal.core.JarPackageFragmentRoot::initRawPackageInfo (349 bytes)

VM state: not at safepoint (normal execution)

VM Mutex/Monitor currently owned by a thread: None

Heap address: 0x00000000c0000000, size: 1024 MB, Compressed Oops mode: 32-bit

CDS archive(s) not mapped
Compressed class space mapped at: 0x0000000100000000-0x0000000140000000, reserved size: 1073741824
Narrow klass base: 0x0000000000000000, Narrow klass shift: 3, Narrow klass range: 0x140000000

GC Precious Log:
 CPUs: 12 total, 12 available
 Memory: 16295M
 Large Page Support: Disabled
 NUMA Support: Disabled
 Compressed Oops: Enabled (32-bit)
 Alignments: Space 512K, Generation 512K, Heap 2M
 Heap Min Capacity: 100M
 Heap Initial Capacity: 100M
 Heap Max Capacity: 1G
 Pre-touch: Disabled
 Parallel Workers: 10

Heap:
 PSYoungGen      total 22528K, used 17162K [0x00000000eab00000, 0x00000000ec680000, 0x0000000100000000)
  eden space 17408K, 98% used [0x00000000eab00000,0x00000000ebbc4978,0x00000000ebc00000)
  from space 5120K, 0% used [0x00000000ebc80000,0x00000000ebc80000,0x00000000ec180000)
  to   space 4096K, 0% used [0x00000000ec280000,0x00000000ec280000,0x00000000ec680000)
 ParOldGen       total 111104K, used 108574K [0x00000000c0000000, 0x00000000c6c80000, 0x00000000eab00000)
  object space 111104K, 97% used [0x00000000c0000000,0x00000000c6a078d8,0x00000000c6c80000)
 Metaspace       used 63165K, committed 64128K, reserved 1114112K
  class space    used 7239K, committed 7680K, reserved 1048576K

Card table byte_map: [0x000001fb2db70000,0x000001fb2dd80000] _byte_map_base: 0x000001fb2d570000

Marking Bits: (ParMarkBitMap*) 0x00007ffdd84ad7d0
 Begin Bits: [0x000001fb3fe70000, 0x000001fb40e70000)
 End Bits:   [0x000001fb40e70000, 0x000001fb41e70000)

Polling page: 0x000001fb2c180000

Metaspace:

Usage:
  Non-class:     54.61 MB used.
      Class:      7.07 MB used.
       Both:     61.69 MB used.

Virtual space:
  Non-class space:       64.00 MB reserved,      55.12 MB ( 86%) committed,  1 nodes.
      Class space:        1.00 GB reserved,       7.50 MB ( <1%) committed,  1 nodes.
             Both:        1.06 GB reserved,      62.62 MB (  6%) committed. 

Chunk freelists:
   Non-Class:  8.75 MB
       Class:  8.50 MB
        Both:  17.25 MB

MaxMetaspaceSize: unlimited
CompressedClassSpaceSize: 1.00 GB
Initial GC threshold: 21.00 MB
Current GC threshold: 103.69 MB
CDS: off
MetaspaceReclaimPolicy: balanced
 - commit_granule_bytes: 65536.
 - commit_granule_words: 8192.
 - virtual_space_node_default_size: 8388608.
 - enlarge_chunks_in_place: 1.
 - new_chunks_are_fully_committed: 0.
 - uncommit_free_chunks: 1.
 - use_allocation_guard: 0.
 - handle_deallocations: 1.


Internal statistics:

num_allocs_failed_limit: 9.
num_arena_births: 550.
num_arena_deaths: 14.
num_vsnodes_births: 2.
num_vsnodes_deaths: 0.
num_space_committed: 1002.
num_space_uncommitted: 0.
num_chunks_returned_to_freelist: 23.
num_chunks_taken_from_freelist: 2910.
num_chunk_merges: 12.
num_chunk_splits: 1897.
num_chunks_enlarged: 1253.
num_inconsistent_stats: 0.

CodeHeap 'non-profiled nmethods': size=120000Kb used=4155Kb max_used=4629Kb free=115844Kb
 bounds [0x000001fb38940000, 0x000001fb38dd0000, 0x000001fb3fe70000]
CodeHeap 'profiled nmethods': size=120000Kb used=12900Kb max_used=14806Kb free=107099Kb
 bounds [0x000001fb30e70000, 0x000001fb31cf0000, 0x000001fb383a0000]
CodeHeap 'non-nmethods': size=5760Kb used=1312Kb max_used=1395Kb free=4447Kb
 bounds [0x000001fb383a0000, 0x000001fb38610000, 0x000001fb38940000]
 total_blobs=7242 nmethods=6599 adapters=557
 compilation: enabled
              stopped_count=0, restarted_count=0
 full_count=0

Compilation events (20 events):
Event: 9.733 Thread 0x000001fb471de370 nmethod 8108 0x000001fb318e5190 code [0x000001fb318e5320, 0x000001fb318e5488]
Event: 9.734 Thread 0x000001fb471de370 8105       2       java.lang.Character::isDigit (5 bytes)
Event: 9.734 Thread 0x000001fb471de370 nmethod 8105 0x000001fb3193e990 code [0x000001fb3193eb40, 0x000001fb3193ec78]
Event: 9.734 Thread 0x000001fb471de370 8104       2       org.eclipse.core.internal.resources.WorkspaceRoot::getProject (88 bytes)
Event: 9.735 Thread 0x000001fb471de370 nmethod 8104 0x000001fb31272c10 code [0x000001fb31272e20, 0x000001fb312732f8]
Event: 9.735 Thread 0x000001fb471de370 8094       1       com.google.gson.stream.JsonWriter::isLenient (5 bytes)
Event: 9.735 Thread 0x000001fb471de370 nmethod 8094 0x000001fb38c09f10 code [0x000001fb38c0a0a0, 0x000001fb38c0a178]
Event: 9.735 Thread 0x000001fb471de370 8095       1       com.google.gson.stream.JsonWriter::isHtmlSafe (5 bytes)
Event: 9.735 Thread 0x000001fb471de370 nmethod 8095 0x000001fb38cd6590 code [0x000001fb38cd6720, 0x000001fb38cd67f8]
Event: 9.735 Thread 0x000001fb471de370 8096       1       com.google.gson.stream.JsonWriter::getSerializeNulls (5 bytes)
Event: 9.735 Thread 0x000001fb471de370 nmethod 8096 0x000001fb38cd6110 code [0x000001fb38cd62a0, 0x000001fb38cd6378]
Event: 9.735 Thread 0x000001fb471de370 8097       1       org.eclipse.lsp4j.jsonrpc.messages.Message::getJsonrpc (5 bytes)
Event: 9.735 Thread 0x000001fb471de370 nmethod 8097 0x000001fb38d19510 code [0x000001fb38d196a0, 0x000001fb38d19778]
Event: 9.735 Thread 0x000001fb471de370 8093       1       org.eclipse.lsp4j.jsonrpc.messages.Either::getLeft (5 bytes)
Event: 9.735 Thread 0x000001fb471de370 nmethod 8093 0x000001fb38d18f90 code [0x000001fb38d19120, 0x000001fb38d191f8]
Event: 9.740 Thread 0x000001fb471de370 8112       2       org.eclipse.core.internal.preferences.EclipsePreferences::getBoolean (21 bytes)
Event: 9.740 Thread 0x000001fb471de370 nmethod 8112 0x000001fb3197c210 code [0x000001fb3197c3c0, 0x000001fb3197c538]
Event: 9.740 Thread 0x000001fb471de370 8113       2       java.util.concurrent.locks.ReentrantLock$NonfairSync::tryAcquire (27 bytes)
Event: 9.741 Thread 0x000001fb471de370 nmethod 8113 0x000001fb319b2f10 code [0x000001fb319b30c0, 0x000001fb319b3268]
Event: 9.742 Thread 0x000001fb471de370 8114       2       org.eclipse.jdt.internal.core.ClasspathEntry::hasDotDot (39 bytes)

GC Heap History (20 events):
Event: 9.286 GC heap before
{Heap before GC invocations=67 (full 4):
 PSYoungGen      total 14848K, used 14841K [0x00000000eab00000, 0x00000000ec200000, 0x0000000100000000)
  eden space 11264K, 100% used [0x00000000eab00000,0x00000000eb600000,0x00000000eb600000)
  from space 3584K, 99% used [0x00000000eb600000,0x00000000eb97e7d8,0x00000000eb980000)
  to   space 5632K, 0% used [0x00000000ebc80000,0x00000000ebc80000,0x00000000ec200000)
 ParOldGen       total 111104K, used 89438K [0x00000000c0000000, 0x00000000c6c80000, 0x00000000eab00000)
  object space 111104K, 80% used [0x00000000c0000000,0x00000000c57579c8,0x00000000c6c80000)
 Metaspace       used 62041K, committed 63040K, reserved 1114112K
  class space    used 7112K, committed 7552K, reserved 1048576K
}
Event: 9.289 GC heap after
{Heap after GC invocations=67 (full 4):
 PSYoungGen      total 15872K, used 3252K [0x00000000eab00000, 0x00000000ec000000, 0x0000000100000000)
  eden space 12288K, 0% used [0x00000000eab00000,0x00000000eab00000,0x00000000eb700000)
  from space 3584K, 90% used [0x00000000ebc80000,0x00000000ebfad258,0x00000000ec000000)
  to   space 4096K, 0% used [0x00000000eb800000,0x00000000eb800000,0x00000000ebc00000)
 ParOldGen       total 111104K, used 91691K [0x00000000c0000000, 0x00000000c6c80000, 0x00000000eab00000)
  object space 111104K, 82% used [0x00000000c0000000,0x00000000c598af20,0x00000000c6c80000)
 Metaspace       used 62041K, committed 63040K, reserved 1114112K
  class space    used 7112K, committed 7552K, reserved 1048576K
}
Event: 9.315 GC heap before
{Heap before GC invocations=68 (full 4):
 PSYoungGen      total 15872K, used 15540K [0x00000000eab00000, 0x00000000ec000000, 0x0000000100000000)
  eden space 12288K, 100% used [0x00000000eab00000,0x00000000eb700000,0x00000000eb700000)
  from space 3584K, 90% used [0x00000000ebc80000,0x00000000ebfad258,0x00000000ec000000)
  to   space 4096K, 0% used [0x00000000eb800000,0x00000000eb800000,0x00000000ebc00000)
 ParOldGen       total 111104K, used 91691K [0x00000000c0000000, 0x00000000c6c80000, 0x00000000eab00000)
  object space 111104K, 82% used [0x00000000c0000000,0x00000000c598af20,0x00000000c6c80000)
 Metaspace       used 62043K, committed 63040K, reserved 1114112K
  class space    used 7112K, committed 7552K, reserved 1048576K
}
Event: 9.318 GC heap after
{Heap after GC invocations=68 (full 4):
 PSYoungGen      total 17408K, used 4065K [0x00000000eab00000, 0x00000000ec400000, 0x0000000100000000)
  eden space 13312K, 0% used [0x00000000eab00000,0x00000000eab00000,0x00000000eb800000)
  from space 4096K, 99% used [0x00000000eb800000,0x00000000ebbf85f0,0x00000000ebc00000)
  to   space 6144K, 0% used [0x00000000ebe00000,0x00000000ebe00000,0x00000000ec400000)
 ParOldGen       total 111104K, used 92939K [0x00000000c0000000, 0x00000000c6c80000, 0x00000000eab00000)
  object space 111104K, 83% used [0x00000000c0000000,0x00000000c5ac2f20,0x00000000c6c80000)
 Metaspace       used 62043K, committed 63040K, reserved 1114112K
  class space    used 7112K, committed 7552K, reserved 1048576K
}
Event: 9.348 GC heap before
{Heap before GC invocations=69 (full 4):
 PSYoungGen      total 17408K, used 17377K [0x00000000eab00000, 0x00000000ec400000, 0x0000000100000000)
  eden space 13312K, 100% used [0x00000000eab00000,0x00000000eb800000,0x00000000eb800000)
  from space 4096K, 99% used [0x00000000eb800000,0x00000000ebbf85f0,0x00000000ebc00000)
  to   space 6144K, 0% used [0x00000000ebe00000,0x00000000ebe00000,0x00000000ec400000)
 ParOldGen       total 111104K, used 92939K [0x00000000c0000000, 0x00000000c6c80000, 0x00000000eab00000)
  object space 111104K, 83% used [0x00000000c0000000,0x00000000c5ac2f20,0x00000000c6c80000)
 Metaspace       used 62043K, committed 63040K, reserved 1114112K
  class space    used 7112K, committed 7552K, reserved 1048576K
}
Event: 9.351 GC heap after
{Heap after GC invocations=69 (full 4):
 PSYoungGen      total 19456K, used 3807K [0x00000000eab00000, 0x00000000ec280000, 0x0000000100000000)
  eden space 14848K, 0% used [0x00000000eab00000,0x00000000eab00000,0x00000000eb980000)
  from space 4608K, 82% used [0x00000000ebe00000,0x00000000ec1b7f08,0x00000000ec280000)
  to   space 4608K, 0% used [0x00000000eb980000,0x00000000eb980000,0x00000000ebe00000)
 ParOldGen       total 111104K, used 95520K [0x00000000c0000000, 0x00000000c6c80000, 0x00000000eab00000)
  object space 111104K, 85% used [0x00000000c0000000,0x00000000c5d48180,0x00000000c6c80000)
 Metaspace       used 62043K, committed 63040K, reserved 1114112K
  class space    used 7112K, committed 7552K, reserved 1048576K
}
Event: 9.385 GC heap before
{Heap before GC invocations=70 (full 4):
 PSYoungGen      total 19456K, used 18655K [0x00000000eab00000, 0x00000000ec280000, 0x0000000100000000)
  eden space 14848K, 100% used [0x00000000eab00000,0x00000000eb980000,0x00000000eb980000)
  from space 4608K, 82% used [0x00000000ebe00000,0x00000000ec1b7f08,0x00000000ec280000)
  to   space 4608K, 0% used [0x00000000eb980000,0x00000000eb980000,0x00000000ebe00000)
 ParOldGen       total 111104K, used 95520K [0x00000000c0000000, 0x00000000c6c80000, 0x00000000eab00000)
  object space 111104K, 85% used [0x00000000c0000000,0x00000000c5d48180,0x00000000c6c80000)
 Metaspace       used 62043K, committed 63040K, reserved 1114112K
  class space    used 7112K, committed 7552K, reserved 1048576K
}
Event: 9.389 GC heap after
{Heap after GC invocations=70 (full 4):
 PSYoungGen      total 19456K, used 4576K [0x00000000eab00000, 0x00000000ec280000, 0x0000000100000000)
  eden space 14848K, 0% used [0x00000000eab00000,0x00000000eab00000,0x00000000eb980000)
  from space 4608K, 99% used [0x00000000eb980000,0x00000000ebdf8068,0x00000000ebe00000)
  to   space 4608K, 0% used [0x00000000ebe00000,0x00000000ebe00000,0x00000000ec280000)
 ParOldGen       total 111104K, used 97175K [0x00000000c0000000, 0x00000000c6c80000, 0x00000000eab00000)
  object space 111104K, 87% used [0x00000000c0000000,0x00000000c5ee5e08,0x00000000c6c80000)
 Metaspace       used 62043K, committed 63040K, reserved 1114112K
  class space    used 7112K, committed 7552K, reserved 1048576K
}
Event: 9.425 GC heap before
{Heap before GC invocations=71 (full 4):
 PSYoungGen      total 19456K, used 19424K [0x00000000eab00000, 0x00000000ec280000, 0x0000000100000000)
  eden space 14848K, 100% used [0x00000000eab00000,0x00000000eb980000,0x00000000eb980000)
  from space 4608K, 99% used [0x00000000eb980000,0x00000000ebdf8068,0x00000000ebe00000)
  to   space 4608K, 0% used [0x00000000ebe00000,0x00000000ebe00000,0x00000000ec280000)
 ParOldGen       total 111104K, used 97175K [0x00000000c0000000, 0x00000000c6c80000, 0x00000000eab00000)
  object space 111104K, 87% used [0x00000000c0000000,0x00000000c5ee5e08,0x00000000c6c80000)
 Metaspace       used 62056K, committed 63040K, reserved 1114112K
  class space    used 7115K, committed 7552K, reserved 1048576K
}
Event: 9.429 GC heap after
{Heap after GC invocations=71 (full 4):
 PSYoungGen      total 19456K, used 4588K [0x00000000eab00000, 0x00000000ec280000, 0x0000000100000000)
  eden space 14848K, 0% used [0x00000000eab00000,0x00000000eab00000,0x00000000eb980000)
  from space 4608K, 99% used [0x00000000ebe00000,0x00000000ec27b378,0x00000000ec280000)
  to   space 4608K, 0% used [0x00000000eb980000,0x00000000eb980000,0x00000000ebe00000)
 ParOldGen       total 111104K, used 99986K [0x00000000c0000000, 0x00000000c6c80000, 0x00000000eab00000)
  object space 111104K, 89% used [0x00000000c0000000,0x00000000c61a49b0,0x00000000c6c80000)
 Metaspace       used 62056K, committed 63040K, reserved 1114112K
  class space    used 7115K, committed 7552K, reserved 1048576K
}
Event: 9.483 GC heap before
{Heap before GC invocations=72 (full 4):
 PSYoungGen      total 19456K, used 19436K [0x00000000eab00000, 0x00000000ec280000, 0x0000000100000000)
  eden space 14848K, 100% used [0x00000000eab00000,0x00000000eb980000,0x00000000eb980000)
  from space 4608K, 99% used [0x00000000ebe00000,0x00000000ec27b378,0x00000000ec280000)
  to   space 4608K, 0% used [0x00000000eb980000,0x00000000eb980000,0x00000000ebe00000)
 ParOldGen       total 111104K, used 99986K [0x00000000c0000000, 0x00000000c6c80000, 0x00000000eab00000)
  object space 111104K, 89% used [0x00000000c0000000,0x00000000c61a49b0,0x00000000c6c80000)
 Metaspace       used 62195K, committed 63168K, reserved 1114112K
  class space    used 7129K, committed 7552K, reserved 1048576K
}
Event: 9.489 GC heap after
{Heap after GC invocations=72 (full 4):
 PSYoungGen      total 19456K, used 2756K [0x00000000eab00000, 0x00000000ec400000, 0x0000000100000000)
  eden space 14848K, 0% used [0x00000000eab00000,0x00000000eab00000,0x00000000eb980000)
  from space 4608K, 59% used [0x00000000eb980000,0x00000000ebc310a0,0x00000000ebe00000)
  to   space 4608K, 0% used [0x00000000ebf80000,0x00000000ebf80000,0x00000000ec400000)
 ParOldGen       total 111104K, used 104454K [0x00000000c0000000, 0x00000000c6c80000, 0x00000000eab00000)
  object space 111104K, 94% used [0x00000000c0000000,0x00000000c6601b30,0x00000000c6c80000)
 Metaspace       used 62195K, committed 63168K, reserved 1114112K
  class space    used 7129K, committed 7552K, reserved 1048576K
}
Event: 9.529 GC heap before
{Heap before GC invocations=73 (full 4):
 PSYoungGen      total 19456K, used 17604K [0x00000000eab00000, 0x00000000ec400000, 0x0000000100000000)
  eden space 14848K, 100% used [0x00000000eab00000,0x00000000eb980000,0x00000000eb980000)
  from space 4608K, 59% used [0x00000000eb980000,0x00000000ebc310a0,0x00000000ebe00000)
  to   space 4608K, 0% used [0x00000000ebf80000,0x00000000ebf80000,0x00000000ec400000)
 ParOldGen       total 111104K, used 104454K [0x00000000c0000000, 0x00000000c6c80000, 0x00000000eab00000)
  object space 111104K, 94% used [0x00000000c0000000,0x00000000c6601b30,0x00000000c6c80000)
 Metaspace       used 62443K, committed 63488K, reserved 1114112K
  class space    used 7155K, committed 7616K, reserved 1048576K
}
Event: 9.532 GC heap after
{Heap after GC invocations=73 (full 4):
 PSYoungGen      total 20480K, used 4599K [0x00000000eab00000, 0x00000000ec500000, 0x0000000100000000)
  eden space 15872K, 0% used [0x00000000eab00000,0x00000000eab00000,0x00000000eba80000)
  from space 4608K, 99% used [0x00000000ebf80000,0x00000000ec3fdeb0,0x00000000ec400000)
  to   space 5120K, 0% used [0x00000000eba80000,0x00000000eba80000,0x00000000ebf80000)
 ParOldGen       total 111104K, used 104454K [0x00000000c0000000, 0x00000000c6c80000, 0x00000000eab00000)
  object space 111104K, 94% used [0x00000000c0000000,0x00000000c6601b30,0x00000000c6c80000)
 Metaspace       used 62443K, committed 63488K, reserved 1114112K
  class space    used 7155K, committed 7616K, reserved 1048576K
}
Event: 9.560 GC heap before
{Heap before GC invocations=74 (full 4):
 PSYoungGen      total 20480K, used 20471K [0x00000000eab00000, 0x00000000ec500000, 0x0000000100000000)
  eden space 15872K, 100% used [0x00000000eab00000,0x00000000eba80000,0x00000000eba80000)
  from space 4608K, 99% used [0x00000000ebf80000,0x00000000ec3fdeb0,0x00000000ec400000)
  to   space 5120K, 0% used [0x00000000eba80000,0x00000000eba80000,0x00000000ebf80000)
 ParOldGen       total 111104K, used 104454K [0x00000000c0000000, 0x00000000c6c80000, 0x00000000eab00000)
  object space 111104K, 94% used [0x00000000c0000000,0x00000000c6601b30,0x00000000c6c80000)
 Metaspace       used 62503K, committed 63552K, reserved 1114112K
  class space    used 7161K, committed 7616K, reserved 1048576K
}
Event: 9.563 GC heap after
{Heap after GC invocations=74 (full 4):
 PSYoungGen      total 20992K, used 5114K [0x00000000eab00000, 0x00000000ec900000, 0x0000000100000000)
  eden space 15872K, 0% used [0x00000000eab00000,0x00000000eab00000,0x00000000eba80000)
  from space 5120K, 99% used [0x00000000eba80000,0x00000000ebf7e8a0,0x00000000ebf80000)
  to   space 6656K, 0% used [0x00000000ec280000,0x00000000ec280000,0x00000000ec900000)
 ParOldGen       total 111104K, used 105345K [0x00000000c0000000, 0x00000000c6c80000, 0x00000000eab00000)
  object space 111104K, 94% used [0x00000000c0000000,0x00000000c66e05a8,0x00000000c6c80000)
 Metaspace       used 62503K, committed 63552K, reserved 1114112K
  class space    used 7161K, committed 7616K, reserved 1048576K
}
Event: 9.591 GC heap before
{Heap before GC invocations=75 (full 4):
 PSYoungGen      total 20992K, used 20986K [0x00000000eab00000, 0x00000000ec900000, 0x0000000100000000)
  eden space 15872K, 100% used [0x00000000eab00000,0x00000000eba80000,0x00000000eba80000)
  from space 5120K, 99% used [0x00000000eba80000,0x00000000ebf7e8a0,0x00000000ebf80000)
  to   space 6656K, 0% used [0x00000000ec280000,0x00000000ec280000,0x00000000ec900000)
 ParOldGen       total 111104K, used 105345K [0x00000000c0000000, 0x00000000c6c80000, 0x00000000eab00000)
  object space 111104K, 94% used [0x00000000c0000000,0x00000000c66e05a8,0x00000000c6c80000)
 Metaspace       used 62664K, committed 63680K, reserved 1114112K
  class space    used 7176K, committed 7616K, reserved 1048576K
}
Event: 9.596 GC heap after
{Heap after GC invocations=75 (full 4):
 PSYoungGen      total 21504K, used 4072K [0x00000000eab00000, 0x00000000ec680000, 0x0000000100000000)
  eden space 17408K, 0% used [0x00000000eab00000,0x00000000eab00000,0x00000000ebc00000)
  from space 4096K, 99% used [0x00000000ec280000,0x00000000ec67a388,0x00000000ec680000)
  to   space 5120K, 0% used [0x00000000ebc80000,0x00000000ebc80000,0x00000000ec180000)
 ParOldGen       total 111104K, used 109130K [0x00000000c0000000, 0x00000000c6c80000, 0x00000000eab00000)
  object space 111104K, 98% used [0x00000000c0000000,0x00000000c6a92868,0x00000000c6c80000)
 Metaspace       used 62664K, committed 63680K, reserved 1114112K
  class space    used 7176K, committed 7616K, reserved 1048576K
}
Event: 9.596 GC heap before
{Heap before GC invocations=76 (full 5):
 PSYoungGen      total 21504K, used 4072K [0x00000000eab00000, 0x00000000ec680000, 0x0000000100000000)
  eden space 17408K, 0% used [0x00000000eab00000,0x00000000eab00000,0x00000000ebc00000)
  from space 4096K, 99% used [0x00000000ec280000,0x00000000ec67a388,0x00000000ec680000)
  to   space 5120K, 0% used [0x00000000ebc80000,0x00000000ebc80000,0x00000000ec180000)
 ParOldGen       total 111104K, used 109130K [0x00000000c0000000, 0x00000000c6c80000, 0x00000000eab00000)
  object space 111104K, 98% used [0x00000000c0000000,0x00000000c6a92868,0x00000000c6c80000)
 Metaspace       used 62664K, committed 63680K, reserved 1114112K
  class space    used 7176K, committed 7616K, reserved 1048576K
}
Event: 9.678 GC heap after
{Heap after GC invocations=76 (full 5):
 PSYoungGen      total 22528K, used 0K [0x00000000eab00000, 0x00000000ec680000, 0x0000000100000000)
  eden space 17408K, 0% used [0x00000000eab00000,0x00000000eab00000,0x00000000ebc00000)
  from space 5120K, 0% used [0x00000000ebc80000,0x00000000ebc80000,0x00000000ec180000)
  to   space 4096K, 0% used [0x00000000ec280000,0x00000000ec280000,0x00000000ec680000)
 ParOldGen       total 111104K, used 108574K [0x00000000c0000000, 0x00000000c6c80000, 0x00000000eab00000)
  object space 111104K, 97% used [0x00000000c0000000,0x00000000c6a078d8,0x00000000c6c80000)
 Metaspace       used 62664K, committed 63680K, reserved 1114112K
  class space    used 7176K, committed 7616K, reserved 1048576K
}

Dll operation events (13 events):
Event: 0.038 Loaded shared library c:\Users\TDR SOFTWARE PVT LTD\.vscode\extensions\redhat.java-1.28.1-win32-x64\jre\17.0.10-win32-x86_64\bin\java.dll
Event: 0.397 Loaded shared library c:\Users\TDR SOFTWARE PVT LTD\.vscode\extensions\redhat.java-1.28.1-win32-x64\jre\17.0.10-win32-x86_64\bin\zip.dll
Event: 0.401 Loaded shared library C:\Users\TDR SOFTWARE PVT LTD\.vscode\extensions\redhat.java-1.28.1-win32-x64\jre\17.0.10-win32-x86_64\bin\instrument.dll
Event: 0.441 Loaded shared library C:\Users\TDR SOFTWARE PVT LTD\.vscode\extensions\redhat.java-1.28.1-win32-x64\jre\17.0.10-win32-x86_64\bin\net.dll
Event: 0.443 Loaded shared library C:\Users\TDR SOFTWARE PVT LTD\.vscode\extensions\redhat.java-1.28.1-win32-x64\jre\17.0.10-win32-x86_64\bin\nio.dll
Event: 0.453 Loaded shared library C:\Users\TDR SOFTWARE PVT LTD\.vscode\extensions\redhat.java-1.28.1-win32-x64\jre\17.0.10-win32-x86_64\bin\zip.dll
Event: 0.479 Loaded shared library C:\Users\TDR SOFTWARE PVT LTD\.vscode\extensions\redhat.java-1.28.1-win32-x64\jre\17.0.10-win32-x86_64\bin\jimage.dll
Event: 0.567 Loaded shared library c:\Users\TDR SOFTWARE PVT LTD\.vscode\extensions\redhat.java-1.28.1-win32-x64\jre\17.0.10-win32-x86_64\bin\verify.dll
Event: 1.971 Loaded shared library C:\Users\TDR SOFTWARE PVT LTD\AppData\Roaming\Code\User\globalStorage\redhat.java\1.28.1\config_win\org.eclipse.equinox.launcher\org.eclipse.equinox.launcher.win32.win32.x86_64_1.2.900.v20240129-1338\eclipse_11900.dll
Event: 4.675 Loaded shared library C:\Users\TDR SOFTWARE PVT LTD\AppData\Local\Temp\jna-1307018927\jna3299276644216903616.dll
Event: 7.638 Loaded shared library C:\Users\TDR SOFTWARE PVT LTD\.gradle\native\c067742578af261105cb4f569cf0c3c89f3d7b1fecec35dd04571415982c5e48\windows-amd64\native-platform.dll
Event: 8.614 Loaded shared library C:\Users\TDR SOFTWARE PVT LTD\.vscode\extensions\redhat.java-1.28.1-win32-x64\jre\17.0.10-win32-x86_64\bin\management.dll
Event: 8.619 Loaded shared library C:\Users\TDR SOFTWARE PVT LTD\.vscode\extensions\redhat.java-1.28.1-win32-x64\jre\17.0.10-win32-x86_64\bin\management_ext.dll

Deoptimization events (20 events):
Event: 9.695 Thread 0x000001fb49f0f1a0 Uncommon trap: trap_request=0xffffff45 fr.pc=0x000001fb38b1bc4c relative=0x00000000000005ec
Event: 9.696 Thread 0x000001fb49f0f1a0 Uncommon trap: reason=unstable_if action=reinterpret pc=0x000001fb38b1bc4c method=org.eclipse.osgi.internal.framework.BundleContextImpl.setContextFinder()Ljava/lang/Object; @ 36 c2
Event: 9.696 Thread 0x000001fb49f0f1a0 DEOPT PACKING pc=0x000001fb38b1bc4c sp=0x000000b3ccbfd940
Event: 9.697 Thread 0x000001fb49f0f1a0 DEOPT UNPACKING pc=0x000001fb383f66a3 sp=0x000000b3ccbfd870 mode 2
Event: 9.697 Thread 0x000001fb49f0f1a0 Uncommon trap: trap_request=0xffffff45 fr.pc=0x000001fb38b1a134 relative=0x0000000000000294
Event: 9.697 Thread 0x000001fb49f0f1a0 Uncommon trap: reason=unstable_if action=reinterpret pc=0x000001fb38b1a134 method=org.eclipse.osgi.internal.framework.BundleContextImpl.setContextFinder()Ljava/lang/Object; @ 36 c2
Event: 9.697 Thread 0x000001fb49f0f1a0 DEOPT PACKING pc=0x000001fb38b1a134 sp=0x000000b3ccbfd8a0
Event: 9.697 Thread 0x000001fb49f0f1a0 DEOPT UNPACKING pc=0x000001fb383f66a3 sp=0x000000b3ccbfd860 mode 2
Event: 9.717 Thread 0x000001fb49f0e780 Uncommon trap: trap_request=0xffffff45 fr.pc=0x000001fb38ce89e4 relative=0x0000000000000ee4
Event: 9.717 Thread 0x000001fb4e70e540 Uncommon trap: trap_request=0xffffff45 fr.pc=0x000001fb38ce89e4 relative=0x0000000000000ee4
Event: 9.717 Thread 0x000001fb49f0e780 Uncommon trap: reason=unstable_if action=reinterpret pc=0x000001fb38ce89e4 method=org.eclipse.core.runtime.Path.computeLength()I @ 92 c2
Event: 9.717 Thread 0x000001fb4e70e540 Uncommon trap: reason=unstable_if action=reinterpret pc=0x000001fb38ce89e4 method=org.eclipse.core.runtime.Path.computeLength()I @ 92 c2
Event: 9.717 Thread 0x000001fb4e70e540 DEOPT PACKING pc=0x000001fb38ce89e4 sp=0x000000b3cccfe640
Event: 9.717 Thread 0x000001fb49f0e780 DEOPT PACKING pc=0x000001fb38ce89e4 sp=0x000000b3cc9fe1c0
Event: 9.717 Thread 0x000001fb49f0e780 DEOPT UNPACKING pc=0x000001fb383f66a3 sp=0x000000b3cc9fe100 mode 2
Event: 9.717 Thread 0x000001fb4e70e540 DEOPT UNPACKING pc=0x000001fb383f66a3 sp=0x000000b3cccfe580 mode 2
Event: 9.718 Thread 0x000001fb4e7108b0 Uncommon trap: trap_request=0xffffff45 fr.pc=0x000001fb38d0405c relative=0x00000000000001bc
Event: 9.718 Thread 0x000001fb4e7108b0 Uncommon trap: reason=unstable_if action=reinterpret pc=0x000001fb38d0405c method=org.eclipse.core.runtime.Path.computeLength()I @ 92 c2
Event: 9.718 Thread 0x000001fb4e7108b0 DEOPT PACKING pc=0x000001fb38d0405c sp=0x000000b3ccdfe160
Event: 9.718 Thread 0x000001fb4e7108b0 DEOPT UNPACKING pc=0x000001fb383f66a3 sp=0x000000b3ccdfe0f0 mode 2

Classes unloaded (7 events):
Event: 4.713 Thread 0x000001fb2e25d460 Unloading class 0x0000000100252400 'java/lang/invoke/LambdaForm$MH+0x0000000100252400'
Event: 4.713 Thread 0x000001fb2e25d460 Unloading class 0x0000000100252000 'java/lang/invoke/LambdaForm$MH+0x0000000100252000'
Event: 4.713 Thread 0x000001fb2e25d460 Unloading class 0x0000000100251c00 'java/lang/invoke/LambdaForm$MH+0x0000000100251c00'
Event: 4.713 Thread 0x000001fb2e25d460 Unloading class 0x0000000100251800 'java/lang/invoke/LambdaForm$MH+0x0000000100251800'
Event: 4.713 Thread 0x000001fb2e25d460 Unloading class 0x0000000100251400 'java/lang/invoke/LambdaForm$BMH+0x0000000100251400'
Event: 4.713 Thread 0x000001fb2e25d460 Unloading class 0x0000000100251000 'java/lang/invoke/LambdaForm$DMH+0x0000000100251000'
Event: 4.713 Thread 0x000001fb2e25d460 Unloading class 0x000000010024e400 'java/lang/invoke/LambdaForm$DMH+0x000000010024e400'

Classes redefined (0 events):
No events

Internal exceptions (20 events):
Event: 9.419 Thread 0x000001fb49f0a0a0 Exception <a 'sun/nio/fs/WindowsException'{0x00000000eb6e68f8}> (0x00000000eb6e68f8) 
thrown [s\src\hotspot\share\prims\jni.cpp, line 516]
Event: 9.419 Thread 0x000001fb49f0a0a0 Exception <a 'sun/nio/fs/WindowsException'{0x00000000eb6eac78}> (0x00000000eb6eac78) 
thrown [s\src\hotspot\share\prims\jni.cpp, line 516]
Event: 9.419 Thread 0x000001fb49f0a0a0 Exception <a 'sun/nio/fs/WindowsException'{0x00000000eb728398}> (0x00000000eb728398) 
thrown [s\src\hotspot\share\prims\jni.cpp, line 516]
Event: 9.419 Thread 0x000001fb49f0a0a0 Exception <a 'sun/nio/fs/WindowsException'{0x00000000eb72c6e8}> (0x00000000eb72c6e8) 
thrown [s\src\hotspot\share\prims\jni.cpp, line 516]
Event: 9.420 Thread 0x000001fb49f0a0a0 Exception <a 'sun/nio/fs/WindowsException'{0x00000000eb730c78}> (0x00000000eb730c78) 
thrown [s\src\hotspot\share\prims\jni.cpp, line 516]
Event: 9.420 Thread 0x000001fb49f0a0a0 Exception <a 'sun/nio/fs/WindowsException'{0x00000000eb735030}> (0x00000000eb735030) 
thrown [s\src\hotspot\share\prims\jni.cpp, line 516]
Event: 9.420 Thread 0x000001fb49f0a0a0 Exception <a 'sun/nio/fs/WindowsException'{0x00000000eb7a9d10}> (0x00000000eb7a9d10) 
thrown [s\src\hotspot\share\prims\jni.cpp, line 516]
Event: 9.420 Thread 0x000001fb49f0a0a0 Exception <a 'sun/nio/fs/WindowsException'{0x00000000eb7ae138}> (0x00000000eb7ae138) 
thrown [s\src\hotspot\share\prims\jni.cpp, line 516]
Event: 9.437 Thread 0x000001fb49f0a0a0 Exception <a 'sun/nio/fs/WindowsException'{0x00000000eac85cc8}> (0x00000000eac85cc8) 
thrown [s\src\hotspot\share\prims\jni.cpp, line 516]
Event: 9.438 Thread 0x000001fb49f0afd0 Exception <a 'java/lang/NoSuchMethodError'{0x00000000ead09898}: 'int java.lang.invoke.DirectMethodHandle$Holder.invokeVirtual(java.lang.Object, java.lang.Object)'> (0x00000000ead09898) 
thrown [s\src\hotspot\share\interpreter\linkResolver.cpp, line 759]
Event: 9.443 Thread 0x000001fb49f0a0a0 Exception <a 'sun/nio/fs/WindowsException'{0x00000000eaea0fa8}> (0x00000000eaea0fa8) 
thrown [s\src\hotspot\share\prims\jni.cpp, line 516]
Event: 9.478 Thread 0x000001fb49f0bf00 Exception <a 'sun/nio/fs/WindowsException'{0x00000000eb8b80b0}> (0x00000000eb8b80b0) 
thrown [s\src\hotspot\share\prims\jni.cpp, line 516]
Event: 9.501 Thread 0x000001fb49f0bf00 Implicit null exception at 0x000001fb38cbd7ef to 0x000001fb38cbdcbc
Event: 9.503 Thread 0x000001fb49f0bf00 Exception <a 'sun/nio/fs/WindowsException'{0x00000000eaed1630}> (0x00000000eaed1630) 
thrown [s\src\hotspot\share\prims\jni.cpp, line 516]
Event: 9.520 Thread 0x000001fb49f0bf00 Exception <a 'java/lang/NoSuchMethodError'{0x00000000eb519858}: 'java.lang.Object java.lang.invoke.DirectMethodHandle$Holder.invokeStatic(java.lang.Object, java.lang.Object, int, java.lang.Object)'> (0x00000000eb519858) 
thrown [s\src\hotspot\share\interpreter\linkResolver.cpp, line 759]
Event: 9.714 Thread 0x000001fb4e70e540 Exception <a 'java/lang/NoSuchMethodError'{0x00000000eb359e20}: 'java.lang.Object java.lang.invoke.DirectMethodHandle$Holder.invokeInterface(java.lang.Object, java.lang.Object, java.lang.Object)'> (0x00000000eb359e20) 
thrown [s\src\hotspot\share\interpreter\linkResolver.cpp, line 759]
Event: 9.714 Thread 0x000001fb4e7108b0 Exception <a 'java/lang/NoSuchMethodError'{0x00000000eb34bc38}: 'java.lang.Object java.lang.invoke.DirectMethodHandle$Holder.invokeInterface(java.lang.Object, java.lang.Object, java.lang.Object)'> (0x00000000eb34bc38) 
thrown [s\src\hotspot\share\interpreter\linkResolver.cpp, line 759]
Event: 9.714 Thread 0x000001fb49f0e780 Exception <a 'java/lang/NoSuchMethodError'{0x00000000eb37b3f0}: 'java.lang.Object java.lang.invoke.DirectMethodHandle$Holder.invokeInterface(java.lang.Object, java.lang.Object, java.lang.Object)'> (0x00000000eb37b3f0) 
thrown [s\src\hotspot\share\interpreter\linkResolver.cpp, line 759]
Event: 9.729 Thread 0x000001fb49f0a0a0 Exception <a 'java/io/FileNotFoundException'{0x00000000eb47e400}> (0x00000000eb47e400) 
thrown [s\src\hotspot\share\prims\jni.cpp, line 516]
Event: 9.729 Thread 0x000001fb49f0e270 Exception <a 'java/io/FileNotFoundException'{0x00000000eb4fdfc8}> (0x00000000eb4fdfc8) 
thrown [s\src\hotspot\share\prims\jni.cpp, line 516]

VM Operations (20 events):
Event: 9.425 Executing VM operation: ParallelGCFailedAllocation
Event: 9.429 Executing VM operation: ParallelGCFailedAllocation done
Event: 9.447 Executing VM operation: HandshakeAllThreads
Event: 9.447 Executing VM operation: HandshakeAllThreads done
Event: 9.483 Executing VM operation: ParallelGCFailedAllocation
Event: 9.489 Executing VM operation: ParallelGCFailedAllocation done
Event: 9.495 Executing VM operation: HandshakeAllThreads
Event: 9.495 Executing VM operation: HandshakeAllThreads done
Event: 9.518 Executing VM operation: HandshakeAllThreads
Event: 9.521 Executing VM operation: HandshakeAllThreads done
Event: 9.523 Executing VM operation: HandshakeAllThreads
Event: 9.523 Executing VM operation: HandshakeAllThreads done
Event: 9.525 Executing VM operation: HandshakeAllThreads
Event: 9.525 Executing VM operation: HandshakeAllThreads done
Event: 9.529 Executing VM operation: ParallelGCFailedAllocation
Event: 9.532 Executing VM operation: ParallelGCFailedAllocation done
Event: 9.560 Executing VM operation: ParallelGCFailedAllocation
Event: 9.563 Executing VM operation: ParallelGCFailedAllocation done
Event: 9.591 Executing VM operation: ParallelGCFailedAllocation
Event: 9.680 Executing VM operation: ParallelGCFailedAllocation done

Events (20 events):
Event: 9.576 loading class java/util/ArrayDeque$DeqSpliterator
Event: 9.576 loading class java/util/ArrayDeque$DeqSpliterator done
Event: 9.683 Thread 0x000001fb49f0e780 Thread added: 0x000001fb49f0e780
Event: 9.683 loading class java/util/concurrent/CompletableFuture$UniAccept
Event: 9.683 loading class java/util/concurrent/CompletableFuture$UniAccept done
Event: 9.683 loading class java/util/concurrent/CompletableFuture$UniExceptionally
Event: 9.683 loading class java/util/concurrent/CompletableFuture$UniExceptionally done
Event: 9.684 Thread 0x000001fb49f0c410 Thread added: 0x000001fb49f0c410
Event: 9.686 loading class java/util/Hashtable$KeySet
Event: 9.687 loading class java/util/Hashtable$KeySet done
Event: 9.688 Thread 0x000001fb49f0f1a0 Thread added: 0x000001fb49f0f1a0
Event: 9.689 Thread 0x000001fb4e70e540 Thread added: 0x000001fb4e70e540
Event: 9.692 Thread 0x000001fb4e7108b0 Thread added: 0x000001fb4e7108b0
Event: 9.695 Thread 0x000001fb4e70f980 Thread added: 0x000001fb4e70f980
Event: 9.726 loading class java/util/regex/PatternSyntaxException
Event: 9.726 loading class java/util/regex/PatternSyntaxException done
Event: 9.741 loading class java/util/stream/DistinctOps
Event: 9.741 loading class java/util/stream/DistinctOps done
Event: 9.741 loading class java/util/stream/DistinctOps$1
Event: 9.742 loading class java/util/stream/DistinctOps$1 done


Dynamic libraries:
0x00007ff7cbe90000 - 0x00007ff7cbe9e000 	c:\Users\TDR SOFTWARE PVT LTD\.vscode\extensions\redhat.java-1.28.1-win32-x64\jre\17.0.10-win32-x86_64\bin\java.exe
0x00007ffe074d0000 - 0x00007ffe076e6000 	C:\WINDOWS\SYSTEM32\ntdll.dll
0x00007ffe05850000 - 0x00007ffe05914000 	C:\WINDOWS\System32\KERNEL32.DLL
0x00007ffe04bd0000 - 0x00007ffe04f76000 	C:\WINDOWS\System32\KERNELBASE.dll
0x00007ffe04ab0000 - 0x00007ffe04bc1000 	C:\WINDOWS\System32\ucrtbase.dll
0x00007ffdece10000 - 0x00007ffdece27000 	c:\Users\TDR SOFTWARE PVT LTD\.vscode\extensions\redhat.java-1.28.1-win32-x64\jre\17.0.10-win32-x86_64\bin\jli.dll
0x00007ffe07230000 - 0x00007ffe073dd000 	C:\WINDOWS\System32\USER32.dll
0x00007ffe04810000 - 0x00007ffe04836000 	C:\WINDOWS\System32\win32u.dll
0x00007ffe05920000 - 0x00007ffe05949000 	C:\WINDOWS\System32\GDI32.dll
0x00007ffe04870000 - 0x00007ffe04988000 	C:\WINDOWS\System32\gdi32full.dll
0x00007ffe04a10000 - 0x00007ffe04aaa000 	C:\WINDOWS\System32\msvcp_win.dll
0x00007ffdec080000 - 0x00007ffdec09b000 	c:\Users\TDR SOFTWARE PVT LTD\.vscode\extensions\redhat.java-1.28.1-win32-x64\jre\17.0.10-win32-x86_64\bin\VCRUNTIME140.dll
0x00007ffdf8820000 - 0x00007ffdf8ab3000 	C:\WINDOWS\WinSxS\amd64_microsoft.windows.common-controls_6595b64144ccf1df_6.0.22621.3235_none_270f74e173860f98\COMCTL32.dll
0x00007ffe069c0000 - 0x00007ffe06a67000 	C:\WINDOWS\System32\msvcrt.dll
0x00007ffe06a70000 - 0x00007ffe06aa1000 	C:\WINDOWS\System32\IMM32.DLL
0x00007ffdff2e0000 - 0x00007ffdff2ec000 	c:\Users\TDR SOFTWARE PVT LTD\.vscode\extensions\redhat.java-1.28.1-win32-x64\jre\17.0.10-win32-x86_64\bin\vcruntime140_1.dll
0x00007ffde47e0000 - 0x00007ffde486d000 	c:\Users\TDR SOFTWARE PVT LTD\.vscode\extensions\redhat.java-1.28.1-win32-x64\jre\17.0.10-win32-x86_64\bin\msvcp140.dll
0x00007ffdd7910000 - 0x00007ffdd8572000 	c:\Users\TDR SOFTWARE PVT LTD\.vscode\extensions\redhat.java-1.28.1-win32-x64\jre\17.0.10-win32-x86_64\bin\server\jvm.dll
0x00007ffe070f0000 - 0x00007ffe071a2000 	C:\WINDOWS\System32\ADVAPI32.dll
0x00007ffe073e0000 - 0x00007ffe07488000 	C:\WINDOWS\System32\sechost.dll
0x00007ffe04840000 - 0x00007ffe04868000 	C:\WINDOWS\System32\bcrypt.dll
0x00007ffe061b0000 - 0x00007ffe062c5000 	C:\WINDOWS\System32\RPCRT4.dll
0x00007ffe03b10000 - 0x00007ffe03b5d000 	C:\WINDOWS\SYSTEM32\POWRPROF.dll
0x00007ffdf0910000 - 0x00007ffdf0919000 	C:\WINDOWS\SYSTEM32\WSOCK32.dll
0x00007ffe071b0000 - 0x00007ffe07221000 	C:\WINDOWS\System32\WS2_32.dll
0x00007ffdf85a0000 - 0x00007ffdf85d4000 	C:\WINDOWS\SYSTEM32\WINMM.dll
0x00007ffdfc9d0000 - 0x00007ffdfc9da000 	C:\WINDOWS\SYSTEM32\VERSION.dll
0x00007ffe03af0000 - 0x00007ffe03b03000 	C:\WINDOWS\SYSTEM32\UMPDC.dll
0x00007ffe03810000 - 0x00007ffe03828000 	C:\WINDOWS\SYSTEM32\kernel.appcore.dll
0x00007ffdfd380000 - 0x00007ffdfd38a000 	c:\Users\TDR SOFTWARE PVT LTD\.vscode\extensions\redhat.java-1.28.1-win32-x64\jre\17.0.10-win32-x86_64\bin\jimage.dll
0x00007ffdef8a0000 - 0x00007ffdefad3000 	C:\WINDOWS\SYSTEM32\DBGHELP.DLL
0x00007ffe06d00000 - 0x00007ffe07088000 	C:\WINDOWS\System32\combase.dll
0x00007ffe05220000 - 0x00007ffe052f7000 	C:\WINDOWS\System32\OLEAUT32.dll
0x00007ffdf3570000 - 0x00007ffdf35a2000 	C:\WINDOWS\SYSTEM32\dbgcore.DLL
0x00007ffe04990000 - 0x00007ffe04a0a000 	C:\WINDOWS\System32\bcryptPrimitives.dll
0x00007ffdf87c0000 - 0x00007ffdf87ce000 	c:\Users\TDR SOFTWARE PVT LTD\.vscode\extensions\redhat.java-1.28.1-win32-x64\jre\17.0.10-win32-x86_64\bin\instrument.dll
0x00007ffde4ee0000 - 0x00007ffde4f05000 	c:\Users\TDR SOFTWARE PVT LTD\.vscode\extensions\redhat.java-1.28.1-win32-x64\jre\17.0.10-win32-x86_64\bin\java.dll
0x00007ffdef4b0000 - 0x00007ffdef4c8000 	c:\Users\TDR SOFTWARE PVT LTD\.vscode\extensions\redhat.java-1.28.1-win32-x64\jre\17.0.10-win32-x86_64\bin\zip.dll
0x00007ffe05950000 - 0x00007ffe061ad000 	C:\WINDOWS\System32\SHELL32.dll
0x00007ffe02720000 - 0x00007ffe03018000 	C:\WINDOWS\SYSTEM32\windows.storage.dll
0x00007ffe025e0000 - 0x00007ffe0271e000 	C:\WINDOWS\SYSTEM32\wintypes.dll
0x00007ffe05750000 - 0x00007ffe05843000 	C:\WINDOWS\System32\SHCORE.dll
0x00007ffe05500000 - 0x00007ffe0555e000 	C:\WINDOWS\System32\shlwapi.dll
0x00007ffe04740000 - 0x00007ffe04766000 	C:\WINDOWS\SYSTEM32\profapi.dll
0x00007ffdebec0000 - 0x00007ffdebed9000 	C:\Users\TDR SOFTWARE PVT LTD\.vscode\extensions\redhat.java-1.28.1-win32-x64\jre\17.0.10-win32-x86_64\bin\net.dll
0x00007ffdff0a0000 - 0x00007ffdff1d7000 	C:\WINDOWS\SYSTEM32\WINHTTP.dll
0x00007ffe03d70000 - 0x00007ffe03dd9000 	C:\WINDOWS\system32\mswsock.dll
0x00007ffdeb620000 - 0x00007ffdeb636000 	C:\Users\TDR SOFTWARE PVT LTD\.vscode\extensions\redhat.java-1.28.1-win32-x64\jre\17.0.10-win32-x86_64\bin\nio.dll
0x00007ffdf42b0000 - 0x00007ffdf42c0000 	c:\Users\TDR SOFTWARE PVT LTD\.vscode\extensions\redhat.java-1.28.1-win32-x64\jre\17.0.10-win32-x86_64\bin\verify.dll
0x00007ffde4a40000 - 0x00007ffde4a7e000 	C:\Users\TDR SOFTWARE PVT LTD\AppData\Roaming\Code\User\globalStorage\redhat.java\1.28.1\config_win\org.eclipse.equinox.launcher\org.eclipse.equinox.launcher.win32.win32.x86_64_1.2.900.v20240129-1338\eclipse_11900.dll
0x00007ffe06760000 - 0x00007ffe068ff000 	C:\WINDOWS\System32\ole32.dll
0x00007ffe040c0000 - 0x00007ffe040db000 	C:\WINDOWS\SYSTEM32\CRYPTSP.dll
0x00007ffe03770000 - 0x00007ffe037a5000 	C:\WINDOWS\system32\rsaenh.dll
0x00007ffe03e10000 - 0x00007ffe03e3c000 	C:\WINDOWS\SYSTEM32\USERENV.dll
0x00007ffe040a0000 - 0x00007ffe040ac000 	C:\WINDOWS\SYSTEM32\CRYPTBASE.dll
0x00007ffe03280000 - 0x00007ffe032ad000 	C:\WINDOWS\SYSTEM32\IPHLPAPI.DLL
0x00007ffe06750000 - 0x00007ffe06759000 	C:\WINDOWS\System32\NSI.dll
0x00007ffdfeec0000 - 0x00007ffdfeed9000 	C:\WINDOWS\SYSTEM32\dhcpcsvc6.DLL
0x00007ffdfeea0000 - 0x00007ffdfeebf000 	C:\WINDOWS\SYSTEM32\dhcpcsvc.DLL
0x00007ffe032f0000 - 0x00007ffe033e9000 	C:\WINDOWS\SYSTEM32\DNSAPI.dll
0x00007ffde4ad0000 - 0x00007ffde4b15000 	C:\Users\TDR SOFTWARE PVT LTD\AppData\Local\Temp\jna-1307018927\jna3299276644216903616.dll
0x00007ffe069b0000 - 0x00007ffe069b8000 	C:\WINDOWS\System32\PSAPI.DLL
0x00007ffdffdf0000 - 0x00007ffdffe17000 	C:\Users\TDR SOFTWARE PVT LTD\.gradle\native\c067742578af261105cb4f569cf0c3c89f3d7b1fecec35dd04571415982c5e48\windows-amd64\native-platform.dll
0x00007ffdf3900000 - 0x00007ffdf3909000 	C:\Users\TDR SOFTWARE PVT LTD\.vscode\extensions\redhat.java-1.28.1-win32-x64\jre\17.0.10-win32-x86_64\bin\management.dll
0x00007ffdf35d0000 - 0x00007ffdf35db000 	C:\Users\TDR SOFTWARE PVT LTD\.vscode\extensions\redhat.java-1.28.1-win32-x64\jre\17.0.10-win32-x86_64\bin\management_ext.dll

dbghelp: loaded successfully - version: 4.0.5 - missing functions: none
symbol engine: initialized successfully - sym options: 0x614 - pdb path: .;c:\Users\TDR SOFTWARE PVT LTD\.vscode\extensions\redhat.java-1.28.1-win32-x64\jre\17.0.10-win32-x86_64\bin;C:\WINDOWS\SYSTEM32;C:\WINDOWS\WinSxS\amd64_microsoft.windows.common-controls_6595b64144ccf1df_6.0.22621.3235_none_270f74e173860f98;c:\Users\TDR SOFTWARE PVT LTD\.vscode\extensions\redhat.java-1.28.1-win32-x64\jre\17.0.10-win32-x86_64\bin\server;C:\Users\TDR SOFTWARE PVT LTD\AppData\Roaming\Code\User\globalStorage\redhat.java\1.28.1\config_win\org.eclipse.equinox.launcher\org.eclipse.equinox.launcher.win32.win32.x86_64_1.2.900.v20240129-1338;C:\Users\TDR SOFTWARE PVT LTD\AppData\Local\Temp\jna-1307018927;C:\Users\TDR SOFTWARE PVT LTD\.gradle\native\c067742578af261105cb4f569cf0c3c89f3d7b1fecec35dd04571415982c5e48\windows-amd64

VM Arguments:
jvm_args: --add-modules=ALL-SYSTEM --add-opens=java.base/java.util=ALL-UNNAMED --add-opens=java.base/java.lang=ALL-UNNAMED --add-opens=java.base/sun.nio.fs=ALL-UNNAMED -Declipse.application=org.eclipse.jdt.ls.core.id1 -Dosgi.bundles.defaultStartLevel=4 -Declipse.product=org.eclipse.jdt.ls.core.product -Djava.import.generatesMetadataFilesAtProjectRoot=false -DDetectVMInstallationsJob.disabled=true -Dfile.encoding=utf8 -XX:+UseParallelGC -XX:GCTimeRatio=4 -XX:AdaptiveSizePolicyWeight=90 -Dsun.zip.disableMemoryMapping=true -Xmx1G -Xms100m -Xlog:disable -javaagent:c:\Users\TDR SOFTWARE PVT LTD\.vscode\extensions\redhat.java-1.28.1-win32-x64\lombok\lombok-1.18.31.jar -XX:+HeapDumpOnOutOfMemoryError -XX:HeapDumpPath=c:\Users\TDR SOFTWARE PVT LTD\AppData\Roaming\Code\User\workspaceStorage\dda9ed2ddc5e0cadd90f1bcc6f87684a\redhat.java -Daether.dependencyCollector.impl=bf 
java_command: c:\Users\TDR SOFTWARE PVT LTD\.vscode\extensions\redhat.java-1.28.1-win32-x64\server\plugins\org.eclipse.equinox.launcher_1.6.700.v20231214-2017.jar -configuration c:\Users\TDR SOFTWARE PVT LTD\AppData\Roaming\Code\User\globalStorage\redhat.java\1.28.1\config_win -data c:\Users\TDR SOFTWARE PVT LTD\AppData\Roaming\Code\User\workspaceStorage\dda9ed2ddc5e0cadd90f1bcc6f87684a\redhat.java\jdt_ws --stdio
java_class_path (initial): c:\Users\TDR SOFTWARE PVT LTD\.vscode\extensions\redhat.java-1.28.1-win32-x64\server\plugins\org.eclipse.equinox.launcher_1.6.700.v20231214-2017.jar
Launcher Type: SUN_STANDARD

[Global flags]
    uintx AdaptiveSizePolicyWeight                 = 90                                        {product} {command line}
     intx CICompilerCount                          = 4                                         {product} {ergonomic}
    uintx GCTimeRatio                              = 4                                         {product} {command line}
     bool HeapDumpOnOutOfMemoryError               = true                                   {manageable} {command line}
    ccstr HeapDumpPath                             = c:\Users\TDR SOFTWARE PVT LTD\AppData\Roaming\Code\User\workspaceStorage\dda9ed2ddc5e0cadd90f1bcc6f87684a\redhat.java         {manageable} {command line}
   size_t InitialHeapSize                          = 104857600                                 {product} {command line}
   size_t MaxHeapSize                              = 1073741824                                {product} {command line}
   size_t MaxNewSize                               = 357564416                                 {product} {ergonomic}
   size_t MinHeapDeltaBytes                        = 524288                                    {product} {ergonomic}
   size_t MinHeapSize                              = 104857600                                 {product} {command line}
   size_t NewSize                                  = 34603008                                  {product} {ergonomic}
    uintx NonNMethodCodeHeapSize                   = 5839372                                {pd product} {ergonomic}
    uintx NonProfiledCodeHeapSize                  = 122909434                              {pd product} {ergonomic}
   size_t OldSize                                  = 70254592                                  {product} {ergonomic}
    uintx ProfiledCodeHeapSize                     = 122909434                              {pd product} {ergonomic}
    uintx ReservedCodeCacheSize                    = 251658240                              {pd product} {ergonomic}
     bool SegmentedCodeCache                       = true                                      {product} {ergonomic}
   size_t SoftMaxHeapSize                          = 1073741824                             {manageable} {ergonomic}
     bool UseCompressedClassPointers               = true                           {product lp64_product} {ergonomic}
     bool UseCompressedOops                        = true                           {product lp64_product} {ergonomic}
     bool UseLargePagesIndividualAllocation        = false                                  {pd product} {ergonomic}
     bool UseParallelGC                            = true                                      {product} {command line}

Logging:
Log output configuration:
 #0: stdout all=off uptime,level,tags
 #1: stderr all=off uptime,level,tags

Environment Variables:
JAVA_HOME=C:\Program Files\Java\jdk-17
PATH=C:\Python312\Scripts\;C:\Python312\;C:\Program Files\Common Files\Oracle\Java\javapath;C:\Windows\system32;C:\Windows;C:\Windows\System32\Wbem;C:\Windows\System32\WindowsPowerShell\v1.0\;C:\Windows\System32\OpenSSH\;C:\Program Files (x86)\NVIDIA Corporation\PhysX\Common;C:\WINDOWS\system32;C:\WINDOWS;C:\WINDOWS\System32\Wbem;C:\WINDOWS\System32\WindowsPowerShell\v1.0\;C:\WINDOWS\System32\OpenSSH\;C:\Users\TDR SOFTWARE PVT LTD\AppData\Local\Android\Sdk;C:\Program Files\Git\cmd;C:\ProgramData\chocolatey\bin;C:\Users\TDR SOFTWARE PVT LTD\Downloads\platform-tools_r35.0.0-windows\platform-tools;C:\Users\TDR SOFTWARE PVT LTD\Downloads\gradle-8.7-all\gradle-8.7\bin;C:\Program Files\nodejs\;C:\Users\TDR SOFTWARE PVT LTD\AppData\Local\Microsoft\WindowsApps;C:\Users\TDR SOFTWARE PVT LTD\AppData\Local\Programs\Microsoft VS Code\bin;C:\Users\TDR SOFTWARE PVT LTD\AppData\Local\Android\Sdk\platform-tools;C:\Windows\SysWOW64;C:\Users\TDR SOFTWARE PVT LTD\AppData\Roaming\npm
USERNAME=TDR SOFTWARE PVT LTD
OS=Windows_NT
PROCESSOR_IDENTIFIER=Intel64 Family 6 Model 165 Stepping 3, GenuineIntel
TMP=C:\Users\TDRSOF~1\AppData\Local\Temp
TEMP=C:\WINDOWS\TEMP



Periodic native trim disabled


---------------  S Y S T E M  ---------------

OS:
 Windows 11 , 64 bit Build 22621 (10.0.22621.3235)
OS uptime: 0 days 4:43 hours
Hyper-V role detected

CPU: total 12 (initial active 12) (6 cores per cpu, 2 threads per core) family 6 model 165 stepping 3 microcode 0xf4, cx8, cmov, fxsr, ht, mmx, 3dnowpref, sse, sse2, sse3, ssse3, sse4.1, sse4.2, popcnt, lzcnt, tsc, tscinvbit, avx, avx2, aes, erms, clmul, bmi1, bmi2, adx, fma, vzeroupper, clflush, clflushopt, hv
Processor Information for all 12 processors :
  Max Mhz: 2904, Current Mhz: 2904, Mhz Limit: 2904

Memory: 4k page, system-wide physical 16295M (3340M free)
TotalPageFile size 16295M (AvailPageFile size 5M)
current process WorkingSet (physical memory assigned to process): 369M, peak: 369M
current process commit charge ("private bytes"): 388M, peak: 961M

vm_info: OpenJDK 64-Bit Server VM (17.0.10+7) for windows-amd64 JRE (17.0.10+7), built on Jan 16 2024 23:25:11 by "admin" with MS VC++ 16.10 / 16.11 (VS2019)

END.
