#
# There is insufficient memory for the Java Runtime Environment to continue.
# Native memory allocation (malloc) failed to allocate 159472 bytes for Chunk::new
# Possible reasons:
#   The system is out of physical RAM or swap space
#   The process is running with CompressedOops enabled, and the Java Heap may be blocking the growth of the native heap
# Possible solutions:
#   Reduce memory load on the system
#   Increase physical memory or swap space
#   Check if swap backing store is full
#   Decrease Java heap size (-Xmx/-Xms)
#   Decrease number of Java threads
#   Decrease Java thread stack sizes (-Xss)
#   Set larger code cache with -XX:ReservedCodeCacheSize=
#   JVM is running with Unscaled Compressed Oops mode in which the Java heap is
#     placed in the first 4GB address space. The Java Heap base address is the
#     maximum limit for the native heap growth. Please use -XX:HeapBaseMinAddress
#     to set the Java Heap base and to place the Java Heap above 4GB virtual address.
# This output file may be truncated or incomplete.
#
#  Out of Memory Error (arena.cpp:191), pid=2424, tid=3948
#
# JRE version: OpenJDK Runtime Environment Temurin-17.0.10+7 (17.0.10+7) (build 17.0.10+7)
# Java VM: OpenJDK 64-Bit Server VM Temurin-17.0.10+7 (17.0.10+7, mixed mode, tiered, compressed oops, compressed class ptrs, parallel gc, windows-amd64)
# No core dump will be written. Minidumps are not enabled by default on client versions of Windows
#

---------------  S U M M A R Y ------------

Command Line: --add-modules=ALL-SYSTEM --add-opens=java.base/java.util=ALL-UNNAMED --add-opens=java.base/java.lang=ALL-UNNAMED --add-opens=java.base/sun.nio.fs=ALL-UNNAMED -Declipse.application=org.eclipse.jdt.ls.core.id1 -Dosgi.bundles.defaultStartLevel=4 -Declipse.product=org.eclipse.jdt.ls.core.product -Djava.import.generatesMetadataFilesAtProjectRoot=false -DDetectVMInstallationsJob.disabled=true -Dfile.encoding=utf8 -XX:+UseParallelGC -XX:GCTimeRatio=4 -XX:AdaptiveSizePolicyWeight=90 -Dsun.zip.disableMemoryMapping=true -Xmx1G -Xms100m -Xlog:disable -javaagent:c:\Users\TDR SOFTWARE PVT LTD\.vscode\extensions\redhat.java-1.28.1-win32-x64\lombok\lombok-1.18.31.jar c:\Users\TDR SOFTWARE PVT LTD\.vscode\extensions\redhat.java-1.28.1-win32-x64\server\plugins\org.eclipse.equinox.launcher_1.6.700.v20231214-2017.jar -configuration c:\Users\TDR SOFTWARE PVT LTD\AppData\Roaming\Code\User\globalStorage\redhat.java\1.28.1\config_ss_win -data c:\Users\TDR SOFTWARE PVT LTD\AppData\Roaming\Code\User\workspaceStorage\dda9ed2ddc5e0cadd90f1bcc6f87684a\redhat.java\ss_ws --stdio

Host: Intel(R) Core(TM) i5-10400F CPU @ 2.90GHz, 12 cores, 15G,  Windows 11 , 64 bit Build 22621 (10.0.22621.3235)
Time: Mon Apr  1 23:18:09 2024 India Standard Time elapsed time: 10.421621 seconds (0d 0h 0m 10s)

---------------  T H R E A D  ---------------

Current thread (0x00000275211d4850):  JavaThread "C2 CompilerThread0" daemon [_thread_in_native, id=3948, stack(0x0000007f65000000,0x0000007f65100000)]


Current CompileTask:
C2:  10421 3751       4       jdk.internal.org.objectweb.asm.SymbolTable::addConstantUtf8Reference (101 bytes)

Stack: [0x0000007f65000000,0x0000007f65100000]
Native frames: (J=compiled Java code, j=interpreted, Vv=VM code, C=native code)
V  [jvm.dll+0x67d2c9]
V  [jvm.dll+0x834afa]
V  [jvm.dll+0x8365be]
V  [jvm.dll+0x836c23]
V  [jvm.dll+0x2477ff]
V  [jvm.dll+0xac514]
V  [jvm.dll+0xacb5c]
V  [jvm.dll+0x3667d7]
V  [jvm.dll+0x1bcc06]
V  [jvm.dll+0x21a049]
V  [jvm.dll+0x219311]
V  [jvm.dll+0x1a502d]
V  [jvm.dll+0x2290de]
V  [jvm.dll+0x2272ac]
V  [jvm.dll+0x7e9bb7]
V  [jvm.dll+0x7e3fba]
V  [jvm.dll+0x67c1b5]
C  [ucrtbase.dll+0x29363]
C  [KERNEL32.DLL+0x1257d]
C  [ntdll.dll+0x5aa58]


---------------  P R O C E S S  ---------------

Threads class SMR info:
_java_thread_list=0x0000027523d10e60, length=27, elements={
0x00000275060de8f0, 0x000002751bebe670, 0x0000027521185b70, 0x00000275211d0280,
0x00000275211d0f00, 0x00000275211d1b80, 0x00000275211d3ab0, 0x00000275211d4850,
0x000002752123af60, 0x000002752124a4a0, 0x00000275061401d0, 0x0000027522756e80,
0x0000027523155370, 0x0000027523220b40, 0x0000027522fe3920, 0x00000275230f00e0,
0x000002752326fea0, 0x00000275232708c0, 0x000002752326ef70, 0x0000027523271d00,
0x0000027523270dd0, 0x000002752326f480, 0x000002752326f990, 0x00000275232703b0,
0x00000275232712e0, 0x00000275232717f0, 0x0000027523599c60
}

Java Threads: ( => current thread )
  0x00000275060de8f0 JavaThread "main" [_thread_blocked, id=12492, stack(0x0000007f64700000,0x0000007f64800000)]
  0x000002751bebe670 JavaThread "Reference Handler" daemon [_thread_blocked, id=14468, stack(0x0000007f64a00000,0x0000007f64b00000)]
  0x0000027521185b70 JavaThread "Finalizer" daemon [_thread_blocked, id=2880, stack(0x0000007f64b00000,0x0000007f64c00000)]
  0x00000275211d0280 JavaThread "Signal Dispatcher" daemon [_thread_blocked, id=12060, stack(0x0000007f64c00000,0x0000007f64d00000)]
  0x00000275211d0f00 JavaThread "Attach Listener" daemon [_thread_blocked, id=16680, stack(0x0000007f64d00000,0x0000007f64e00000)]
  0x00000275211d1b80 JavaThread "Service Thread" daemon [_thread_blocked, id=17704, stack(0x0000007f64e00000,0x0000007f64f00000)]
  0x00000275211d3ab0 JavaThread "Monitor Deflation Thread" daemon [_thread_blocked, id=14344, stack(0x0000007f64f00000,0x0000007f65000000)]
=>0x00000275211d4850 JavaThread "C2 CompilerThread0" daemon [_thread_in_native, id=3948, stack(0x0000007f65000000,0x0000007f65100000)]
  0x000002752123af60 JavaThread "C1 CompilerThread0" daemon [_thread_blocked, id=11300, stack(0x0000007f65100000,0x0000007f65200000)]
  0x000002752124a4a0 JavaThread "Sweeper thread" daemon [_thread_blocked, id=16552, stack(0x0000007f65200000,0x0000007f65300000)]
  0x00000275061401d0 JavaThread "Common-Cleaner" daemon [_thread_blocked, id=8560, stack(0x0000007f65300000,0x0000007f65400000)]
  0x0000027522756e80 JavaThread "Notification Thread" daemon [_thread_blocked, id=3892, stack(0x0000007f65400000,0x0000007f65500000)]
  0x0000027523155370 JavaThread "Active Thread: Equinox Container: 54846e20-92a4-45e0-b3ff-11440559cc85" [_thread_blocked, id=17932, stack(0x0000007f65700000,0x0000007f65800000)]
  0x0000027523220b40 JavaThread "Framework Event Dispatcher: Equinox Container: 54846e20-92a4-45e0-b3ff-11440559cc85" daemon [_thread_blocked, id=5788, stack(0x0000007f65e00000,0x0000007f65f00000)]
  0x0000027522fe3920 JavaThread "Start Level: Equinox Container: 54846e20-92a4-45e0-b3ff-11440559cc85" daemon [_thread_blocked, id=16024, stack(0x0000007f65f00000,0x0000007f66000000)]
  0x00000275230f00e0 JavaThread "SCR Component Actor" daemon [_thread_blocked, id=15764, stack(0x0000007f66000000,0x0000007f66100000)]
  0x000002752326fea0 JavaThread "Worker-JM" [_thread_blocked, id=15104, stack(0x0000007f66200000,0x0000007f66300000)]
  0x00000275232708c0 JavaThread "Worker-0" [_thread_blocked, id=6584, stack(0x0000007f66300000,0x0000007f66400000)]
  0x000002752326ef70 JavaThread "Worker-1" [_thread_blocked, id=16312, stack(0x0000007f66600000,0x0000007f66700000)]
  0x0000027523271d00 JavaThread "JNA Cleaner" daemon [_thread_blocked, id=15380, stack(0x0000007f66800000,0x0000007f66900000)]
  0x0000027523270dd0 JavaThread "pool-2-thread-1" [_thread_blocked, id=15924, stack(0x0000007f66b00000,0x0000007f66c00000)]
  0x000002752326f480 JavaThread "WorkspaceEventsHandler" [_thread_blocked, id=7772, stack(0x0000007f66c00000,0x0000007f66d00000)]
  0x000002752326f990 JavaThread "pool-1-thread-1" [_thread_blocked, id=16296, stack(0x0000007f66d00000,0x0000007f66e00000)]
  0x00000275232703b0 JavaThread "Worker-2" [_thread_blocked, id=9444, stack(0x0000007f66f00000,0x0000007f67000000)]
  0x00000275232712e0 JavaThread "ForkJoinPool.commonPool-worker-1" daemon [_thread_blocked, id=12884, stack(0x0000007f65600000,0x0000007f65700000)]
  0x00000275232717f0 JavaThread "pool-3-thread-1" [_thread_blocked, id=17684, stack(0x0000007f66700000,0x0000007f66800000)]
  0x0000027523599c60 JavaThread "Framework stop - Equinox Container: 54846e20-92a4-45e0-b3ff-11440559cc85" [_thread_in_vm, id=1672, stack(0x0000007f66e00000,0x0000007f66f00000)]

Other Threads:
  0x000002750618ecd0 VMThread "VM Thread" [stack: 0x0000007f64900000,0x0000007f64a00000] [id=2624]
  0x000002752275ad60 WatcherThread [stack: 0x0000007f65500000,0x0000007f65600000] [id=13668]
  0x00000275060f32c0 GCTaskThread "GC Thread#0" [stack: 0x0000007f64800000,0x0000007f64900000] [id=11448]
  0x0000027522e836c0 GCTaskThread "GC Thread#1" [stack: 0x0000007f65800000,0x0000007f65900000] [id=10940]
  0x0000027522e959d0 GCTaskThread "GC Thread#2" [stack: 0x0000007f65900000,0x0000007f65a00000] [id=1180]
  0x0000027522e95c90 GCTaskThread "GC Thread#3" [stack: 0x0000007f65a00000,0x0000007f65b00000] [id=16732]
  0x0000027522e95f50 GCTaskThread "GC Thread#4" [stack: 0x0000007f65b00000,0x0000007f65c00000] [id=3620]
  0x0000027522e96210 GCTaskThread "GC Thread#5" [stack: 0x0000007f65c00000,0x0000007f65d00000] [id=12396]
  0x0000027522e964d0 GCTaskThread "GC Thread#6" [stack: 0x0000007f65d00000,0x0000007f65e00000] [id=13672]
  0x00000275227a3f00 GCTaskThread "GC Thread#7" [stack: 0x0000007f66100000,0x0000007f66200000] [id=3968]
  0x0000027523398b20 GCTaskThread "GC Thread#8" [stack: 0x0000007f66400000,0x0000007f66500000] [id=16336]
  0x000002752335da00 GCTaskThread "GC Thread#9" [stack: 0x0000007f66500000,0x0000007f66600000] [id=13176]

Threads with active compile tasks:
C2 CompilerThread0    10449 3751       4       jdk.internal.org.objectweb.asm.SymbolTable::addConstantUtf8Reference (101 bytes)

VM state: not at safepoint (normal execution)

VM Mutex/Monitor currently owned by a thread: None

Heap address: 0x00000000c0000000, size: 1024 MB, Compressed Oops mode: 32-bit

CDS archive(s) not mapped
Compressed class space mapped at: 0x0000000100000000-0x0000000140000000, reserved size: 1073741824
Narrow klass base: 0x0000000000000000, Narrow klass shift: 3, Narrow klass range: 0x140000000

GC Precious Log:
 CPUs: 12 total, 12 available
 Memory: 16295M
 Large Page Support: Disabled
 NUMA Support: Disabled
 Compressed Oops: Enabled (32-bit)
 Alignments: Space 512K, Generation 512K, Heap 2M
 Heap Min Capacity: 100M
 Heap Initial Capacity: 100M
 Heap Max Capacity: 1G
 Pre-touch: Disabled
 Parallel Workers: 10

Heap:
 PSYoungGen      total 24576K, used 11871K [0x00000000eab00000, 0x00000000ec680000, 0x0000000100000000)
  eden space 22016K, 42% used [0x00000000eab00000,0x00000000eb427d10,0x00000000ec080000)
  from space 2560K, 97% used [0x00000000ec400000,0x00000000ec670010,0x00000000ec680000)
  to   space 3072K, 0% used [0x00000000ec080000,0x00000000ec080000,0x00000000ec380000)
 ParOldGen       total 68608K, used 21725K [0x00000000c0000000, 0x00000000c4300000, 0x00000000eab00000)
  object space 68608K, 31% used [0x00000000c0000000,0x00000000c15377d8,0x00000000c4300000)
 Metaspace       used 37386K, committed 38144K, reserved 1114112K
  class space    used 3818K, committed 4160K, reserved 1048576K

Card table byte_map: [0x0000027519750000,0x0000027519960000] _byte_map_base: 0x0000027519150000

Marking Bits: (ParMarkBitMap*) 0x00007ffdd84ad7d0
 Begin Bits: [0x0000027519ac0000, 0x000002751aac0000)
 End Bits:   [0x000002751aac0000, 0x000002751bac0000)

Polling page: 0x0000027506190000

Metaspace:

Usage:
  Non-class:     32.78 MB used.
      Class:      3.73 MB used.
       Both:     36.51 MB used.

Virtual space:
  Non-class space:       64.00 MB reserved,      33.19 MB ( 52%) committed,  1 nodes.
      Class space:        1.00 GB reserved,       4.06 MB ( <1%) committed,  1 nodes.
             Both:        1.06 GB reserved,      37.25 MB (  3%) committed. 

Chunk freelists:
   Non-Class:  14.86 MB
       Class:  11.89 MB
        Both:  26.75 MB

MaxMetaspaceSize: unlimited
CompressedClassSpaceSize: 1.00 GB
Initial GC threshold: 21.00 MB
Current GC threshold: 58.38 MB
CDS: off
MetaspaceReclaimPolicy: balanced
 - commit_granule_bytes: 65536.
 - commit_granule_words: 8192.
 - virtual_space_node_default_size: 8388608.
 - enlarge_chunks_in_place: 1.
 - new_chunks_are_fully_committed: 0.
 - uncommit_free_chunks: 1.
 - use_allocation_guard: 0.
 - handle_deallocations: 1.


Internal statistics:

num_allocs_failed_limit: 6.
num_arena_births: 372.
num_arena_deaths: 14.
num_vsnodes_births: 2.
num_vsnodes_deaths: 0.
num_space_committed: 596.
num_space_uncommitted: 0.
num_chunks_returned_to_freelist: 26.
num_chunks_taken_from_freelist: 1551.
num_chunk_merges: 13.
num_chunk_splits: 987.
num_chunks_enlarged: 643.
num_inconsistent_stats: 0.

CodeHeap 'non-profiled nmethods': size=120000Kb used=1901Kb max_used=1901Kb free=118098Kb
 bounds [0x0000027512040000, 0x00000275122b0000, 0x0000027519570000]
CodeHeap 'profiled nmethods': size=120000Kb used=7485Kb max_used=7485Kb free=112514Kb
 bounds [0x000002750a570000, 0x000002750acc0000, 0x0000027511aa0000]
CodeHeap 'non-nmethods': size=5760Kb used=1270Kb max_used=1331Kb free=4490Kb
 bounds [0x0000027511aa0000, 0x0000027511d10000, 0x0000027512040000]
 total_blobs=4373 nmethods=3776 adapters=510
 compilation: enabled
              stopped_count=0, restarted_count=0
 full_count=0

Compilation events (20 events):
Event: 10.392 Thread 0x000002752123af60 3760       3       java.lang.invoke.MethodHandles$Lookup$ClassOption::optionsToFlag (40 bytes)
Event: 10.393 Thread 0x000002752123af60 nmethod 3760 0x000002750aca8e90 code [0x000002750aca9060, 0x000002750aca9528]
Event: 10.393 Thread 0x000002752123af60 3759       3       java.lang.invoke.MethodHandles$Lookup::makeHiddenClassDefiner (42 bytes)
Event: 10.394 Thread 0x000002752123af60 nmethod 3759 0x000002750aca9690 code [0x000002750aca9960, 0x000002750acaa898]
Event: 10.394 Thread 0x000002752123af60 3765       3       jdk.internal.org.objectweb.asm.Frame::execute (2318 bytes)
Event: 10.400 Thread 0x000002752123af60 nmethod 3765 0x000002750acaae10 code [0x000002750acabd40, 0x000002750acb2878]
Event: 10.400 Thread 0x000002752123af60 3761       3       java.lang.invoke.MethodHandles$Lookup$ClassDefiner::<init> (58 bytes)
Event: 10.401 Thread 0x000002752123af60 nmethod 3761 0x000002750acb4490 code [0x000002750acb4620, 0x000002750acb47f8]
Event: 10.401 Thread 0x000002752123af60 3762       3       java.lang.System$2::defineClass (21 bytes)
Event: 10.401 Thread 0x000002752123af60 nmethod 3762 0x000002750acb4910 code [0x000002750acb4ac0, 0x000002750acb4c48]
Event: 10.401 Thread 0x000002752123af60 3766       3       java.lang.invoke.MethodHandles$Lookup$ClassDefiner::defineClass (97 bytes)
Event: 10.402 Thread 0x000002752123af60 nmethod 3766 0x000002750acb4d10 code [0x000002750acb4fc0, 0x000002750acb5df8]
Event: 10.403 Thread 0x000002752123af60 3770       3       org.eclipse.core.runtime.Path::append (147 bytes)
Event: 10.405 Thread 0x000002752123af60 nmethod 3770 0x000002750acb6410 code [0x000002750acb6740, 0x000002750acb78c8]
Event: 10.405 Thread 0x000002752123af60 3771       3       java.lang.invoke.LambdaForm$MH/0x000000010019a800::invoke (148 bytes)
Event: 10.406 Thread 0x000002752123af60 nmethod 3771 0x000002750acb7e10 code [0x000002750acb8080, 0x000002750acb9108]
Event: 10.407 Thread 0x000002752123af60 3772       3       java.lang.invoke.Invokers$Holder::invokeExact_MT (32 bytes)
Event: 10.408 Thread 0x000002752123af60 nmethod 3772 0x000002750acb9590 code [0x000002750acb97a0, 0x000002750acba058]
Event: 10.408 Thread 0x000002752123af60 3773       3       java.lang.invoke.LambdaMetafactory::metafactory (71 bytes)
Event: 10.409 Thread 0x000002752123af60 nmethod 3773 0x000002750acba290 code [0x000002750acba520, 0x000002750acbb028]

GC Heap History (20 events):
Event: 3.865 GC heap before
{Heap before GC invocations=7 (full 1):
 PSYoungGen      total 26112K, used 25773K [0x00000000eab00000, 0x00000000ec880000, 0x0000000100000000)
  eden space 25088K, 100% used [0x00000000eab00000,0x00000000ec380000,0x00000000ec380000)
  from space 1024K, 66% used [0x00000000ec400000,0x00000000ec4ab7b8,0x00000000ec500000)
  to   space 2560K, 0% used [0x00000000ec600000,0x00000000ec600000,0x00000000ec880000)
 ParOldGen       total 68608K, used 6629K [0x00000000c0000000, 0x00000000c4300000, 0x00000000eab00000)
  object space 68608K, 9% used [0x00000000c0000000,0x00000000c0679678,0x00000000c4300000)
 Metaspace       used 26663K, committed 27200K, reserved 1114112K
  class space    used 2568K, committed 2816K, reserved 1048576K
}
Event: 3.867 GC heap after
{Heap after GC invocations=7 (full 1):
 PSYoungGen      total 27136K, used 2550K [0x00000000eab00000, 0x00000000ec900000, 0x0000000100000000)
  eden space 24576K, 0% used [0x00000000eab00000,0x00000000eab00000,0x00000000ec300000)
  from space 2560K, 99% used [0x00000000ec600000,0x00000000ec87d9c0,0x00000000ec880000)
  to   space 3072K, 0% used [0x00000000ec300000,0x00000000ec300000,0x00000000ec600000)
 ParOldGen       total 68608K, used 6637K [0x00000000c0000000, 0x00000000c4300000, 0x00000000eab00000)
  object space 68608K, 9% used [0x00000000c0000000,0x00000000c067b678,0x00000000c4300000)
 Metaspace       used 26663K, committed 27200K, reserved 1114112K
  class space    used 2568K, committed 2816K, reserved 1048576K
}
Event: 4.683 GC heap before
{Heap before GC invocations=8 (full 1):
 PSYoungGen      total 27136K, used 27126K [0x00000000eab00000, 0x00000000ec900000, 0x0000000100000000)
  eden space 24576K, 100% used [0x00000000eab00000,0x00000000ec300000,0x00000000ec300000)
  from space 2560K, 99% used [0x00000000ec600000,0x00000000ec87d9c0,0x00000000ec880000)
  to   space 3072K, 0% used [0x00000000ec300000,0x00000000ec300000,0x00000000ec600000)
 ParOldGen       total 68608K, used 6637K [0x00000000c0000000, 0x00000000c4300000, 0x00000000eab00000)
  object space 68608K, 9% used [0x00000000c0000000,0x00000000c067b678,0x00000000c4300000)
 Metaspace       used 30887K, committed 31552K, reserved 1114112K
  class space    used 3019K, committed 3328K, reserved 1048576K
}
Event: 4.686 GC heap after
{Heap after GC invocations=8 (full 1):
 PSYoungGen      total 27136K, used 3058K [0x00000000eab00000, 0x00000000ecc80000, 0x0000000100000000)
  eden space 24064K, 0% used [0x00000000eab00000,0x00000000eab00000,0x00000000ec280000)
  from space 3072K, 99% used [0x00000000ec300000,0x00000000ec5fcba0,0x00000000ec600000)
  to   space 5120K, 0% used [0x00000000ec780000,0x00000000ec780000,0x00000000ecc80000)
 ParOldGen       total 68608K, used 8256K [0x00000000c0000000, 0x00000000c4300000, 0x00000000eab00000)
  object space 68608K, 12% used [0x00000000c0000000,0x00000000c0810098,0x00000000c4300000)
 Metaspace       used 30887K, committed 31552K, reserved 1114112K
  class space    used 3019K, committed 3328K, reserved 1048576K
}
Event: 5.072 GC heap before
{Heap before GC invocations=9 (full 1):
 PSYoungGen      total 27136K, used 27053K [0x00000000eab00000, 0x00000000ecc80000, 0x0000000100000000)
  eden space 24064K, 99% used [0x00000000eab00000,0x00000000ec26ebc0,0x00000000ec280000)
  from space 3072K, 99% used [0x00000000ec300000,0x00000000ec5fcba0,0x00000000ec600000)
  to   space 5120K, 0% used [0x00000000ec780000,0x00000000ec780000,0x00000000ecc80000)
 ParOldGen       total 68608K, used 8256K [0x00000000c0000000, 0x00000000c4300000, 0x00000000eab00000)
  object space 68608K, 12% used [0x00000000c0000000,0x00000000c0810098,0x00000000c4300000)
 Metaspace       used 34861K, committed 35520K, reserved 1114112K
  class space    used 3510K, committed 3776K, reserved 1048576K
}
Event: 5.075 GC heap after
{Heap after GC invocations=9 (full 1):
 PSYoungGen      total 28160K, used 4590K [0x00000000eab00000, 0x00000000ecc00000, 0x0000000100000000)
  eden space 23552K, 0% used [0x00000000eab00000,0x00000000eab00000,0x00000000ec200000)
  from space 4608K, 99% used [0x00000000ec780000,0x00000000ecbfb990,0x00000000ecc00000)
  to   space 5120K, 0% used [0x00000000ec200000,0x00000000ec200000,0x00000000ec700000)
 ParOldGen       total 68608K, used 8264K [0x00000000c0000000, 0x00000000c4300000, 0x00000000eab00000)
  object space 68608K, 12% used [0x00000000c0000000,0x00000000c0812098,0x00000000c4300000)
 Metaspace       used 34861K, committed 35520K, reserved 1114112K
  class space    used 3510K, committed 3776K, reserved 1048576K
}
Event: 5.104 GC heap before
{Heap before GC invocations=10 (full 1):
 PSYoungGen      total 28160K, used 7004K [0x00000000eab00000, 0x00000000ecc00000, 0x0000000100000000)
  eden space 23552K, 10% used [0x00000000eab00000,0x00000000ead5b818,0x00000000ec200000)
  from space 4608K, 99% used [0x00000000ec780000,0x00000000ecbfb990,0x00000000ecc00000)
  to   space 5120K, 0% used [0x00000000ec200000,0x00000000ec200000,0x00000000ec700000)
 ParOldGen       total 68608K, used 8264K [0x00000000c0000000, 0x00000000c4300000, 0x00000000eab00000)
  object space 68608K, 12% used [0x00000000c0000000,0x00000000c0812098,0x00000000c4300000)
 Metaspace       used 35168K, committed 35840K, reserved 1114112K
  class space    used 3554K, committed 3840K, reserved 1048576K
}
Event: 5.107 GC heap after
{Heap after GC invocations=10 (full 1):
 PSYoungGen      total 27648K, used 4069K [0x00000000eab00000, 0x00000000ecb00000, 0x0000000100000000)
  eden space 23552K, 0% used [0x00000000eab00000,0x00000000eab00000,0x00000000ec200000)
  from space 4096K, 99% used [0x00000000ec200000,0x00000000ec5f9770,0x00000000ec600000)
  to   space 4608K, 0% used [0x00000000ec680000,0x00000000ec680000,0x00000000ecb00000)
 ParOldGen       total 68608K, used 9036K [0x00000000c0000000, 0x00000000c4300000, 0x00000000eab00000)
  object space 68608K, 13% used [0x00000000c0000000,0x00000000c08d33f8,0x00000000c4300000)
 Metaspace       used 35168K, committed 35840K, reserved 1114112K
  class space    used 3554K, committed 3840K, reserved 1048576K
}
Event: 5.107 GC heap before
{Heap before GC invocations=11 (full 2):
 PSYoungGen      total 27648K, used 4069K [0x00000000eab00000, 0x00000000ecb00000, 0x0000000100000000)
  eden space 23552K, 0% used [0x00000000eab00000,0x00000000eab00000,0x00000000ec200000)
  from space 4096K, 99% used [0x00000000ec200000,0x00000000ec5f9770,0x00000000ec600000)
  to   space 4608K, 0% used [0x00000000ec680000,0x00000000ec680000,0x00000000ecb00000)
 ParOldGen       total 68608K, used 9036K [0x00000000c0000000, 0x00000000c4300000, 0x00000000eab00000)
  object space 68608K, 13% used [0x00000000c0000000,0x00000000c08d33f8,0x00000000c4300000)
 Metaspace       used 35168K, committed 35840K, reserved 1114112K
  class space    used 3554K, committed 3840K, reserved 1048576K
}
Event: 5.128 GC heap after
{Heap after GC invocations=11 (full 2):
 PSYoungGen      total 27648K, used 0K [0x00000000eab00000, 0x00000000ecb00000, 0x0000000100000000)
  eden space 23552K, 0% used [0x00000000eab00000,0x00000000eab00000,0x00000000ec200000)
  from space 4096K, 0% used [0x00000000ec200000,0x00000000ec200000,0x00000000ec600000)
  to   space 4608K, 0% used [0x00000000ec680000,0x00000000ec680000,0x00000000ecb00000)
 ParOldGen       total 68608K, used 12746K [0x00000000c0000000, 0x00000000c4300000, 0x00000000eab00000)
  object space 68608K, 18% used [0x00000000c0000000,0x00000000c0c72be8,0x00000000c4300000)
 Metaspace       used 35168K, committed 35840K, reserved 1114112K
  class space    used 3554K, committed 3840K, reserved 1048576K
}
Event: 5.306 GC heap before
{Heap before GC invocations=12 (full 2):
 PSYoungGen      total 27648K, used 23552K [0x00000000eab00000, 0x00000000ecb00000, 0x0000000100000000)
  eden space 23552K, 100% used [0x00000000eab00000,0x00000000ec200000,0x00000000ec200000)
  from space 4096K, 0% used [0x00000000ec200000,0x00000000ec200000,0x00000000ec600000)
  to   space 4608K, 0% used [0x00000000ec680000,0x00000000ec680000,0x00000000ecb00000)
 ParOldGen       total 68608K, used 12746K [0x00000000c0000000, 0x00000000c4300000, 0x00000000eab00000)
  object space 68608K, 18% used [0x00000000c0000000,0x00000000c0c72be8,0x00000000c4300000)
 Metaspace       used 36680K, committed 37376K, reserved 1114112K
  class space    used 3731K, committed 4032K, reserved 1048576K
}
Event: 5.308 GC heap after
{Heap after GC invocations=12 (full 2):
 PSYoungGen      total 25600K, used 2272K [0x00000000eab00000, 0x00000000ec900000, 0x0000000100000000)
  eden space 23040K, 0% used [0x00000000eab00000,0x00000000eab00000,0x00000000ec180000)
  from space 2560K, 88% used [0x00000000ec680000,0x00000000ec8b8040,0x00000000ec900000)
  to   space 3072K, 0% used [0x00000000ec300000,0x00000000ec300000,0x00000000ec600000)
 ParOldGen       total 68608K, used 12754K [0x00000000c0000000, 0x00000000c4300000, 0x00000000eab00000)
  object space 68608K, 18% used [0x00000000c0000000,0x00000000c0c74be8,0x00000000c4300000)
 Metaspace       used 36680K, committed 37376K, reserved 1114112K
  class space    used 3731K, committed 4032K, reserved 1048576K
}
Event: 5.401 GC heap before
{Heap before GC invocations=13 (full 2):
 PSYoungGen      total 25600K, used 25312K [0x00000000eab00000, 0x00000000ec900000, 0x0000000100000000)
  eden space 23040K, 100% used [0x00000000eab00000,0x00000000ec180000,0x00000000ec180000)
  from space 2560K, 88% used [0x00000000ec680000,0x00000000ec8b8040,0x00000000ec900000)
  to   space 3072K, 0% used [0x00000000ec300000,0x00000000ec300000,0x00000000ec600000)
 ParOldGen       total 68608K, used 12754K [0x00000000c0000000, 0x00000000c4300000, 0x00000000eab00000)
  object space 68608K, 18% used [0x00000000c0000000,0x00000000c0c74be8,0x00000000c4300000)
 Metaspace       used 36862K, committed 37632K, reserved 1114112K
  class space    used 3750K, committed 4096K, reserved 1048576K
}
Event: 5.404 GC heap after
{Heap after GC invocations=13 (full 2):
 PSYoungGen      total 25088K, used 2336K [0x00000000eab00000, 0x00000000ec700000, 0x0000000100000000)
  eden space 22528K, 0% used [0x00000000eab00000,0x00000000eab00000,0x00000000ec100000)
  from space 2560K, 91% used [0x00000000ec300000,0x00000000ec548010,0x00000000ec580000)
  to   space 1536K, 0% used [0x00000000ec580000,0x00000000ec580000,0x00000000ec700000)
 ParOldGen       total 68608K, used 14845K [0x00000000c0000000, 0x00000000c4300000, 0x00000000eab00000)
  object space 68608K, 21% used [0x00000000c0000000,0x00000000c0e7f5b8,0x00000000c4300000)
 Metaspace       used 36862K, committed 37632K, reserved 1114112K
  class space    used 3750K, committed 4096K, reserved 1048576K
}
Event: 5.478 GC heap before
{Heap before GC invocations=14 (full 2):
 PSYoungGen      total 25088K, used 24864K [0x00000000eab00000, 0x00000000ec700000, 0x0000000100000000)
  eden space 22528K, 100% used [0x00000000eab00000,0x00000000ec100000,0x00000000ec100000)
  from space 2560K, 91% used [0x00000000ec300000,0x00000000ec548010,0x00000000ec580000)
  to   space 1536K, 0% used [0x00000000ec580000,0x00000000ec580000,0x00000000ec700000)
 ParOldGen       total 68608K, used 14845K [0x00000000c0000000, 0x00000000c4300000, 0x00000000eab00000)
  object space 68608K, 21% used [0x00000000c0000000,0x00000000c0e7f5b8,0x00000000c4300000)
 Metaspace       used 36936K, committed 37632K, reserved 1114112K
  class space    used 3761K, committed 4096K, reserved 1048576K
}
Event: 5.481 GC heap after
{Heap after GC invocations=14 (full 2):
 PSYoungGen      total 23552K, used 1504K [0x00000000eab00000, 0x00000000eca80000, 0x0000000100000000)
  eden space 22016K, 0% used [0x00000000eab00000,0x00000000eab00000,0x00000000ec080000)
  from space 1536K, 97% used [0x00000000ec580000,0x00000000ec6f8010,0x00000000ec700000)
  to   space 5120K, 0% used [0x00000000ec080000,0x00000000ec080000,0x00000000ec580000)
 ParOldGen       total 68608K, used 17765K [0x00000000c0000000, 0x00000000c4300000, 0x00000000eab00000)
  object space 68608K, 25% used [0x00000000c0000000,0x00000000c11595b8,0x00000000c4300000)
 Metaspace       used 36936K, committed 37632K, reserved 1114112K
  class space    used 3761K, committed 4096K, reserved 1048576K
}
Event: 5.535 GC heap before
{Heap before GC invocations=15 (full 2):
 PSYoungGen      total 23552K, used 23520K [0x00000000eab00000, 0x00000000eca80000, 0x0000000100000000)
  eden space 22016K, 100% used [0x00000000eab00000,0x00000000ec080000,0x00000000ec080000)
  from space 1536K, 97% used [0x00000000ec580000,0x00000000ec6f8010,0x00000000ec700000)
  to   space 5120K, 0% used [0x00000000ec080000,0x00000000ec080000,0x00000000ec580000)
 ParOldGen       total 68608K, used 17765K [0x00000000c0000000, 0x00000000c4300000, 0x00000000eab00000)
  object space 68608K, 25% used [0x00000000c0000000,0x00000000c11595b8,0x00000000c4300000)
 Metaspace       used 36936K, committed 37632K, reserved 1114112K
  class space    used 3761K, committed 4096K, reserved 1048576K
}
Event: 5.539 GC heap after
{Heap after GC invocations=15 (full 2):
 PSYoungGen      total 25088K, used 2624K [0x00000000eab00000, 0x00000000ec780000, 0x0000000100000000)
  eden space 22016K, 0% used [0x00000000eab00000,0x00000000eab00000,0x00000000ec080000)
  from space 3072K, 85% used [0x00000000ec080000,0x00000000ec310000,0x00000000ec380000)
  to   space 3584K, 0% used [0x00000000ec400000,0x00000000ec400000,0x00000000ec780000)
 ParOldGen       total 68608K, used 19301K [0x00000000c0000000, 0x00000000c4300000, 0x00000000eab00000)
  object space 68608K, 28% used [0x00000000c0000000,0x00000000c12d97d8,0x00000000c4300000)
 Metaspace       used 36936K, committed 37632K, reserved 1114112K
  class space    used 3761K, committed 4096K, reserved 1048576K
}
Event: 5.585 GC heap before
{Heap before GC invocations=16 (full 2):
 PSYoungGen      total 25088K, used 24640K [0x00000000eab00000, 0x00000000ec780000, 0x0000000100000000)
  eden space 22016K, 100% used [0x00000000eab00000,0x00000000ec080000,0x00000000ec080000)
  from space 3072K, 85% used [0x00000000ec080000,0x00000000ec310000,0x00000000ec380000)
  to   space 3584K, 0% used [0x00000000ec400000,0x00000000ec400000,0x00000000ec780000)
 ParOldGen       total 68608K, used 19301K [0x00000000c0000000, 0x00000000c4300000, 0x00000000eab00000)
  object space 68608K, 28% used [0x00000000c0000000,0x00000000c12d97d8,0x00000000c4300000)
 Metaspace       used 36936K, committed 37632K, reserved 1114112K
  class space    used 3761K, committed 4096K, reserved 1048576K
}
Event: 5.589 GC heap after
{Heap after GC invocations=16 (full 2):
 PSYoungGen      total 24576K, used 2496K [0x00000000eab00000, 0x00000000ec680000, 0x0000000100000000)
  eden space 22016K, 0% used [0x00000000eab00000,0x00000000eab00000,0x00000000ec080000)
  from space 2560K, 97% used [0x00000000ec400000,0x00000000ec670010,0x00000000ec680000)
  to   space 3072K, 0% used [0x00000000ec080000,0x00000000ec080000,0x00000000ec380000)
 ParOldGen       total 68608K, used 21725K [0x00000000c0000000, 0x00000000c4300000, 0x00000000eab00000)
  object space 68608K, 31% used [0x00000000c0000000,0x00000000c15377d8,0x00000000c4300000)
 Metaspace       used 36936K, committed 37632K, reserved 1114112K
  class space    used 3761K, committed 4096K, reserved 1048576K
}

Dll operation events (10 events):
Event: 0.008 Loaded shared library c:\Users\TDR SOFTWARE PVT LTD\.vscode\extensions\redhat.java-1.28.1-win32-x64\jre\17.0.10-win32-x86_64\bin\java.dll
Event: 0.242 Loaded shared library c:\Users\TDR SOFTWARE PVT LTD\.vscode\extensions\redhat.java-1.28.1-win32-x64\jre\17.0.10-win32-x86_64\bin\zip.dll
Event: 0.247 Loaded shared library C:\Users\TDR SOFTWARE PVT LTD\.vscode\extensions\redhat.java-1.28.1-win32-x64\jre\17.0.10-win32-x86_64\bin\instrument.dll
Event: 0.276 Loaded shared library C:\Users\TDR SOFTWARE PVT LTD\.vscode\extensions\redhat.java-1.28.1-win32-x64\jre\17.0.10-win32-x86_64\bin\net.dll
Event: 0.278 Loaded shared library C:\Users\TDR SOFTWARE PVT LTD\.vscode\extensions\redhat.java-1.28.1-win32-x64\jre\17.0.10-win32-x86_64\bin\nio.dll
Event: 0.289 Loaded shared library C:\Users\TDR SOFTWARE PVT LTD\.vscode\extensions\redhat.java-1.28.1-win32-x64\jre\17.0.10-win32-x86_64\bin\zip.dll
Event: 0.321 Loaded shared library C:\Users\TDR SOFTWARE PVT LTD\.vscode\extensions\redhat.java-1.28.1-win32-x64\jre\17.0.10-win32-x86_64\bin\jimage.dll
Event: 0.471 Loaded shared library c:\Users\TDR SOFTWARE PVT LTD\.vscode\extensions\redhat.java-1.28.1-win32-x64\jre\17.0.10-win32-x86_64\bin\verify.dll
Event: 2.038 Loaded shared library C:\Users\TDR SOFTWARE PVT LTD\AppData\Roaming\Code\User\globalStorage\redhat.java\1.28.1\config_ss_win\org.eclipse.equinox.launcher\org.eclipse.equinox.launcher.win32.win32.x86_64_1.2.900.v20240129-1338\eclipse_11900.dll
Event: 4.762 Loaded shared library C:\Users\TDR SOFTWARE PVT LTD\AppData\Local\Temp\jna-1307018927\jna7648429576492823484.dll

Deoptimization events (20 events):
Event: 5.658 Thread 0x000002752326f990 Uncommon trap: trap_request=0xffffffc6 fr.pc=0x00000275121a1b4c relative=0x00000000000000ac
Event: 5.658 Thread 0x000002752326f990 Uncommon trap: reason=bimorphic_or_optimized_type_check action=maybe_recompile pc=0x00000275121a1b4c method=java.util.stream.Sink$ChainedReference.cancellationRequested()Z @ 4 c2
Event: 5.658 Thread 0x000002752326f990 DEOPT PACKING pc=0x00000275121a1b4c sp=0x0000007f66dfde10
Event: 5.658 Thread 0x000002752326f990 DEOPT UNPACKING pc=0x0000027511af66a3 sp=0x0000007f66dfdd40 mode 2
Event: 10.346 Thread 0x00000275232708c0 Uncommon trap: trap_request=0xffffffde fr.pc=0x00000275121c1be0 relative=0x0000000000000ca0
Event: 10.346 Thread 0x00000275232708c0 Uncommon trap: reason=class_check action=maybe_recompile pc=0x00000275121c1be0 method=java.util.Spliterators$1Adapter.hasNext()Z @ 12 c2
Event: 10.346 Thread 0x00000275232708c0 DEOPT PACKING pc=0x00000275121c1be0 sp=0x0000007f663fe510
Event: 10.346 Thread 0x00000275232708c0 DEOPT UNPACKING pc=0x0000027511af66a3 sp=0x0000007f663fe4d8 mode 2
Event: 10.346 Thread 0x00000275232708c0 Uncommon trap: trap_request=0xffffffde fr.pc=0x00000275121c1be0 relative=0x0000000000000ca0
Event: 10.346 Thread 0x00000275232708c0 Uncommon trap: reason=class_check action=maybe_recompile pc=0x00000275121c1be0 method=java.util.Spliterators$1Adapter.hasNext()Z @ 12 c2
Event: 10.346 Thread 0x00000275232708c0 DEOPT PACKING pc=0x00000275121c1be0 sp=0x0000007f663fe520
Event: 10.346 Thread 0x00000275232708c0 DEOPT UNPACKING pc=0x0000027511af66a3 sp=0x0000007f663fe4e8 mode 2
Event: 10.346 Thread 0x00000275232708c0 Uncommon trap: trap_request=0xffffffde fr.pc=0x00000275121c1be0 relative=0x0000000000000ca0
Event: 10.346 Thread 0x00000275232708c0 Uncommon trap: reason=class_check action=maybe_recompile pc=0x00000275121c1be0 method=java.util.Spliterators$1Adapter.hasNext()Z @ 12 c2
Event: 10.346 Thread 0x00000275232708c0 DEOPT PACKING pc=0x00000275121c1be0 sp=0x0000007f663fe520
Event: 10.346 Thread 0x00000275232708c0 DEOPT UNPACKING pc=0x0000027511af66a3 sp=0x0000007f663fe4e8 mode 2
Event: 10.392 Thread 0x00000275232708c0 Uncommon trap: trap_request=0xffffff45 fr.pc=0x0000027512186850 relative=0x0000000000003550
Event: 10.392 Thread 0x00000275232708c0 Uncommon trap: reason=unstable_if action=reinterpret pc=0x0000027512186850 method=jdk.internal.org.objectweb.asm.Frame.push(I)V @ 26 c2
Event: 10.392 Thread 0x00000275232708c0 DEOPT PACKING pc=0x0000027512186850 sp=0x0000007f663fd2c0
Event: 10.392 Thread 0x00000275232708c0 DEOPT UNPACKING pc=0x0000027511af66a3 sp=0x0000007f663fd1e8 mode 2

Classes unloaded (7 events):
Event: 3.393 Thread 0x000002750618ecd0 Unloading class 0x000000010021e800 'java/lang/invoke/LambdaForm$MH+0x000000010021e800'
Event: 3.393 Thread 0x000002750618ecd0 Unloading class 0x000000010021e400 'java/lang/invoke/LambdaForm$MH+0x000000010021e400'
Event: 3.393 Thread 0x000002750618ecd0 Unloading class 0x000000010021e000 'java/lang/invoke/LambdaForm$MH+0x000000010021e000'
Event: 3.393 Thread 0x000002750618ecd0 Unloading class 0x000000010021dc00 'java/lang/invoke/LambdaForm$MH+0x000000010021dc00'
Event: 3.393 Thread 0x000002750618ecd0 Unloading class 0x000000010021d800 'java/lang/invoke/LambdaForm$BMH+0x000000010021d800'
Event: 3.393 Thread 0x000002750618ecd0 Unloading class 0x000000010021d400 'java/lang/invoke/LambdaForm$DMH+0x000000010021d400'
Event: 3.393 Thread 0x000002750618ecd0 Unloading class 0x0000000100218400 'java/lang/invoke/LambdaForm$DMH+0x0000000100218400'

Classes redefined (0 events):
No events

Internal exceptions (20 events):
Event: 4.818 Thread 0x00000275060de8f0 Exception <a 'java/lang/NoSuchMethodError'{0x00000000eb210cf0}: 'java.lang.Object java.lang.invoke.DirectMethodHandle$Holder.invokeStatic(java.lang.Object, java.lang.Object, long, java.lang.Object)'> (0x00000000eb210cf0) 
thrown [s\src\hotspot\share\interpreter\linkResolver.cpp, line 759]
Event: 4.818 Thread 0x00000275060de8f0 Exception <a 'java/lang/NoSuchMethodError'{0x00000000eb214a18}: 'java.lang.Object java.lang.invoke.DirectMethodHandle$Holder.invokeStaticInit(java.lang.Object, java.lang.Object, long, java.lang.Object)'> (0x00000000eb214a18) 
thrown [s\src\hotspot\share\interpreter\linkResolver.cpp, line 759]
Event: 4.818 Thread 0x00000275060de8f0 Exception <a 'java/lang/NoSuchMethodError'{0x00000000eb21b028}: 'java.lang.Object java.lang.invoke.DirectMethodHandle$Holder.newInvokeSpecial(java.lang.Object, java.lang.Object, long)'> (0x00000000eb21b028) 
thrown [s\src\hotspot\share\interpreter\linkResolver.cpp, line 759]
Event: 4.850 Thread 0x00000275060de8f0 Exception <a 'java/lang/NoSuchMethodError'{0x00000000eb3dd190}: 'void java.lang.invoke.DirectMethodHandle$Holder.invokeStatic(java.lang.Object, java.lang.Object, java.lang.Object, java.lang.Object)'> (0x00000000eb3dd190) 
thrown [s\src\hotspot\share\interpreter\linkResolver.cpp, line 759]
Event: 4.955 Thread 0x00000275060de8f0 Exception <a 'java/lang/NoSuchMethodError'{0x00000000ebc347f0}: 'void java.lang.invoke.DirectMethodHandle$Holder.invokeSpecial(java.lang.Object, java.lang.Object, java.lang.Object, java.lang.Object, java.lang.Object, java.lang.Object)'> (0x00000000ebc347f0) 
thrown [s\src\hotspot\share\interpreter\linkResolver.cpp, line 759]
Event: 4.956 Thread 0x00000275060de8f0 Exception <a 'java/lang/IncompatibleClassChangeError'{0x00000000ebc3e2e8}: Found class java.lang.Object, but interface was expected> (0x00000000ebc3e2e8) 
thrown [s\src\hotspot\share\interpreter\linkResolver.cpp, line 826]
Event: 5.071 Thread 0x000002752326f990 Exception <a 'java/io/FileNotFoundException'{0x00000000ec254148}> (0x00000000ec254148) 
thrown [s\src\hotspot\share\prims\jni.cpp, line 516]
Event: 5.097 Thread 0x000002752326f990 Exception <a 'sun/nio/fs/WindowsException'{0x00000000eaccee30}> (0x00000000eaccee30) 
thrown [s\src\hotspot\share\prims\jni.cpp, line 516]
Event: 5.098 Thread 0x000002752326ef70 Exception <a 'java/io/FileNotFoundException'{0x00000000eaced6f0}> (0x00000000eaced6f0) 
thrown [s\src\hotspot\share\prims\jni.cpp, line 516]
Event: 5.099 Thread 0x000002752326ef70 Exception <a 'java/io/FileNotFoundException'{0x00000000eacee768}> (0x00000000eacee768) 
thrown [s\src\hotspot\share\prims\jni.cpp, line 516]
Event: 5.099 Thread 0x000002752326ef70 Exception <a 'java/io/FileNotFoundException'{0x00000000eacef558}> (0x00000000eacef558) 
thrown [s\src\hotspot\share\prims\jni.cpp, line 516]
Event: 5.160 Thread 0x000002752326f990 Exception <a 'java/lang/NoSuchMethodError'{0x00000000eaee0498}: 'int java.lang.invoke.DirectMethodHandle$Holder.invokeVirtual(java.lang.Object, java.lang.Object)'> (0x00000000eaee0498) 
thrown [s\src\hotspot\share\interpreter\linkResolver.cpp, line 759]
Event: 5.161 Thread 0x00000275232708c0 Exception <a 'java/lang/NoSuchMethodError'{0x00000000eaf0a658}: 'java.lang.Object java.lang.invoke.Invokers$Holder.invoke_MT(java.lang.Object, java.lang.Object, java.lang.Object)'> (0x00000000eaf0a658) 
thrown [s\src\hotspot\share\interpreter\linkResolver.cpp, line 759]
Event: 5.325 Thread 0x00000275232708c0 Exception <a 'java/io/FileNotFoundException'{0x00000000eae61800}> (0x00000000eae61800) 
thrown [s\src\hotspot\share\prims\jni.cpp, line 516]
Event: 5.325 Thread 0x00000275232708c0 Exception <a 'java/io/FileNotFoundException'{0x00000000eae62da0}> (0x00000000eae62da0) 
thrown [s\src\hotspot\share\prims\jni.cpp, line 516]
Event: 5.326 Thread 0x00000275232708c0 Exception <a 'java/lang/NoSuchMethodError'{0x00000000eae74698}: 'void java.lang.invoke.DirectMethodHandle$Holder.invokeStaticInit(java.lang.Object, java.lang.Object, java.lang.Object)'> (0x00000000eae74698) 
thrown [s\src\hotspot\share\interpreter\linkResolver.cpp, line 759]
Event: 10.393 Thread 0x00000275232708c0 Exception <a 'java/lang/NoSuchMethodError'{0x00000000eb2d6828}: 'java.lang.Object java.lang.invoke.DirectMethodHandle$Holder.newInvokeSpecial(java.lang.Object, java.lang.Object, java.lang.Object, java.lang.Object, java.lang.Object, java.lang.Object, java.lang.Object, java.lang.Object, java.lang.Object, java.lang.Object)'> (0x00000000eb2d6828) 
thrown [s\src\hotspot\share\interpreter\linkResolver.cpp, line 759]
Event: 10.393 Thread 0x00000275232708c0 Exception <a 'java/lang/NoSuchMethodError'{0x00000000eb2db518}: 'java.lang.Object java.lang.invoke.DirectMethodHandle$Holder.invokeSpecial(java.lang.Object, java.lang.Object, java.lang.Object, java.lang.Object, java.lang.Object, java.lang.Object, java.lang.Object, java.lang.Object, java.lang.Object, java.lang.Object, java.lang.Object)'> (0x00000000eb2db518) 
thrown [s\src\hotspot\share\interpreter\linkResolver.cpp, line 759]
Event: 10.393 Thread 0x00000275232708c0 Exception <a 'java/lang/NoSuchMethodError'{0x00000000eb2dfa28}: 'java.lang.Object java.lang.invoke.Invokers$Holder.linkToTargetMethod(java.lang.Object, java.lang.Object, java.lang.Object, java.lang.Object, java.lang.Object, java.lang.Object, java.lang.Object, java.lang.Object, java.lang.Object, java.lang.Object)'> (0x00000000eb2dfa28) 
thrown [s\src\hotspot\share\interpreter\linkResolver.cpp, line 759]
Event: 10.414 Thread 0x00000275232708c0 Exception <a 'sun/nio/fs/WindowsException'{0x00000000eb32b810}> (0x00000000eb32b810) 
thrown [s\src\hotspot\share\prims\jni.cpp, line 516]

VM Operations (20 events):
Event: 5.145 Executing VM operation: HandshakeAllThreads
Event: 5.145 Executing VM operation: HandshakeAllThreads done
Event: 5.172 Executing VM operation: HandshakeAllThreads
Event: 5.172 Executing VM operation: HandshakeAllThreads done
Event: 5.172 Executing VM operation: HandshakeAllThreads
Event: 5.172 Executing VM operation: HandshakeAllThreads done
Event: 5.306 Executing VM operation: ParallelGCFailedAllocation
Event: 5.308 Executing VM operation: ParallelGCFailedAllocation done
Event: 5.385 Executing VM operation: HandshakeAllThreads
Event: 5.385 Executing VM operation: HandshakeAllThreads done
Event: 5.401 Executing VM operation: ParallelGCFailedAllocation
Event: 5.404 Executing VM operation: ParallelGCFailedAllocation done
Event: 5.478 Executing VM operation: ParallelGCFailedAllocation
Event: 5.481 Executing VM operation: ParallelGCFailedAllocation done
Event: 5.535 Executing VM operation: ParallelGCFailedAllocation
Event: 5.539 Executing VM operation: ParallelGCFailedAllocation done
Event: 5.585 Executing VM operation: ParallelGCFailedAllocation
Event: 5.590 Executing VM operation: ParallelGCFailedAllocation done
Event: 6.594 Executing VM operation: Cleanup
Event: 6.594 Executing VM operation: Cleanup done

Events (20 events):
Event: 10.366 loading class java/util/concurrent/ForkJoinTask$AdaptedCallable
Event: 10.367 loading class java/util/concurrent/ForkJoinTask$AdaptedCallable done
Event: 10.367 Thread 0x0000027523598d30 Thread added: 0x0000027523598d30
Event: 10.378 loading class java/util/stream/Nodes$CollectorTask$OfRef
Event: 10.378 loading class java/util/stream/Nodes$CollectorTask
Event: 10.378 loading class java/util/stream/AbstractTask
Event: 10.378 loading class java/util/concurrent/CountedCompleter
Event: 10.379 loading class java/util/concurrent/CountedCompleter done
Event: 10.379 loading class java/util/stream/AbstractTask done
Event: 10.379 loading class java/util/stream/Nodes$CollectorTask done
Event: 10.379 loading class java/util/stream/Nodes$CollectorTask$OfRef done
Event: 10.379 loading class java/util/function/LongFunction
Event: 10.379 loading class java/util/function/LongFunction done
Event: 10.380 loading class java/util/stream/Nodes$ConcNode
Event: 10.380 loading class java/util/stream/Nodes$AbstractConcNode
Event: 10.380 loading class java/util/stream/Nodes$AbstractConcNode done
Event: 10.380 loading class java/util/stream/Nodes$ConcNode done
Event: 10.381 Thread 0x0000027523598d30 Thread exited: 0x0000027523598d30
Event: 10.397 Thread 0x0000027523595a90 Thread added: 0x0000027523595a90
Event: 10.403 Thread 0x0000027523595a90 Thread exited: 0x0000027523595a90


Dynamic libraries:
0x00007ff7cbe90000 - 0x00007ff7cbe9e000 	c:\Users\TDR SOFTWARE PVT LTD\.vscode\extensions\redhat.java-1.28.1-win32-x64\jre\17.0.10-win32-x86_64\bin\java.exe
0x00007ffe074d0000 - 0x00007ffe076e6000 	C:\WINDOWS\SYSTEM32\ntdll.dll
0x00007ffe05850000 - 0x00007ffe05914000 	C:\WINDOWS\System32\KERNEL32.DLL
0x00007ffe04bd0000 - 0x00007ffe04f76000 	C:\WINDOWS\System32\KERNELBASE.dll
0x00007ffe04ab0000 - 0x00007ffe04bc1000 	C:\WINDOWS\System32\ucrtbase.dll
0x00007ffdece10000 - 0x00007ffdece27000 	c:\Users\TDR SOFTWARE PVT LTD\.vscode\extensions\redhat.java-1.28.1-win32-x64\jre\17.0.10-win32-x86_64\bin\jli.dll
0x00007ffdec080000 - 0x00007ffdec09b000 	c:\Users\TDR SOFTWARE PVT LTD\.vscode\extensions\redhat.java-1.28.1-win32-x64\jre\17.0.10-win32-x86_64\bin\VCRUNTIME140.dll
0x00007ffe07230000 - 0x00007ffe073dd000 	C:\WINDOWS\System32\USER32.dll
0x00007ffe04810000 - 0x00007ffe04836000 	C:\WINDOWS\System32\win32u.dll
0x00007ffe05920000 - 0x00007ffe05949000 	C:\WINDOWS\System32\GDI32.dll
0x00007ffe04870000 - 0x00007ffe04988000 	C:\WINDOWS\System32\gdi32full.dll
0x00007ffe04a10000 - 0x00007ffe04aaa000 	C:\WINDOWS\System32\msvcp_win.dll
0x00007ffdf8820000 - 0x00007ffdf8ab3000 	C:\WINDOWS\WinSxS\amd64_microsoft.windows.common-controls_6595b64144ccf1df_6.0.22621.3235_none_270f74e173860f98\COMCTL32.dll
0x00007ffe069c0000 - 0x00007ffe06a67000 	C:\WINDOWS\System32\msvcrt.dll
0x00007ffe06a70000 - 0x00007ffe06aa1000 	C:\WINDOWS\System32\IMM32.DLL
0x00007ffdff2e0000 - 0x00007ffdff2ec000 	c:\Users\TDR SOFTWARE PVT LTD\.vscode\extensions\redhat.java-1.28.1-win32-x64\jre\17.0.10-win32-x86_64\bin\vcruntime140_1.dll
0x00007ffde47e0000 - 0x00007ffde486d000 	c:\Users\TDR SOFTWARE PVT LTD\.vscode\extensions\redhat.java-1.28.1-win32-x64\jre\17.0.10-win32-x86_64\bin\msvcp140.dll
0x00007ffdd7910000 - 0x00007ffdd8572000 	c:\Users\TDR SOFTWARE PVT LTD\.vscode\extensions\redhat.java-1.28.1-win32-x64\jre\17.0.10-win32-x86_64\bin\server\jvm.dll
0x00007ffe070f0000 - 0x00007ffe071a2000 	C:\WINDOWS\System32\ADVAPI32.dll
0x00007ffe073e0000 - 0x00007ffe07488000 	C:\WINDOWS\System32\sechost.dll
0x00007ffe04840000 - 0x00007ffe04868000 	C:\WINDOWS\System32\bcrypt.dll
0x00007ffe061b0000 - 0x00007ffe062c5000 	C:\WINDOWS\System32\RPCRT4.dll
0x00007ffe03b10000 - 0x00007ffe03b5d000 	C:\WINDOWS\SYSTEM32\POWRPROF.dll
0x00007ffdf0910000 - 0x00007ffdf0919000 	C:\WINDOWS\SYSTEM32\WSOCK32.dll
0x00007ffdf85a0000 - 0x00007ffdf85d4000 	C:\WINDOWS\SYSTEM32\WINMM.dll
0x00007ffe071b0000 - 0x00007ffe07221000 	C:\WINDOWS\System32\WS2_32.dll
0x00007ffdfc9d0000 - 0x00007ffdfc9da000 	C:\WINDOWS\SYSTEM32\VERSION.dll
0x00007ffe03af0000 - 0x00007ffe03b03000 	C:\WINDOWS\SYSTEM32\UMPDC.dll
0x00007ffe03810000 - 0x00007ffe03828000 	C:\WINDOWS\SYSTEM32\kernel.appcore.dll
0x00007ffdfd380000 - 0x00007ffdfd38a000 	c:\Users\TDR SOFTWARE PVT LTD\.vscode\extensions\redhat.java-1.28.1-win32-x64\jre\17.0.10-win32-x86_64\bin\jimage.dll
0x00007ffdef8a0000 - 0x00007ffdefad3000 	C:\WINDOWS\SYSTEM32\DBGHELP.DLL
0x00007ffe06d00000 - 0x00007ffe07088000 	C:\WINDOWS\System32\combase.dll
0x00007ffe05220000 - 0x00007ffe052f7000 	C:\WINDOWS\System32\OLEAUT32.dll
0x00007ffdf3570000 - 0x00007ffdf35a2000 	C:\WINDOWS\SYSTEM32\dbgcore.DLL
0x00007ffe04990000 - 0x00007ffe04a0a000 	C:\WINDOWS\System32\bcryptPrimitives.dll
0x00007ffdf87c0000 - 0x00007ffdf87ce000 	c:\Users\TDR SOFTWARE PVT LTD\.vscode\extensions\redhat.java-1.28.1-win32-x64\jre\17.0.10-win32-x86_64\bin\instrument.dll
0x00007ffde4ee0000 - 0x00007ffde4f05000 	c:\Users\TDR SOFTWARE PVT LTD\.vscode\extensions\redhat.java-1.28.1-win32-x64\jre\17.0.10-win32-x86_64\bin\java.dll
0x00007ffdef4b0000 - 0x00007ffdef4c8000 	c:\Users\TDR SOFTWARE PVT LTD\.vscode\extensions\redhat.java-1.28.1-win32-x64\jre\17.0.10-win32-x86_64\bin\zip.dll
0x00007ffe05950000 - 0x00007ffe061ad000 	C:\WINDOWS\System32\SHELL32.dll
0x00007ffe02720000 - 0x00007ffe03018000 	C:\WINDOWS\SYSTEM32\windows.storage.dll
0x00007ffe025e0000 - 0x00007ffe0271e000 	C:\WINDOWS\SYSTEM32\wintypes.dll
0x00007ffe05750000 - 0x00007ffe05843000 	C:\WINDOWS\System32\SHCORE.dll
0x00007ffe05500000 - 0x00007ffe0555e000 	C:\WINDOWS\System32\shlwapi.dll
0x00007ffe04740000 - 0x00007ffe04766000 	C:\WINDOWS\SYSTEM32\profapi.dll
0x00007ffdebec0000 - 0x00007ffdebed9000 	C:\Users\TDR SOFTWARE PVT LTD\.vscode\extensions\redhat.java-1.28.1-win32-x64\jre\17.0.10-win32-x86_64\bin\net.dll
0x00007ffdff0a0000 - 0x00007ffdff1d7000 	C:\WINDOWS\SYSTEM32\WINHTTP.dll
0x00007ffe03d70000 - 0x00007ffe03dd9000 	C:\WINDOWS\system32\mswsock.dll
0x00007ffdeb620000 - 0x00007ffdeb636000 	C:\Users\TDR SOFTWARE PVT LTD\.vscode\extensions\redhat.java-1.28.1-win32-x64\jre\17.0.10-win32-x86_64\bin\nio.dll
0x00007ffdf42b0000 - 0x00007ffdf42c0000 	c:\Users\TDR SOFTWARE PVT LTD\.vscode\extensions\redhat.java-1.28.1-win32-x64\jre\17.0.10-win32-x86_64\bin\verify.dll
0x00007ffdf2550000 - 0x00007ffdf258e000 	C:\Users\TDR SOFTWARE PVT LTD\AppData\Roaming\Code\User\globalStorage\redhat.java\1.28.1\config_ss_win\org.eclipse.equinox.launcher\org.eclipse.equinox.launcher.win32.win32.x86_64_1.2.900.v20240129-1338\eclipse_11900.dll
0x00007ffe06760000 - 0x00007ffe068ff000 	C:\WINDOWS\System32\ole32.dll
0x00007ffe040c0000 - 0x00007ffe040db000 	C:\WINDOWS\SYSTEM32\CRYPTSP.dll
0x00007ffe03770000 - 0x00007ffe037a5000 	C:\WINDOWS\system32\rsaenh.dll
0x00007ffe03e10000 - 0x00007ffe03e3c000 	C:\WINDOWS\SYSTEM32\USERENV.dll
0x00007ffe040a0000 - 0x00007ffe040ac000 	C:\WINDOWS\SYSTEM32\CRYPTBASE.dll
0x00007ffe03280000 - 0x00007ffe032ad000 	C:\WINDOWS\SYSTEM32\IPHLPAPI.DLL
0x00007ffe06750000 - 0x00007ffe06759000 	C:\WINDOWS\System32\NSI.dll
0x00007ffdfeec0000 - 0x00007ffdfeed9000 	C:\WINDOWS\SYSTEM32\dhcpcsvc6.DLL
0x00007ffdfeea0000 - 0x00007ffdfeebf000 	C:\WINDOWS\SYSTEM32\dhcpcsvc.DLL
0x00007ffe032f0000 - 0x00007ffe033e9000 	C:\WINDOWS\SYSTEM32\DNSAPI.dll
0x00007ffdeb640000 - 0x00007ffdeb685000 	C:\Users\TDR SOFTWARE PVT LTD\AppData\Local\Temp\jna-1307018927\jna7648429576492823484.dll
0x00007ffe069b0000 - 0x00007ffe069b8000 	C:\WINDOWS\System32\PSAPI.DLL

dbghelp: loaded successfully - version: 4.0.5 - missing functions: none
symbol engine: initialized successfully - sym options: 0x614 - pdb path: .;c:\Users\TDR SOFTWARE PVT LTD\.vscode\extensions\redhat.java-1.28.1-win32-x64\jre\17.0.10-win32-x86_64\bin;C:\WINDOWS\SYSTEM32;C:\WINDOWS\WinSxS\amd64_microsoft.windows.common-controls_6595b64144ccf1df_6.0.22621.3235_none_270f74e173860f98;c:\Users\TDR SOFTWARE PVT LTD\.vscode\extensions\redhat.java-1.28.1-win32-x64\jre\17.0.10-win32-x86_64\bin\server;C:\Users\TDR SOFTWARE PVT LTD\AppData\Roaming\Code\User\globalStorage\redhat.java\1.28.1\config_ss_win\org.eclipse.equinox.launcher\org.eclipse.equinox.launcher.win32.win32.x86_64_1.2.900.v20240129-1338;C:\Users\TDR SOFTWARE PVT LTD\AppData\Local\Temp\jna-1307018927

VM Arguments:
jvm_args: --add-modules=ALL-SYSTEM --add-opens=java.base/java.util=ALL-UNNAMED --add-opens=java.base/java.lang=ALL-UNNAMED --add-opens=java.base/sun.nio.fs=ALL-UNNAMED -Declipse.application=org.eclipse.jdt.ls.core.id1 -Dosgi.bundles.defaultStartLevel=4 -Declipse.product=org.eclipse.jdt.ls.core.product -Djava.import.generatesMetadataFilesAtProjectRoot=false -DDetectVMInstallationsJob.disabled=true -Dfile.encoding=utf8 -XX:+UseParallelGC -XX:GCTimeRatio=4 -XX:AdaptiveSizePolicyWeight=90 -Dsun.zip.disableMemoryMapping=true -Xmx1G -Xms100m -Xlog:disable -javaagent:c:\Users\TDR SOFTWARE PVT LTD\.vscode\extensions\redhat.java-1.28.1-win32-x64\lombok\lombok-1.18.31.jar 
java_command: c:\Users\TDR SOFTWARE PVT LTD\.vscode\extensions\redhat.java-1.28.1-win32-x64\server\plugins\org.eclipse.equinox.launcher_1.6.700.v20231214-2017.jar -configuration c:\Users\TDR SOFTWARE PVT LTD\AppData\Roaming\Code\User\globalStorage\redhat.java\1.28.1\config_ss_win -data c:\Users\TDR SOFTWARE PVT LTD\AppData\Roaming\Code\User\workspaceStorage\dda9ed2ddc5e0cadd90f1bcc6f87684a\redhat.java\ss_ws --stdio
java_class_path (initial): c:\Users\TDR SOFTWARE PVT LTD\.vscode\extensions\redhat.java-1.28.1-win32-x64\server\plugins\org.eclipse.equinox.launcher_1.6.700.v20231214-2017.jar
Launcher Type: SUN_STANDARD

[Global flags]
    uintx AdaptiveSizePolicyWeight                 = 90                                        {product} {command line}
     intx CICompilerCount                          = 4                                         {product} {ergonomic}
    uintx GCTimeRatio                              = 4                                         {product} {command line}
   size_t InitialHeapSize                          = 104857600                                 {product} {command line}
   size_t MaxHeapSize                              = 1073741824                                {product} {command line}
   size_t MaxNewSize                               = 357564416                                 {product} {ergonomic}
   size_t MinHeapDeltaBytes                        = 524288                                    {product} {ergonomic}
   size_t MinHeapSize                              = 104857600                                 {product} {command line}
   size_t NewSize                                  = 34603008                                  {product} {ergonomic}
    uintx NonNMethodCodeHeapSize                   = 5839372                                {pd product} {ergonomic}
    uintx NonProfiledCodeHeapSize                  = 122909434                              {pd product} {ergonomic}
   size_t OldSize                                  = 70254592                                  {product} {ergonomic}
    uintx ProfiledCodeHeapSize                     = 122909434                              {pd product} {ergonomic}
    uintx ReservedCodeCacheSize                    = 251658240                              {pd product} {ergonomic}
     bool SegmentedCodeCache                       = true                                      {product} {ergonomic}
   size_t SoftMaxHeapSize                          = 1073741824                             {manageable} {ergonomic}
     bool UseCompressedClassPointers               = true                           {product lp64_product} {ergonomic}
     bool UseCompressedOops                        = true                           {product lp64_product} {ergonomic}
     bool UseLargePagesIndividualAllocation        = false                                  {pd product} {ergonomic}
     bool UseParallelGC                            = true                                      {product} {command line}

Logging:
Log output configuration:
 #0: stdout all=off uptime,level,tags
 #1: stderr all=off uptime,level,tags

Environment Variables:
JAVA_HOME=C:\Program Files\Java\jdk-17
PATH=C:\Python312\Scripts\;C:\Python312\;C:\Program Files\Common Files\Oracle\Java\javapath;C:\Windows\system32;C:\Windows;C:\Windows\System32\Wbem;C:\Windows\System32\WindowsPowerShell\v1.0\;C:\Windows\System32\OpenSSH\;C:\Program Files (x86)\NVIDIA Corporation\PhysX\Common;C:\WINDOWS\system32;C:\WINDOWS;C:\WINDOWS\System32\Wbem;C:\WINDOWS\System32\WindowsPowerShell\v1.0\;C:\WINDOWS\System32\OpenSSH\;C:\Users\TDR SOFTWARE PVT LTD\AppData\Local\Android\Sdk;C:\Program Files\Git\cmd;C:\ProgramData\chocolatey\bin;C:\Users\TDR SOFTWARE PVT LTD\Downloads\platform-tools_r35.0.0-windows\platform-tools;C:\Users\TDR SOFTWARE PVT LTD\Downloads\gradle-8.7-all\gradle-8.7\bin;C:\Program Files\nodejs\;C:\Users\TDR SOFTWARE PVT LTD\AppData\Local\Microsoft\WindowsApps;C:\Users\TDR SOFTWARE PVT LTD\AppData\Local\Programs\Microsoft VS Code\bin;C:\Users\TDR SOFTWARE PVT LTD\AppData\Local\Android\Sdk\platform-tools;C:\Windows\SysWOW64;C:\Users\TDR SOFTWARE PVT LTD\AppData\Roaming\npm
USERNAME=TDR SOFTWARE PVT LTD
OS=Windows_NT
PROCESSOR_IDENTIFIER=Intel64 Family 6 Model 165 Stepping 3, GenuineIntel
TMP=C:\Users\TDRSOF~1\AppData\Local\Temp
TEMP=C:\WINDOWS\TEMP



Periodic native trim disabled


---------------  S Y S T E M  ---------------

OS:
 Windows 11 , 64 bit Build 22621 (10.0.22621.3235)
OS uptime: 0 days 4:43 hours
Hyper-V role detected

CPU: total 12 (initial active 12) (6 cores per cpu, 2 threads per core) family 6 model 165 stepping 3 microcode 0xf4, cx8, cmov, fxsr, ht, mmx, 3dnowpref, sse, sse2, sse3, ssse3, sse4.1, sse4.2, popcnt, lzcnt, tsc, tscinvbit, avx, avx2, aes, erms, clmul, bmi1, bmi2, adx, fma, vzeroupper, clflush, clflushopt, hv
Processor Information for all 12 processors :
  Max Mhz: 2904, Current Mhz: 2904, Mhz Limit: 2904

Memory: 4k page, system-wide physical 16295M (3339M free)
TotalPageFile size 16295M (AvailPageFile size 3M)
current process WorkingSet (physical memory assigned to process): 160M, peak: 168M
current process commit charge ("private bytes"): 254M, peak: 264M

vm_info: OpenJDK 64-Bit Server VM (17.0.10+7) for windows-amd64 JRE (17.0.10+7), built on Jan 16 2024 23:25:11 by "admin" with MS VC++ 16.10 / 16.11 (VS2019)

END.
