#
# There is insufficient memory for the Java Runtime Environment to continue.
# Native memory allocation (malloc) failed to allocate 1732176 bytes for Chunk::new
# Possible reasons:
#   The system is out of physical RAM or swap space
#   The process is running with CompressedOops enabled, and the Java Heap may be blocking the growth of the native heap
# Possible solutions:
#   Reduce memory load on the system
#   Increase physical memory or swap space
#   Check if swap backing store is full
#   Decrease Java heap size (-Xmx/-Xms)
#   Decrease number of Java threads
#   Decrease Java thread stack sizes (-Xss)
#   Set larger code cache with -XX:ReservedCodeCacheSize=
#   JVM is running with Unscaled Compressed Oops mode in which the Java heap is
#     placed in the first 4GB address space. The Java Heap base address is the
#     maximum limit for the native heap growth. Please use -XX:HeapBaseMinAddress
#     to set the Java Heap base and to place the Java Heap above 4GB virtual address.
# This output file may be truncated or incomplete.
#
#  Out of Memory Error (arena.cpp:191), pid=18784, tid=16120
#
# JRE version: OpenJDK Runtime Environment Temurin-17.0.10+7 (17.0.10+7) (build 17.0.10+7)
# Java VM: OpenJDK 64-Bit Server VM Temurin-17.0.10+7 (17.0.10+7, mixed mode, tiered, compressed oops, compressed class ptrs, parallel gc, windows-amd64)
# No core dump will be written. Minidumps are not enabled by default on client versions of Windows
#

---------------  S U M M A R Y ------------

Command Line: --add-modules=ALL-SYSTEM --add-opens=java.base/java.util=ALL-UNNAMED --add-opens=java.base/java.lang=ALL-UNNAMED --add-opens=java.base/sun.nio.fs=ALL-UNNAMED -Declipse.application=org.eclipse.jdt.ls.core.id1 -Dosgi.bundles.defaultStartLevel=4 -Declipse.product=org.eclipse.jdt.ls.core.product -Djava.import.generatesMetadataFilesAtProjectRoot=false -DDetectVMInstallationsJob.disabled=true -Dfile.encoding=utf8 -XX:+UseParallelGC -XX:GCTimeRatio=4 -XX:AdaptiveSizePolicyWeight=90 -Dsun.zip.disableMemoryMapping=true -Xmx1G -Xms100m -Xlog:disable -javaagent:c:\Users\TDR SOFTWARE PVT LTD\.vscode\extensions\redhat.java-1.29.0-win32-x64\lombok\lombok-1.18.32.jar -XX:+HeapDumpOnOutOfMemoryError -XX:HeapDumpPath=c:\Users\TDR SOFTWARE PVT LTD\AppData\Roaming\Code\User\workspaceStorage\dda9ed2ddc5e0cadd90f1bcc6f87684a\redhat.java -Daether.dependencyCollector.impl=bf c:\Users\TDR SOFTWARE PVT LTD\.vscode\extensions\redhat.java-1.29.0-win32-x64\server\plugins\org.eclipse.equinox.launcher_1.6.800.v20240304-1850.jar -configuration c:\Users\TDR SOFTWARE PVT LTD\AppData\Roaming\Code\User\globalStorage\redhat.java\1.29.0\config_win -data c:\Users\TDR SOFTWARE PVT LTD\AppData\Roaming\Code\User\workspaceStorage\dda9ed2ddc5e0cadd90f1bcc6f87684a\redhat.java\jdt_ws --stdio

Host: Intel(R) Core(TM) i5-10400F CPU @ 2.90GHz, 12 cores, 15G,  Windows 11 , 64 bit Build 22621 (10.0.22621.3374)
Time: Tue Apr 23 10:19:58 2024 India Standard Time elapsed time: 11.492924 seconds (0d 0h 0m 11s)

---------------  T H R E A D  ---------------

Current thread (0x00000206c5fcd670):  JavaThread "C2 CompilerThread2" daemon [_thread_in_native, id=16120, stack(0x0000004d6ec00000,0x0000004d6ed00000)]


Current CompileTask:
C2:  11492 8502       4       org.eclipse.jdt.internal.compiler.util.JrtFileSystem$2::visitFile (72 bytes)

Stack: [0x0000004d6ec00000,0x0000004d6ed00000]
Native frames: (J=compiled Java code, j=interpreted, Vv=VM code, C=native code)
V  [jvm.dll+0x67d2c9]
V  [jvm.dll+0x834afa]
V  [jvm.dll+0x8365be]
V  [jvm.dll+0x836c23]
V  [jvm.dll+0x2477ff]
V  [jvm.dll+0xac514]
V  [jvm.dll+0xacb5c]
V  [jvm.dll+0x366782]
V  [jvm.dll+0x330bfa]
V  [jvm.dll+0x33009a]
V  [jvm.dll+0x219ef1]
V  [jvm.dll+0x219311]
V  [jvm.dll+0x1a502d]
V  [jvm.dll+0x2290de]
V  [jvm.dll+0x2272ac]
V  [jvm.dll+0x7e9bb7]
V  [jvm.dll+0x7e3fba]
V  [jvm.dll+0x67c1b5]
C  [ucrtbase.dll+0x29333]
C  [KERNEL32.DLL+0x1257d]
C  [ntdll.dll+0x5aa48]


---------------  P R O C E S S  ---------------

Threads class SMR info:
_java_thread_list=0x00000206ca2aab20, length=42, elements={
0x00000206aaa0e9c0, 0x00000206be895020, 0x00000206aaaba6c0, 0x00000206be89cf00,
0x00000206be89d7d0, 0x00000206be89e9d0, 0x00000206c3a4ac30, 0x00000206c3a50e20,
0x00000206c3a52070, 0x00000206c3a53250, 0x00000206aaa6fe30, 0x00000206c3bc80b0,
0x00000206c3d5a0d0, 0x00000206c59e9690, 0x00000206c5a10470, 0x00000206c5a10950,
0x00000206c5d10810, 0x00000206c5ec6340, 0x00000206c61339d0, 0x00000206c5fcd670,
0x00000206c6133ee0, 0x00000206c61334c0, 0x00000206c61343f0, 0x00000206c6135320,
0x00000206c6134e10, 0x00000206c6ca5df0, 0x00000206c6ca3a80, 0x00000206c6caa4d0,
0x00000206c6ca7230, 0x00000206c6ca7740, 0x00000206c6ca3060, 0x00000206c6ca49b0,
0x00000206c6ca8160, 0x00000206c6ca44a0, 0x00000206c6ca4ec0, 0x00000206c6ca3570,
0x00000206c6ca58e0, 0x00000206c6ca6810, 0x00000206c6ca7c50, 0x00000206c6ca9090,
0x00000206c6ca95a0, 0x00000206c6ca9fc0
}

Java Threads: ( => current thread )
  0x00000206aaa0e9c0 JavaThread "main" [_thread_blocked, id=18244, stack(0x0000004d6cc00000,0x0000004d6cd00000)]
  0x00000206be895020 JavaThread "Reference Handler" daemon [_thread_blocked, id=19592, stack(0x0000004d6cf00000,0x0000004d6d000000)]
  0x00000206aaaba6c0 JavaThread "Finalizer" daemon [_thread_blocked, id=16156, stack(0x0000004d6d000000,0x0000004d6d100000)]
  0x00000206be89cf00 JavaThread "Signal Dispatcher" daemon [_thread_blocked, id=18684, stack(0x0000004d6d100000,0x0000004d6d200000)]
  0x00000206be89d7d0 JavaThread "Attach Listener" daemon [_thread_blocked, id=18612, stack(0x0000004d6d200000,0x0000004d6d300000)]
  0x00000206be89e9d0 JavaThread "Service Thread" daemon [_thread_blocked, id=4604, stack(0x0000004d6d300000,0x0000004d6d400000)]
  0x00000206c3a4ac30 JavaThread "Monitor Deflation Thread" daemon [_thread_blocked, id=16696, stack(0x0000004d6d400000,0x0000004d6d500000)]
  0x00000206c3a50e20 JavaThread "C2 CompilerThread0" daemon [_thread_in_native, id=19376, stack(0x0000004d6d500000,0x0000004d6d600000)]
  0x00000206c3a52070 JavaThread "C1 CompilerThread0" daemon [_thread_blocked, id=18792, stack(0x0000004d6d600000,0x0000004d6d700000)]
  0x00000206c3a53250 JavaThread "Sweeper thread" daemon [_thread_blocked, id=17936, stack(0x0000004d6d700000,0x0000004d6d800000)]
  0x00000206aaa6fe30 JavaThread "Common-Cleaner" daemon [_thread_blocked, id=18088, stack(0x0000004d6d800000,0x0000004d6d900000)]
  0x00000206c3bc80b0 JavaThread "C2 CompilerThread1" daemon [_thread_in_native, id=16700, stack(0x0000004d6d900000,0x0000004d6da00000)]
  0x00000206c3d5a0d0 JavaThread "Notification Thread" daemon [_thread_blocked, id=19196, stack(0x0000004d6da00000,0x0000004d6db00000)]
  0x00000206c59e9690 JavaThread "Active Thread: Equinox Container: a8167cc8-f2f7-4490-95de-5eb461c39882" [_thread_blocked, id=19252, stack(0x0000004d6e300000,0x0000004d6e400000)]
  0x00000206c5a10470 JavaThread "Framework Event Dispatcher: Equinox Container: a8167cc8-f2f7-4490-95de-5eb461c39882" daemon [_thread_blocked, id=11272, stack(0x0000004d6e400000,0x0000004d6e500000)]
  0x00000206c5a10950 JavaThread "Start Level: Equinox Container: a8167cc8-f2f7-4490-95de-5eb461c39882" daemon [_thread_blocked, id=6300, stack(0x0000004d6e500000,0x0000004d6e600000)]
  0x00000206c5d10810 JavaThread "Bundle File Closer" daemon [_thread_blocked, id=7404, stack(0x0000004d6e700000,0x0000004d6e800000)]
  0x00000206c5ec6340 JavaThread "SCR Component Actor" daemon [_thread_blocked, id=7324, stack(0x0000004d6e800000,0x0000004d6e900000)]
  0x00000206c61339d0 JavaThread "Worker-JM" [_thread_blocked, id=9112, stack(0x0000004d6dc00000,0x0000004d6dd00000)]
=>0x00000206c5fcd670 JavaThread "C2 CompilerThread2" daemon [_thread_in_native, id=16120, stack(0x0000004d6ec00000,0x0000004d6ed00000)]
  0x00000206c6133ee0 JavaThread "Worker-0" [_thread_blocked, id=5524, stack(0x0000004d6ed00000,0x0000004d6ee00000)]
  0x00000206c61334c0 JavaThread "Worker-1: Refreshing workspace" [_thread_blocked, id=19548, stack(0x0000004d6ee00000,0x0000004d6ef00000)]
  0x00000206c61343f0 JavaThread "Worker-2: Initialize workspace" [_thread_blocked, id=18236, stack(0x0000004d6ef00000,0x0000004d6f000000)]
  0x00000206c6135320 JavaThread "Java indexing" daemon [_thread_in_Java, id=19984, stack(0x0000004d6f000000,0x0000004d6f100000)]
  0x00000206c6134e10 JavaThread "Worker-3" [_thread_blocked, id=20436, stack(0x0000004d6f100000,0x0000004d6f200000)]
  0x00000206c6ca5df0 JavaThread "JNA Cleaner" daemon [_thread_blocked, id=13060, stack(0x0000004d6f200000,0x0000004d6f300000)]
  0x00000206c6ca3a80 JavaThread "pool-2-thread-1" [_thread_blocked, id=19232, stack(0x0000004d6f500000,0x0000004d6f600000)]
  0x00000206c6caa4d0 JavaThread "Worker-4" [_thread_blocked, id=18748, stack(0x0000004d6f600000,0x0000004d6f700000)]
  0x00000206c6ca7230 JavaThread "Worker-5: Java indexing... " [_thread_blocked, id=20140, stack(0x0000004d6f700000,0x0000004d6f800000)]
  0x00000206c6ca7740 JavaThread "Worker-6" [_thread_blocked, id=17516, stack(0x0000004d6f800000,0x0000004d6f900000)]
  0x00000206c6ca3060 JavaThread "WorkspaceEventsHandler" [_thread_blocked, id=15176, stack(0x0000004d6f900000,0x0000004d6fa00000)]
  0x00000206c6ca49b0 JavaThread "pool-1-thread-1" [_thread_in_native, id=7824, stack(0x0000004d6fa00000,0x0000004d6fb00000)]
  0x00000206c6ca8160 JavaThread "Timer-0" [_thread_blocked, id=1928, stack(0x0000004d6eb00000,0x0000004d6ec00000)]
  0x00000206c6ca44a0 JavaThread "Exec process" [_thread_blocked, id=20020, stack(0x0000004d6fc00000,0x0000004d6fd00000)]
  0x00000206c6ca4ec0 JavaThread "Exec process Thread 2" [_thread_blocked, id=20364, stack(0x0000004d6fd00000,0x0000004d6fe00000)]
  0x00000206c6ca3570 JavaThread "Exec process Thread 3" [_thread_blocked, id=6268, stack(0x0000004d6fe00000,0x0000004d6ff00000)]
  0x00000206c6ca58e0 JavaThread "Timer-1" [_thread_blocked, id=7004, stack(0x0000004d6fb00000,0x0000004d6fc00000)]
  0x00000206c6ca6810 JavaThread "ForkJoinPool.commonPool-worker-1" daemon [_thread_in_Java, id=13720, stack(0x0000004d6ff00000,0x0000004d70000000)]
  0x00000206c6ca7c50 JavaThread "ForkJoinPool.commonPool-worker-2" daemon [_thread_blocked, id=18584, stack(0x0000004d70000000,0x0000004d70100000)]
  0x00000206c6ca9090 JavaThread "ForkJoinPool.commonPool-worker-3" daemon [_thread_blocked, id=6404, stack(0x0000004d70100000,0x0000004d70200000)]
  0x00000206c6ca95a0 JavaThread "ForkJoinPool.commonPool-worker-4" daemon [_thread_in_Java, id=19020, stack(0x0000004d70200000,0x0000004d70300000)]
  0x00000206c6ca9fc0 JavaThread "ForkJoinPool.commonPool-worker-5" daemon [_thread_blocked, id=2856, stack(0x0000004d70300000,0x0000004d70400000)]

Other Threads:
  0x00000206c3a24870 VMThread "VM Thread" [stack: 0x0000004d6ce00000,0x0000004d6cf00000] [id=20052]
  0x00000206c3d5a5b0 WatcherThread [stack: 0x0000004d6db00000,0x0000004d6dc00000] [id=17844]
  0x00000206aaa24920 GCTaskThread "GC Thread#0" [stack: 0x0000004d6cd00000,0x0000004d6ce00000] [id=1184]
  0x00000206c591d5e0 GCTaskThread "GC Thread#1" [stack: 0x0000004d6dd00000,0x0000004d6de00000] [id=19488]
  0x00000206c591d8a0 GCTaskThread "GC Thread#2" [stack: 0x0000004d6de00000,0x0000004d6df00000] [id=15284]
  0x00000206c591db60 GCTaskThread "GC Thread#3" [stack: 0x0000004d6df00000,0x0000004d6e000000] [id=7228]
  0x00000206c575ef00 GCTaskThread "GC Thread#4" [stack: 0x0000004d6e000000,0x0000004d6e100000] [id=18832]
  0x00000206c575f1c0 GCTaskThread "GC Thread#5" [stack: 0x0000004d6e100000,0x0000004d6e200000] [id=14936]
  0x00000206c575f480 GCTaskThread "GC Thread#6" [stack: 0x0000004d6e200000,0x0000004d6e300000] [id=16332]
  0x00000206c5a26f10 GCTaskThread "GC Thread#7" [stack: 0x0000004d6e600000,0x0000004d6e700000] [id=19292]
  0x00000206c6086620 GCTaskThread "GC Thread#8" [stack: 0x0000004d6e900000,0x0000004d6ea00000] [id=7296]
  0x00000206c5af3c20 GCTaskThread "GC Thread#9" [stack: 0x0000004d6ea00000,0x0000004d6eb00000] [id=1088]

Threads with active compile tasks:
C2 CompilerThread0    11520 8656       4       org.eclipse.jdt.internal.core.JavaElement::close (9 bytes)
C2 CompilerThread1    11520 8645  s!   4       org.eclipse.jdt.internal.core.JavaModelManager::removeInfoAndChildren (115 bytes)
C2 CompilerThread2    11520 8502       4       org.eclipse.jdt.internal.compiler.util.JrtFileSystem$2::visitFile (72 bytes)

VM state: not at safepoint (normal execution)

VM Mutex/Monitor currently owned by a thread: None

Heap address: 0x00000000c0000000, size: 1024 MB, Compressed Oops mode: 32-bit

CDS archive(s) not mapped
Compressed class space mapped at: 0x0000000100000000-0x0000000140000000, reserved size: 1073741824
Narrow klass base: 0x0000000000000000, Narrow klass shift: 3, Narrow klass range: 0x140000000

GC Precious Log:
 CPUs: 12 total, 12 available
 Memory: 16295M
 Large Page Support: Disabled
 NUMA Support: Disabled
 Compressed Oops: Enabled (32-bit)
 Alignments: Space 512K, Generation 512K, Heap 2M
 Heap Min Capacity: 100M
 Heap Initial Capacity: 100M
 Heap Max Capacity: 1G
 Pre-touch: Disabled
 Parallel Workers: 10

Heap:
 PSYoungGen      total 35840K, used 17872K [0x00000000eab00000, 0x00000000ed900000, 0x0000000100000000)
  eden space 30720K, 42% used [0x00000000eab00000,0x00000000eb79c220,0x00000000ec900000)
  from space 5120K, 96% used [0x00000000ec900000,0x00000000ecdd8138,0x00000000ece00000)
  to   space 6656K, 0% used [0x00000000ed280000,0x00000000ed280000,0x00000000ed900000)
 ParOldGen       total 236032K, used 215804K [0x00000000c0000000, 0x00000000ce680000, 0x00000000eab00000)
  object space 236032K, 91% used [0x00000000c0000000,0x00000000cd2bf1d8,0x00000000ce680000)
 Metaspace       used 63985K, committed 65088K, reserved 1114112K
  class space    used 7286K, committed 7744K, reserved 1048576K

Card table byte_map: [0x00000206aa3a0000,0x00000206aa5b0000] _byte_map_base: 0x00000206a9da0000

Marking Bits: (ParMarkBitMap*) 0x00007ffddab9d7d0
 Begin Bits: [0x00000206bc6a0000, 0x00000206bd6a0000)
 End Bits:   [0x00000206bd6a0000, 0x00000206be6a0000)

Polling page: 0x00000206a89c0000

Metaspace:

Usage:
  Non-class:     55.37 MB used.
      Class:      7.12 MB used.
       Both:     62.49 MB used.

Virtual space:
  Non-class space:       64.00 MB reserved,      56.00 MB ( 88%) committed,  1 nodes.
      Class space:        1.00 GB reserved,       7.56 MB ( <1%) committed,  1 nodes.
             Both:        1.06 GB reserved,      63.56 MB (  6%) committed. 

Chunk freelists:
   Non-Class:  7.79 MB
       Class:  8.26 MB
        Both:  16.05 MB

MaxMetaspaceSize: unlimited
CompressedClassSpaceSize: 1.00 GB
Initial GC threshold: 21.00 MB
Current GC threshold: 104.69 MB
CDS: off
MetaspaceReclaimPolicy: balanced
 - commit_granule_bytes: 65536.
 - commit_granule_words: 8192.
 - virtual_space_node_default_size: 8388608.
 - enlarge_chunks_in_place: 1.
 - new_chunks_are_fully_committed: 0.
 - uncommit_free_chunks: 1.
 - use_allocation_guard: 0.
 - handle_deallocations: 1.


Internal statistics:

num_allocs_failed_limit: 6.
num_arena_births: 666.
num_arena_deaths: 38.
num_vsnodes_births: 2.
num_vsnodes_deaths: 0.
num_space_committed: 1017.
num_space_uncommitted: 0.
num_chunks_returned_to_freelist: 53.
num_chunks_taken_from_freelist: 3210.
num_chunk_merges: 6.
num_chunk_splits: 1998.
num_chunks_enlarged: 1195.
num_inconsistent_stats: 0.

CodeHeap 'non-profiled nmethods': size=120000Kb used=4813Kb max_used=4813Kb free=115186Kb
 bounds [0x00000206b5170000, 0x00000206b5630000, 0x00000206bc6a0000]
CodeHeap 'profiled nmethods': size=120000Kb used=13083Kb max_used=14544Kb free=106916Kb
 bounds [0x00000206ad6a0000, 0x00000206ae4e0000, 0x00000206b4bd0000]
CodeHeap 'non-nmethods': size=5760Kb used=1354Kb max_used=1422Kb free=4405Kb
 bounds [0x00000206b4bd0000, 0x00000206b4e40000, 0x00000206b5170000]
 total_blobs=7756 nmethods=7094 adapters=574
 compilation: enabled
              stopped_count=0, restarted_count=0
 full_count=0

Compilation events (20 events):
Event: 11.470 Thread 0x00000206c3a52070 8719       1       org.eclipse.lsp4j.jsonrpc.messages.Message::setJsonHandler (6 bytes)
Event: 11.470 Thread 0x00000206c3a52070 nmethod 8719 0x00000206b5620b10 code [0x00000206b5620ca0, 0x00000206b5620d78]
Event: 11.472 Thread 0x00000206c3a52070 8722       2       org.eclipse.jdt.internal.core.JavaElementDelta::getAncestors (60 bytes)
Event: 11.473 Thread 0x00000206c3a52070 nmethod 8722 0x00000206ae0b8910 code [0x00000206ae0b8b00, 0x00000206ae0b8fa8]
Event: 11.478 Thread 0x00000206c3a50e20 nmethod 8675 0x00000206b5620e10 code [0x00000206b5621000, 0x00000206b56220a8]
Event: 11.478 Thread 0x00000206c3a50e20 8721       4       jdk.internal.org.objectweb.asm.SymbolTable::put (150 bytes)
Event: 11.479 Thread 0x00000206c3a52070 8723       2       java.lang.invoke.MethodHandleImpl::makeIntrinsic (14 bytes)
Event: 11.480 Thread 0x00000206c3a52070 nmethod 8723 0x00000206ae305790 code [0x00000206ae305940, 0x00000206ae305bb8]
Event: 11.480 Thread 0x00000206c3a52070 8724       2       java.lang.invoke.MethodHandles::constant (88 bytes)
Event: 11.481 Thread 0x00000206c3a52070 nmethod 8724 0x00000206adae8310 code [0x00000206adae85a0, 0x00000206adae8d38]
Event: 11.481 Thread 0x00000206c3a52070 8725       2       java.lang.invoke.SimpleMethodHandle::speciesData (4 bytes)
Event: 11.482 Thread 0x00000206c3a52070 nmethod 8725 0x00000206adc0f990 code [0x00000206adc0fb20, 0x00000206adc0fc38]
Event: 11.482 Thread 0x00000206c3a52070 8726       2       java.lang.invoke.LambdaForm::identityForm (27 bytes)
Event: 11.483 Thread 0x00000206c3a52070 nmethod 8726 0x00000206ae399c10 code [0x00000206ae399dc0, 0x00000206ae399f48]
Event: 11.483 Thread 0x00000206c3a52070 8727       2       java.lang.invoke.BoundMethodHandle::bindSingle (7 bytes)
Event: 11.483 Thread 0x00000206c3a52070 nmethod 8727 0x00000206ae0ff510 code [0x00000206ae0ff6a0, 0x00000206ae0ff7a8]
Event: 11.484 Thread 0x00000206c3a50e20 nmethod 8721 0x00000206b5622a10 code [0x00000206b5622ba0, 0x00000206b5622fd8]
Event: 11.484 Thread 0x00000206c3a50e20 8656       4       org.eclipse.jdt.internal.core.JavaElement::close (9 bytes)
Event: 11.487 Thread 0x00000206c3a52070 8728       2       java.util.ArrayList$SubList::get (27 bytes)
Event: 11.488 Thread 0x00000206c3a52070 nmethod 8728 0x00000206ae19f910 code [0x00000206ae19fac0, 0x00000206ae19fd38]

GC Heap History (20 events):
Event: 10.963 GC heap before
{Heap before GC invocations=106 (full 7):
 PSYoungGen      total 21504K, used 21323K [0x00000000eab00000, 0x00000000ec480000, 0x0000000100000000)
  eden space 18944K, 100% used [0x00000000eab00000,0x00000000ebd80000,0x00000000ebd80000)
  from space 2560K, 92% used [0x00000000ebd80000,0x00000000ebfd2d20,0x00000000ec000000)
  to   space 2560K, 0% used [0x00000000ec200000,0x00000000ec200000,0x00000000ec480000)
 ParOldGen       total 202240K, used 193101K [0x00000000c0000000, 0x00000000cc580000, 0x00000000eab00000)
  object space 202240K, 95% used [0x00000000c0000000,0x00000000cbc936e8,0x00000000cc580000)
 Metaspace       used 63239K, committed 64320K, reserved 1114112K
  class space    used 7207K, committed 7680K, reserved 1048576K
}
Event: 10.968 GC heap after
{Heap after GC invocations=106 (full 7):
 PSYoungGen      total 23552K, used 2280K [0x00000000eab00000, 0x00000000ec500000, 0x0000000100000000)
  eden space 20992K, 0% used [0x00000000eab00000,0x00000000eab00000,0x00000000ebf80000)
  from space 2560K, 89% used [0x00000000ec200000,0x00000000ec43a1b8,0x00000000ec480000)
  to   space 2560K, 0% used [0x00000000ebf80000,0x00000000ebf80000,0x00000000ec200000)
 ParOldGen       total 202240K, used 195334K [0x00000000c0000000, 0x00000000cc580000, 0x00000000eab00000)
  object space 202240K, 96% used [0x00000000c0000000,0x00000000cbec1a48,0x00000000cc580000)
 Metaspace       used 63239K, committed 64320K, reserved 1114112K
  class space    used 7207K, committed 7680K, reserved 1048576K
}
Event: 11.007 GC heap before
{Heap before GC invocations=107 (full 7):
 PSYoungGen      total 23552K, used 23272K [0x00000000eab00000, 0x00000000ec500000, 0x0000000100000000)
  eden space 20992K, 100% used [0x00000000eab00000,0x00000000ebf80000,0x00000000ebf80000)
  from space 2560K, 89% used [0x00000000ec200000,0x00000000ec43a1b8,0x00000000ec480000)
  to   space 2560K, 0% used [0x00000000ebf80000,0x00000000ebf80000,0x00000000ec200000)
 ParOldGen       total 202240K, used 195334K [0x00000000c0000000, 0x00000000cc580000, 0x00000000eab00000)
  object space 202240K, 96% used [0x00000000c0000000,0x00000000cbec1a48,0x00000000cc580000)
 Metaspace       used 63239K, committed 64320K, reserved 1114112K
  class space    used 7207K, committed 7680K, reserved 1048576K
}
Event: 11.010 GC heap after
{Heap after GC invocations=107 (full 7):
 PSYoungGen      total 23552K, used 2558K [0x00000000eab00000, 0x00000000ecc00000, 0x0000000100000000)
  eden space 20992K, 0% used [0x00000000eab00000,0x00000000eab00000,0x00000000ebf80000)
  from space 2560K, 99% used [0x00000000ebf80000,0x00000000ec1ff970,0x00000000ec200000)
  to   space 5120K, 0% used [0x00000000ec700000,0x00000000ec700000,0x00000000ecc00000)
 ParOldGen       total 202240K, used 197421K [0x00000000c0000000, 0x00000000cc580000, 0x00000000eab00000)
  object space 202240K, 97% used [0x00000000c0000000,0x00000000cc0cb608,0x00000000cc580000)
 Metaspace       used 63239K, committed 64320K, reserved 1114112K
  class space    used 7207K, committed 7680K, reserved 1048576K
}
Event: 11.036 GC heap before
{Heap before GC invocations=108 (full 7):
 PSYoungGen      total 23552K, used 23550K [0x00000000eab00000, 0x00000000ecc00000, 0x0000000100000000)
  eden space 20992K, 100% used [0x00000000eab00000,0x00000000ebf80000,0x00000000ebf80000)
  from space 2560K, 99% used [0x00000000ebf80000,0x00000000ec1ff970,0x00000000ec200000)
  to   space 5120K, 0% used [0x00000000ec700000,0x00000000ec700000,0x00000000ecc00000)
 ParOldGen       total 202240K, used 197421K [0x00000000c0000000, 0x00000000cc580000, 0x00000000eab00000)
  object space 202240K, 97% used [0x00000000c0000000,0x00000000cc0cb608,0x00000000cc580000)
 Metaspace       used 63241K, committed 64320K, reserved 1114112K
  class space    used 7208K, committed 7680K, reserved 1048576K
}
Event: 11.041 GC heap after
{Heap after GC invocations=108 (full 7):
 PSYoungGen      total 27136K, used 3214K [0x00000000eab00000, 0x00000000eca80000, 0x0000000100000000)
  eden space 23552K, 0% used [0x00000000eab00000,0x00000000eab00000,0x00000000ec200000)
  from space 3584K, 89% used [0x00000000ec700000,0x00000000eca23928,0x00000000eca80000)
  to   space 4096K, 0% used [0x00000000ec280000,0x00000000ec280000,0x00000000ec680000)
 ParOldGen       total 202240K, used 199835K [0x00000000c0000000, 0x00000000cc580000, 0x00000000eab00000)
  object space 202240K, 98% used [0x00000000c0000000,0x00000000cc326cc8,0x00000000cc580000)
 Metaspace       used 63241K, committed 64320K, reserved 1114112K
  class space    used 7208K, committed 7680K, reserved 1048576K
}
Event: 11.041 GC heap before
{Heap before GC invocations=109 (full 8):
 PSYoungGen      total 27136K, used 3214K [0x00000000eab00000, 0x00000000eca80000, 0x0000000100000000)
  eden space 23552K, 0% used [0x00000000eab00000,0x00000000eab00000,0x00000000ec200000)
  from space 3584K, 89% used [0x00000000ec700000,0x00000000eca23928,0x00000000eca80000)
  to   space 4096K, 0% used [0x00000000ec280000,0x00000000ec280000,0x00000000ec680000)
 ParOldGen       total 202240K, used 199835K [0x00000000c0000000, 0x00000000cc580000, 0x00000000eab00000)
  object space 202240K, 98% used [0x00000000c0000000,0x00000000cc326cc8,0x00000000cc580000)
 Metaspace       used 63241K, committed 64320K, reserved 1114112K
  class space    used 7208K, committed 7680K, reserved 1048576K
}
Event: 11.127 GC heap after
{Heap after GC invocations=109 (full 8):
 PSYoungGen      total 28160K, used 0K [0x00000000eab00000, 0x00000000ecd00000, 0x0000000100000000)
  eden space 24064K, 0% used [0x00000000eab00000,0x00000000eab00000,0x00000000ec280000)
  from space 4096K, 0% used [0x00000000ec280000,0x00000000ec280000,0x00000000ec680000)
  to   space 4096K, 0% used [0x00000000ec900000,0x00000000ec900000,0x00000000ecd00000)
 ParOldGen       total 236032K, used 197014K [0x00000000c0000000, 0x00000000ce680000, 0x00000000eab00000)
  object space 236032K, 83% used [0x00000000c0000000,0x00000000cc0658f0,0x00000000ce680000)
 Metaspace       used 63241K, committed 64320K, reserved 1114112K
  class space    used 7208K, committed 7680K, reserved 1048576K
}
Event: 11.163 GC heap before
{Heap before GC invocations=110 (full 8):
 PSYoungGen      total 28160K, used 24064K [0x00000000eab00000, 0x00000000ecd00000, 0x0000000100000000)
  eden space 24064K, 100% used [0x00000000eab00000,0x00000000ec280000,0x00000000ec280000)
  from space 4096K, 0% used [0x00000000ec280000,0x00000000ec280000,0x00000000ec680000)
  to   space 4096K, 0% used [0x00000000ec900000,0x00000000ec900000,0x00000000ecd00000)
 ParOldGen       total 236032K, used 197014K [0x00000000c0000000, 0x00000000ce680000, 0x00000000eab00000)
  object space 236032K, 83% used [0x00000000c0000000,0x00000000cc0658f0,0x00000000ce680000)
 Metaspace       used 63242K, committed 64320K, reserved 1114112K
  class space    used 7208K, committed 7680K, reserved 1048576K
}
Event: 11.167 GC heap after
{Heap after GC invocations=110 (full 8):
 PSYoungGen      total 30720K, used 3525K [0x00000000eab00000, 0x00000000ecd00000, 0x0000000100000000)
  eden space 26624K, 0% used [0x00000000eab00000,0x00000000eab00000,0x00000000ec500000)
  from space 4096K, 86% used [0x00000000ec900000,0x00000000ecc716e0,0x00000000ecd00000)
  to   space 4096K, 0% used [0x00000000ec500000,0x00000000ec500000,0x00000000ec900000)
 ParOldGen       total 236032K, used 197014K [0x00000000c0000000, 0x00000000ce680000, 0x00000000eab00000)
  object space 236032K, 83% used [0x00000000c0000000,0x00000000cc0658f0,0x00000000ce680000)
 Metaspace       used 63242K, committed 64320K, reserved 1114112K
  class space    used 7208K, committed 7680K, reserved 1048576K
}
Event: 11.206 GC heap before
{Heap before GC invocations=111 (full 8):
 PSYoungGen      total 30720K, used 30149K [0x00000000eab00000, 0x00000000ecd00000, 0x0000000100000000)
  eden space 26624K, 100% used [0x00000000eab00000,0x00000000ec500000,0x00000000ec500000)
  from space 4096K, 86% used [0x00000000ec900000,0x00000000ecc716e0,0x00000000ecd00000)
  to   space 4096K, 0% used [0x00000000ec500000,0x00000000ec500000,0x00000000ec900000)
 ParOldGen       total 236032K, used 197014K [0x00000000c0000000, 0x00000000ce680000, 0x00000000eab00000)
  object space 236032K, 83% used [0x00000000c0000000,0x00000000cc0658f0,0x00000000ce680000)
 Metaspace       used 63242K, committed 64320K, reserved 1114112K
  class space    used 7208K, committed 7680K, reserved 1048576K
}
Event: 11.210 GC heap after
{Heap after GC invocations=111 (full 8):
 PSYoungGen      total 30720K, used 4094K [0x00000000eab00000, 0x00000000ed700000, 0x0000000100000000)
  eden space 26624K, 0% used [0x00000000eab00000,0x00000000eab00000,0x00000000ec500000)
  from space 4096K, 99% used [0x00000000ec500000,0x00000000ec8ffaf8,0x00000000ec900000)
  to   space 7680K, 0% used [0x00000000ecf80000,0x00000000ecf80000,0x00000000ed700000)
 ParOldGen       total 236032K, used 199844K [0x00000000c0000000, 0x00000000ce680000, 0x00000000eab00000)
  object space 236032K, 84% used [0x00000000c0000000,0x00000000cc3290e8,0x00000000ce680000)
 Metaspace       used 63242K, committed 64320K, reserved 1114112K
  class space    used 7208K, committed 7680K, reserved 1048576K
}
Event: 11.242 GC heap before
{Heap before GC invocations=112 (full 8):
 PSYoungGen      total 30720K, used 30718K [0x00000000eab00000, 0x00000000ed700000, 0x0000000100000000)
  eden space 26624K, 100% used [0x00000000eab00000,0x00000000ec500000,0x00000000ec500000)
  from space 4096K, 99% used [0x00000000ec500000,0x00000000ec8ffaf8,0x00000000ec900000)
  to   space 7680K, 0% used [0x00000000ecf80000,0x00000000ecf80000,0x00000000ed700000)
 ParOldGen       total 236032K, used 199844K [0x00000000c0000000, 0x00000000ce680000, 0x00000000eab00000)
  object space 236032K, 84% used [0x00000000c0000000,0x00000000cc3290e8,0x00000000ce680000)
 Metaspace       used 63242K, committed 64320K, reserved 1114112K
  class space    used 7208K, committed 7680K, reserved 1048576K
}
Event: 11.247 GC heap after
{Heap after GC invocations=112 (full 8):
 PSYoungGen      total 33280K, used 3503K [0x00000000eab00000, 0x00000000ed300000, 0x0000000100000000)
  eden space 29696K, 0% used [0x00000000eab00000,0x00000000eab00000,0x00000000ec800000)
  from space 3584K, 97% used [0x00000000ecf80000,0x00000000ed2ebc10,0x00000000ed300000)
  to   space 5120K, 0% used [0x00000000ec900000,0x00000000ec900000,0x00000000ece00000)
 ParOldGen       total 236032K, used 203746K [0x00000000c0000000, 0x00000000ce680000, 0x00000000eab00000)
  object space 236032K, 86% used [0x00000000c0000000,0x00000000cc6f8b98,0x00000000ce680000)
 Metaspace       used 63242K, committed 64320K, reserved 1114112K
  class space    used 7208K, committed 7680K, reserved 1048576K
}
Event: 11.284 GC heap before
{Heap before GC invocations=113 (full 8):
 PSYoungGen      total 33280K, used 33199K [0x00000000eab00000, 0x00000000ed300000, 0x0000000100000000)
  eden space 29696K, 100% used [0x00000000eab00000,0x00000000ec800000,0x00000000ec800000)
  from space 3584K, 97% used [0x00000000ecf80000,0x00000000ed2ebc10,0x00000000ed300000)
  to   space 5120K, 0% used [0x00000000ec900000,0x00000000ec900000,0x00000000ece00000)
 ParOldGen       total 236032K, used 203746K [0x00000000c0000000, 0x00000000ce680000, 0x00000000eab00000)
  object space 236032K, 86% used [0x00000000c0000000,0x00000000cc6f8b98,0x00000000ce680000)
 Metaspace       used 63242K, committed 64320K, reserved 1114112K
  class space    used 7208K, committed 7680K, reserved 1048576K
}
Event: 11.290 GC heap after
{Heap after GC invocations=113 (full 8):
 PSYoungGen      total 35840K, used 3864K [0x00000000eab00000, 0x00000000ed380000, 0x0000000100000000)
  eden space 30720K, 0% used [0x00000000eab00000,0x00000000eab00000,0x00000000ec900000)
  from space 5120K, 75% used [0x00000000ec900000,0x00000000eccc6358,0x00000000ece00000)
  to   space 4096K, 0% used [0x00000000ecf80000,0x00000000ecf80000,0x00000000ed380000)
 ParOldGen       total 236032K, used 207111K [0x00000000c0000000, 0x00000000ce680000, 0x00000000eab00000)
  object space 236032K, 87% used [0x00000000c0000000,0x00000000cca41e40,0x00000000ce680000)
 Metaspace       used 63242K, committed 64320K, reserved 1114112K
  class space    used 7208K, committed 7680K, reserved 1048576K
}
Event: 11.352 GC heap before
{Heap before GC invocations=114 (full 8):
 PSYoungGen      total 35840K, used 34584K [0x00000000eab00000, 0x00000000ed380000, 0x0000000100000000)
  eden space 30720K, 99% used [0x00000000eab00000,0x00000000ec8ffff8,0x00000000ec900000)
  from space 5120K, 75% used [0x00000000ec900000,0x00000000eccc6358,0x00000000ece00000)
  to   space 4096K, 0% used [0x00000000ecf80000,0x00000000ecf80000,0x00000000ed380000)
 ParOldGen       total 236032K, used 207111K [0x00000000c0000000, 0x00000000ce680000, 0x00000000eab00000)
  object space 236032K, 87% used [0x00000000c0000000,0x00000000cca41e40,0x00000000ce680000)
 Metaspace       used 63329K, committed 64448K, reserved 1114112K
  class space    used 7217K, committed 7680K, reserved 1048576K
}
Event: 11.357 GC heap after
{Heap after GC invocations=114 (full 8):
 PSYoungGen      total 34816K, used 4084K [0x00000000eab00000, 0x00000000ed380000, 0x0000000100000000)
  eden space 30720K, 0% used [0x00000000eab00000,0x00000000eab00000,0x00000000ec900000)
  from space 4096K, 99% used [0x00000000ecf80000,0x00000000ed37d128,0x00000000ed380000)
  to   space 5120K, 0% used [0x00000000ec900000,0x00000000ec900000,0x00000000ece00000)
 ParOldGen       total 236032K, used 212000K [0x00000000c0000000, 0x00000000ce680000, 0x00000000eab00000)
  object space 236032K, 89% used [0x00000000c0000000,0x00000000ccf08378,0x00000000ce680000)
 Metaspace       used 63329K, committed 64448K, reserved 1114112K
  class space    used 7217K, committed 7680K, reserved 1048576K
}
Event: 11.438 GC heap before
{Heap before GC invocations=115 (full 8):
 PSYoungGen      total 34816K, used 34804K [0x00000000eab00000, 0x00000000ed380000, 0x0000000100000000)
  eden space 30720K, 100% used [0x00000000eab00000,0x00000000ec900000,0x00000000ec900000)
  from space 4096K, 99% used [0x00000000ecf80000,0x00000000ed37d128,0x00000000ed380000)
  to   space 5120K, 0% used [0x00000000ec900000,0x00000000ec900000,0x00000000ece00000)
 ParOldGen       total 236032K, used 212000K [0x00000000c0000000, 0x00000000ce680000, 0x00000000eab00000)
  object space 236032K, 89% used [0x00000000c0000000,0x00000000ccf08378,0x00000000ce680000)
 Metaspace       used 63700K, committed 64832K, reserved 1114112K
  class space    used 7257K, committed 7744K, reserved 1048576K
}
Event: 11.444 GC heap after
{Heap after GC invocations=115 (full 8):
 PSYoungGen      total 35840K, used 4960K [0x00000000eab00000, 0x00000000ed900000, 0x0000000100000000)
  eden space 30720K, 0% used [0x00000000eab00000,0x00000000eab00000,0x00000000ec900000)
  from space 5120K, 96% used [0x00000000ec900000,0x00000000ecdd8138,0x00000000ece00000)
  to   space 6656K, 0% used [0x00000000ed280000,0x00000000ed280000,0x00000000ed900000)
 ParOldGen       total 236032K, used 215804K [0x00000000c0000000, 0x00000000ce680000, 0x00000000eab00000)
  object space 236032K, 91% used [0x00000000c0000000,0x00000000cd2bf1d8,0x00000000ce680000)
 Metaspace       used 63700K, committed 64832K, reserved 1114112K
  class space    used 7257K, committed 7744K, reserved 1048576K
}

Dll operation events (13 events):
Event: 0.007 Loaded shared library c:\Users\TDR SOFTWARE PVT LTD\.vscode\extensions\redhat.java-1.29.0-win32-x64\jre\17.0.10-win32-x86_64\bin\java.dll
Event: 0.124 Loaded shared library c:\Users\TDR SOFTWARE PVT LTD\.vscode\extensions\redhat.java-1.29.0-win32-x64\jre\17.0.10-win32-x86_64\bin\zip.dll
Event: 0.127 Loaded shared library C:\Users\TDR SOFTWARE PVT LTD\.vscode\extensions\redhat.java-1.29.0-win32-x64\jre\17.0.10-win32-x86_64\bin\instrument.dll
Event: 0.144 Loaded shared library C:\Users\TDR SOFTWARE PVT LTD\.vscode\extensions\redhat.java-1.29.0-win32-x64\jre\17.0.10-win32-x86_64\bin\net.dll
Event: 0.147 Loaded shared library C:\Users\TDR SOFTWARE PVT LTD\.vscode\extensions\redhat.java-1.29.0-win32-x64\jre\17.0.10-win32-x86_64\bin\nio.dll
Event: 0.154 Loaded shared library C:\Users\TDR SOFTWARE PVT LTD\.vscode\extensions\redhat.java-1.29.0-win32-x64\jre\17.0.10-win32-x86_64\bin\zip.dll
Event: 0.167 Loaded shared library C:\Users\TDR SOFTWARE PVT LTD\.vscode\extensions\redhat.java-1.29.0-win32-x64\jre\17.0.10-win32-x86_64\bin\jimage.dll
Event: 0.222 Loaded shared library c:\Users\TDR SOFTWARE PVT LTD\.vscode\extensions\redhat.java-1.29.0-win32-x64\jre\17.0.10-win32-x86_64\bin\verify.dll
Event: 1.433 Loaded shared library C:\Users\TDR SOFTWARE PVT LTD\AppData\Roaming\Code\User\globalStorage\redhat.java\1.29.0\config_win\org.eclipse.equinox.launcher\org.eclipse.equinox.launcher.win32.win32.x86_64_1.2.900.v20240213-1244\eclipse_11900.dll
Event: 4.431 Loaded shared library C:\Users\TDR SOFTWARE PVT LTD\AppData\Local\Temp\jna-1307018927\jna18044907258346055651.dll
Event: 8.980 Loaded shared library C:\Users\TDR SOFTWARE PVT LTD\.gradle\native\c067742578af261105cb4f569cf0c3c89f3d7b1fecec35dd04571415982c5e48\windows-amd64\native-platform.dll
Event: 10.196 Loaded shared library C:\Users\TDR SOFTWARE PVT LTD\.vscode\extensions\redhat.java-1.29.0-win32-x64\jre\17.0.10-win32-x86_64\bin\management.dll
Event: 10.200 Loaded shared library C:\Users\TDR SOFTWARE PVT LTD\.vscode\extensions\redhat.java-1.29.0-win32-x64\jre\17.0.10-win32-x86_64\bin\management_ext.dll

Deoptimization events (20 events):
Event: 11.349 Thread 0x00000206c6ca49b0 DEOPT PACKING pc=0x00000206b5528220 sp=0x0000004d6fafdc80
Event: 11.349 Thread 0x00000206c6ca49b0 DEOPT UNPACKING pc=0x00000206b4c266a3 sp=0x0000004d6fafdbd0 mode 2
Event: 11.349 Thread 0x00000206c6ca49b0 Uncommon trap: trap_request=0xffffffbe fr.pc=0x00000206b5528220 relative=0x0000000000000ec0
Event: 11.349 Thread 0x00000206c6ca49b0 Uncommon trap: reason=profile_predicate action=maybe_recompile pc=0x00000206b5528220 method=java.util.regex.Pattern$BnM.optimize(Ljava/util/regex/Pattern$Node;)Ljava/util/regex/Pattern$Node; @ 67 c2
Event: 11.349 Thread 0x00000206c6ca49b0 DEOPT PACKING pc=0x00000206b5528220 sp=0x0000004d6fafdc80
Event: 11.349 Thread 0x00000206c6ca49b0 DEOPT UNPACKING pc=0x00000206b4c266a3 sp=0x0000004d6fafdbd0 mode 2
Event: 11.361 Thread 0x00000206c6ca49b0 DEOPT PACKING pc=0x00000206ada150bd sp=0x0000004d6fafdc30
Event: 11.361 Thread 0x00000206c6ca49b0 DEOPT UNPACKING pc=0x00000206b4c26e43 sp=0x0000004d6fafd0b8 mode 0
Event: 11.369 Thread 0x00000206c61334c0 DEOPT PACKING pc=0x00000206ada0347c sp=0x0000004d6eefe520
Event: 11.369 Thread 0x00000206c61334c0 DEOPT UNPACKING pc=0x00000206b4c26e43 sp=0x0000004d6eefdaa0 mode 0
Event: 11.369 Thread 0x00000206c61334c0 Uncommon trap: trap_request=0xffffff45 fr.pc=0x00000206b5214740 relative=0x0000000000000040
Event: 11.369 Thread 0x00000206c61334c0 Uncommon trap: reason=unstable_if action=reinterpret pc=0x00000206b5214740 method=sun.nio.fs.WindowsPathParser.isSlash(C)Z @ 9 c2
Event: 11.369 Thread 0x00000206c61334c0 DEOPT PACKING pc=0x00000206b5214740 sp=0x0000004d6eefe5b0
Event: 11.369 Thread 0x00000206c61334c0 DEOPT UNPACKING pc=0x00000206b4c266a3 sp=0x0000004d6eefe538 mode 2
Event: 11.413 Thread 0x00000206c6ca6810 Uncommon trap: trap_request=0xffffffbe fr.pc=0x00000206b54d5b18 relative=0x0000000000003678
Event: 11.413 Thread 0x00000206c6ca6810 Uncommon trap: reason=profile_predicate action=maybe_recompile pc=0x00000206b54d5b18 method=org.eclipse.jdt.internal.core.util.HashtableOfArrayToObject.get([Ljava/lang/Object;)Ljava/lang/Object; @ 64 c2
Event: 11.413 Thread 0x00000206c6ca6810 DEOPT PACKING pc=0x00000206b54d5b18 sp=0x0000004d6fffcd20
Event: 11.413 Thread 0x00000206c6ca6810 DEOPT UNPACKING pc=0x00000206b4c266a3 sp=0x0000004d6fffcc88 mode 2
Event: 11.436 Thread 0x00000206c6ca6810 DEOPT PACKING pc=0x00000206ada0347c sp=0x0000004d6fffcb60
Event: 11.436 Thread 0x00000206c6ca6810 DEOPT UNPACKING pc=0x00000206b4c26e43 sp=0x0000004d6fffc0e0 mode 0

Classes unloaded (19 events):
Event: 4.182 Thread 0x00000206c3a24870 Unloading class 0x0000000100256400 'java/lang/invoke/LambdaForm$MH+0x0000000100256400'
Event: 4.182 Thread 0x00000206c3a24870 Unloading class 0x0000000100256000 'java/lang/invoke/LambdaForm$MH+0x0000000100256000'
Event: 4.182 Thread 0x00000206c3a24870 Unloading class 0x0000000100255c00 'java/lang/invoke/LambdaForm$MH+0x0000000100255c00'
Event: 4.182 Thread 0x00000206c3a24870 Unloading class 0x0000000100255800 'java/lang/invoke/LambdaForm$MH+0x0000000100255800'
Event: 4.182 Thread 0x00000206c3a24870 Unloading class 0x0000000100255400 'java/lang/invoke/LambdaForm$BMH+0x0000000100255400'
Event: 4.182 Thread 0x00000206c3a24870 Unloading class 0x0000000100255000 'java/lang/invoke/LambdaForm$DMH+0x0000000100255000'
Event: 4.182 Thread 0x00000206c3a24870 Unloading class 0x0000000100250400 'java/lang/invoke/LambdaForm$DMH+0x0000000100250400'
Event: 8.152 Thread 0x00000206c3a24870 Unloading class 0x00000001003a7800 'java/lang/invoke/LambdaForm$MH+0x00000001003a7800'
Event: 8.152 Thread 0x00000206c3a24870 Unloading class 0x00000001003a6c00 'java/lang/invoke/LambdaForm$MH+0x00000001003a6c00'
Event: 8.152 Thread 0x00000206c3a24870 Unloading class 0x00000001003a6400 'java/lang/invoke/LambdaForm$MH+0x00000001003a6400'
Event: 8.152 Thread 0x00000206c3a24870 Unloading class 0x00000001003a5c00 'java/lang/invoke/LambdaForm$DMH+0x00000001003a5c00'
Event: 8.152 Thread 0x00000206c3a24870 Unloading class 0x00000001003a5400 'java/lang/invoke/LambdaForm$MH+0x00000001003a5400'
Event: 8.152 Thread 0x00000206c3a24870 Unloading class 0x00000001003a4c00 'java/lang/invoke/LambdaForm$MH+0x00000001003a4c00'
Event: 8.152 Thread 0x00000206c3a24870 Unloading class 0x00000001003a0c00 'java/lang/invoke/LambdaForm$MH+0x00000001003a0c00'
Event: 8.152 Thread 0x00000206c3a24870 Unloading class 0x00000001003a0400 'java/lang/invoke/LambdaForm$MH+0x00000001003a0400'
Event: 8.152 Thread 0x00000206c3a24870 Unloading class 0x000000010039bc00 'java/lang/invoke/LambdaForm$MH+0x000000010039bc00'
Event: 8.152 Thread 0x00000206c3a24870 Unloading class 0x000000010039b400 'java/lang/invoke/LambdaForm$MH+0x000000010039b400'
Event: 8.152 Thread 0x00000206c3a24870 Unloading class 0x000000010039b000 'java/lang/invoke/LambdaForm$MH+0x000000010039b000'
Event: 8.152 Thread 0x00000206c3a24870 Unloading class 0x000000010039a400 'java/lang/invoke/LambdaForm$MH+0x000000010039a400'

Classes redefined (0 events):
No events

Internal exceptions (20 events):
Event: 11.302 Thread 0x00000206c6133ee0 Exception <a 'sun/nio/fs/WindowsException'{0x00000000eb571488}> (0x00000000eb571488) 
thrown [s\src\hotspot\share\prims\jni.cpp, line 516]
Event: 11.302 Thread 0x00000206c6133ee0 Exception <a 'sun/nio/fs/WindowsException'{0x00000000eb5810f8}> (0x00000000eb5810f8) 
thrown [s\src\hotspot\share\prims\jni.cpp, line 516]
Event: 11.303 Thread 0x00000206c6133ee0 Exception <a 'sun/nio/fs/WindowsException'{0x00000000eb5e6430}> (0x00000000eb5e6430) 
thrown [s\src\hotspot\share\prims\jni.cpp, line 516]
Event: 11.303 Thread 0x00000206c6133ee0 Exception <a 'sun/nio/fs/WindowsException'{0x00000000eb5f60f0}> (0x00000000eb5f60f0) 
thrown [s\src\hotspot\share\prims\jni.cpp, line 516]
Event: 11.303 Thread 0x00000206c6133ee0 Exception <a 'sun/nio/fs/WindowsException'{0x00000000eb605d70}> (0x00000000eb605d70) 
thrown [s\src\hotspot\share\prims\jni.cpp, line 516]
Event: 11.303 Thread 0x00000206c6133ee0 Exception <a 'sun/nio/fs/WindowsException'{0x00000000eb615a38}> (0x00000000eb615a38) 
thrown [s\src\hotspot\share\prims\jni.cpp, line 516]
Event: 11.303 Thread 0x00000206c6133ee0 Exception <a 'sun/nio/fs/WindowsException'{0x00000000eb625ab8}> (0x00000000eb625ab8) 
thrown [s\src\hotspot\share\prims\jni.cpp, line 516]
Event: 11.304 Thread 0x00000206c6133ee0 Exception <a 'sun/nio/fs/WindowsException'{0x00000000eb6357f8}> (0x00000000eb6357f8) 
thrown [s\src\hotspot\share\prims\jni.cpp, line 516]
Event: 11.304 Thread 0x00000206c6133ee0 Exception <a 'sun/nio/fs/WindowsException'{0x00000000eb645788}> (0x00000000eb645788) 
thrown [s\src\hotspot\share\prims\jni.cpp, line 516]
Event: 11.304 Thread 0x00000206c6133ee0 Exception <a 'sun/nio/fs/WindowsException'{0x00000000eb655ca8}> (0x00000000eb655ca8) 
thrown [s\src\hotspot\share\prims\jni.cpp, line 516]
Event: 11.305 Thread 0x00000206c6133ee0 Exception <a 'sun/nio/fs/WindowsException'{0x00000000eb6665a0}> (0x00000000eb6665a0) 
thrown [s\src\hotspot\share\prims\jni.cpp, line 516]
Event: 11.305 Thread 0x00000206c6133ee0 Exception <a 'sun/nio/fs/WindowsException'{0x00000000eb7224c0}> (0x00000000eb7224c0) 
thrown [s\src\hotspot\share\prims\jni.cpp, line 516]
Event: 11.305 Thread 0x00000206c6133ee0 Exception <a 'sun/nio/fs/WindowsException'{0x00000000eb732c20}> (0x00000000eb732c20) 
thrown [s\src\hotspot\share\prims\jni.cpp, line 516]
Event: 11.305 Thread 0x00000206c6133ee0 Exception <a 'sun/nio/fs/WindowsException'{0x00000000eb7428e0}> (0x00000000eb7428e0) 
thrown [s\src\hotspot\share\prims\jni.cpp, line 516]
Event: 11.305 Thread 0x00000206c6133ee0 Exception <a 'sun/nio/fs/WindowsException'{0x00000000eb752a90}> (0x00000000eb752a90) 
thrown [s\src\hotspot\share\prims\jni.cpp, line 516]
Event: 11.315 Thread 0x00000206c6133ee0 Exception <a 'sun/nio/fs/WindowsException'{0x00000000eb83f548}> (0x00000000eb83f548) 
thrown [s\src\hotspot\share\prims\jni.cpp, line 516]
Event: 11.321 Thread 0x00000206c6133ee0 Exception <a 'sun/nio/fs/WindowsException'{0x00000000ebb60790}> (0x00000000ebb60790) 
thrown [s\src\hotspot\share\prims\jni.cpp, line 516]
Event: 11.362 Thread 0x00000206c6ca49b0 Exception <a 'sun/nio/fs/WindowsException'{0x00000000eac8a9d0}> (0x00000000eac8a9d0) 
thrown [s\src\hotspot\share\prims\jni.cpp, line 516]
Event: 11.368 Thread 0x00000206c6ca49b0 Exception <a 'sun/nio/fs/WindowsException'{0x00000000eae8b6e8}> (0x00000000eae8b6e8) 
thrown [s\src\hotspot\share\prims\jni.cpp, line 516]
Event: 11.384 Thread 0x00000206c6ca49b0 Exception <a 'java/lang/NoSuchMethodError'{0x00000000eb2b6010}: 'java.lang.Object java.lang.invoke.DirectMethodHandle$Holder.invokeStatic(java.lang.Object, java.lang.Object, int, java.lang.Object)'> (0x00000000eb2b6010) 
thrown [s\src\hotspot\share\interpreter\linkResolver.cpp, line 759]

VM Operations (20 events):
Event: 11.007 Executing VM operation: ParallelGCFailedAllocation
Event: 11.010 Executing VM operation: ParallelGCFailedAllocation done
Event: 11.036 Executing VM operation: ParallelGCFailedAllocation
Event: 11.127 Executing VM operation: ParallelGCFailedAllocation done
Event: 11.163 Executing VM operation: ParallelGCFailedAllocation
Event: 11.167 Executing VM operation: ParallelGCFailedAllocation done
Event: 11.206 Executing VM operation: ParallelGCFailedAllocation
Event: 11.210 Executing VM operation: ParallelGCFailedAllocation done
Event: 11.242 Executing VM operation: ParallelGCFailedAllocation
Event: 11.247 Executing VM operation: ParallelGCFailedAllocation done
Event: 11.284 Executing VM operation: ParallelGCFailedAllocation
Event: 11.290 Executing VM operation: ParallelGCFailedAllocation done
Event: 11.351 Executing VM operation: ParallelGCFailedAllocation
Event: 11.357 Executing VM operation: ParallelGCFailedAllocation done
Event: 11.396 Executing VM operation: HandshakeAllThreads
Event: 11.396 Executing VM operation: HandshakeAllThreads done
Event: 11.398 Executing VM operation: HandshakeAllThreads
Event: 11.399 Executing VM operation: HandshakeAllThreads done
Event: 11.437 Executing VM operation: ParallelGCFailedAllocation
Event: 11.444 Executing VM operation: ParallelGCFailedAllocation done

Events (20 events):
Event: 11.388 loading class java/util/concurrent/ForkJoinTask$Aux
Event: 11.388 loading class java/util/concurrent/ForkJoinTask$Aux done
Event: 11.389 loading class java/util/concurrent/ForkJoinPool$DefaultCommonPoolForkJoinWorkerThreadFactory$1
Event: 11.389 loading class java/util/concurrent/ForkJoinPool$DefaultCommonPoolForkJoinWorkerThreadFactory$1 done
Event: 11.390 Thread 0x00000206c6ca6810 Thread added: 0x00000206c6ca6810
Event: 11.406 loading class java/util/Collections$SynchronizedRandomAccessList
Event: 11.406 loading class java/util/Collections$SynchronizedList
Event: 11.406 loading class java/util/Collections$SynchronizedList done
Event: 11.407 loading class java/util/Collections$SynchronizedRandomAccessList done
Event: 11.412 loading class java/util/concurrent/CompletableFuture$Signaller
Event: 11.412 loading class java/util/concurrent/CompletableFuture$Signaller done
Event: 11.458 loading class java/util/Hashtable$KeySet
Event: 11.458 loading class java/util/Hashtable$KeySet done
Event: 11.468 Thread 0x00000206c6ca7c50 Thread added: 0x00000206c6ca7c50
Event: 11.469 loading class java/util/concurrent/CompletableFuture$UniAccept
Event: 11.469 loading class java/util/concurrent/CompletableFuture$UniAccept done
Event: 11.469 loading class java/util/concurrent/CompletableFuture$UniExceptionally
Event: 11.469 loading class java/util/concurrent/CompletableFuture$UniExceptionally done
Event: 11.480 Thread 0x00000206c6ca9090 Thread added: 0x00000206c6ca9090
Event: 11.486 Thread 0x00000206c6ca95a0 Thread added: 0x00000206c6ca95a0


Dynamic libraries:
0x00007ff7b3c60000 - 0x00007ff7b3c6e000 	c:\Users\TDR SOFTWARE PVT LTD\.vscode\extensions\redhat.java-1.29.0-win32-x64\jre\17.0.10-win32-x86_64\bin\java.exe
0x00007ffe67f50000 - 0x00007ffe68166000 	C:\WINDOWS\SYSTEM32\ntdll.dll
0x00007ffe66e20000 - 0x00007ffe66ee4000 	C:\WINDOWS\System32\KERNEL32.DLL
0x00007ffe65270000 - 0x00007ffe65617000 	C:\WINDOWS\System32\KERNELBASE.dll
0x00007ffe65a80000 - 0x00007ffe65b91000 	C:\WINDOWS\System32\ucrtbase.dll
0x00007ffe13fd0000 - 0x00007ffe13fe7000 	c:\Users\TDR SOFTWARE PVT LTD\.vscode\extensions\redhat.java-1.29.0-win32-x64\jre\17.0.10-win32-x86_64\bin\jli.dll
0x00007ffe001c0000 - 0x00007ffe001db000 	c:\Users\TDR SOFTWARE PVT LTD\.vscode\extensions\redhat.java-1.29.0-win32-x64\jre\17.0.10-win32-x86_64\bin\VCRUNTIME140.dll
0x00007ffe66b90000 - 0x00007ffe66d3e000 	C:\WINDOWS\System32\USER32.dll
0x00007ffe570c0000 - 0x00007ffe57353000 	C:\WINDOWS\WinSxS\amd64_microsoft.windows.common-controls_6595b64144ccf1df_6.0.22621.3235_none_270f74e173860f98\COMCTL32.dll
0x00007ffe65ba0000 - 0x00007ffe65bc6000 	C:\WINDOWS\System32\win32u.dll
0x00007ffe673c0000 - 0x00007ffe67467000 	C:\WINDOWS\System32\msvcrt.dll
0x00007ffe675d0000 - 0x00007ffe675f9000 	C:\WINDOWS\System32\GDI32.dll
0x00007ffe65960000 - 0x00007ffe65a79000 	C:\WINDOWS\System32\gdi32full.dll
0x00007ffe65750000 - 0x00007ffe657ea000 	C:\WINDOWS\System32\msvcp_win.dll
0x00007ffe67ed0000 - 0x00007ffe67f01000 	C:\WINDOWS\System32\IMM32.DLL
0x00007ffe4dc10000 - 0x00007ffe4dc1c000 	c:\Users\TDR SOFTWARE PVT LTD\.vscode\extensions\redhat.java-1.29.0-win32-x64\jre\17.0.10-win32-x86_64\bin\vcruntime140_1.dll
0x00007ffddac70000 - 0x00007ffddacfd000 	c:\Users\TDR SOFTWARE PVT LTD\.vscode\extensions\redhat.java-1.29.0-win32-x64\jre\17.0.10-win32-x86_64\bin\msvcp140.dll
0x00007ffdda000000 - 0x00007ffddac62000 	c:\Users\TDR SOFTWARE PVT LTD\.vscode\extensions\redhat.java-1.29.0-win32-x64\jre\17.0.10-win32-x86_64\bin\server\jvm.dll
0x00007ffe65c90000 - 0x00007ffe65d42000 	C:\WINDOWS\System32\ADVAPI32.dll
0x00007ffe666a0000 - 0x00007ffe66748000 	C:\WINDOWS\System32\sechost.dll
0x00007ffe65bd0000 - 0x00007ffe65bf8000 	C:\WINDOWS\System32\bcrypt.dll
0x00007ffe670c0000 - 0x00007ffe671d5000 	C:\WINDOWS\System32\RPCRT4.dll
0x00007ffe53fe0000 - 0x00007ffe53fe9000 	C:\WINDOWS\SYSTEM32\WSOCK32.dll
0x00007ffe64770000 - 0x00007ffe647bd000 	C:\WINDOWS\SYSTEM32\POWRPROF.dll
0x00007ffe591b0000 - 0x00007ffe591e4000 	C:\WINDOWS\SYSTEM32\WINMM.dll
0x00007ffe66280000 - 0x00007ffe662f1000 	C:\WINDOWS\System32\WS2_32.dll
0x00007ffe5c490000 - 0x00007ffe5c49a000 	C:\WINDOWS\SYSTEM32\VERSION.dll
0x00007ffe646c0000 - 0x00007ffe646d3000 	C:\WINDOWS\SYSTEM32\UMPDC.dll
0x00007ffe64210000 - 0x00007ffe64228000 	C:\WINDOWS\SYSTEM32\kernel.appcore.dll
0x00007ffe480d0000 - 0x00007ffe480da000 	c:\Users\TDR SOFTWARE PVT LTD\.vscode\extensions\redhat.java-1.29.0-win32-x64\jre\17.0.10-win32-x86_64\bin\jimage.dll
0x00007ffe50e30000 - 0x00007ffe51063000 	C:\WINDOWS\SYSTEM32\DBGHELP.DLL
0x00007ffe667b0000 - 0x00007ffe66b38000 	C:\WINDOWS\System32\combase.dll
0x00007ffe66d40000 - 0x00007ffe66e17000 	C:\WINDOWS\System32\OLEAUT32.dll
0x00007ffe4fbc0000 - 0x00007ffe4fbf2000 	C:\WINDOWS\SYSTEM32\dbgcore.DLL
0x00007ffe65c00000 - 0x00007ffe65c79000 	C:\WINDOWS\System32\bcryptPrimitives.dll
0x00007ffe42c20000 - 0x00007ffe42c2e000 	c:\Users\TDR SOFTWARE PVT LTD\.vscode\extensions\redhat.java-1.29.0-win32-x64\jre\17.0.10-win32-x86_64\bin\instrument.dll
0x00007ffdfe740000 - 0x00007ffdfe765000 	c:\Users\TDR SOFTWARE PVT LTD\.vscode\extensions\redhat.java-1.29.0-win32-x64\jre\17.0.10-win32-x86_64\bin\java.dll
0x00007ffdfecf0000 - 0x00007ffdfed08000 	c:\Users\TDR SOFTWARE PVT LTD\.vscode\extensions\redhat.java-1.29.0-win32-x64\jre\17.0.10-win32-x86_64\bin\zip.dll
0x00007ffe67600000 - 0x00007ffe67e5c000 	C:\WINDOWS\System32\SHELL32.dll
0x00007ffe63180000 - 0x00007ffe63a79000 	C:\WINDOWS\SYSTEM32\windows.storage.dll
0x00007ffe63040000 - 0x00007ffe6317e000 	C:\WINDOWS\SYSTEM32\wintypes.dll
0x00007ffe664f0000 - 0x00007ffe665e3000 	C:\WINDOWS\System32\SHCORE.dll
0x00007ffe67570000 - 0x00007ffe675ce000 	C:\WINDOWS\System32\shlwapi.dll
0x00007ffe651a0000 - 0x00007ffe651c1000 	C:\WINDOWS\SYSTEM32\profapi.dll
0x00007ffdfe720000 - 0x00007ffdfe739000 	C:\Users\TDR SOFTWARE PVT LTD\.vscode\extensions\redhat.java-1.29.0-win32-x64\jre\17.0.10-win32-x86_64\bin\net.dll
0x00007ffe5f930000 - 0x00007ffe5fa66000 	C:\WINDOWS\SYSTEM32\WINHTTP.dll
0x00007ffe647c0000 - 0x00007ffe64829000 	C:\WINDOWS\system32\mswsock.dll
0x00007ffdfdfb0000 - 0x00007ffdfdfc6000 	C:\Users\TDR SOFTWARE PVT LTD\.vscode\extensions\redhat.java-1.29.0-win32-x64\jre\17.0.10-win32-x86_64\bin\nio.dll
0x00007ffe425c0000 - 0x00007ffe425d0000 	c:\Users\TDR SOFTWARE PVT LTD\.vscode\extensions\redhat.java-1.29.0-win32-x64\jre\17.0.10-win32-x86_64\bin\verify.dll
0x00007ffe14150000 - 0x00007ffe1418e000 	C:\Users\TDR SOFTWARE PVT LTD\AppData\Roaming\Code\User\globalStorage\redhat.java\1.29.0\config_win\org.eclipse.equinox.launcher\org.eclipse.equinox.launcher.win32.win32.x86_64_1.2.900.v20240213-1244\eclipse_11900.dll
0x00007ffe671e0000 - 0x00007ffe67385000 	C:\WINDOWS\System32\ole32.dll
0x00007ffe64b10000 - 0x00007ffe64b2b000 	C:\WINDOWS\SYSTEM32\CRYPTSP.dll
0x00007ffe641d0000 - 0x00007ffe64205000 	C:\WINDOWS\system32\rsaenh.dll
0x00007ffe64860000 - 0x00007ffe64888000 	C:\WINDOWS\SYSTEM32\USERENV.dll
0x00007ffe64af0000 - 0x00007ffe64afc000 	C:\WINDOWS\SYSTEM32\CRYPTBASE.dll
0x00007ffe63ce0000 - 0x00007ffe63d0d000 	C:\WINDOWS\SYSTEM32\IPHLPAPI.DLL
0x00007ffe65c80000 - 0x00007ffe65c89000 	C:\WINDOWS\System32\NSI.dll
0x00007ffe5f910000 - 0x00007ffe5f929000 	C:\WINDOWS\SYSTEM32\dhcpcsvc6.DLL
0x00007ffe5f8f0000 - 0x00007ffe5f90f000 	C:\WINDOWS\SYSTEM32\dhcpcsvc.DLL
0x00007ffe63d50000 - 0x00007ffe63e49000 	C:\WINDOWS\SYSTEM32\DNSAPI.dll
0x00007ffe608a0000 - 0x00007ffe608e5000 	C:\Users\TDR SOFTWARE PVT LTD\AppData\Local\Temp\jna-1307018927\jna18044907258346055651.dll
0x00007ffe670b0000 - 0x00007ffe670b8000 	C:\WINDOWS\System32\PSAPI.DLL
0x00007ffe14120000 - 0x00007ffe14147000 	C:\Users\TDR SOFTWARE PVT LTD\.gradle\native\c067742578af261105cb4f569cf0c3c89f3d7b1fecec35dd04571415982c5e48\windows-amd64\native-platform.dll
0x00007ffe3d0b0000 - 0x00007ffe3d0b9000 	C:\Users\TDR SOFTWARE PVT LTD\.vscode\extensions\redhat.java-1.29.0-win32-x64\jre\17.0.10-win32-x86_64\bin\management.dll
0x00007ffe3d070000 - 0x00007ffe3d07b000 	C:\Users\TDR SOFTWARE PVT LTD\.vscode\extensions\redhat.java-1.29.0-win32-x64\jre\17.0.10-win32-x86_64\bin\management_ext.dll

dbghelp: loaded successfully - version: 4.0.5 - missing functions: none
symbol engine: initialized successfully - sym options: 0x614 - pdb path: .;c:\Users\TDR SOFTWARE PVT LTD\.vscode\extensions\redhat.java-1.29.0-win32-x64\jre\17.0.10-win32-x86_64\bin;C:\WINDOWS\SYSTEM32;C:\WINDOWS\WinSxS\amd64_microsoft.windows.common-controls_6595b64144ccf1df_6.0.22621.3235_none_270f74e173860f98;c:\Users\TDR SOFTWARE PVT LTD\.vscode\extensions\redhat.java-1.29.0-win32-x64\jre\17.0.10-win32-x86_64\bin\server;C:\Users\TDR SOFTWARE PVT LTD\AppData\Roaming\Code\User\globalStorage\redhat.java\1.29.0\config_win\org.eclipse.equinox.launcher\org.eclipse.equinox.launcher.win32.win32.x86_64_1.2.900.v20240213-1244;C:\Users\TDR SOFTWARE PVT LTD\AppData\Local\Temp\jna-1307018927;C:\Users\TDR SOFTWARE PVT LTD\.gradle\native\c067742578af261105cb4f569cf0c3c89f3d7b1fecec35dd04571415982c5e48\windows-amd64

VM Arguments:
jvm_args: --add-modules=ALL-SYSTEM --add-opens=java.base/java.util=ALL-UNNAMED --add-opens=java.base/java.lang=ALL-UNNAMED --add-opens=java.base/sun.nio.fs=ALL-UNNAMED -Declipse.application=org.eclipse.jdt.ls.core.id1 -Dosgi.bundles.defaultStartLevel=4 -Declipse.product=org.eclipse.jdt.ls.core.product -Djava.import.generatesMetadataFilesAtProjectRoot=false -DDetectVMInstallationsJob.disabled=true -Dfile.encoding=utf8 -XX:+UseParallelGC -XX:GCTimeRatio=4 -XX:AdaptiveSizePolicyWeight=90 -Dsun.zip.disableMemoryMapping=true -Xmx1G -Xms100m -Xlog:disable -javaagent:c:\Users\TDR SOFTWARE PVT LTD\.vscode\extensions\redhat.java-1.29.0-win32-x64\lombok\lombok-1.18.32.jar -XX:+HeapDumpOnOutOfMemoryError -XX:HeapDumpPath=c:\Users\TDR SOFTWARE PVT LTD\AppData\Roaming\Code\User\workspaceStorage\dda9ed2ddc5e0cadd90f1bcc6f87684a\redhat.java -Daether.dependencyCollector.impl=bf 
java_command: c:\Users\TDR SOFTWARE PVT LTD\.vscode\extensions\redhat.java-1.29.0-win32-x64\server\plugins\org.eclipse.equinox.launcher_1.6.800.v20240304-1850.jar -configuration c:\Users\TDR SOFTWARE PVT LTD\AppData\Roaming\Code\User\globalStorage\redhat.java\1.29.0\config_win -data c:\Users\TDR SOFTWARE PVT LTD\AppData\Roaming\Code\User\workspaceStorage\dda9ed2ddc5e0cadd90f1bcc6f87684a\redhat.java\jdt_ws --stdio
java_class_path (initial): c:\Users\TDR SOFTWARE PVT LTD\.vscode\extensions\redhat.java-1.29.0-win32-x64\server\plugins\org.eclipse.equinox.launcher_1.6.800.v20240304-1850.jar
Launcher Type: SUN_STANDARD

[Global flags]
    uintx AdaptiveSizePolicyWeight                 = 90                                        {product} {command line}
     intx CICompilerCount                          = 4                                         {product} {ergonomic}
    uintx GCTimeRatio                              = 4                                         {product} {command line}
     bool HeapDumpOnOutOfMemoryError               = true                                   {manageable} {command line}
    ccstr HeapDumpPath                             = c:\Users\TDR SOFTWARE PVT LTD\AppData\Roaming\Code\User\workspaceStorage\dda9ed2ddc5e0cadd90f1bcc6f87684a\redhat.java         {manageable} {command line}
   size_t InitialHeapSize                          = 104857600                                 {product} {command line}
   size_t MaxHeapSize                              = 1073741824                                {product} {command line}
   size_t MaxNewSize                               = 357564416                                 {product} {ergonomic}
   size_t MinHeapDeltaBytes                        = 524288                                    {product} {ergonomic}
   size_t MinHeapSize                              = 104857600                                 {product} {command line}
   size_t NewSize                                  = 34603008                                  {product} {ergonomic}
    uintx NonNMethodCodeHeapSize                   = 5839372                                {pd product} {ergonomic}
    uintx NonProfiledCodeHeapSize                  = 122909434                              {pd product} {ergonomic}
   size_t OldSize                                  = 70254592                                  {product} {ergonomic}
    uintx ProfiledCodeHeapSize                     = 122909434                              {pd product} {ergonomic}
    uintx ReservedCodeCacheSize                    = 251658240                              {pd product} {ergonomic}
     bool SegmentedCodeCache                       = true                                      {product} {ergonomic}
   size_t SoftMaxHeapSize                          = 1073741824                             {manageable} {ergonomic}
     bool UseCompressedClassPointers               = true                           {product lp64_product} {ergonomic}
     bool UseCompressedOops                        = true                           {product lp64_product} {ergonomic}
     bool UseLargePagesIndividualAllocation        = false                                  {pd product} {ergonomic}
     bool UseParallelGC                            = true                                      {product} {command line}

Logging:
Log output configuration:
 #0: stdout all=off uptime,level,tags
 #1: stderr all=off uptime,level,tags

Environment Variables:
JAVA_HOME=C:\Program Files\Java\jdk-17
PATH=C:\Python312\Scripts\;C:\Python312\;C:\Program Files\Common Files\Oracle\Java\javapath;C:\Windows\system32;C:\Windows;C:\Windows\System32\Wbem;C:\Windows\System32\WindowsPowerShell\v1.0\;C:\Windows\System32\OpenSSH\;C:\Program Files (x86)\NVIDIA Corporation\PhysX\Common;C:\WINDOWS\system32;C:\WINDOWS;C:\WINDOWS\System32\Wbem;C:\WINDOWS\System32\WindowsPowerShell\v1.0\;C:\WINDOWS\System32\OpenSSH\;C:\Users\TDR SOFTWARE PVT LTD\AppData\Local\Android\Sdk;C:\Program Files\Git\cmd;C:\ProgramData\chocolatey\bin;C:\Users\TDR SOFTWARE PVT LTD\Downloads\platform-tools_r35.0.0-windows\platform-tools;C:\Users\TDR SOFTWARE PVT LTD\Downloads\gradle-8.7-all\gradle-8.7\bin;C:\Users\YOUR_USERNAME\AppData\Roaming\npm;C:\Program Files\nodejs\;C:\Users\TDR SOFTWARE PVT LTD\AppData\Local\Microsoft\WindowsApps;C:\Users\TDR SOFTWARE PVT LTD\AppData\Local\Android\Sdk\platform-tools;C:\Windows\SysWOW64;C:\Users\TDR SOFTWARE PVT LTD\AppData\Roaming\npm;C:\Users\TDR SOFTWARE PVT LTD\AppData\Local\Programs\Microsoft VS Code\bin
USERNAME=TDR SOFTWARE PVT LTD
OS=Windows_NT
PROCESSOR_IDENTIFIER=Intel64 Family 6 Model 165 Stepping 3, GenuineIntel
TMP=C:\Users\TDRSOF~1\AppData\Local\Temp
TEMP=C:\WINDOWS\TEMP



Periodic native trim disabled


---------------  S Y S T E M  ---------------

OS:
 Windows 11 , 64 bit Build 22621 (10.0.22621.3374)
OS uptime: 0 days 0:31 hours
Hyper-V role detected

CPU: total 12 (initial active 12) (6 cores per cpu, 2 threads per core) family 6 model 165 stepping 3 microcode 0xf4, cx8, cmov, fxsr, ht, mmx, 3dnowpref, sse, sse2, sse3, ssse3, sse4.1, sse4.2, popcnt, lzcnt, tsc, tscinvbit, avx, avx2, aes, erms, clmul, bmi1, bmi2, adx, fma, vzeroupper, clflush, clflushopt, hv
Processor Information for all 12 processors :
  Max Mhz: 2904, Current Mhz: 2904, Mhz Limit: 2904

Memory: 4k page, system-wide physical 16295M (1149M free)
TotalPageFile size 16295M (AvailPageFile size 15M)
current process WorkingSet (physical memory assigned to process): 538M, peak: 538M
current process commit charge ("private bytes"): 532M, peak: 535M

vm_info: OpenJDK 64-Bit Server VM (17.0.10+7) for windows-amd64 JRE (17.0.10+7), built on Jan 16 2024 23:25:11 by "admin" with MS VC++ 16.10 / 16.11 (VS2019)

END.
