#
# There is insufficient memory for the Java Runtime Environment to continue.
# Native memory allocation (malloc) failed to allocate 793424 bytes for Chunk::new
# Possible reasons:
#   The system is out of physical RAM or swap space
#   The process is running with CompressedOops enabled, and the Java Heap may be blocking the growth of the native heap
# Possible solutions:
#   Reduce memory load on the system
#   Increase physical memory or swap space
#   Check if swap backing store is full
#   Decrease Java heap size (-Xmx/-Xms)
#   Decrease number of Java threads
#   Decrease Java thread stack sizes (-Xss)
#   Set larger code cache with -XX:ReservedCodeCacheSize=
#   JVM is running with Unscaled Compressed Oops mode in which the Java heap is
#     placed in the first 4GB address space. The Java Heap base address is the
#     maximum limit for the native heap growth. Please use -XX:HeapBaseMinAddress
#     to set the Java Heap base and to place the Java Heap above 4GB virtual address.
# This output file may be truncated or incomplete.
#
#  Out of Memory Error (arena.cpp:191), pid=20240, tid=1852
#
# JRE version: OpenJDK Runtime Environment Temurin-17.0.10+7 (17.0.10+7) (build 17.0.10+7)
# Java VM: OpenJDK 64-Bit Server VM Temurin-17.0.10+7 (17.0.10+7, mixed mode, tiered, compressed oops, compressed class ptrs, parallel gc, windows-amd64)
# No core dump will be written. Minidumps are not enabled by default on client versions of Windows
#

---------------  S U M M A R Y ------------

Command Line: --add-modules=ALL-SYSTEM --add-opens=java.base/java.util=ALL-UNNAMED --add-opens=java.base/java.lang=ALL-UNNAMED --add-opens=java.base/sun.nio.fs=ALL-UNNAMED -Declipse.application=org.eclipse.jdt.ls.core.id1 -Dosgi.bundles.defaultStartLevel=4 -Declipse.product=org.eclipse.jdt.ls.core.product -Djava.import.generatesMetadataFilesAtProjectRoot=false -DDetectVMInstallationsJob.disabled=true -Dfile.encoding=utf8 -XX:+UseParallelGC -XX:GCTimeRatio=4 -XX:AdaptiveSizePolicyWeight=90 -Dsun.zip.disableMemoryMapping=true -Xmx1G -Xms100m -Xlog:disable -javaagent:c:\Users\TDR SOFTWARE PVT LTD\.vscode\extensions\redhat.java-1.29.0-win32-x64\lombok\lombok-1.18.32.jar c:\Users\TDR SOFTWARE PVT LTD\.vscode\extensions\redhat.java-1.29.0-win32-x64\server\plugins\org.eclipse.equinox.launcher_1.6.800.v20240304-1850.jar -configuration c:\Users\TDR SOFTWARE PVT LTD\AppData\Roaming\Code\User\globalStorage\redhat.java\1.29.0\config_ss_win -data c:\Users\TDR SOFTWARE PVT LTD\AppData\Roaming\Code\User\workspaceStorage\dda9ed2ddc5e0cadd90f1bcc6f87684a\redhat.java\ss_ws --stdio

Host: Intel(R) Core(TM) i5-10400F CPU @ 2.90GHz, 12 cores, 15G,  Windows 11 , 64 bit Build 22621 (10.0.22621.3374)
Time: Tue Apr 23 10:19:58 2024 India Standard Time elapsed time: 16.373260 seconds (0d 0h 0m 16s)

---------------  T H R E A D  ---------------

Current thread (0x00000219540a76c0):  JavaThread "C2 CompilerThread0" daemon [_thread_in_native, id=1852, stack(0x000000a534100000,0x000000a534200000)]


Current CompileTask:
C2:  16373 3975 %     4       java.io.WinNTFileSystem::normalize @ 22 (143 bytes)

Stack: [0x000000a534100000,0x000000a534200000]
Native frames: (J=compiled Java code, j=interpreted, Vv=VM code, C=native code)
V  [jvm.dll+0x67d2c9]
V  [jvm.dll+0x834afa]
V  [jvm.dll+0x8365be]
V  [jvm.dll+0x836c23]
V  [jvm.dll+0x2477ff]
V  [jvm.dll+0xac514]
V  [jvm.dll+0xacb5c]
V  [jvm.dll+0x3667d7]
V  [jvm.dll+0x1bcf72]
V  [jvm.dll+0x21a049]
V  [jvm.dll+0x219311]
V  [jvm.dll+0x1a502d]
V  [jvm.dll+0x2290de]
V  [jvm.dll+0x2272ac]
V  [jvm.dll+0x7e9bb7]
V  [jvm.dll+0x7e3fba]
V  [jvm.dll+0x67c1b5]
C  [ucrtbase.dll+0x29333]
C  [KERNEL32.DLL+0x1257d]
C  [ntdll.dll+0x5aa48]


---------------  P R O C E S S  ---------------

Threads class SMR info:
_java_thread_list=0x0000021956ae7c90, length=27, elements={
0x000002193b10fd40, 0x000002194ef93030, 0x000002194ef96170, 0x000002195409c330,
0x000002195409cec0, 0x000002195409f2f0, 0x00000219540a15c0, 0x00000219540a76c0,
0x00000219540a8820, 0x00000219540a9520, 0x00000219541da000, 0x0000021955864430,
0x000002195601e570, 0x00000219563219e0, 0x0000021956322190, 0x00000219563a21b0,
0x0000021956499070, 0x000002195649be00, 0x0000021956499580, 0x0000021956499a90,
0x000002195649c310, 0x0000021956499fa0, 0x000002195649a4b0, 0x0000021956fdfb90,
0x0000021956fda580, 0x0000021956fdb4b0, 0x0000021955a421b0
}

Java Threads: ( => current thread )
  0x000002193b10fd40 JavaThread "main" [_thread_blocked, id=5636, stack(0x000000a533800000,0x000000a533900000)]
  0x000002194ef93030 JavaThread "Reference Handler" daemon [_thread_blocked, id=17368, stack(0x000000a533b00000,0x000000a533c00000)]
  0x000002194ef96170 JavaThread "Finalizer" daemon [_thread_blocked, id=13028, stack(0x000000a533c00000,0x000000a533d00000)]
  0x000002195409c330 JavaThread "Signal Dispatcher" daemon [_thread_blocked, id=18152, stack(0x000000a533d00000,0x000000a533e00000)]
  0x000002195409cec0 JavaThread "Attach Listener" daemon [_thread_blocked, id=18120, stack(0x000000a533e00000,0x000000a533f00000)]
  0x000002195409f2f0 JavaThread "Service Thread" daemon [_thread_blocked, id=18536, stack(0x000000a533f00000,0x000000a534000000)]
  0x00000219540a15c0 JavaThread "Monitor Deflation Thread" daemon [_thread_blocked, id=18868, stack(0x000000a534000000,0x000000a534100000)]
=>0x00000219540a76c0 JavaThread "C2 CompilerThread0" daemon [_thread_in_native, id=1852, stack(0x000000a534100000,0x000000a534200000)]
  0x00000219540a8820 JavaThread "C1 CompilerThread0" daemon [_thread_blocked, id=17808, stack(0x000000a534200000,0x000000a534300000)]
  0x00000219540a9520 JavaThread "Sweeper thread" daemon [_thread_blocked, id=20352, stack(0x000000a534300000,0x000000a534400000)]
  0x00000219541da000 JavaThread "Common-Cleaner" daemon [_thread_blocked, id=20084, stack(0x000000a534400000,0x000000a534500000)]
  0x0000021955864430 JavaThread "Notification Thread" daemon [_thread_blocked, id=17256, stack(0x000000a534600000,0x000000a534700000)]
  0x000002195601e570 JavaThread "Active Thread: Equinox Container: bfa1d99b-7852-4067-aae8-f9628d0df7d9" [_thread_blocked, id=16436, stack(0x000000a534f00000,0x000000a535000000)]
  0x00000219563219e0 JavaThread "Framework Event Dispatcher: Equinox Container: bfa1d99b-7852-4067-aae8-f9628d0df7d9" daemon [_thread_blocked, id=18864, stack(0x000000a535000000,0x000000a535100000)]
  0x0000021956322190 JavaThread "Start Level: Equinox Container: bfa1d99b-7852-4067-aae8-f9628d0df7d9" daemon [_thread_blocked, id=15844, stack(0x000000a535100000,0x000000a535200000)]
  0x00000219563a21b0 JavaThread "SCR Component Actor" daemon [_thread_blocked, id=17440, stack(0x000000a535200000,0x000000a535300000)]
  0x0000021956499070 JavaThread "Worker-JM" [_thread_blocked, id=14340, stack(0x000000a535400000,0x000000a535500000)]
  0x000002195649be00 JavaThread "Worker-0" [_thread_blocked, id=19296, stack(0x000000a535700000,0x000000a535800000)]
  0x0000021956499580 JavaThread "Worker-1" [_thread_blocked, id=17848, stack(0x000000a535800000,0x000000a535900000)]
  0x0000021956499a90 JavaThread "JNA Cleaner" daemon [_thread_blocked, id=4968, stack(0x000000a535a00000,0x000000a535b00000)]
  0x000002195649c310 JavaThread "pool-2-thread-1" [_thread_blocked, id=9272, stack(0x000000a535d00000,0x000000a535e00000)]
  0x0000021956499fa0 JavaThread "WorkspaceEventsHandler" [_thread_blocked, id=4412, stack(0x000000a535e00000,0x000000a535f00000)]
  0x000002195649a4b0 JavaThread "pool-1-thread-1" [_thread_blocked, id=1240, stack(0x000000a535f00000,0x000000a536000000)]
  0x0000021956fdfb90 JavaThread "ForkJoinPool.commonPool-worker-1" daemon [_thread_blocked, id=18444, stack(0x000000a534500000,0x000000a534600000)]
  0x0000021956fda580 JavaThread "pool-3-thread-1" [_thread_blocked, id=13468, stack(0x000000a534800000,0x000000a534900000)]
  0x0000021956fdb4b0 JavaThread "Framework stop - Equinox Container: bfa1d99b-7852-4067-aae8-f9628d0df7d9" [_thread_in_vm, id=18224, stack(0x000000a535900000,0x000000a535a00000)]
  0x0000021955a421b0 JavaThread "C2 CompilerThread1" daemon [_thread_in_native, id=14904, stack(0x000000a536000000,0x000000a536100000)]

Other Threads:
  0x0000021954074870 VMThread "VM Thread" [stack: 0x000000a533a00000,0x000000a533b00000] [id=18604]
  0x0000021955864910 WatcherThread [stack: 0x000000a534700000,0x000000a534800000] [id=14644]
  0x000002193b125170 GCTaskThread "GC Thread#0" [stack: 0x000000a533900000,0x000000a533a00000] [id=14668]
  0x000002195605c020 GCTaskThread "GC Thread#1" [stack: 0x000000a534900000,0x000000a534a00000] [id=12692]
  0x000002195605c2e0 GCTaskThread "GC Thread#2" [stack: 0x000000a534a00000,0x000000a534b00000] [id=18968]
  0x000002195605c5a0 GCTaskThread "GC Thread#3" [stack: 0x000000a534b00000,0x000000a534c00000] [id=18640]
  0x000002195605c860 GCTaskThread "GC Thread#4" [stack: 0x000000a534c00000,0x000000a534d00000] [id=18240]
  0x00000219558b8b00 GCTaskThread "GC Thread#5" [stack: 0x000000a534d00000,0x000000a534e00000] [id=19632]
  0x0000021955cf5a40 GCTaskThread "GC Thread#6" [stack: 0x000000a534e00000,0x000000a534f00000] [id=17932]
  0x0000021955b57bd0 GCTaskThread "GC Thread#7" [stack: 0x000000a535300000,0x000000a535400000] [id=5452]
  0x00000219564cb710 GCTaskThread "GC Thread#8" [stack: 0x000000a535500000,0x000000a535600000] [id=18984]
  0x00000219563c4410 GCTaskThread "GC Thread#9" [stack: 0x000000a535600000,0x000000a535700000] [id=20176]

Threads with active compile tasks:
C2 CompilerThread0    16394 3975 %     4       java.io.WinNTFileSystem::normalize @ 22 (143 bytes)
C2 CompilerThread1    16394 3976       4       jdk.internal.org.objectweb.asm.SymbolTable::addConstantUtf8Reference (101 bytes)

VM state: not at safepoint (normal execution)

VM Mutex/Monitor currently owned by a thread: None

Heap address: 0x00000000c0000000, size: 1024 MB, Compressed Oops mode: 32-bit

CDS archive(s) not mapped
Compressed class space mapped at: 0x0000000100000000-0x0000000140000000, reserved size: 1073741824
Narrow klass base: 0x0000000000000000, Narrow klass shift: 3, Narrow klass range: 0x140000000

GC Precious Log:
 CPUs: 12 total, 12 available
 Memory: 16295M
 Large Page Support: Disabled
 NUMA Support: Disabled
 Compressed Oops: Enabled (32-bit)
 Alignments: Space 512K, Generation 512K, Heap 2M
 Heap Min Capacity: 100M
 Heap Initial Capacity: 100M
 Heap Max Capacity: 1G
 Pre-touch: Disabled
 Parallel Workers: 10

Heap:
 PSYoungGen      total 25088K, used 20023K [0x00000000eab00000, 0x00000000ec700000, 0x0000000100000000)
  eden space 22016K, 78% used [0x00000000eab00000,0x00000000ebbedc08,0x00000000ec080000)
  from space 3072K, 87% used [0x00000000ec400000,0x00000000ec6a0010,0x00000000ec700000)
  to   space 3072K, 0% used [0x00000000ec100000,0x00000000ec100000,0x00000000ec400000)
 ParOldGen       total 68608K, used 21385K [0x00000000c0000000, 0x00000000c4300000, 0x00000000eab00000)
  object space 68608K, 31% used [0x00000000c0000000,0x00000000c14e2478,0x00000000c4300000)
 Metaspace       used 38155K, committed 38912K, reserved 1114112K
  class space    used 3852K, committed 4160K, reserved 1048576K

Card table byte_map: [0x000002193aaa0000,0x000002193acb0000] _byte_map_base: 0x000002193a4a0000

Marking Bits: (ParMarkBitMap*) 0x00007ffddab9d7d0
 Begin Bits: [0x000002194cda0000, 0x000002194dda0000)
 End Bits:   [0x000002194dda0000, 0x000002194eda0000)

Polling page: 0x0000021939080000

Metaspace:

Usage:
  Non-class:     33.50 MB used.
      Class:      3.76 MB used.
       Both:     37.26 MB used.

Virtual space:
  Non-class space:       64.00 MB reserved,      33.94 MB ( 53%) committed,  1 nodes.
      Class space:        1.00 GB reserved,       4.06 MB ( <1%) committed,  1 nodes.
             Both:        1.06 GB reserved,      38.00 MB (  3%) committed. 

Chunk freelists:
   Non-Class:  13.75 MB
       Class:  11.94 MB
        Both:  25.69 MB

MaxMetaspaceSize: unlimited
CompressedClassSpaceSize: 1.00 GB
Initial GC threshold: 21.00 MB
Current GC threshold: 58.38 MB
CDS: off
MetaspaceReclaimPolicy: balanced
 - commit_granule_bytes: 65536.
 - commit_granule_words: 8192.
 - virtual_space_node_default_size: 8388608.
 - enlarge_chunks_in_place: 1.
 - new_chunks_are_fully_committed: 0.
 - uncommit_free_chunks: 1.
 - use_allocation_guard: 0.
 - handle_deallocations: 1.


Internal statistics:

num_allocs_failed_limit: 6.
num_arena_births: 378.
num_arena_deaths: 14.
num_vsnodes_births: 2.
num_vsnodes_deaths: 0.
num_space_committed: 608.
num_space_uncommitted: 0.
num_chunks_returned_to_freelist: 20.
num_chunks_taken_from_freelist: 1581.
num_chunk_merges: 5.
num_chunk_splits: 1001.
num_chunks_enlarged: 657.
num_inconsistent_stats: 0.

CodeHeap 'non-profiled nmethods': size=120000Kb used=2010Kb max_used=2010Kb free=117989Kb
 bounds [0x0000021945870000, 0x0000021945ae0000, 0x000002194cda0000]
CodeHeap 'profiled nmethods': size=120000Kb used=7916Kb max_used=7916Kb free=112084Kb
 bounds [0x000002193dda0000, 0x000002193e560000, 0x00000219452d0000]
CodeHeap 'non-nmethods': size=5760Kb used=1291Kb max_used=1350Kb free=4468Kb
 bounds [0x00000219452d0000, 0x0000021945540000, 0x0000021945870000]
 total_blobs=4636 nmethods=4021 adapters=528
 compilation: enabled
              stopped_count=0, restarted_count=0
 full_count=0

Compilation events (20 events):
Event: 16.334 Thread 0x00000219540a8820 nmethod 3996 0x000002193e54b410 code [0x000002193e54b5a0, 0x000002193e54b718]
Event: 16.346 Thread 0x00000219540a8820 3999       3       java.lang.invoke.LambdaForm$MH/0x000000010019a800::invoke (148 bytes)
Event: 16.346 Thread 0x00000219540a8820 nmethod 3999 0x000002193e54b810 code [0x000002193e54ba80, 0x000002193e54cb08]
Event: 16.347 Thread 0x00000219540a8820 4000       3       org.eclipse.core.runtime.Path::append (147 bytes)
Event: 16.348 Thread 0x00000219540a8820 nmethod 4000 0x000002193e54cf90 code [0x000002193e54d2c0, 0x000002193e54e448]
Event: 16.348 Thread 0x00000219540a8820 4001       3       java.lang.reflect.Constructor::getRoot (5 bytes)
Event: 16.348 Thread 0x00000219540a8820 nmethod 4001 0x000002193e54e990 code [0x000002193e54eb20, 0x000002193e54ec38]
Event: 16.353 Thread 0x00000219540a8820 4002       1       sun.nio.fs.WindowsNativeDispatcher$FirstFile::handle (5 bytes)
Event: 16.353 Thread 0x00000219540a8820 nmethod 4002 0x0000021945a65490 code [0x0000021945a65620, 0x0000021945a656f8]
Event: 16.353 Thread 0x00000219540a8820 4003       1       sun.nio.fs.WindowsNativeDispatcher$FirstFile::name (5 bytes)
Event: 16.353 Thread 0x00000219540a8820 nmethod 4003 0x0000021945a65790 code [0x0000021945a65920, 0x0000021945a659f8]
Event: 16.355 Thread 0x00000219540a8820 4004       3       org.eclipse.core.internal.resources.ResourceInfo::getType (10 bytes)
Event: 16.355 Thread 0x00000219540a8820 nmethod 4004 0x000002193e54ed10 code [0x000002193e54eea0, 0x000002193e54eff8]
Event: 16.355 Thread 0x00000219540a8820 4005       3       org.eclipse.core.internal.resources.ResourceInfo::getBits (6 bytes)
Event: 16.355 Thread 0x00000219540a8820 nmethod 4005 0x000002193e54f090 code [0x000002193e54f220, 0x000002193e54f318]
Event: 16.355 Thread 0x00000219540a8820 4006       1       org.eclipse.core.internal.dtree.DataDeltaNode::isDelta (2 bytes)
Event: 16.355 Thread 0x00000219540a8820 nmethod 4006 0x0000021945a65a90 code [0x0000021945a65c20, 0x0000021945a65cf8]
Event: 16.355 Thread 0x00000219540a8820 4007       3       java.util.regex.Matcher::matches (10 bytes)
Event: 16.355 Thread 0x00000219540a8820 nmethod 4007 0x000002193e54f390 code [0x000002193e54f520, 0x000002193e54f668]
Event: 16.369 Thread 0x00000219540a8820 4008       3       java.util.Properties::saveConvert (383 bytes)

GC Heap History (20 events):
Event: 2.097 GC heap before
{Heap before GC invocations=7 (full 1):
 PSYoungGen      total 26112K, used 25863K [0x00000000eab00000, 0x00000000ec880000, 0x0000000100000000)
  eden space 25088K, 100% used [0x00000000eab00000,0x00000000ec380000,0x00000000ec380000)
  from space 1024K, 75% used [0x00000000ec400000,0x00000000ec4c1c18,0x00000000ec500000)
  to   space 2560K, 0% used [0x00000000ec600000,0x00000000ec600000,0x00000000ec880000)
 ParOldGen       total 68608K, used 6737K [0x00000000c0000000, 0x00000000c4300000, 0x00000000eab00000)
  object space 68608K, 9% used [0x00000000c0000000,0x00000000c0694538,0x00000000c4300000)
 Metaspace       used 27287K, committed 27840K, reserved 1114112K
  class space    used 2632K, committed 2880K, reserved 1048576K
}
Event: 2.098 GC heap after
{Heap after GC invocations=7 (full 1):
 PSYoungGen      total 27136K, used 2543K [0x00000000eab00000, 0x00000000ec900000, 0x0000000100000000)
  eden space 24576K, 0% used [0x00000000eab00000,0x00000000eab00000,0x00000000ec300000)
  from space 2560K, 99% used [0x00000000ec600000,0x00000000ec87bec8,0x00000000ec880000)
  to   space 3072K, 0% used [0x00000000ec300000,0x00000000ec300000,0x00000000ec600000)
 ParOldGen       total 68608K, used 6872K [0x00000000c0000000, 0x00000000c4300000, 0x00000000eab00000)
  object space 68608K, 10% used [0x00000000c0000000,0x00000000c06b60d8,0x00000000c4300000)
 Metaspace       used 27287K, committed 27840K, reserved 1114112K
  class space    used 2632K, committed 2880K, reserved 1048576K
}
Event: 2.861 GC heap before
{Heap before GC invocations=8 (full 1):
 PSYoungGen      total 27136K, used 27119K [0x00000000eab00000, 0x00000000ec900000, 0x0000000100000000)
  eden space 24576K, 100% used [0x00000000eab00000,0x00000000ec300000,0x00000000ec300000)
  from space 2560K, 99% used [0x00000000ec600000,0x00000000ec87bec8,0x00000000ec880000)
  to   space 3072K, 0% used [0x00000000ec300000,0x00000000ec300000,0x00000000ec600000)
 ParOldGen       total 68608K, used 6872K [0x00000000c0000000, 0x00000000c4300000, 0x00000000eab00000)
  object space 68608K, 10% used [0x00000000c0000000,0x00000000c06b60d8,0x00000000c4300000)
 Metaspace       used 30268K, committed 30784K, reserved 1114112K
  class space    used 2923K, committed 3136K, reserved 1048576K
}
Event: 2.863 GC heap after
{Heap after GC invocations=8 (full 1):
 PSYoungGen      total 27136K, used 3048K [0x00000000eab00000, 0x00000000ecb80000, 0x0000000100000000)
  eden space 24064K, 0% used [0x00000000eab00000,0x00000000eab00000,0x00000000ec280000)
  from space 3072K, 99% used [0x00000000ec300000,0x00000000ec5fa308,0x00000000ec600000)
  to   space 4608K, 0% used [0x00000000ec700000,0x00000000ec700000,0x00000000ecb80000)
 ParOldGen       total 68608K, used 7989K [0x00000000c0000000, 0x00000000c4300000, 0x00000000eab00000)
  object space 68608K, 11% used [0x00000000c0000000,0x00000000c07cd5e8,0x00000000c4300000)
 Metaspace       used 30268K, committed 30784K, reserved 1114112K
  class space    used 2923K, committed 3136K, reserved 1048576K
}
Event: 3.185 GC heap before
{Heap before GC invocations=9 (full 1):
 PSYoungGen      total 27136K, used 27112K [0x00000000eab00000, 0x00000000ecb80000, 0x0000000100000000)
  eden space 24064K, 100% used [0x00000000eab00000,0x00000000ec280000,0x00000000ec280000)
  from space 3072K, 99% used [0x00000000ec300000,0x00000000ec5fa308,0x00000000ec600000)
  to   space 4608K, 0% used [0x00000000ec700000,0x00000000ec700000,0x00000000ecb80000)
 ParOldGen       total 68608K, used 7989K [0x00000000c0000000, 0x00000000c4300000, 0x00000000eab00000)
  object space 68608K, 11% used [0x00000000c0000000,0x00000000c07cd5e8,0x00000000c4300000)
 Metaspace       used 34149K, committed 34816K, reserved 1114112K
  class space    used 3391K, committed 3712K, reserved 1048576K
}
Event: 3.188 GC heap after
{Heap after GC invocations=9 (full 1):
 PSYoungGen      total 27648K, used 4586K [0x00000000eab00000, 0x00000000ecd00000, 0x0000000100000000)
  eden space 23040K, 0% used [0x00000000eab00000,0x00000000eab00000,0x00000000ec180000)
  from space 4608K, 99% used [0x00000000ec700000,0x00000000ecb7aa00,0x00000000ecb80000)
  to   space 5632K, 0% used [0x00000000ec180000,0x00000000ec180000,0x00000000ec700000)
 ParOldGen       total 68608K, used 8397K [0x00000000c0000000, 0x00000000c4300000, 0x00000000eab00000)
  object space 68608K, 12% used [0x00000000c0000000,0x00000000c08335f8,0x00000000c4300000)
 Metaspace       used 34149K, committed 34816K, reserved 1114112K
  class space    used 3391K, committed 3712K, reserved 1048576K
}
Event: 3.286 GC heap before
{Heap before GC invocations=10 (full 1):
 PSYoungGen      total 27648K, used 12800K [0x00000000eab00000, 0x00000000ecd00000, 0x0000000100000000)
  eden space 23040K, 35% used [0x00000000eab00000,0x00000000eb305930,0x00000000ec180000)
  from space 4608K, 99% used [0x00000000ec700000,0x00000000ecb7aa00,0x00000000ecb80000)
  to   space 5632K, 0% used [0x00000000ec180000,0x00000000ec180000,0x00000000ec700000)
 ParOldGen       total 68608K, used 8397K [0x00000000c0000000, 0x00000000c4300000, 0x00000000eab00000)
  object space 68608K, 12% used [0x00000000c0000000,0x00000000c08335f8,0x00000000c4300000)
 Metaspace       used 35224K, committed 35840K, reserved 1114112K
  class space    used 3519K, committed 3776K, reserved 1048576K
}
Event: 3.289 GC heap after
{Heap after GC invocations=10 (full 1):
 PSYoungGen      total 27136K, used 3658K [0x00000000eab00000, 0x00000000ecb00000, 0x0000000100000000)
  eden space 23040K, 0% used [0x00000000eab00000,0x00000000eab00000,0x00000000ec180000)
  from space 4096K, 89% used [0x00000000ec180000,0x00000000ec512970,0x00000000ec580000)
  to   space 4608K, 0% used [0x00000000ec680000,0x00000000ec680000,0x00000000ecb00000)
 ParOldGen       total 68608K, used 10010K [0x00000000c0000000, 0x00000000c4300000, 0x00000000eab00000)
  object space 68608K, 14% used [0x00000000c0000000,0x00000000c09c6950,0x00000000c4300000)
 Metaspace       used 35224K, committed 35840K, reserved 1114112K
  class space    used 3519K, committed 3776K, reserved 1048576K
}
Event: 3.289 GC heap before
{Heap before GC invocations=11 (full 2):
 PSYoungGen      total 27136K, used 3658K [0x00000000eab00000, 0x00000000ecb00000, 0x0000000100000000)
  eden space 23040K, 0% used [0x00000000eab00000,0x00000000eab00000,0x00000000ec180000)
  from space 4096K, 89% used [0x00000000ec180000,0x00000000ec512970,0x00000000ec580000)
  to   space 4608K, 0% used [0x00000000ec680000,0x00000000ec680000,0x00000000ecb00000)
 ParOldGen       total 68608K, used 10010K [0x00000000c0000000, 0x00000000c4300000, 0x00000000eab00000)
  object space 68608K, 14% used [0x00000000c0000000,0x00000000c09c6950,0x00000000c4300000)
 Metaspace       used 35224K, committed 35840K, reserved 1114112K
  class space    used 3519K, committed 3776K, reserved 1048576K
}
Event: 3.311 GC heap after
{Heap after GC invocations=11 (full 2):
 PSYoungGen      total 27136K, used 0K [0x00000000eab00000, 0x00000000ecb00000, 0x0000000100000000)
  eden space 23040K, 0% used [0x00000000eab00000,0x00000000eab00000,0x00000000ec180000)
  from space 4096K, 0% used [0x00000000ec180000,0x00000000ec180000,0x00000000ec580000)
  to   space 4608K, 0% used [0x00000000ec680000,0x00000000ec680000,0x00000000ecb00000)
 ParOldGen       total 68608K, used 12464K [0x00000000c0000000, 0x00000000c4300000, 0x00000000eab00000)
  object space 68608K, 18% used [0x00000000c0000000,0x00000000c0c2c068,0x00000000c4300000)
 Metaspace       used 35224K, committed 35840K, reserved 1114112K
  class space    used 3519K, committed 3776K, reserved 1048576K
}
Event: 3.732 GC heap before
{Heap before GC invocations=12 (full 2):
 PSYoungGen      total 27136K, used 23040K [0x00000000eab00000, 0x00000000ecb00000, 0x0000000100000000)
  eden space 23040K, 100% used [0x00000000eab00000,0x00000000ec180000,0x00000000ec180000)
  from space 4096K, 0% used [0x00000000ec180000,0x00000000ec180000,0x00000000ec580000)
  to   space 4608K, 0% used [0x00000000ec680000,0x00000000ec680000,0x00000000ecb00000)
 ParOldGen       total 68608K, used 12464K [0x00000000c0000000, 0x00000000c4300000, 0x00000000eab00000)
  object space 68608K, 18% used [0x00000000c0000000,0x00000000c0c2c068,0x00000000c4300000)
 Metaspace       used 37352K, committed 38016K, reserved 1114112K
  class space    used 3755K, committed 4032K, reserved 1048576K
}
Event: 3.734 GC heap after
{Heap after GC invocations=12 (full 2):
 PSYoungGen      total 25088K, used 2395K [0x00000000eab00000, 0x00000000ec900000, 0x0000000100000000)
  eden space 22528K, 0% used [0x00000000eab00000,0x00000000eab00000,0x00000000ec100000)
  from space 2560K, 93% used [0x00000000ec680000,0x00000000ec8d6ee0,0x00000000ec900000)
  to   space 3072K, 0% used [0x00000000ec300000,0x00000000ec300000,0x00000000ec600000)
 ParOldGen       total 68608K, used 12472K [0x00000000c0000000, 0x00000000c4300000, 0x00000000eab00000)
  object space 68608K, 18% used [0x00000000c0000000,0x00000000c0c2e068,0x00000000c4300000)
 Metaspace       used 37352K, committed 38016K, reserved 1114112K
  class space    used 3755K, committed 4032K, reserved 1048576K
}
Event: 3.835 GC heap before
{Heap before GC invocations=13 (full 2):
 PSYoungGen      total 25088K, used 24923K [0x00000000eab00000, 0x00000000ec900000, 0x0000000100000000)
  eden space 22528K, 100% used [0x00000000eab00000,0x00000000ec100000,0x00000000ec100000)
  from space 2560K, 93% used [0x00000000ec680000,0x00000000ec8d6ee0,0x00000000ec900000)
  to   space 3072K, 0% used [0x00000000ec300000,0x00000000ec300000,0x00000000ec600000)
 ParOldGen       total 68608K, used 12472K [0x00000000c0000000, 0x00000000c4300000, 0x00000000eab00000)
  object space 68608K, 18% used [0x00000000c0000000,0x00000000c0c2e068,0x00000000c4300000)
 Metaspace       used 37532K, committed 38144K, reserved 1114112K
  class space    used 3774K, committed 4032K, reserved 1048576K
}
Event: 3.839 GC heap after
{Heap after GC invocations=13 (full 2):
 PSYoungGen      total 24576K, used 2304K [0x00000000eab00000, 0x00000000ec700000, 0x0000000100000000)
  eden space 22016K, 0% used [0x00000000eab00000,0x00000000eab00000,0x00000000ec080000)
  from space 2560K, 90% used [0x00000000ec300000,0x00000000ec540010,0x00000000ec580000)
  to   space 1536K, 0% used [0x00000000ec580000,0x00000000ec580000,0x00000000ec700000)
 ParOldGen       total 68608K, used 14682K [0x00000000c0000000, 0x00000000c4300000, 0x00000000eab00000)
  object space 68608K, 21% used [0x00000000c0000000,0x00000000c0e56a78,0x00000000c4300000)
 Metaspace       used 37532K, committed 38144K, reserved 1114112K
  class space    used 3774K, committed 4032K, reserved 1048576K
}
Event: 3.975 GC heap before
{Heap before GC invocations=14 (full 2):
 PSYoungGen      total 24576K, used 24320K [0x00000000eab00000, 0x00000000ec700000, 0x0000000100000000)
  eden space 22016K, 100% used [0x00000000eab00000,0x00000000ec080000,0x00000000ec080000)
  from space 2560K, 90% used [0x00000000ec300000,0x00000000ec540010,0x00000000ec580000)
  to   space 1536K, 0% used [0x00000000ec580000,0x00000000ec580000,0x00000000ec700000)
 ParOldGen       total 68608K, used 14682K [0x00000000c0000000, 0x00000000c4300000, 0x00000000eab00000)
  object space 68608K, 21% used [0x00000000c0000000,0x00000000c0e56a78,0x00000000c4300000)
 Metaspace       used 37622K, committed 38400K, reserved 1114112K
  class space    used 3787K, committed 4096K, reserved 1048576K
}
Event: 3.978 GC heap after
{Heap after GC invocations=14 (full 2):
 PSYoungGen      total 23552K, used 1504K [0x00000000eab00000, 0x00000000eca80000, 0x0000000100000000)
  eden space 22016K, 0% used [0x00000000eab00000,0x00000000eab00000,0x00000000ec080000)
  from space 1536K, 97% used [0x00000000ec580000,0x00000000ec6f8010,0x00000000ec700000)
  to   space 5120K, 0% used [0x00000000ec080000,0x00000000ec080000,0x00000000ec580000)
 ParOldGen       total 68608K, used 17471K [0x00000000c0000000, 0x00000000c4300000, 0x00000000eab00000)
  object space 68608K, 25% used [0x00000000c0000000,0x00000000c110fdd0,0x00000000c4300000)
 Metaspace       used 37622K, committed 38400K, reserved 1114112K
  class space    used 3787K, committed 4096K, reserved 1048576K
}
Event: 4.056 GC heap before
{Heap before GC invocations=15 (full 2):
 PSYoungGen      total 23552K, used 23520K [0x00000000eab00000, 0x00000000eca80000, 0x0000000100000000)
  eden space 22016K, 100% used [0x00000000eab00000,0x00000000ec080000,0x00000000ec080000)
  from space 1536K, 97% used [0x00000000ec580000,0x00000000ec6f8010,0x00000000ec700000)
  to   space 5120K, 0% used [0x00000000ec080000,0x00000000ec080000,0x00000000ec580000)
 ParOldGen       total 68608K, used 17471K [0x00000000c0000000, 0x00000000c4300000, 0x00000000eab00000)
  object space 68608K, 25% used [0x00000000c0000000,0x00000000c110fdd0,0x00000000c4300000)
 Metaspace       used 37622K, committed 38400K, reserved 1114112K
  class space    used 3787K, committed 4096K, reserved 1048576K
}
Event: 4.060 GC heap after
{Heap after GC invocations=15 (full 2):
 PSYoungGen      total 24576K, used 2496K [0x00000000eab00000, 0x00000000ec780000, 0x0000000100000000)
  eden space 22016K, 0% used [0x00000000eab00000,0x00000000eab00000,0x00000000ec080000)
  from space 2560K, 97% used [0x00000000ec080000,0x00000000ec2f0000,0x00000000ec300000)
  to   space 3584K, 0% used [0x00000000ec400000,0x00000000ec400000,0x00000000ec780000)
 ParOldGen       total 68608K, used 19001K [0x00000000c0000000, 0x00000000c4300000, 0x00000000eab00000)
  object space 68608K, 27% used [0x00000000c0000000,0x00000000c128e478,0x00000000c4300000)
 Metaspace       used 37622K, committed 38400K, reserved 1114112K
  class space    used 3787K, committed 4096K, reserved 1048576K
}
Event: 4.109 GC heap before
{Heap before GC invocations=16 (full 2):
 PSYoungGen      total 24576K, used 24512K [0x00000000eab00000, 0x00000000ec780000, 0x0000000100000000)
  eden space 22016K, 100% used [0x00000000eab00000,0x00000000ec080000,0x00000000ec080000)
  from space 2560K, 97% used [0x00000000ec080000,0x00000000ec2f0000,0x00000000ec300000)
  to   space 3584K, 0% used [0x00000000ec400000,0x00000000ec400000,0x00000000ec780000)
 ParOldGen       total 68608K, used 19001K [0x00000000c0000000, 0x00000000c4300000, 0x00000000eab00000)
  object space 68608K, 27% used [0x00000000c0000000,0x00000000c128e478,0x00000000c4300000)
 Metaspace       used 37623K, committed 38400K, reserved 1114112K
  class space    used 3787K, committed 4096K, reserved 1048576K
}
Event: 4.113 GC heap after
{Heap after GC invocations=16 (full 2):
 PSYoungGen      total 25088K, used 2688K [0x00000000eab00000, 0x00000000ec700000, 0x0000000100000000)
  eden space 22016K, 0% used [0x00000000eab00000,0x00000000eab00000,0x00000000ec080000)
  from space 3072K, 87% used [0x00000000ec400000,0x00000000ec6a0010,0x00000000ec700000)
  to   space 3072K, 0% used [0x00000000ec100000,0x00000000ec100000,0x00000000ec400000)
 ParOldGen       total 68608K, used 21385K [0x00000000c0000000, 0x00000000c4300000, 0x00000000eab00000)
  object space 68608K, 31% used [0x00000000c0000000,0x00000000c14e2478,0x00000000c4300000)
 Metaspace       used 37623K, committed 38400K, reserved 1114112K
  class space    used 3787K, committed 4096K, reserved 1048576K
}

Dll operation events (10 events):
Event: 0.008 Loaded shared library c:\Users\TDR SOFTWARE PVT LTD\.vscode\extensions\redhat.java-1.29.0-win32-x64\jre\17.0.10-win32-x86_64\bin\java.dll
Event: 0.102 Loaded shared library c:\Users\TDR SOFTWARE PVT LTD\.vscode\extensions\redhat.java-1.29.0-win32-x64\jre\17.0.10-win32-x86_64\bin\zip.dll
Event: 0.103 Loaded shared library C:\Users\TDR SOFTWARE PVT LTD\.vscode\extensions\redhat.java-1.29.0-win32-x64\jre\17.0.10-win32-x86_64\bin\instrument.dll
Event: 0.113 Loaded shared library C:\Users\TDR SOFTWARE PVT LTD\.vscode\extensions\redhat.java-1.29.0-win32-x64\jre\17.0.10-win32-x86_64\bin\net.dll
Event: 0.114 Loaded shared library C:\Users\TDR SOFTWARE PVT LTD\.vscode\extensions\redhat.java-1.29.0-win32-x64\jre\17.0.10-win32-x86_64\bin\nio.dll
Event: 0.119 Loaded shared library C:\Users\TDR SOFTWARE PVT LTD\.vscode\extensions\redhat.java-1.29.0-win32-x64\jre\17.0.10-win32-x86_64\bin\zip.dll
Event: 0.129 Loaded shared library C:\Users\TDR SOFTWARE PVT LTD\.vscode\extensions\redhat.java-1.29.0-win32-x64\jre\17.0.10-win32-x86_64\bin\jimage.dll
Event: 0.179 Loaded shared library c:\Users\TDR SOFTWARE PVT LTD\.vscode\extensions\redhat.java-1.29.0-win32-x64\jre\17.0.10-win32-x86_64\bin\verify.dll
Event: 0.988 Loaded shared library C:\Users\TDR SOFTWARE PVT LTD\AppData\Roaming\Code\User\globalStorage\redhat.java\1.29.0\config_ss_win\org.eclipse.equinox.launcher\org.eclipse.equinox.launcher.win32.win32.x86_64_1.2.900.v20240213-1244\eclipse_11900.dll
Event: 3.041 Loaded shared library C:\Users\TDR SOFTWARE PVT LTD\AppData\Local\Temp\jna-1307018927\jna5928956047050629330.dll

Deoptimization events (20 events):
Event: 16.230 Thread 0x000002195649be00 Uncommon trap: trap_request=0xffffffde fr.pc=0x0000021945a0a0c0 relative=0x0000000000000ac0
Event: 16.230 Thread 0x000002195649be00 Uncommon trap: reason=class_check action=maybe_recompile pc=0x0000021945a0a0c0 method=java.util.Spliterators$1Adapter.hasNext()Z @ 12 c2
Event: 16.230 Thread 0x000002195649be00 DEOPT PACKING pc=0x0000021945a0a0c0 sp=0x000000a5357fe5a0
Event: 16.230 Thread 0x000002195649be00 DEOPT UNPACKING pc=0x00000219453266a3 sp=0x000000a5357fe568 mode 2
Event: 16.230 Thread 0x000002195649be00 Uncommon trap: trap_request=0xffffffde fr.pc=0x0000021945a0a0c0 relative=0x0000000000000ac0
Event: 16.230 Thread 0x000002195649be00 Uncommon trap: reason=class_check action=maybe_recompile pc=0x0000021945a0a0c0 method=java.util.Spliterators$1Adapter.hasNext()Z @ 12 c2
Event: 16.232 Thread 0x000002195649be00 DEOPT PACKING pc=0x0000021945a0a0c0 sp=0x000000a5357fe5b0
Event: 16.232 Thread 0x000002195649be00 DEOPT UNPACKING pc=0x00000219453266a3 sp=0x000000a5357fe578 mode 2
Event: 16.232 Thread 0x000002195649be00 Uncommon trap: trap_request=0xffffffde fr.pc=0x0000021945a0a0c0 relative=0x0000000000000ac0
Event: 16.232 Thread 0x000002195649be00 Uncommon trap: reason=class_check action=maybe_recompile pc=0x0000021945a0a0c0 method=java.util.Spliterators$1Adapter.hasNext()Z @ 12 c2
Event: 16.232 Thread 0x000002195649be00 DEOPT PACKING pc=0x0000021945a0a0c0 sp=0x000000a5357fe5b0
Event: 16.232 Thread 0x000002195649be00 DEOPT UNPACKING pc=0x00000219453266a3 sp=0x000000a5357fe578 mode 2
Event: 16.319 Thread 0x000002195649be00 Uncommon trap: trap_request=0xffffff45 fr.pc=0x00000219459cfc58 relative=0x0000000000003558
Event: 16.319 Thread 0x000002195649be00 Uncommon trap: reason=unstable_if action=reinterpret pc=0x00000219459cfc58 method=jdk.internal.org.objectweb.asm.Frame.push(I)V @ 26 c2
Event: 16.319 Thread 0x000002195649be00 DEOPT PACKING pc=0x00000219459cfc58 sp=0x000000a5357fd340
Event: 16.319 Thread 0x000002195649be00 DEOPT UNPACKING pc=0x00000219453266a3 sp=0x000000a5357fd268 mode 2
Event: 16.321 Thread 0x000002195649be00 Uncommon trap: trap_request=0xffffff45 fr.pc=0x00000219459be9d0 relative=0x00000000000001b0
Event: 16.321 Thread 0x000002195649be00 Uncommon trap: reason=unstable_if action=reinterpret pc=0x00000219459be9d0 method=jdk.internal.org.objectweb.asm.Frame.push(I)V @ 26 c2
Event: 16.321 Thread 0x000002195649be00 DEOPT PACKING pc=0x00000219459be9d0 sp=0x000000a5357fd4c0
Event: 16.321 Thread 0x000002195649be00 DEOPT UNPACKING pc=0x00000219453266a3 sp=0x000000a5357fd458 mode 2

Classes unloaded (7 events):
Event: 1.632 Thread 0x0000021954074870 Unloading class 0x000000010021a400 'java/lang/invoke/LambdaForm$MH+0x000000010021a400'
Event: 1.632 Thread 0x0000021954074870 Unloading class 0x000000010021a000 'java/lang/invoke/LambdaForm$MH+0x000000010021a000'
Event: 1.632 Thread 0x0000021954074870 Unloading class 0x0000000100219c00 'java/lang/invoke/LambdaForm$MH+0x0000000100219c00'
Event: 1.632 Thread 0x0000021954074870 Unloading class 0x0000000100219800 'java/lang/invoke/LambdaForm$MH+0x0000000100219800'
Event: 1.632 Thread 0x0000021954074870 Unloading class 0x0000000100219400 'java/lang/invoke/LambdaForm$BMH+0x0000000100219400'
Event: 1.632 Thread 0x0000021954074870 Unloading class 0x0000000100219000 'java/lang/invoke/LambdaForm$DMH+0x0000000100219000'
Event: 1.632 Thread 0x0000021954074870 Unloading class 0x0000000100214400 'java/lang/invoke/LambdaForm$DMH+0x0000000100214400'

Classes redefined (0 events):
No events

Internal exceptions (20 events):
Event: 3.093 Thread 0x000002193b10fd40 Exception <a 'java/lang/NoSuchMethodError'{0x00000000eba5fc20}: 'java.lang.Object java.lang.invoke.DirectMethodHandle$Holder.invokeStatic(java.lang.Object, java.lang.Object, long, java.lang.Object)'> (0x00000000eba5fc20) 
thrown [s\src\hotspot\share\interpreter\linkResolver.cpp, line 759]
Event: 3.094 Thread 0x000002193b10fd40 Exception <a 'java/lang/NoSuchMethodError'{0x00000000eba636b8}: 'java.lang.Object java.lang.invoke.DirectMethodHandle$Holder.invokeStaticInit(java.lang.Object, java.lang.Object, long, java.lang.Object)'> (0x00000000eba636b8) 
thrown [s\src\hotspot\share\interpreter\linkResolver.cpp, line 759]
Event: 3.094 Thread 0x000002193b10fd40 Exception <a 'java/lang/NoSuchMethodError'{0x00000000eba69cc8}: 'java.lang.Object java.lang.invoke.DirectMethodHandle$Holder.newInvokeSpecial(java.lang.Object, java.lang.Object, long)'> (0x00000000eba69cc8) 
thrown [s\src\hotspot\share\interpreter\linkResolver.cpp, line 759]
Event: 3.125 Thread 0x000002193b10fd40 Exception <a 'java/lang/NoSuchMethodError'{0x00000000ebc39230}: 'void java.lang.invoke.DirectMethodHandle$Holder.invokeStatic(java.lang.Object, java.lang.Object, java.lang.Object, java.lang.Object)'> (0x00000000ebc39230) 
thrown [s\src\hotspot\share\interpreter\linkResolver.cpp, line 759]
Event: 3.207 Thread 0x000002193b10fd40 Exception <a 'java/lang/NoSuchMethodError'{0x00000000ead92598}: 'void java.lang.invoke.DirectMethodHandle$Holder.invokeSpecial(java.lang.Object, java.lang.Object, java.lang.Object, java.lang.Object, java.lang.Object, java.lang.Object)'> (0x00000000ead92598) 
thrown [s\src\hotspot\share\interpreter\linkResolver.cpp, line 759]
Event: 3.207 Thread 0x000002193b10fd40 Exception <a 'java/lang/IncompatibleClassChangeError'{0x00000000ead9c0b0}: Found class java.lang.Object, but interface was expected> (0x00000000ead9c0b0) 
thrown [s\src\hotspot\share\interpreter\linkResolver.cpp, line 826]
Event: 3.496 Thread 0x000002195649a4b0 Exception <a 'java/io/FileNotFoundException'{0x00000000eada2010}> (0x00000000eada2010) 
thrown [s\src\hotspot\share\prims\jni.cpp, line 516]
Event: 3.513 Thread 0x000002195649a4b0 Exception <a 'sun/nio/fs/WindowsException'{0x00000000eaf19708}> (0x00000000eaf19708) 
thrown [s\src\hotspot\share\prims\jni.cpp, line 516]
Event: 3.514 Thread 0x000002195649be00 Exception <a 'java/io/FileNotFoundException'{0x00000000eaf27a48}> (0x00000000eaf27a48) 
thrown [s\src\hotspot\share\prims\jni.cpp, line 516]
Event: 3.514 Thread 0x000002195649be00 Exception <a 'java/io/FileNotFoundException'{0x00000000eaf28ab0}> (0x00000000eaf28ab0) 
thrown [s\src\hotspot\share\prims\jni.cpp, line 516]
Event: 3.514 Thread 0x000002195649be00 Exception <a 'java/io/FileNotFoundException'{0x00000000eaf29890}> (0x00000000eaf29890) 
thrown [s\src\hotspot\share\prims\jni.cpp, line 516]
Event: 3.562 Thread 0x0000021956499580 Exception <a 'java/lang/NoSuchMethodError'{0x00000000eb384f38}: 'java.lang.Object java.lang.invoke.Invokers$Holder.invoke_MT(java.lang.Object, java.lang.Object, java.lang.Object)'> (0x00000000eb384f38) 
thrown [s\src\hotspot\share\interpreter\linkResolver.cpp, line 759]
Event: 3.570 Thread 0x000002195649a4b0 Exception <a 'java/lang/NoSuchMethodError'{0x00000000eb3f05c8}: 'int java.lang.invoke.DirectMethodHandle$Holder.invokeVirtual(java.lang.Object, java.lang.Object)'> (0x00000000eb3f05c8) 
thrown [s\src\hotspot\share\interpreter\linkResolver.cpp, line 759]
Event: 3.765 Thread 0x0000021956499580 Exception <a 'java/io/FileNotFoundException'{0x00000000eb3703b8}> (0x00000000eb3703b8) 
thrown [s\src\hotspot\share\prims\jni.cpp, line 516]
Event: 3.766 Thread 0x0000021956499580 Exception <a 'java/io/FileNotFoundException'{0x00000000eb371948}> (0x00000000eb371948) 
thrown [s\src\hotspot\share\prims\jni.cpp, line 516]
Event: 3.767 Thread 0x0000021956499580 Exception <a 'java/lang/NoSuchMethodError'{0x00000000eb383970}: 'void java.lang.invoke.DirectMethodHandle$Holder.invokeStaticInit(java.lang.Object, java.lang.Object, java.lang.Object)'> (0x00000000eb383970) 
thrown [s\src\hotspot\share\interpreter\linkResolver.cpp, line 759]
Event: 16.321 Thread 0x000002195649be00 Exception <a 'java/lang/NoSuchMethodError'{0x00000000eba59a30}: 'java.lang.Object java.lang.invoke.DirectMethodHandle$Holder.newInvokeSpecial(java.lang.Object, java.lang.Object, java.lang.Object, java.lang.Object, java.lang.Object, java.lang.Object, java.lang.Object, java.lang.Object, java.lang.Object, java.lang.Object)'> (0x00000000eba59a30) 
thrown [s\src\hotspot\share\interpreter\linkResolver.cpp, line 759]
Event: 16.322 Thread 0x000002195649be00 Exception <a 'java/lang/NoSuchMethodError'{0x00000000eba5ea10}: 'java.lang.Object java.lang.invoke.DirectMethodHandle$Holder.invokeSpecial(java.lang.Object, java.lang.Object, java.lang.Object, java.lang.Object, java.lang.Object, java.lang.Object, java.lang.Object, java.lang.Object, java.lang.Object, java.lang.Object, java.lang.Object)'> (0x00000000eba5ea10) 
thrown [s\src\hotspot\share\interpreter\linkResolver.cpp, line 759]
Event: 16.323 Thread 0x000002195649be00 Exception <a 'java/lang/NoSuchMethodError'{0x00000000eba62f20}: 'java.lang.Object java.lang.invoke.Invokers$Holder.linkToTargetMethod(java.lang.Object, java.lang.Object, java.lang.Object, java.lang.Object, java.lang.Object, java.lang.Object, java.lang.Object, java.lang.Object, java.lang.Object, java.lang.Object)'> (0x00000000eba62f20) 
thrown [s\src\hotspot\share\interpreter\linkResolver.cpp, line 759]
Event: 16.352 Thread 0x000002195649be00 Exception <a 'sun/nio/fs/WindowsException'{0x00000000ebaf2c60}> (0x00000000ebaf2c60) 
thrown [s\src\hotspot\share\prims\jni.cpp, line 516]

VM Operations (20 events):
Event: 3.286 Executing VM operation: CollectForMetadataAllocation
Event: 3.312 Executing VM operation: CollectForMetadataAllocation done
Event: 3.545 Executing VM operation: HandshakeAllThreads
Event: 3.545 Executing VM operation: HandshakeAllThreads done
Event: 3.577 Executing VM operation: HandshakeAllThreads
Event: 3.577 Executing VM operation: HandshakeAllThreads done
Event: 3.732 Executing VM operation: ParallelGCFailedAllocation
Event: 3.734 Executing VM operation: ParallelGCFailedAllocation done
Event: 3.748 Executing VM operation: HandshakeAllThreads
Event: 3.748 Executing VM operation: HandshakeAllThreads done
Event: 3.835 Executing VM operation: ParallelGCFailedAllocation
Event: 3.839 Executing VM operation: ParallelGCFailedAllocation done
Event: 3.975 Executing VM operation: ParallelGCFailedAllocation
Event: 3.978 Executing VM operation: ParallelGCFailedAllocation done
Event: 4.056 Executing VM operation: ParallelGCFailedAllocation
Event: 4.060 Executing VM operation: ParallelGCFailedAllocation done
Event: 4.109 Executing VM operation: ParallelGCFailedAllocation
Event: 4.113 Executing VM operation: ParallelGCFailedAllocation done
Event: 5.128 Executing VM operation: Cleanup
Event: 5.128 Executing VM operation: Cleanup done

Events (20 events):
Event: 16.249 loading class java/util/concurrent/ForkJoinTask$AdaptedCallable
Event: 16.249 loading class java/util/concurrent/ForkJoinTask$AdaptedCallable done
Event: 16.249 Thread 0x0000021956fe00a0 Thread added: 0x0000021956fe00a0
Event: 16.298 loading class java/util/stream/Nodes$CollectorTask$OfRef
Event: 16.298 loading class java/util/stream/Nodes$CollectorTask
Event: 16.298 loading class java/util/stream/AbstractTask
Event: 16.299 loading class java/util/concurrent/CountedCompleter
Event: 16.299 loading class java/util/concurrent/CountedCompleter done
Event: 16.299 loading class java/util/stream/AbstractTask done
Event: 16.299 loading class java/util/stream/Nodes$CollectorTask done
Event: 16.299 loading class java/util/stream/Nodes$CollectorTask$OfRef done
Event: 16.299 loading class java/util/function/LongFunction
Event: 16.299 loading class java/util/function/LongFunction done
Event: 16.300 loading class java/util/stream/Nodes$ConcNode
Event: 16.300 loading class java/util/stream/Nodes$AbstractConcNode
Event: 16.300 loading class java/util/stream/Nodes$AbstractConcNode done
Event: 16.300 loading class java/util/stream/Nodes$ConcNode done
Event: 16.302 Thread 0x0000021956fe00a0 Thread exited: 0x0000021956fe00a0
Event: 16.328 Thread 0x0000021956fdec60 Thread added: 0x0000021956fdec60
Event: 16.346 Thread 0x0000021956fdec60 Thread exited: 0x0000021956fdec60


Dynamic libraries:
0x00007ff7b3c60000 - 0x00007ff7b3c6e000 	c:\Users\TDR SOFTWARE PVT LTD\.vscode\extensions\redhat.java-1.29.0-win32-x64\jre\17.0.10-win32-x86_64\bin\java.exe
0x00007ffe67f50000 - 0x00007ffe68166000 	C:\WINDOWS\SYSTEM32\ntdll.dll
0x00007ffe66e20000 - 0x00007ffe66ee4000 	C:\WINDOWS\System32\KERNEL32.DLL
0x00007ffe65270000 - 0x00007ffe65617000 	C:\WINDOWS\System32\KERNELBASE.dll
0x00007ffe65a80000 - 0x00007ffe65b91000 	C:\WINDOWS\System32\ucrtbase.dll
0x00007ffe001c0000 - 0x00007ffe001db000 	c:\Users\TDR SOFTWARE PVT LTD\.vscode\extensions\redhat.java-1.29.0-win32-x64\jre\17.0.10-win32-x86_64\bin\VCRUNTIME140.dll
0x00007ffe13fd0000 - 0x00007ffe13fe7000 	c:\Users\TDR SOFTWARE PVT LTD\.vscode\extensions\redhat.java-1.29.0-win32-x64\jre\17.0.10-win32-x86_64\bin\jli.dll
0x00007ffe66b90000 - 0x00007ffe66d3e000 	C:\WINDOWS\System32\USER32.dll
0x00007ffe570c0000 - 0x00007ffe57353000 	C:\WINDOWS\WinSxS\amd64_microsoft.windows.common-controls_6595b64144ccf1df_6.0.22621.3235_none_270f74e173860f98\COMCTL32.dll
0x00007ffe65ba0000 - 0x00007ffe65bc6000 	C:\WINDOWS\System32\win32u.dll
0x00007ffe673c0000 - 0x00007ffe67467000 	C:\WINDOWS\System32\msvcrt.dll
0x00007ffe675d0000 - 0x00007ffe675f9000 	C:\WINDOWS\System32\GDI32.dll
0x00007ffe65960000 - 0x00007ffe65a79000 	C:\WINDOWS\System32\gdi32full.dll
0x00007ffe65750000 - 0x00007ffe657ea000 	C:\WINDOWS\System32\msvcp_win.dll
0x00007ffe67ed0000 - 0x00007ffe67f01000 	C:\WINDOWS\System32\IMM32.DLL
0x00007ffe4dc10000 - 0x00007ffe4dc1c000 	c:\Users\TDR SOFTWARE PVT LTD\.vscode\extensions\redhat.java-1.29.0-win32-x64\jre\17.0.10-win32-x86_64\bin\vcruntime140_1.dll
0x00007ffddac70000 - 0x00007ffddacfd000 	c:\Users\TDR SOFTWARE PVT LTD\.vscode\extensions\redhat.java-1.29.0-win32-x64\jre\17.0.10-win32-x86_64\bin\msvcp140.dll
0x00007ffdda000000 - 0x00007ffddac62000 	c:\Users\TDR SOFTWARE PVT LTD\.vscode\extensions\redhat.java-1.29.0-win32-x64\jre\17.0.10-win32-x86_64\bin\server\jvm.dll
0x00007ffe65c90000 - 0x00007ffe65d42000 	C:\WINDOWS\System32\ADVAPI32.dll
0x00007ffe666a0000 - 0x00007ffe66748000 	C:\WINDOWS\System32\sechost.dll
0x00007ffe65bd0000 - 0x00007ffe65bf8000 	C:\WINDOWS\System32\bcrypt.dll
0x00007ffe670c0000 - 0x00007ffe671d5000 	C:\WINDOWS\System32\RPCRT4.dll
0x00007ffe53fe0000 - 0x00007ffe53fe9000 	C:\WINDOWS\SYSTEM32\WSOCK32.dll
0x00007ffe591b0000 - 0x00007ffe591e4000 	C:\WINDOWS\SYSTEM32\WINMM.dll
0x00007ffe64770000 - 0x00007ffe647bd000 	C:\WINDOWS\SYSTEM32\POWRPROF.dll
0x00007ffe66280000 - 0x00007ffe662f1000 	C:\WINDOWS\System32\WS2_32.dll
0x00007ffe5c490000 - 0x00007ffe5c49a000 	C:\WINDOWS\SYSTEM32\VERSION.dll
0x00007ffe646c0000 - 0x00007ffe646d3000 	C:\WINDOWS\SYSTEM32\UMPDC.dll
0x00007ffe64210000 - 0x00007ffe64228000 	C:\WINDOWS\SYSTEM32\kernel.appcore.dll
0x00007ffe480d0000 - 0x00007ffe480da000 	c:\Users\TDR SOFTWARE PVT LTD\.vscode\extensions\redhat.java-1.29.0-win32-x64\jre\17.0.10-win32-x86_64\bin\jimage.dll
0x00007ffe50e30000 - 0x00007ffe51063000 	C:\WINDOWS\SYSTEM32\DBGHELP.DLL
0x00007ffe667b0000 - 0x00007ffe66b38000 	C:\WINDOWS\System32\combase.dll
0x00007ffe66d40000 - 0x00007ffe66e17000 	C:\WINDOWS\System32\OLEAUT32.dll
0x00007ffe4fbc0000 - 0x00007ffe4fbf2000 	C:\WINDOWS\SYSTEM32\dbgcore.DLL
0x00007ffe65c00000 - 0x00007ffe65c79000 	C:\WINDOWS\System32\bcryptPrimitives.dll
0x00007ffe42c20000 - 0x00007ffe42c2e000 	c:\Users\TDR SOFTWARE PVT LTD\.vscode\extensions\redhat.java-1.29.0-win32-x64\jre\17.0.10-win32-x86_64\bin\instrument.dll
0x00007ffdfe740000 - 0x00007ffdfe765000 	c:\Users\TDR SOFTWARE PVT LTD\.vscode\extensions\redhat.java-1.29.0-win32-x64\jre\17.0.10-win32-x86_64\bin\java.dll
0x00007ffdfecf0000 - 0x00007ffdfed08000 	c:\Users\TDR SOFTWARE PVT LTD\.vscode\extensions\redhat.java-1.29.0-win32-x64\jre\17.0.10-win32-x86_64\bin\zip.dll
0x00007ffe67600000 - 0x00007ffe67e5c000 	C:\WINDOWS\System32\SHELL32.dll
0x00007ffe63180000 - 0x00007ffe63a79000 	C:\WINDOWS\SYSTEM32\windows.storage.dll
0x00007ffe63040000 - 0x00007ffe6317e000 	C:\WINDOWS\SYSTEM32\wintypes.dll
0x00007ffe664f0000 - 0x00007ffe665e3000 	C:\WINDOWS\System32\SHCORE.dll
0x00007ffe67570000 - 0x00007ffe675ce000 	C:\WINDOWS\System32\shlwapi.dll
0x00007ffe651a0000 - 0x00007ffe651c1000 	C:\WINDOWS\SYSTEM32\profapi.dll
0x00007ffdfe720000 - 0x00007ffdfe739000 	C:\Users\TDR SOFTWARE PVT LTD\.vscode\extensions\redhat.java-1.29.0-win32-x64\jre\17.0.10-win32-x86_64\bin\net.dll
0x00007ffe5f930000 - 0x00007ffe5fa66000 	C:\WINDOWS\SYSTEM32\WINHTTP.dll
0x00007ffe647c0000 - 0x00007ffe64829000 	C:\WINDOWS\system32\mswsock.dll
0x00007ffdfdfb0000 - 0x00007ffdfdfc6000 	C:\Users\TDR SOFTWARE PVT LTD\.vscode\extensions\redhat.java-1.29.0-win32-x64\jre\17.0.10-win32-x86_64\bin\nio.dll
0x00007ffe425c0000 - 0x00007ffe425d0000 	c:\Users\TDR SOFTWARE PVT LTD\.vscode\extensions\redhat.java-1.29.0-win32-x64\jre\17.0.10-win32-x86_64\bin\verify.dll
0x00007ffe60940000 - 0x00007ffe6097e000 	C:\Users\TDR SOFTWARE PVT LTD\AppData\Roaming\Code\User\globalStorage\redhat.java\1.29.0\config_ss_win\org.eclipse.equinox.launcher\org.eclipse.equinox.launcher.win32.win32.x86_64_1.2.900.v20240213-1244\eclipse_11900.dll
0x00007ffe671e0000 - 0x00007ffe67385000 	C:\WINDOWS\System32\ole32.dll
0x00007ffe64b10000 - 0x00007ffe64b2b000 	C:\WINDOWS\SYSTEM32\CRYPTSP.dll
0x00007ffe641d0000 - 0x00007ffe64205000 	C:\WINDOWS\system32\rsaenh.dll
0x00007ffe64860000 - 0x00007ffe64888000 	C:\WINDOWS\SYSTEM32\USERENV.dll
0x00007ffe64af0000 - 0x00007ffe64afc000 	C:\WINDOWS\SYSTEM32\CRYPTBASE.dll
0x00007ffe63ce0000 - 0x00007ffe63d0d000 	C:\WINDOWS\SYSTEM32\IPHLPAPI.DLL
0x00007ffe65c80000 - 0x00007ffe65c89000 	C:\WINDOWS\System32\NSI.dll
0x00007ffe5f910000 - 0x00007ffe5f929000 	C:\WINDOWS\SYSTEM32\dhcpcsvc6.DLL
0x00007ffe5f8f0000 - 0x00007ffe5f90f000 	C:\WINDOWS\SYSTEM32\dhcpcsvc.DLL
0x00007ffe63d50000 - 0x00007ffe63e49000 	C:\WINDOWS\SYSTEM32\DNSAPI.dll
0x00007ffe608f0000 - 0x00007ffe60935000 	C:\Users\TDR SOFTWARE PVT LTD\AppData\Local\Temp\jna-1307018927\jna5928956047050629330.dll
0x00007ffe670b0000 - 0x00007ffe670b8000 	C:\WINDOWS\System32\PSAPI.DLL

dbghelp: loaded successfully - version: 4.0.5 - missing functions: none
symbol engine: initialized successfully - sym options: 0x614 - pdb path: .;c:\Users\TDR SOFTWARE PVT LTD\.vscode\extensions\redhat.java-1.29.0-win32-x64\jre\17.0.10-win32-x86_64\bin;C:\WINDOWS\SYSTEM32;C:\WINDOWS\WinSxS\amd64_microsoft.windows.common-controls_6595b64144ccf1df_6.0.22621.3235_none_270f74e173860f98;c:\Users\TDR SOFTWARE PVT LTD\.vscode\extensions\redhat.java-1.29.0-win32-x64\jre\17.0.10-win32-x86_64\bin\server;C:\Users\TDR SOFTWARE PVT LTD\AppData\Roaming\Code\User\globalStorage\redhat.java\1.29.0\config_ss_win\org.eclipse.equinox.launcher\org.eclipse.equinox.launcher.win32.win32.x86_64_1.2.900.v20240213-1244;C:\Users\TDR SOFTWARE PVT LTD\AppData\Local\Temp\jna-1307018927

VM Arguments:
jvm_args: --add-modules=ALL-SYSTEM --add-opens=java.base/java.util=ALL-UNNAMED --add-opens=java.base/java.lang=ALL-UNNAMED --add-opens=java.base/sun.nio.fs=ALL-UNNAMED -Declipse.application=org.eclipse.jdt.ls.core.id1 -Dosgi.bundles.defaultStartLevel=4 -Declipse.product=org.eclipse.jdt.ls.core.product -Djava.import.generatesMetadataFilesAtProjectRoot=false -DDetectVMInstallationsJob.disabled=true -Dfile.encoding=utf8 -XX:+UseParallelGC -XX:GCTimeRatio=4 -XX:AdaptiveSizePolicyWeight=90 -Dsun.zip.disableMemoryMapping=true -Xmx1G -Xms100m -Xlog:disable -javaagent:c:\Users\TDR SOFTWARE PVT LTD\.vscode\extensions\redhat.java-1.29.0-win32-x64\lombok\lombok-1.18.32.jar 
java_command: c:\Users\TDR SOFTWARE PVT LTD\.vscode\extensions\redhat.java-1.29.0-win32-x64\server\plugins\org.eclipse.equinox.launcher_1.6.800.v20240304-1850.jar -configuration c:\Users\TDR SOFTWARE PVT LTD\AppData\Roaming\Code\User\globalStorage\redhat.java\1.29.0\config_ss_win -data c:\Users\TDR SOFTWARE PVT LTD\AppData\Roaming\Code\User\workspaceStorage\dda9ed2ddc5e0cadd90f1bcc6f87684a\redhat.java\ss_ws --stdio
java_class_path (initial): c:\Users\TDR SOFTWARE PVT LTD\.vscode\extensions\redhat.java-1.29.0-win32-x64\server\plugins\org.eclipse.equinox.launcher_1.6.800.v20240304-1850.jar
Launcher Type: SUN_STANDARD

[Global flags]
    uintx AdaptiveSizePolicyWeight                 = 90                                        {product} {command line}
     intx CICompilerCount                          = 4                                         {product} {ergonomic}
    uintx GCTimeRatio                              = 4                                         {product} {command line}
   size_t InitialHeapSize                          = 104857600                                 {product} {command line}
   size_t MaxHeapSize                              = 1073741824                                {product} {command line}
   size_t MaxNewSize                               = 357564416                                 {product} {ergonomic}
   size_t MinHeapDeltaBytes                        = 524288                                    {product} {ergonomic}
   size_t MinHeapSize                              = 104857600                                 {product} {command line}
   size_t NewSize                                  = 34603008                                  {product} {ergonomic}
    uintx NonNMethodCodeHeapSize                   = 5839372                                {pd product} {ergonomic}
    uintx NonProfiledCodeHeapSize                  = 122909434                              {pd product} {ergonomic}
   size_t OldSize                                  = 70254592                                  {product} {ergonomic}
    uintx ProfiledCodeHeapSize                     = 122909434                              {pd product} {ergonomic}
    uintx ReservedCodeCacheSize                    = 251658240                              {pd product} {ergonomic}
     bool SegmentedCodeCache                       = true                                      {product} {ergonomic}
   size_t SoftMaxHeapSize                          = 1073741824                             {manageable} {ergonomic}
     bool UseCompressedClassPointers               = true                           {product lp64_product} {ergonomic}
     bool UseCompressedOops                        = true                           {product lp64_product} {ergonomic}
     bool UseLargePagesIndividualAllocation        = false                                  {pd product} {ergonomic}
     bool UseParallelGC                            = true                                      {product} {command line}

Logging:
Log output configuration:
 #0: stdout all=off uptime,level,tags
 #1: stderr all=off uptime,level,tags

Environment Variables:
JAVA_HOME=C:\Program Files\Java\jdk-17
PATH=C:\Python312\Scripts\;C:\Python312\;C:\Program Files\Common Files\Oracle\Java\javapath;C:\Windows\system32;C:\Windows;C:\Windows\System32\Wbem;C:\Windows\System32\WindowsPowerShell\v1.0\;C:\Windows\System32\OpenSSH\;C:\Program Files (x86)\NVIDIA Corporation\PhysX\Common;C:\WINDOWS\system32;C:\WINDOWS;C:\WINDOWS\System32\Wbem;C:\WINDOWS\System32\WindowsPowerShell\v1.0\;C:\WINDOWS\System32\OpenSSH\;C:\Users\TDR SOFTWARE PVT LTD\AppData\Local\Android\Sdk;C:\Program Files\Git\cmd;C:\ProgramData\chocolatey\bin;C:\Users\TDR SOFTWARE PVT LTD\Downloads\platform-tools_r35.0.0-windows\platform-tools;C:\Users\TDR SOFTWARE PVT LTD\Downloads\gradle-8.7-all\gradle-8.7\bin;C:\Users\YOUR_USERNAME\AppData\Roaming\npm;C:\Program Files\nodejs\;C:\Users\TDR SOFTWARE PVT LTD\AppData\Local\Microsoft\WindowsApps;C:\Users\TDR SOFTWARE PVT LTD\AppData\Local\Android\Sdk\platform-tools;C:\Windows\SysWOW64;C:\Users\TDR SOFTWARE PVT LTD\AppData\Roaming\npm;C:\Users\TDR SOFTWARE PVT LTD\AppData\Local\Programs\Microsoft VS Code\bin
USERNAME=TDR SOFTWARE PVT LTD
OS=Windows_NT
PROCESSOR_IDENTIFIER=Intel64 Family 6 Model 165 Stepping 3, GenuineIntel
TMP=C:\Users\TDRSOF~1\AppData\Local\Temp
TEMP=C:\WINDOWS\TEMP



Periodic native trim disabled


---------------  S Y S T E M  ---------------

OS:
 Windows 11 , 64 bit Build 22621 (10.0.22621.3374)
OS uptime: 0 days 0:31 hours
Hyper-V role detected

CPU: total 12 (initial active 12) (6 cores per cpu, 2 threads per core) family 6 model 165 stepping 3 microcode 0xf4, cx8, cmov, fxsr, ht, mmx, 3dnowpref, sse, sse2, sse3, ssse3, sse4.1, sse4.2, popcnt, lzcnt, tsc, tscinvbit, avx, avx2, aes, erms, clmul, bmi1, bmi2, adx, fma, vzeroupper, clflush, clflushopt, hv
Processor Information for all 12 processors :
  Max Mhz: 2904, Current Mhz: 2904, Mhz Limit: 2904

Memory: 4k page, system-wide physical 16295M (1392M free)
TotalPageFile size 16295M (AvailPageFile size 26M)
current process WorkingSet (physical memory assigned to process): 156M, peak: 175M
current process commit charge ("private bytes"): 253M, peak: 270M

vm_info: OpenJDK 64-Bit Server VM (17.0.10+7) for windows-amd64 JRE (17.0.10+7), built on Jan 16 2024 23:25:11 by "admin" with MS VC++ 16.10 / 16.11 (VS2019)

END.
