#
# There is insufficient memory for the Java Runtime Environment to continue.
# Native memory allocation (malloc) failed to allocate 1701936 bytes for Chunk::new
# Possible reasons:
#   The system is out of physical RAM or swap space
#   The process is running with CompressedOops enabled, and the Java Heap may be blocking the growth of the native heap
# Possible solutions:
#   Reduce memory load on the system
#   Increase physical memory or swap space
#   Check if swap backing store is full
#   Decrease Java heap size (-Xmx/-Xms)
#   Decrease number of Java threads
#   Decrease Java thread stack sizes (-Xss)
#   Set larger code cache with -XX:ReservedCodeCacheSize=
#   JVM is running with Unscaled Compressed Oops mode in which the Java heap is
#     placed in the first 4GB address space. The Java Heap base address is the
#     maximum limit for the native heap growth. Please use -XX:HeapBaseMinAddress
#     to set the Java Heap base and to place the Java Heap above 4GB virtual address.
# This output file may be truncated or incomplete.
#
#  Out of Memory Error (arena.cpp:191), pid=8776, tid=7932
#
# JRE version: OpenJDK Runtime Environment Temurin-17.0.10+7 (17.0.10+7) (build 17.0.10+7)
# Java VM: OpenJDK 64-Bit Server VM Temurin-17.0.10+7 (17.0.10+7, mixed mode, tiered, compressed oops, compressed class ptrs, parallel gc, windows-amd64)
# No core dump will be written. Minidumps are not enabled by default on client versions of Windows
#

---------------  S U M M A R Y ------------

Command Line: --add-modules=ALL-SYSTEM --add-opens=java.base/java.util=ALL-UNNAMED --add-opens=java.base/java.lang=ALL-UNNAMED --add-opens=java.base/sun.nio.fs=ALL-UNNAMED -Declipse.application=org.eclipse.jdt.ls.core.id1 -Dosgi.bundles.defaultStartLevel=4 -Declipse.product=org.eclipse.jdt.ls.core.product -Djava.import.generatesMetadataFilesAtProjectRoot=false -DDetectVMInstallationsJob.disabled=true -Dfile.encoding=utf8 -XX:+UseParallelGC -XX:GCTimeRatio=4 -XX:AdaptiveSizePolicyWeight=90 -Dsun.zip.disableMemoryMapping=true -Xmx1G -Xms100m -Xlog:disable -javaagent:c:\Users\TDR SOFTWARE PVT LTD\.vscode\extensions\redhat.java-1.28.1-win32-x64\lombok\lombok-1.18.31.jar -XX:+HeapDumpOnOutOfMemoryError -XX:HeapDumpPath=c:\Users\TDR SOFTWARE PVT LTD\AppData\Roaming\Code\User\workspaceStorage\dda9ed2ddc5e0cadd90f1bcc6f87684a\redhat.java -Daether.dependencyCollector.impl=bf c:\Users\TDR SOFTWARE PVT LTD\.vscode\extensions\redhat.java-1.28.1-win32-x64\server\plugins\org.eclipse.equinox.launcher_1.6.700.v20231214-2017.jar -configuration c:\Users\TDR SOFTWARE PVT LTD\AppData\Roaming\Code\User\globalStorage\redhat.java\1.28.1\config_win -data c:\Users\TDR SOFTWARE PVT LTD\AppData\Roaming\Code\User\workspaceStorage\dda9ed2ddc5e0cadd90f1bcc6f87684a\redhat.java\jdt_ws --stdio

Host: Intel(R) Core(TM) i5-10400F CPU @ 2.90GHz, 12 cores, 15G,  Windows 11 , 64 bit Build 22621 (10.0.22621.3235)
Time: Mon Apr  1 23:18:20 2024 India Standard Time elapsed time: 10.981532 seconds (0d 0h 0m 10s)

---------------  T H R E A D  ---------------

Current thread (0x0000022d8b75c470):  JavaThread "C2 CompilerThread1" daemon [_thread_in_native, id=7932, stack(0x00000078aa100000,0x00000078aa200000)]


Current CompileTask:
C2:  10981 8278       4       java.io.ObjectInputStream::readClassDesc (121 bytes)

Stack: [0x00000078aa100000,0x00000078aa200000]
Native frames: (J=compiled Java code, j=interpreted, Vv=VM code, C=native code)
V  [jvm.dll+0x67d2c9]
V  [jvm.dll+0x834afa]
V  [jvm.dll+0x8365be]
V  [jvm.dll+0x836c23]
V  [jvm.dll+0x2477ff]
V  [jvm.dll+0xac514]
V  [jvm.dll+0xacb5c]
V  [jvm.dll+0x3667d7]
V  [jvm.dll+0x1bcd86]
V  [jvm.dll+0x21a049]
V  [jvm.dll+0x219311]
V  [jvm.dll+0x1a502d]
V  [jvm.dll+0x2290de]
V  [jvm.dll+0x2272ac]
V  [jvm.dll+0x7e9bb7]
V  [jvm.dll+0x7e3fba]
V  [jvm.dll+0x67c1b5]
C  [ucrtbase.dll+0x29363]
C  [KERNEL32.DLL+0x1257d]
C  [ntdll.dll+0x5aa58]


---------------  P R O C E S S  ---------------

Threads class SMR info:
_java_thread_list=0x0000022d89036f40, length=38, elements={
0x0000022dede003e0, 0x0000022dffc84020, 0x0000022dedea91d0, 0x0000022d86d8cb30,
0x0000022d86d8d400, 0x0000022d86d8e730, 0x0000022d86d907b0, 0x0000022d86d97800,
0x0000022d86d988b0, 0x0000022d86d991c0, 0x0000022dede5f070, 0x0000022d8850d950,
0x0000022d88f7e6d0, 0x0000022d88c9c330, 0x0000022d89406010, 0x0000022d896a0490,
0x0000022d89777020, 0x0000022d896013f0, 0x0000022d89604180, 0x0000022d89603250,
0x0000022d89601900, 0x0000022d89604690, 0x0000022d89603c70, 0x0000022d8ae3e3b0,
0x0000022d8ae3f7f0, 0x0000022d8ae3c040, 0x0000022d8ae40210, 0x0000022d8ae3c550,
0x0000022d8ae41b60, 0x0000022d8ae41140, 0x0000022d8ae3ca60, 0x0000022d8ae3f2e0,
0x0000022d8ae3dea0, 0x0000022d8ae3b110, 0x0000022d8ae40c30, 0x0000022d8ae3fd00,
0x0000022d8ae3d480, 0x0000022d8b75c470
}

Java Threads: ( => current thread )
  0x0000022dede003e0 JavaThread "main" [_thread_blocked, id=9588, stack(0x00000078a9400000,0x00000078a9500000)]
  0x0000022dffc84020 JavaThread "Reference Handler" daemon [_thread_blocked, id=8640, stack(0x00000078a9700000,0x00000078a9800000)]
  0x0000022dedea91d0 JavaThread "Finalizer" daemon [_thread_blocked, id=14320, stack(0x00000078a9800000,0x00000078a9900000)]
  0x0000022d86d8cb30 JavaThread "Signal Dispatcher" daemon [_thread_blocked, id=6712, stack(0x00000078a9900000,0x00000078a9a00000)]
  0x0000022d86d8d400 JavaThread "Attach Listener" daemon [_thread_blocked, id=6596, stack(0x00000078a9a00000,0x00000078a9b00000)]
  0x0000022d86d8e730 JavaThread "Service Thread" daemon [_thread_blocked, id=6996, stack(0x00000078a9b00000,0x00000078a9c00000)]
  0x0000022d86d907b0 JavaThread "Monitor Deflation Thread" daemon [_thread_blocked, id=16524, stack(0x00000078a9c00000,0x00000078a9d00000)]
  0x0000022d86d97800 JavaThread "C2 CompilerThread0" daemon [_thread_in_native, id=15468, stack(0x00000078a9d00000,0x00000078a9e00000)]
  0x0000022d86d988b0 JavaThread "C1 CompilerThread0" daemon [_thread_blocked, id=4040, stack(0x00000078a9e00000,0x00000078a9f00000)]
  0x0000022d86d991c0 JavaThread "Sweeper thread" daemon [_thread_blocked, id=9788, stack(0x00000078a9f00000,0x00000078aa000000)]
  0x0000022dede5f070 JavaThread "Common-Cleaner" daemon [_thread_blocked, id=13336, stack(0x00000078aa000000,0x00000078aa100000)]
  0x0000022d8850d950 JavaThread "Notification Thread" daemon [_thread_blocked, id=6316, stack(0x00000078aa200000,0x00000078aa300000)]
  0x0000022d88f7e6d0 JavaThread "Active Thread: Equinox Container: b5d44fd2-1bc9-4e90-a027-78a2798d6718" [_thread_blocked, id=7456, stack(0x00000078aab00000,0x00000078aac00000)]
  0x0000022d88c9c330 JavaThread "Framework Event Dispatcher: Equinox Container: b5d44fd2-1bc9-4e90-a027-78a2798d6718" daemon [_thread_blocked, id=18376, stack(0x00000078aac00000,0x00000078aad00000)]
  0x0000022d89406010 JavaThread "Start Level: Equinox Container: b5d44fd2-1bc9-4e90-a027-78a2798d6718" daemon [_thread_blocked, id=12832, stack(0x00000078aad00000,0x00000078aae00000)]
  0x0000022d896a0490 JavaThread "Bundle File Closer" daemon [_thread_blocked, id=12480, stack(0x00000078aaf00000,0x00000078ab000000)]
  0x0000022d89777020 JavaThread "SCR Component Actor" daemon [_thread_blocked, id=13980, stack(0x00000078ab000000,0x00000078ab100000)]
  0x0000022d896013f0 JavaThread "Worker-JM" [_thread_blocked, id=14228, stack(0x00000078ab400000,0x00000078ab500000)]
  0x0000022d89604180 JavaThread "Worker-0" [_thread_blocked, id=12500, stack(0x00000078ab500000,0x00000078ab600000)]
  0x0000022d89603250 JavaThread "Worker-1" [_thread_blocked, id=6716, stack(0x00000078ab600000,0x00000078ab700000)]
  0x0000022d89601900 JavaThread "Java indexing" daemon [_thread_blocked, id=364, stack(0x00000078ab700000,0x00000078ab800000)]
  0x0000022d89604690 JavaThread "JNA Cleaner" daemon [_thread_blocked, id=15440, stack(0x00000078ab800000,0x00000078ab900000)]
  0x0000022d89603c70 JavaThread "pool-2-thread-1" [_thread_blocked, id=12304, stack(0x00000078abb00000,0x00000078abc00000)]
  0x0000022d8ae3e3b0 JavaThread "WorkspaceEventsHandler" [_thread_blocked, id=17644, stack(0x00000078abc00000,0x00000078abd00000)]
  0x0000022d8ae3f7f0 JavaThread "pool-1-thread-1" [_thread_blocked, id=17160, stack(0x00000078abd00000,0x00000078abe00000)]
  0x0000022d8ae3c040 JavaThread "Worker-2: Initialize Workspace" [_thread_blocked, id=17612, stack(0x00000078abe00000,0x00000078abf00000)]
  0x0000022d8ae40210 JavaThread "Worker-3" [_thread_blocked, id=15868, stack(0x00000078abf00000,0x00000078ac000000)]
  0x0000022d8ae3c550 JavaThread "Timer-0" [_thread_blocked, id=2576, stack(0x00000078ac000000,0x00000078ac100000)]
  0x0000022d8ae41b60 JavaThread "Worker-4" [_thread_blocked, id=16824, stack(0x00000078ac200000,0x00000078ac300000)]
  0x0000022d8ae41140 JavaThread "Worker-5" [_thread_blocked, id=16288, stack(0x00000078ac300000,0x00000078ac400000)]
  0x0000022d8ae3ca60 JavaThread "Exec process" [_thread_blocked, id=14240, stack(0x00000078ac400000,0x00000078ac500000)]
  0x0000022d8ae3f2e0 JavaThread "Exec process Thread 2" [_thread_blocked, id=14048, stack(0x00000078ac500000,0x00000078ac600000)]
  0x0000022d8ae3dea0 JavaThread "Exec process Thread 3" [_thread_blocked, id=15596, stack(0x00000078ac600000,0x00000078ac700000)]
  0x0000022d8ae3b110 JavaThread "Timer-1" [_thread_blocked, id=14840, stack(0x00000078ac100000,0x00000078ac200000)]
  0x0000022d8ae40c30 JavaThread "Connection worker" [_thread_in_native, id=7032, stack(0x00000078ac700000,0x00000078ac800000)]
  0x0000022d8ae3fd00 JavaThread "pool-3-thread-1" [_thread_blocked, id=17060, stack(0x00000078ac800000,0x00000078ac900000)]
  0x0000022d8ae3d480 JavaThread "Forward input" [_thread_blocked, id=15412, stack(0x00000078aca00000,0x00000078acb00000)]
=>0x0000022d8b75c470 JavaThread "C2 CompilerThread1" daemon [_thread_in_native, id=7932, stack(0x00000078aa100000,0x00000078aa200000)]

Other Threads:
  0x0000022dffc6f2a0 VMThread "VM Thread" [stack: 0x00000078a9600000,0x00000078a9700000] [id=17712]
  0x0000022d8707b010 WatcherThread [stack: 0x00000078aa300000,0x00000078aa400000] [id=14432]
  0x0000022dede14d90 GCTaskThread "GC Thread#0" [stack: 0x00000078a9500000,0x00000078a9600000] [id=14776]
  0x0000022d8892c020 GCTaskThread "GC Thread#1" [stack: 0x00000078aa500000,0x00000078aa600000] [id=18216]
  0x0000022d88e50cd0 GCTaskThread "GC Thread#2" [stack: 0x00000078aa600000,0x00000078aa700000] [id=5740]
  0x0000022d88ad3480 GCTaskThread "GC Thread#3" [stack: 0x00000078aa700000,0x00000078aa800000] [id=17048]
  0x0000022d88ad3740 GCTaskThread "GC Thread#4" [stack: 0x00000078aa800000,0x00000078aa900000] [id=11296]
  0x0000022d88ad4210 GCTaskThread "GC Thread#5" [stack: 0x00000078aa900000,0x00000078aaa00000] [id=16728]
  0x0000022d888edf80 GCTaskThread "GC Thread#6" [stack: 0x00000078aaa00000,0x00000078aab00000] [id=13720]
  0x0000022d8874f890 GCTaskThread "GC Thread#7" [stack: 0x00000078aae00000,0x00000078aaf00000] [id=332]
  0x0000022d893e0b50 GCTaskThread "GC Thread#8" [stack: 0x00000078ab100000,0x00000078ab200000] [id=14156]
  0x0000022d8944ad80 GCTaskThread "GC Thread#9" [stack: 0x00000078ab200000,0x00000078ab300000] [id=13492]

Threads with active compile tasks:
C2 CompilerThread0    11002 8318   !   4       java.io.ObjectInputStream::readSerialData (549 bytes)
C2 CompilerThread1    11002 8278       4       java.io.ObjectInputStream::readClassDesc (121 bytes)

VM state: not at safepoint (normal execution)

VM Mutex/Monitor currently owned by a thread: None

Heap address: 0x00000000c0000000, size: 1024 MB, Compressed Oops mode: 32-bit

CDS archive(s) not mapped
Compressed class space mapped at: 0x0000000100000000-0x0000000140000000, reserved size: 1073741824
Narrow klass base: 0x0000000000000000, Narrow klass shift: 3, Narrow klass range: 0x140000000

GC Precious Log:
 CPUs: 12 total, 12 available
 Memory: 16295M
 Large Page Support: Disabled
 NUMA Support: Disabled
 Compressed Oops: Enabled (32-bit)
 Alignments: Space 512K, Generation 512K, Heap 2M
 Heap Min Capacity: 100M
 Heap Initial Capacity: 100M
 Heap Max Capacity: 1G
 Pre-touch: Disabled
 Parallel Workers: 10

Heap:
 PSYoungGen      total 59392K, used 10305K [0x00000000eab00000, 0x00000000eff00000, 0x0000000100000000)
  eden space 36864K, 27% used [0x00000000eab00000,0x00000000eb510608,0x00000000ecf00000)
  from space 22528K, 0% used [0x00000000ee880000,0x00000000ee880000,0x00000000efe80000)
  to   space 24576K, 0% used [0x00000000ecf00000,0x00000000ecf00000,0x00000000ee700000)
 ParOldGen       total 345088K, used 170103K [0x00000000c0000000, 0x00000000d5100000, 0x00000000eab00000)
  object space 345088K, 49% used [0x00000000c0000000,0x00000000ca61df70,0x00000000d5100000)
 Metaspace       used 63999K, committed 65088K, reserved 1114112K
  class space    used 7398K, committed 7872K, reserved 1048576K

Card table byte_map: [0x0000022ded790000,0x0000022ded9a0000] _byte_map_base: 0x0000022ded190000

Marking Bits: (ParMarkBitMap*) 0x00007ffdd84ad7d0
 Begin Bits: [0x0000022d80000000, 0x0000022d81000000)
 End Bits:   [0x0000022d81000000, 0x0000022d82000000)

Polling page: 0x0000022debb80000

Metaspace:

Usage:
  Non-class:     55.27 MB used.
      Class:      7.23 MB used.
       Both:     62.50 MB used.

Virtual space:
  Non-class space:       64.00 MB reserved,      55.88 MB ( 87%) committed,  1 nodes.
      Class space:        1.00 GB reserved,       7.69 MB ( <1%) committed,  1 nodes.
             Both:        1.06 GB reserved,      63.56 MB (  6%) committed. 

Chunk freelists:
   Non-Class:  8.16 MB
       Class:  8.34 MB
        Both:  16.51 MB

MaxMetaspaceSize: unlimited
CompressedClassSpaceSize: 1.00 GB
Initial GC threshold: 21.00 MB
Current GC threshold: 105.44 MB
CDS: off
MetaspaceReclaimPolicy: balanced
 - commit_granule_bytes: 65536.
 - commit_granule_words: 8192.
 - virtual_space_node_default_size: 8388608.
 - enlarge_chunks_in_place: 1.
 - new_chunks_are_fully_committed: 0.
 - uncommit_free_chunks: 1.
 - use_allocation_guard: 0.
 - handle_deallocations: 1.


Internal statistics:

num_allocs_failed_limit: 9.
num_arena_births: 596.
num_arena_deaths: 14.
num_vsnodes_births: 2.
num_vsnodes_deaths: 0.
num_space_committed: 1017.
num_space_uncommitted: 0.
num_chunks_returned_to_freelist: 23.
num_chunks_taken_from_freelist: 2944.
num_chunk_merges: 12.
num_chunk_splits: 1931.
num_chunks_enlarged: 1305.
num_inconsistent_stats: 0.

CodeHeap 'non-profiled nmethods': size=120000Kb used=5017Kb max_used=5017Kb free=114982Kb
 bounds [0x0000022df8560000, 0x0000022df8a50000, 0x0000022dffa90000]
CodeHeap 'profiled nmethods': size=120000Kb used=13130Kb max_used=14392Kb free=106869Kb
 bounds [0x0000022df0a90000, 0x0000022df18a0000, 0x0000022df7fc0000]
CodeHeap 'non-nmethods': size=5760Kb used=1320Kb max_used=1411Kb free=4439Kb
 bounds [0x0000022df7fc0000, 0x0000022df8230000, 0x0000022df8560000]
 total_blobs=7448 nmethods=6792 adapters=570
 compilation: enabled
              stopped_count=0, restarted_count=0
 full_count=0

Compilation events (20 events):
Event: 10.932 Thread 0x0000022d86d988b0 8348       3       sun.nio.ch.WEPollSelectorImpl::toReadyOps (58 bytes)
Event: 10.932 Thread 0x0000022d86d988b0 nmethod 8348 0x0000022df149eb10 code [0x0000022df149eca0, 0x0000022df149ee98]
Event: 10.932 Thread 0x0000022d86d988b0 8349       3       java.nio.MappedByteBuffer::clear (5 bytes)
Event: 10.933 Thread 0x0000022d86d988b0 nmethod 8349 0x0000022df15b8390 code [0x0000022df15b8540, 0x0000022df15b8778]
Event: 10.933 Thread 0x0000022d86d988b0 8353       3       sun.nio.ch.WEPollSelectorImpl::processEvents (152 bytes)
Event: 10.933 Thread 0x0000022d86d988b0 nmethod 8353 0x0000022df1522410 code [0x0000022df1522680, 0x0000022df1523298]
Event: 10.933 Thread 0x0000022d86d988b0 8350       3       sun.nio.ch.SelectionKeyImpl::translateAndUpdateReadyOps (12 bytes)
Event: 10.933 Thread 0x0000022d86d988b0 nmethod 8350 0x0000022df1385e10 code [0x0000022df1385fc0, 0x0000022df1386188]
Event: 10.934 Thread 0x0000022d86d988b0 8351       3       sun.nio.ch.SocketChannelImpl::translateAndUpdateReadyOps (11 bytes)
Event: 10.934 Thread 0x0000022d86d988b0 nmethod 8351 0x0000022df170bb10 code [0x0000022df170bcc0, 0x0000022df170be28]
Event: 10.940 Thread 0x0000022d86d988b0 8354       3       java.lang.Enum::compareTo (44 bytes)
Event: 10.940 Thread 0x0000022d86d988b0 nmethod 8354 0x0000022df17fa190 code [0x0000022df17fa380, 0x0000022df17fa868]
Event: 10.949 Thread 0x0000022d86d988b0 8355       3       java.lang.Class::methodToString (78 bytes)
Event: 10.952 Thread 0x0000022d86d988b0 nmethod 8355 0x0000022df1563910 code [0x0000022df1563c00, 0x0000022df1564a48]
Event: 10.952 Thread 0x0000022d86d988b0 8356       3       java.lang.NoSuchMethodException::<init> (6 bytes)
Event: 10.952 Thread 0x0000022d86d988b0 nmethod 8356 0x0000022df16d6f10 code [0x0000022df16d70c0, 0x0000022df16d72c8]
Event: 10.953 Thread 0x0000022d86d988b0 8357       3       java.io.ObjectStreamField::appendClassSignature (69 bytes)
Event: 10.954 Thread 0x0000022d86d988b0 nmethod 8357 0x0000022df0ceea90 code [0x0000022df0ceed00, 0x0000022df0cef4b8]
Event: 10.954 Thread 0x0000022d86d988b0 8358       3       java.security.CodeSource::<init> (52 bytes)
Event: 10.955 Thread 0x0000022d86d988b0 nmethod 8358 0x0000022df17d7010 code [0x0000022df17d71e0, 0x0000022df17d7638]

GC Heap History (20 events):
Event: 8.317 GC heap before
{Heap before GC invocations=110 (full 7):
 PSYoungGen      total 44032K, used 43873K [0x00000000eab00000, 0x00000000ee380000, 0x0000000100000000)
  eden space 36352K, 100% used [0x00000000eab00000,0x00000000ece80000,0x00000000ece80000)
  from space 7680K, 97% used [0x00000000edc00000,0x00000000ee358410,0x00000000ee380000)
  to   space 10240K, 0% used [0x00000000ecf80000,0x00000000ecf80000,0x00000000ed980000)
 ParOldGen       total 258048K, used 196371K [0x00000000c0000000, 0x00000000cfc00000, 0x00000000eab00000)
  object space 258048K, 76% used [0x00000000c0000000,0x00000000cbfc4cb0,0x00000000cfc00000)
 Metaspace       used 63557K, committed 64576K, reserved 1114112K
  class space    used 7352K, committed 7808K, reserved 1048576K
}
Event: 8.325 GC heap after
{Heap after GC invocations=110 (full 7):
 PSYoungGen      total 47616K, used 8030K [0x00000000eab00000, 0x00000000ee380000, 0x0000000100000000)
  eden space 37376K, 0% used [0x00000000eab00000,0x00000000eab00000,0x00000000ecf80000)
  from space 10240K, 78% used [0x00000000ecf80000,0x00000000ed757958,0x00000000ed980000)
  to   space 8704K, 0% used [0x00000000edb00000,0x00000000edb00000,0x00000000ee380000)
 ParOldGen       total 258048K, used 203851K [0x00000000c0000000, 0x00000000cfc00000, 0x00000000eab00000)
  object space 258048K, 78% used [0x00000000c0000000,0x00000000cc712da8,0x00000000cfc00000)
 Metaspace       used 63557K, committed 64576K, reserved 1114112K
  class space    used 7352K, committed 7808K, reserved 1048576K
}
Event: 8.386 GC heap before
{Heap before GC invocations=111 (full 7):
 PSYoungGen      total 47616K, used 45406K [0x00000000eab00000, 0x00000000ee380000, 0x0000000100000000)
  eden space 37376K, 100% used [0x00000000eab00000,0x00000000ecf80000,0x00000000ecf80000)
  from space 10240K, 78% used [0x00000000ecf80000,0x00000000ed757958,0x00000000ed980000)
  to   space 8704K, 0% used [0x00000000edb00000,0x00000000edb00000,0x00000000ee380000)
 ParOldGen       total 258048K, used 203851K [0x00000000c0000000, 0x00000000cfc00000, 0x00000000eab00000)
  object space 258048K, 78% used [0x00000000c0000000,0x00000000cc712da8,0x00000000cfc00000)
 Metaspace       used 63557K, committed 64576K, reserved 1114112K
  class space    used 7352K, committed 7808K, reserved 1048576K
}
Event: 8.395 GC heap after
{Heap after GC invocations=111 (full 7):
 PSYoungGen      total 49152K, used 8247K [0x00000000eab00000, 0x00000000ee480000, 0x0000000100000000)
  eden space 40448K, 0% used [0x00000000eab00000,0x00000000eab00000,0x00000000ed280000)
  from space 8704K, 94% used [0x00000000edb00000,0x00000000ee30dfd0,0x00000000ee380000)
  to   space 8704K, 0% used [0x00000000ed280000,0x00000000ed280000,0x00000000edb00000)
 ParOldGen       total 258048K, used 211796K [0x00000000c0000000, 0x00000000cfc00000, 0x00000000eab00000)
  object space 258048K, 82% used [0x00000000c0000000,0x00000000cced5358,0x00000000cfc00000)
 Metaspace       used 63557K, committed 64576K, reserved 1114112K
  class space    used 7352K, committed 7808K, reserved 1048576K
}
Event: 8.461 GC heap before
{Heap before GC invocations=112 (full 7):
 PSYoungGen      total 49152K, used 48695K [0x00000000eab00000, 0x00000000ee480000, 0x0000000100000000)
  eden space 40448K, 100% used [0x00000000eab00000,0x00000000ed280000,0x00000000ed280000)
  from space 8704K, 94% used [0x00000000edb00000,0x00000000ee30dfd0,0x00000000ee380000)
  to   space 8704K, 0% used [0x00000000ed280000,0x00000000ed280000,0x00000000edb00000)
 ParOldGen       total 258048K, used 211796K [0x00000000c0000000, 0x00000000cfc00000, 0x00000000eab00000)
  object space 258048K, 82% used [0x00000000c0000000,0x00000000cced5358,0x00000000cfc00000)
 Metaspace       used 63557K, committed 64576K, reserved 1114112K
  class space    used 7352K, committed 7808K, reserved 1048576K
}
Event: 8.470 GC heap after
{Heap after GC invocations=112 (full 7):
 PSYoungGen      total 49152K, used 8683K [0x00000000eab00000, 0x00000000efb00000, 0x0000000100000000)
  eden space 40448K, 0% used [0x00000000eab00000,0x00000000eab00000,0x00000000ed280000)
  from space 8704K, 99% used [0x00000000ed280000,0x00000000edafaca0,0x00000000edb00000)
  to   space 18432K, 0% used [0x00000000ee900000,0x00000000ee900000,0x00000000efb00000)
 ParOldGen       total 258048K, used 219982K [0x00000000c0000000, 0x00000000cfc00000, 0x00000000eab00000)
  object space 258048K, 85% used [0x00000000c0000000,0x00000000cd6d3b40,0x00000000cfc00000)
 Metaspace       used 63557K, committed 64576K, reserved 1114112K
  class space    used 7352K, committed 7808K, reserved 1048576K
}
Event: 8.550 GC heap before
{Heap before GC invocations=113 (full 7):
 PSYoungGen      total 49152K, used 49131K [0x00000000eab00000, 0x00000000efb00000, 0x0000000100000000)
  eden space 40448K, 100% used [0x00000000eab00000,0x00000000ed280000,0x00000000ed280000)
  from space 8704K, 99% used [0x00000000ed280000,0x00000000edafaca0,0x00000000edb00000)
  to   space 18432K, 0% used [0x00000000ee900000,0x00000000ee900000,0x00000000efb00000)
 ParOldGen       total 258048K, used 219982K [0x00000000c0000000, 0x00000000cfc00000, 0x00000000eab00000)
  object space 258048K, 85% used [0x00000000c0000000,0x00000000cd6d3b40,0x00000000cfc00000)
 Metaspace       used 63577K, committed 64640K, reserved 1114112K
  class space    used 7353K, committed 7808K, reserved 1048576K
}
Event: 8.560 GC heap after
{Heap after GC invocations=113 (full 7):
 PSYoungGen      total 53760K, used 8785K [0x00000000eab00000, 0x00000000ef200000, 0x0000000100000000)
  eden space 44544K, 0% used [0x00000000eab00000,0x00000000eab00000,0x00000000ed680000)
  from space 9216K, 95% used [0x00000000ee900000,0x00000000ef1946a0,0x00000000ef200000)
  to   space 11776K, 0% used [0x00000000edb00000,0x00000000edb00000,0x00000000ee680000)
 ParOldGen       total 258048K, used 228460K [0x00000000c0000000, 0x00000000cfc00000, 0x00000000eab00000)
  object space 258048K, 88% used [0x00000000c0000000,0x00000000cdf1b278,0x00000000cfc00000)
 Metaspace       used 63577K, committed 64640K, reserved 1114112K
  class space    used 7353K, committed 7808K, reserved 1048576K
}
Event: 8.636 GC heap before
{Heap before GC invocations=114 (full 7):
 PSYoungGen      total 53760K, used 53329K [0x00000000eab00000, 0x00000000ef200000, 0x0000000100000000)
  eden space 44544K, 100% used [0x00000000eab00000,0x00000000ed680000,0x00000000ed680000)
  from space 9216K, 95% used [0x00000000ee900000,0x00000000ef1946a0,0x00000000ef200000)
  to   space 11776K, 0% used [0x00000000edb00000,0x00000000edb00000,0x00000000ee680000)
 ParOldGen       total 258048K, used 228460K [0x00000000c0000000, 0x00000000cfc00000, 0x00000000eab00000)
  object space 258048K, 88% used [0x00000000c0000000,0x00000000cdf1b278,0x00000000cfc00000)
 Metaspace       used 63588K, committed 64640K, reserved 1114112K
  class space    used 7353K, committed 7808K, reserved 1048576K
}
Event: 8.645 GC heap after
{Heap after GC invocations=114 (full 7):
 PSYoungGen      total 59392K, used 9832K [0x00000000eab00000, 0x00000000eef00000, 0x0000000100000000)
  eden space 49152K, 0% used [0x00000000eab00000,0x00000000eab00000,0x00000000edb00000)
  from space 10240K, 96% used [0x00000000edb00000,0x00000000ee49a2a8,0x00000000ee500000)
  to   space 10240K, 0% used [0x00000000ee500000,0x00000000ee500000,0x00000000eef00000)
 ParOldGen       total 258048K, used 237024K [0x00000000c0000000, 0x00000000cfc00000, 0x00000000eab00000)
  object space 258048K, 91% used [0x00000000c0000000,0x00000000ce7783a8,0x00000000cfc00000)
 Metaspace       used 63588K, committed 64640K, reserved 1114112K
  class space    used 7353K, committed 7808K, reserved 1048576K
}
Event: 8.732 GC heap before
{Heap before GC invocations=115 (full 7):
 PSYoungGen      total 59392K, used 58984K [0x00000000eab00000, 0x00000000eef00000, 0x0000000100000000)
  eden space 49152K, 100% used [0x00000000eab00000,0x00000000edb00000,0x00000000edb00000)
  from space 10240K, 96% used [0x00000000edb00000,0x00000000ee49a2a8,0x00000000ee500000)
  to   space 10240K, 0% used [0x00000000ee500000,0x00000000ee500000,0x00000000eef00000)
 ParOldGen       total 258048K, used 237024K [0x00000000c0000000, 0x00000000cfc00000, 0x00000000eab00000)
  object space 258048K, 91% used [0x00000000c0000000,0x00000000ce7783a8,0x00000000cfc00000)
 Metaspace       used 63588K, committed 64640K, reserved 1114112K
  class space    used 7353K, committed 7808K, reserved 1048576K
}
Event: 8.743 GC heap after
{Heap after GC invocations=115 (full 7):
 PSYoungGen      total 45056K, used 10236K [0x00000000eab00000, 0x00000000f1000000, 0x0000000100000000)
  eden space 34816K, 0% used [0x00000000eab00000,0x00000000eab00000,0x00000000ecd00000)
  from space 10240K, 99% used [0x00000000ee500000,0x00000000eeeff308,0x00000000eef00000)
  to   space 24576K, 0% used [0x00000000ecd00000,0x00000000ecd00000,0x00000000ee500000)
 ParOldGen       total 258048K, used 248839K [0x00000000c0000000, 0x00000000cfc00000, 0x00000000eab00000)
  object space 258048K, 96% used [0x00000000c0000000,0x00000000cf301da8,0x00000000cfc00000)
 Metaspace       used 63588K, committed 64640K, reserved 1114112K
  class space    used 7353K, committed 7808K, reserved 1048576K
}
Event: 8.743 GC heap before
{Heap before GC invocations=116 (full 8):
 PSYoungGen      total 45056K, used 10236K [0x00000000eab00000, 0x00000000f1000000, 0x0000000100000000)
  eden space 34816K, 0% used [0x00000000eab00000,0x00000000eab00000,0x00000000ecd00000)
  from space 10240K, 99% used [0x00000000ee500000,0x00000000eeeff308,0x00000000eef00000)
  to   space 24576K, 0% used [0x00000000ecd00000,0x00000000ecd00000,0x00000000ee500000)
 ParOldGen       total 258048K, used 248839K [0x00000000c0000000, 0x00000000cfc00000, 0x00000000eab00000)
  object space 258048K, 96% used [0x00000000c0000000,0x00000000cf301da8,0x00000000cfc00000)
 Metaspace       used 63588K, committed 64640K, reserved 1114112K
  class space    used 7353K, committed 7808K, reserved 1048576K
}
Event: 8.883 GC heap after
{Heap after GC invocations=116 (full 8):
 PSYoungGen      total 59392K, used 0K [0x00000000eab00000, 0x00000000f0080000, 0x0000000100000000)
  eden space 34816K, 0% used [0x00000000eab00000,0x00000000eab00000,0x00000000ecd00000)
  from space 24576K, 0% used [0x00000000ecd00000,0x00000000ecd00000,0x00000000ee500000)
  to   space 24576K, 0% used [0x00000000ee880000,0x00000000ee880000,0x00000000f0080000)
 ParOldGen       total 258048K, used 256022K [0x00000000c0000000, 0x00000000cfc00000, 0x00000000eab00000)
  object space 258048K, 99% used [0x00000000c0000000,0x00000000cfa058e0,0x00000000cfc00000)
 Metaspace       used 63588K, committed 64640K, reserved 1114112K
  class space    used 7353K, committed 7808K, reserved 1048576K
}
Event: 8.918 GC heap before
{Heap before GC invocations=117 (full 9):
 PSYoungGen      total 59392K, used 34816K [0x00000000eab00000, 0x00000000f0080000, 0x0000000100000000)
  eden space 34816K, 100% used [0x00000000eab00000,0x00000000ecd00000,0x00000000ecd00000)
  from space 24576K, 0% used [0x00000000ecd00000,0x00000000ecd00000,0x00000000ee500000)
  to   space 24576K, 0% used [0x00000000ee880000,0x00000000ee880000,0x00000000f0080000)
 ParOldGen       total 258048K, used 256022K [0x00000000c0000000, 0x00000000cfc00000, 0x00000000eab00000)
  object space 258048K, 99% used [0x00000000c0000000,0x00000000cfa058e0,0x00000000cfc00000)
 Metaspace       used 63588K, committed 64640K, reserved 1114112K
  class space    used 7353K, committed 7808K, reserved 1048576K
}
Event: 9.077 GC heap after
{Heap after GC invocations=117 (full 9):
 PSYoungGen      total 57856K, used 8919K [0x00000000eab00000, 0x00000000eff00000, 0x0000000100000000)
  eden space 34816K, 25% used [0x00000000eab00000,0x00000000eb3b5c38,0x00000000ecd00000)
  from space 23040K, 0% used [0x00000000ee880000,0x00000000ee880000,0x00000000eff00000)
  to   space 24576K, 0% used [0x00000000ecd00000,0x00000000ecd00000,0x00000000ee500000)
 ParOldGen       total 258048K, used 258007K [0x00000000c0000000, 0x00000000cfc00000, 0x00000000eab00000)
  object space 258048K, 99% used [0x00000000c0000000,0x00000000cfbf5e68,0x00000000cfc00000)
 Metaspace       used 63588K, committed 64640K, reserved 1114112K
  class space    used 7353K, committed 7808K, reserved 1048576K
}
Event: 9.096 GC heap before
{Heap before GC invocations=118 (full 10):
 PSYoungGen      total 57856K, used 34816K [0x00000000eab00000, 0x00000000eff00000, 0x0000000100000000)
  eden space 34816K, 100% used [0x00000000eab00000,0x00000000ecd00000,0x00000000ecd00000)
  from space 23040K, 0% used [0x00000000ee880000,0x00000000ee880000,0x00000000eff00000)
  to   space 24576K, 0% used [0x00000000ecd00000,0x00000000ecd00000,0x00000000ee500000)
 ParOldGen       total 258048K, used 258007K [0x00000000c0000000, 0x00000000cfc00000, 0x00000000eab00000)
  object space 258048K, 99% used [0x00000000c0000000,0x00000000cfbf5e68,0x00000000cfc00000)
 Metaspace       used 63588K, committed 64640K, reserved 1114112K
  class space    used 7353K, committed 7808K, reserved 1048576K
}
Event: 9.160 GC heap after
{Heap after GC invocations=118 (full 10):
 PSYoungGen      total 59392K, used 19089K [0x00000000eab00000, 0x00000000efe80000, 0x0000000100000000)
  eden space 34816K, 54% used [0x00000000eab00000,0x00000000ebda47b8,0x00000000ecd00000)
  from space 24576K, 0% used [0x00000000ecd00000,0x00000000ecd00000,0x00000000ee500000)
  to   space 22528K, 0% used [0x00000000ee880000,0x00000000ee880000,0x00000000efe80000)
 ParOldGen       total 258048K, used 258007K [0x00000000c0000000, 0x00000000cfc00000, 0x00000000eab00000)
  object space 258048K, 99% used [0x00000000c0000000,0x00000000cfbf5dc8,0x00000000cfc00000)
 Metaspace       used 63588K, committed 64640K, reserved 1114112K
  class space    used 7353K, committed 7808K, reserved 1048576K
}
Event: 10.615 GC heap before
{Heap before GC invocations=119 (full 11):
 PSYoungGen      total 59392K, used 34816K [0x00000000eab00000, 0x00000000efe80000, 0x0000000100000000)
  eden space 34816K, 100% used [0x00000000eab00000,0x00000000ecd00000,0x00000000ecd00000)
  from space 24576K, 0% used [0x00000000ecd00000,0x00000000ecd00000,0x00000000ee500000)
  to   space 22528K, 0% used [0x00000000ee880000,0x00000000ee880000,0x00000000efe80000)
 ParOldGen       total 258048K, used 258007K [0x00000000c0000000, 0x00000000cfc00000, 0x00000000eab00000)
  object space 258048K, 99% used [0x00000000c0000000,0x00000000cfbf5dc8,0x00000000cfc00000)
 Metaspace       used 63744K, committed 64768K, reserved 1114112K
  class space    used 7360K, committed 7808K, reserved 1048576K
}
Event: 10.675 GC heap after
{Heap after GC invocations=119 (full 11):
 PSYoungGen      total 59392K, used 0K [0x00000000eab00000, 0x00000000eff00000, 0x0000000100000000)
  eden space 36864K, 0% used [0x00000000eab00000,0x00000000eab00000,0x00000000ecf00000)
  from space 22528K, 0% used [0x00000000ee880000,0x00000000ee880000,0x00000000efe80000)
  to   space 24576K, 0% used [0x00000000ecf00000,0x00000000ecf00000,0x00000000ee700000)
 ParOldGen       total 345088K, used 170103K [0x00000000c0000000, 0x00000000d5100000, 0x00000000eab00000)
  object space 345088K, 49% used [0x00000000c0000000,0x00000000ca61df70,0x00000000d5100000)
 Metaspace       used 63744K, committed 64768K, reserved 1114112K
  class space    used 7360K, committed 7808K, reserved 1048576K
}

Dll operation events (15 events):
Event: 0.007 Loaded shared library c:\Users\TDR SOFTWARE PVT LTD\.vscode\extensions\redhat.java-1.28.1-win32-x64\jre\17.0.10-win32-x86_64\bin\java.dll
Event: 0.097 Loaded shared library c:\Users\TDR SOFTWARE PVT LTD\.vscode\extensions\redhat.java-1.28.1-win32-x64\jre\17.0.10-win32-x86_64\bin\zip.dll
Event: 0.098 Loaded shared library C:\Users\TDR SOFTWARE PVT LTD\.vscode\extensions\redhat.java-1.28.1-win32-x64\jre\17.0.10-win32-x86_64\bin\instrument.dll
Event: 0.109 Loaded shared library C:\Users\TDR SOFTWARE PVT LTD\.vscode\extensions\redhat.java-1.28.1-win32-x64\jre\17.0.10-win32-x86_64\bin\net.dll
Event: 0.110 Loaded shared library C:\Users\TDR SOFTWARE PVT LTD\.vscode\extensions\redhat.java-1.28.1-win32-x64\jre\17.0.10-win32-x86_64\bin\nio.dll
Event: 0.115 Loaded shared library C:\Users\TDR SOFTWARE PVT LTD\.vscode\extensions\redhat.java-1.28.1-win32-x64\jre\17.0.10-win32-x86_64\bin\zip.dll
Event: 0.124 Loaded shared library C:\Users\TDR SOFTWARE PVT LTD\.vscode\extensions\redhat.java-1.28.1-win32-x64\jre\17.0.10-win32-x86_64\bin\jimage.dll
Event: 0.159 Loaded shared library c:\Users\TDR SOFTWARE PVT LTD\.vscode\extensions\redhat.java-1.28.1-win32-x64\jre\17.0.10-win32-x86_64\bin\verify.dll
Event: 0.734 Loaded shared library C:\Users\TDR SOFTWARE PVT LTD\AppData\Roaming\Code\User\globalStorage\redhat.java\1.28.1\config_win\org.eclipse.equinox.launcher\org.eclipse.equinox.launcher.win32.win32.x86_64_1.2.900.v20240129-1338\eclipse_11900.dll
Event: 2.333 Loaded shared library C:\Users\TDR SOFTWARE PVT LTD\AppData\Local\Temp\jna-1307018927\jna15266608262754539562.dll
Event: 4.962 Loaded shared library C:\Users\TDR SOFTWARE PVT LTD\.gradle\native\c067742578af261105cb4f569cf0c3c89f3d7b1fecec35dd04571415982c5e48\windows-amd64\native-platform.dll
Event: 5.623 Loaded shared library C:\Users\TDR SOFTWARE PVT LTD\.vscode\extensions\redhat.java-1.28.1-win32-x64\jre\17.0.10-win32-x86_64\bin\management.dll
Event: 5.625 Loaded shared library C:\Users\TDR SOFTWARE PVT LTD\.vscode\extensions\redhat.java-1.28.1-win32-x64\jre\17.0.10-win32-x86_64\bin\management_ext.dll
Event: 6.309 Loaded shared library C:\Users\TDR SOFTWARE PVT LTD\.vscode\extensions\redhat.java-1.28.1-win32-x64\jre\17.0.10-win32-x86_64\bin\extnet.dll
Event: 6.355 Loaded shared library C:\Users\TDR SOFTWARE PVT LTD\.vscode\extensions\redhat.java-1.28.1-win32-x64\jre\17.0.10-win32-x86_64\bin\sunmscapi.dll

Deoptimization events (20 events):
Event: 8.721 Thread 0x0000022d89601900 DEOPT PACKING pc=0x0000022df162824e sp=0x00000078ab7fed50
Event: 8.721 Thread 0x0000022d89601900 DEOPT UNPACKING pc=0x0000022df8016e43 sp=0x00000078ab7fe260 mode 0
Event: 10.207 Thread 0x0000022d8ae40c30 DEOPT PACKING pc=0x0000022df188b010 sp=0x00000078ac7fd250
Event: 10.207 Thread 0x0000022d8ae40c30 DEOPT UNPACKING pc=0x0000022df8016e43 sp=0x00000078ac7fc710 mode 0
Event: 10.239 Thread 0x0000022d8ae40c30 Uncommon trap: trap_request=0xffffffdc fr.pc=0x0000022df87488c8 relative=0x00000000000002a8
Event: 10.239 Thread 0x0000022d8ae40c30 Uncommon trap: reason=class_check action=make_not_entrant pc=0x0000022df87488c8 method=java.util.ArrayList.toArray([Ljava/lang/Object;)[Ljava/lang/Object; @ 21 c2
Event: 10.239 Thread 0x0000022d8ae40c30 DEOPT PACKING pc=0x0000022df87488c8 sp=0x00000078ac7fe200
Event: 10.239 Thread 0x0000022d8ae40c30 DEOPT UNPACKING pc=0x0000022df80166a3 sp=0x00000078ac7fe1d0 mode 2
Event: 10.711 Thread 0x0000022d8ae40c30 Uncommon trap: trap_request=0xffffff45 fr.pc=0x0000022df8a42168 relative=0x0000000000000428
Event: 10.711 Thread 0x0000022d8ae40c30 Uncommon trap: reason=unstable_if action=reinterpret pc=0x0000022df8a42168 method=java.lang.ClassValue.getCacheCarefully(Ljava/lang/Class;)[Ljava/lang/ClassValue$Entry; @ 6 c2
Event: 10.711 Thread 0x0000022d8ae40c30 DEOPT PACKING pc=0x0000022df8a42168 sp=0x00000078ac7fd0d0
Event: 10.711 Thread 0x0000022d8ae40c30 DEOPT UNPACKING pc=0x0000022df80166a3 sp=0x00000078ac7fcfa0 mode 2
Event: 10.718 Thread 0x0000022d8ae40c30 Uncommon trap: trap_request=0xffffffd6 fr.pc=0x0000022df8a0ac0c relative=0x0000000000000c4c
Event: 10.718 Thread 0x0000022d8ae40c30 Uncommon trap: reason=array_check action=maybe_recompile pc=0x0000022df8a0ac0c method=java.util.TimSort.binarySort([Ljava/lang/Object;IIILjava/util/Comparator;)V @ 215 c2
Event: 10.718 Thread 0x0000022d8ae40c30 DEOPT PACKING pc=0x0000022df8a0ac0c sp=0x00000078ac7fb720
Event: 10.718 Thread 0x0000022d8ae40c30 DEOPT UNPACKING pc=0x0000022df80166a3 sp=0x00000078ac7fb6e8 mode 2
Event: 10.718 Thread 0x0000022d8ae40c30 Uncommon trap: trap_request=0xffffffd6 fr.pc=0x0000022df8a0ac0c relative=0x0000000000000c4c
Event: 10.718 Thread 0x0000022d8ae40c30 Uncommon trap: reason=array_check action=maybe_recompile pc=0x0000022df8a0ac0c method=java.util.TimSort.binarySort([Ljava/lang/Object;IIILjava/util/Comparator;)V @ 215 c2
Event: 10.718 Thread 0x0000022d8ae40c30 DEOPT PACKING pc=0x0000022df8a0ac0c sp=0x00000078ac7fb720
Event: 10.718 Thread 0x0000022d8ae40c30 DEOPT UNPACKING pc=0x0000022df80166a3 sp=0x00000078ac7fb6e8 mode 2

Classes unloaded (7 events):
Event: 2.353 Thread 0x0000022dffc6f2a0 Unloading class 0x0000000100254400 'java/lang/invoke/LambdaForm$MH+0x0000000100254400'
Event: 2.353 Thread 0x0000022dffc6f2a0 Unloading class 0x0000000100254000 'java/lang/invoke/LambdaForm$MH+0x0000000100254000'
Event: 2.353 Thread 0x0000022dffc6f2a0 Unloading class 0x0000000100253c00 'java/lang/invoke/LambdaForm$MH+0x0000000100253c00'
Event: 2.353 Thread 0x0000022dffc6f2a0 Unloading class 0x0000000100253800 'java/lang/invoke/LambdaForm$MH+0x0000000100253800'
Event: 2.353 Thread 0x0000022dffc6f2a0 Unloading class 0x0000000100253400 'java/lang/invoke/LambdaForm$BMH+0x0000000100253400'
Event: 2.353 Thread 0x0000022dffc6f2a0 Unloading class 0x0000000100253000 'java/lang/invoke/LambdaForm$DMH+0x0000000100253000'
Event: 2.353 Thread 0x0000022dffc6f2a0 Unloading class 0x0000000100250400 'java/lang/invoke/LambdaForm$DMH+0x0000000100250400'

Classes redefined (0 events):
No events

Internal exceptions (20 events):
Event: 6.120 Thread 0x0000022d8ae3c040 Exception <a 'java/lang/NoSuchMethodError'{0x00000000eb3aa588}: 'java.lang.Object java.lang.invoke.DirectMethodHandle$Holder.invokeSpecial(java.lang.Object, java.lang.Object, java.lang.Object, java.lang.Object, int)'> (0x00000000eb3aa588) 
thrown [s\src\hotspot\share\interpreter\linkResolver.cpp, line 759]
Event: 6.120 Thread 0x0000022d8ae3c040 Exception <a 'java/lang/NoSuchMethodError'{0x00000000eb3ad9e8}: 'java.lang.Object java.lang.invoke.Invokers$Holder.linkToTargetMethod(java.lang.Object, java.lang.Object, int, java.lang.Object)'> (0x00000000eb3ad9e8) 
thrown [s\src\hotspot\share\interpreter\linkResolver.cpp, line 759]
Event: 6.484 Thread 0x0000022d8ae40c30 Exception <a 'java/lang/NoSuchMethodError'{0x00000000eac8bfc0}: static Lorg/gradle/internal/build/event/types/AbstractProgressEvent;.<clinit>()V> (0x00000000eac8bfc0) 
thrown [s\src\hotspot\share\prims\jni.cpp, line 1107]
Event: 6.486 Thread 0x0000022d8ae40c30 Exception <a 'java/lang/NoSuchMethodError'{0x00000000ead39840}: static Lorg/gradle/internal/build/event/types/DefaultOperationStartedProgressEvent;.<clinit>()V> (0x00000000ead39840) 
thrown [s\src\hotspot\share\prims\jni.cpp, line 1107]
Event: 6.487 Thread 0x0000022d8ae40c30 Exception <a 'java/lang/NoSuchMethodError'{0x00000000ead6eeb0}: static Lorg/gradle/internal/build/event/types/DefaultOperationDescriptor;.<clinit>()V> (0x00000000ead6eeb0) 
thrown [s\src\hotspot\share\prims\jni.cpp, line 1107]
Event: 6.489 Thread 0x0000022d8ae40c30 Exception <a 'java/lang/NoSuchMethodError'{0x00000000eae16990}: static Lorg/gradle/internal/operations/OperationIdentifier;.<clinit>()V> (0x00000000eae16990) 
thrown [s\src\hotspot\share\prims\jni.cpp, line 1107]
Event: 6.537 Thread 0x0000022d8ae40c30 Exception <a 'java/lang/NoSuchMethodError'{0x00000000eabb8690}: static Lorg/gradle/internal/build/event/types/DefaultOperationFinishedProgressEvent;.<clinit>()V> (0x00000000eabb8690) 
thrown [s\src\hotspot\share\prims\jni.cpp, line 1107]
Event: 6.540 Thread 0x0000022d8ae40c30 Exception <a 'java/lang/NoSuchMethodError'{0x00000000eac57880}: static Lorg/gradle/internal/build/event/types/AbstractResult;.<clinit>()V> (0x00000000eac57880) 
thrown [s\src\hotspot\share\prims\jni.cpp, line 1107]
Event: 6.541 Thread 0x0000022d8ae40c30 Exception <a 'java/lang/NoSuchMethodError'{0x00000000eacd4810}: static Lorg/gradle/internal/build/event/types/AbstractOperationResult;.<clinit>()V> (0x00000000eacd4810) 
thrown [s\src\hotspot\share\prims\jni.cpp, line 1107]
Event: 6.542 Thread 0x0000022d8ae40c30 Exception <a 'java/lang/NoSuchMethodError'{0x00000000ead22c68}: static Lorg/gradle/internal/build/event/types/DefaultSuccessResult;.<clinit>()V> (0x00000000ead22c68) 
thrown [s\src\hotspot\share\prims\jni.cpp, line 1107]
Event: 10.237 Thread 0x0000022d8ae40c30 Exception <a 'java/lang/NoSuchMethodError'{0x00000000ec93d160}: static Lorg/gradle/internal/build/event/types/DefaultBuildPhaseDescriptor;.<clinit>()V> (0x00000000ec93d160) 
thrown [s\src\hotspot\share\prims\jni.cpp, line 1107]
Event: 10.262 Thread 0x0000022d8ae40c30 Exception <a 'java/lang/NoSuchMethodError'{0x00000000ec9e8710}: static Lorg/gradle/internal/build/event/types/DefaultProjectConfigurationDescriptor;.<clinit>()V> (0x00000000ec9e8710) 
thrown [s\src\hotspot\share\prims\jni.cpp, line 1107]
Event: 10.711 Thread 0x0000022d8ae40c30 Implicit null exception at 0x0000022df8a41da4 to 0x0000022df8a42150
Event: 10.712 Thread 0x0000022d8ae40c30 Exception <a 'java/lang/NoSuchMethodError'{0x00000000eaf3c468}: static Lorg/gradle/internal/build/event/types/AbstractProjectConfigurationResult;.<clinit>()V> (0x00000000eaf3c468) 
thrown [s\src\hotspot\share\prims\jni.cpp, line 1107]
Event: 10.713 Thread 0x0000022d8ae40c30 Exception <a 'java/lang/NoSuchMethodError'{0x00000000eaf4b8b0}: static Lorg/gradle/internal/build/event/types/DefaultProjectConfigurationSuccessResult;.<clinit>()V> (0x00000000eaf4b8b0) 
thrown [s\src\hotspot\share\prims\jni.cpp, line 1107]
Event: 10.716 Thread 0x0000022d8ae40c30 Exception <a 'java/lang/NoSuchMethodError'{0x00000000eaf808b8}: static Lorg/gradle/internal/build/event/types/DefaultPluginApplicationResult;.<clinit>()V> (0x00000000eaf808b8) 
thrown [s\src\hotspot\share\prims\jni.cpp, line 1107]
Event: 10.718 Thread 0x0000022d8ae40c30 Exception <a 'java/lang/NoSuchMethodError'{0x00000000eaf9f4b0}: static Lorg/gradle/internal/build/event/types/DefaultBinaryPluginIdentifier;.<clinit>()V> (0x00000000eaf9f4b0) 
thrown [s\src\hotspot\share\prims\jni.cpp, line 1107]
Event: 10.721 Thread 0x0000022d8ae40c30 Exception <a 'java/lang/NoSuchMethodError'{0x00000000eafc3b10}: static Lorg/gradle/internal/build/event/types/DefaultScriptPluginIdentifier;.<clinit>()V> (0x00000000eafc3b10) 
thrown [s\src\hotspot\share\prims\jni.cpp, line 1107]
Event: 10.949 Thread 0x0000022d8ae40c30 Exception <a 'java/lang/NoSuchMethodError'{0x00000000eb265b28}: static Lorg/gradle/internal/build/event/types/DefaultTaskStartedProgressEvent;.<clinit>()V> (0x00000000eb265b28) 
thrown [s\src\hotspot\share\prims\jni.cpp, line 1107]
Event: 10.953 Thread 0x0000022d8ae40c30 Exception <a 'java/lang/NoSuchMethodError'{0x00000000eb2851b8}: static Lorg/gradle/internal/build/event/types/DefaultTaskDescriptor;.<clinit>()V> (0x00000000eb2851b8) 
thrown [s\src\hotspot\share\prims\jni.cpp, line 1107]

VM Operations (20 events):
Event: 8.460 Executing VM operation: ParallelGCFailedAllocation
Event: 8.470 Executing VM operation: ParallelGCFailedAllocation done
Event: 8.550 Executing VM operation: ParallelGCFailedAllocation
Event: 8.560 Executing VM operation: ParallelGCFailedAllocation done
Event: 8.635 Executing VM operation: ParallelGCFailedAllocation
Event: 8.645 Executing VM operation: ParallelGCFailedAllocation done
Event: 8.732 Executing VM operation: ParallelGCFailedAllocation
Event: 8.883 Executing VM operation: ParallelGCFailedAllocation done
Event: 8.918 Executing VM operation: ParallelGCFailedAllocation
Event: 9.077 Executing VM operation: ParallelGCFailedAllocation done
Event: 9.096 Executing VM operation: ParallelGCFailedAllocation
Event: 9.160 Executing VM operation: ParallelGCFailedAllocation done
Event: 10.614 Executing VM operation: ParallelGCFailedAllocation
Event: 10.676 Executing VM operation: ParallelGCFailedAllocation done
Event: 10.948 Executing VM operation: HandshakeAllThreads
Event: 10.948 Executing VM operation: HandshakeAllThreads done
Event: 10.952 Executing VM operation: HandshakeAllThreads
Event: 10.952 Executing VM operation: HandshakeAllThreads done
Event: 10.975 Executing VM operation: HandshakeAllThreads
Event: 10.975 Executing VM operation: HandshakeAllThreads done

Events (20 events):
Event: 6.957 Thread 0x0000022d86d991c0 flushing nmethod 0x0000022df17d3e10
Event: 6.957 Thread 0x0000022d86d991c0 flushing nmethod 0x0000022df17d4310
Event: 6.957 Thread 0x0000022d86d991c0 flushing nmethod 0x0000022df17d7010
Event: 6.957 Thread 0x0000022d86d991c0 flushing nmethod 0x0000022df17e0310
Event: 6.957 Thread 0x0000022d86d991c0 flushing nmethod 0x0000022df17ef410
Event: 6.957 Thread 0x0000022d86d991c0 flushing nmethod 0x0000022df17f7c90
Event: 6.957 Thread 0x0000022d86d991c0 flushing nmethod 0x0000022df17fa190
Event: 6.957 Thread 0x0000022d86d991c0 flushing nmethod 0x0000022df17fa710
Event: 6.957 Thread 0x0000022d86d991c0 flushing nmethod 0x0000022df17fbf90
Event: 6.958 Thread 0x0000022d86d991c0 flushing nmethod 0x0000022df1822d10
Event: 6.958 Thread 0x0000022d86d991c0 flushing nmethod 0x0000022df186c290
Event: 6.958 Thread 0x0000022d86d991c0 flushing nmethod 0x0000022df186d390
Event: 6.958 Thread 0x0000022d86d991c0 flushing nmethod 0x0000022df187eb10
Event: 7.892 Thread 0x0000022d888f04f0 Thread exited: 0x0000022d888f04f0
Event: 7.923 Thread 0x0000022d86f635e0 Thread exited: 0x0000022d86f635e0
Event: 8.498 Thread 0x0000022d8b75c470 Thread added: 0x0000022d8b75c470
Event: 8.629 Thread 0x0000022d8b75c470 Thread exited: 0x0000022d8b75c470
Event: 10.587 Thread 0x0000022d8b75c470 Thread added: 0x0000022d8b75c470
Event: 10.718 loading class java/time/Ser
Event: 10.719 loading class java/time/Ser done


Dynamic libraries:
0x00007ff7cbe90000 - 0x00007ff7cbe9e000 	c:\Users\TDR SOFTWARE PVT LTD\.vscode\extensions\redhat.java-1.28.1-win32-x64\jre\17.0.10-win32-x86_64\bin\java.exe
0x00007ffe074d0000 - 0x00007ffe076e6000 	C:\WINDOWS\SYSTEM32\ntdll.dll
0x00007ffe05850000 - 0x00007ffe05914000 	C:\WINDOWS\System32\KERNEL32.DLL
0x00007ffe04bd0000 - 0x00007ffe04f76000 	C:\WINDOWS\System32\KERNELBASE.dll
0x00007ffe04ab0000 - 0x00007ffe04bc1000 	C:\WINDOWS\System32\ucrtbase.dll
0x00007ffdece10000 - 0x00007ffdece27000 	c:\Users\TDR SOFTWARE PVT LTD\.vscode\extensions\redhat.java-1.28.1-win32-x64\jre\17.0.10-win32-x86_64\bin\jli.dll
0x00007ffdec080000 - 0x00007ffdec09b000 	c:\Users\TDR SOFTWARE PVT LTD\.vscode\extensions\redhat.java-1.28.1-win32-x64\jre\17.0.10-win32-x86_64\bin\VCRUNTIME140.dll
0x00007ffe07230000 - 0x00007ffe073dd000 	C:\WINDOWS\System32\USER32.dll
0x00007ffdf8820000 - 0x00007ffdf8ab3000 	C:\WINDOWS\WinSxS\amd64_microsoft.windows.common-controls_6595b64144ccf1df_6.0.22621.3235_none_270f74e173860f98\COMCTL32.dll
0x00007ffe04810000 - 0x00007ffe04836000 	C:\WINDOWS\System32\win32u.dll
0x00007ffe05920000 - 0x00007ffe05949000 	C:\WINDOWS\System32\GDI32.dll
0x00007ffe069c0000 - 0x00007ffe06a67000 	C:\WINDOWS\System32\msvcrt.dll
0x00007ffe04870000 - 0x00007ffe04988000 	C:\WINDOWS\System32\gdi32full.dll
0x00007ffe04a10000 - 0x00007ffe04aaa000 	C:\WINDOWS\System32\msvcp_win.dll
0x00007ffe06a70000 - 0x00007ffe06aa1000 	C:\WINDOWS\System32\IMM32.DLL
0x00007ffdff2e0000 - 0x00007ffdff2ec000 	c:\Users\TDR SOFTWARE PVT LTD\.vscode\extensions\redhat.java-1.28.1-win32-x64\jre\17.0.10-win32-x86_64\bin\vcruntime140_1.dll
0x00007ffde47e0000 - 0x00007ffde486d000 	c:\Users\TDR SOFTWARE PVT LTD\.vscode\extensions\redhat.java-1.28.1-win32-x64\jre\17.0.10-win32-x86_64\bin\msvcp140.dll
0x00007ffdd7910000 - 0x00007ffdd8572000 	c:\Users\TDR SOFTWARE PVT LTD\.vscode\extensions\redhat.java-1.28.1-win32-x64\jre\17.0.10-win32-x86_64\bin\server\jvm.dll
0x00007ffe070f0000 - 0x00007ffe071a2000 	C:\WINDOWS\System32\ADVAPI32.dll
0x00007ffe073e0000 - 0x00007ffe07488000 	C:\WINDOWS\System32\sechost.dll
0x00007ffe04840000 - 0x00007ffe04868000 	C:\WINDOWS\System32\bcrypt.dll
0x00007ffe061b0000 - 0x00007ffe062c5000 	C:\WINDOWS\System32\RPCRT4.dll
0x00007ffdf0910000 - 0x00007ffdf0919000 	C:\WINDOWS\SYSTEM32\WSOCK32.dll
0x00007ffe03b10000 - 0x00007ffe03b5d000 	C:\WINDOWS\SYSTEM32\POWRPROF.dll
0x00007ffdf85a0000 - 0x00007ffdf85d4000 	C:\WINDOWS\SYSTEM32\WINMM.dll
0x00007ffe071b0000 - 0x00007ffe07221000 	C:\WINDOWS\System32\WS2_32.dll
0x00007ffdfc9d0000 - 0x00007ffdfc9da000 	C:\WINDOWS\SYSTEM32\VERSION.dll
0x00007ffe03af0000 - 0x00007ffe03b03000 	C:\WINDOWS\SYSTEM32\UMPDC.dll
0x00007ffe03810000 - 0x00007ffe03828000 	C:\WINDOWS\SYSTEM32\kernel.appcore.dll
0x00007ffdfd380000 - 0x00007ffdfd38a000 	c:\Users\TDR SOFTWARE PVT LTD\.vscode\extensions\redhat.java-1.28.1-win32-x64\jre\17.0.10-win32-x86_64\bin\jimage.dll
0x00007ffdef8a0000 - 0x00007ffdefad3000 	C:\WINDOWS\SYSTEM32\DBGHELP.DLL
0x00007ffe06d00000 - 0x00007ffe07088000 	C:\WINDOWS\System32\combase.dll
0x00007ffe05220000 - 0x00007ffe052f7000 	C:\WINDOWS\System32\OLEAUT32.dll
0x00007ffdf3570000 - 0x00007ffdf35a2000 	C:\WINDOWS\SYSTEM32\dbgcore.DLL
0x00007ffe04990000 - 0x00007ffe04a0a000 	C:\WINDOWS\System32\bcryptPrimitives.dll
0x00007ffdf87c0000 - 0x00007ffdf87ce000 	c:\Users\TDR SOFTWARE PVT LTD\.vscode\extensions\redhat.java-1.28.1-win32-x64\jre\17.0.10-win32-x86_64\bin\instrument.dll
0x00007ffde4ee0000 - 0x00007ffde4f05000 	c:\Users\TDR SOFTWARE PVT LTD\.vscode\extensions\redhat.java-1.28.1-win32-x64\jre\17.0.10-win32-x86_64\bin\java.dll
0x00007ffdef4b0000 - 0x00007ffdef4c8000 	c:\Users\TDR SOFTWARE PVT LTD\.vscode\extensions\redhat.java-1.28.1-win32-x64\jre\17.0.10-win32-x86_64\bin\zip.dll
0x00007ffe05950000 - 0x00007ffe061ad000 	C:\WINDOWS\System32\SHELL32.dll
0x00007ffe02720000 - 0x00007ffe03018000 	C:\WINDOWS\SYSTEM32\windows.storage.dll
0x00007ffe025e0000 - 0x00007ffe0271e000 	C:\WINDOWS\SYSTEM32\wintypes.dll
0x00007ffe05750000 - 0x00007ffe05843000 	C:\WINDOWS\System32\SHCORE.dll
0x00007ffe05500000 - 0x00007ffe0555e000 	C:\WINDOWS\System32\shlwapi.dll
0x00007ffe04740000 - 0x00007ffe04766000 	C:\WINDOWS\SYSTEM32\profapi.dll
0x00007ffdebec0000 - 0x00007ffdebed9000 	C:\Users\TDR SOFTWARE PVT LTD\.vscode\extensions\redhat.java-1.28.1-win32-x64\jre\17.0.10-win32-x86_64\bin\net.dll
0x00007ffdff0a0000 - 0x00007ffdff1d7000 	C:\WINDOWS\SYSTEM32\WINHTTP.dll
0x00007ffe03d70000 - 0x00007ffe03dd9000 	C:\WINDOWS\system32\mswsock.dll
0x00007ffdeb620000 - 0x00007ffdeb636000 	C:\Users\TDR SOFTWARE PVT LTD\.vscode\extensions\redhat.java-1.28.1-win32-x64\jre\17.0.10-win32-x86_64\bin\nio.dll
0x00007ffdf42b0000 - 0x00007ffdf42c0000 	c:\Users\TDR SOFTWARE PVT LTD\.vscode\extensions\redhat.java-1.28.1-win32-x64\jre\17.0.10-win32-x86_64\bin\verify.dll
0x00007ffde4a40000 - 0x00007ffde4a7e000 	C:\Users\TDR SOFTWARE PVT LTD\AppData\Roaming\Code\User\globalStorage\redhat.java\1.28.1\config_win\org.eclipse.equinox.launcher\org.eclipse.equinox.launcher.win32.win32.x86_64_1.2.900.v20240129-1338\eclipse_11900.dll
0x00007ffe06760000 - 0x00007ffe068ff000 	C:\WINDOWS\System32\ole32.dll
0x00007ffe040c0000 - 0x00007ffe040db000 	C:\WINDOWS\SYSTEM32\CRYPTSP.dll
0x00007ffe03770000 - 0x00007ffe037a5000 	C:\WINDOWS\system32\rsaenh.dll
0x00007ffe03e10000 - 0x00007ffe03e3c000 	C:\WINDOWS\SYSTEM32\USERENV.dll
0x00007ffe040a0000 - 0x00007ffe040ac000 	C:\WINDOWS\SYSTEM32\CRYPTBASE.dll
0x00007ffe03280000 - 0x00007ffe032ad000 	C:\WINDOWS\SYSTEM32\IPHLPAPI.DLL
0x00007ffe06750000 - 0x00007ffe06759000 	C:\WINDOWS\System32\NSI.dll
0x00007ffdfeec0000 - 0x00007ffdfeed9000 	C:\WINDOWS\SYSTEM32\dhcpcsvc6.DLL
0x00007ffdfeea0000 - 0x00007ffdfeebf000 	C:\WINDOWS\SYSTEM32\dhcpcsvc.DLL
0x00007ffe032f0000 - 0x00007ffe033e9000 	C:\WINDOWS\SYSTEM32\DNSAPI.dll
0x00007ffdeb640000 - 0x00007ffdeb685000 	C:\Users\TDR SOFTWARE PVT LTD\AppData\Local\Temp\jna-1307018927\jna15266608262754539562.dll
0x00007ffe069b0000 - 0x00007ffe069b8000 	C:\WINDOWS\System32\PSAPI.DLL
0x00007ffdffdf0000 - 0x00007ffdffe17000 	C:\Users\TDR SOFTWARE PVT LTD\.gradle\native\c067742578af261105cb4f569cf0c3c89f3d7b1fecec35dd04571415982c5e48\windows-amd64\native-platform.dll
0x00007ffdf3900000 - 0x00007ffdf3909000 	C:\Users\TDR SOFTWARE PVT LTD\.vscode\extensions\redhat.java-1.28.1-win32-x64\jre\17.0.10-win32-x86_64\bin\management.dll
0x00007ffdf35d0000 - 0x00007ffdf35db000 	C:\Users\TDR SOFTWARE PVT LTD\.vscode\extensions\redhat.java-1.28.1-win32-x64\jre\17.0.10-win32-x86_64\bin\management_ext.dll
0x00007ffdf3550000 - 0x00007ffdf3559000 	C:\Users\TDR SOFTWARE PVT LTD\.vscode\extensions\redhat.java-1.28.1-win32-x64\jre\17.0.10-win32-x86_64\bin\extnet.dll
0x00007ffdf32f0000 - 0x00007ffdf32fe000 	C:\Users\TDR SOFTWARE PVT LTD\.vscode\extensions\redhat.java-1.28.1-win32-x64\jre\17.0.10-win32-x86_64\bin\sunmscapi.dll
0x00007ffe04f80000 - 0x00007ffe050e6000 	C:\WINDOWS\System32\CRYPT32.dll
0x00007ffe041d0000 - 0x00007ffe041fe000 	C:\WINDOWS\SYSTEM32\ncrypt.dll
0x00007ffe04190000 - 0x00007ffe041c7000 	C:\WINDOWS\SYSTEM32\NTASN1.dll
0x00007ffddc6f0000 - 0x00007ffddc6f8000 	C:\WINDOWS\system32\wshunix.dll

dbghelp: loaded successfully - version: 4.0.5 - missing functions: none
symbol engine: initialized successfully - sym options: 0x614 - pdb path: .;c:\Users\TDR SOFTWARE PVT LTD\.vscode\extensions\redhat.java-1.28.1-win32-x64\jre\17.0.10-win32-x86_64\bin;C:\WINDOWS\SYSTEM32;C:\WINDOWS\WinSxS\amd64_microsoft.windows.common-controls_6595b64144ccf1df_6.0.22621.3235_none_270f74e173860f98;c:\Users\TDR SOFTWARE PVT LTD\.vscode\extensions\redhat.java-1.28.1-win32-x64\jre\17.0.10-win32-x86_64\bin\server;C:\Users\TDR SOFTWARE PVT LTD\AppData\Roaming\Code\User\globalStorage\redhat.java\1.28.1\config_win\org.eclipse.equinox.launcher\org.eclipse.equinox.launcher.win32.win32.x86_64_1.2.900.v20240129-1338;C:\Users\TDR SOFTWARE PVT LTD\AppData\Local\Temp\jna-1307018927;C:\Users\TDR SOFTWARE PVT LTD\.gradle\native\c067742578af261105cb4f569cf0c3c89f3d7b1fecec35dd04571415982c5e48\windows-amd64

VM Arguments:
jvm_args: --add-modules=ALL-SYSTEM --add-opens=java.base/java.util=ALL-UNNAMED --add-opens=java.base/java.lang=ALL-UNNAMED --add-opens=java.base/sun.nio.fs=ALL-UNNAMED -Declipse.application=org.eclipse.jdt.ls.core.id1 -Dosgi.bundles.defaultStartLevel=4 -Declipse.product=org.eclipse.jdt.ls.core.product -Djava.import.generatesMetadataFilesAtProjectRoot=false -DDetectVMInstallationsJob.disabled=true -Dfile.encoding=utf8 -XX:+UseParallelGC -XX:GCTimeRatio=4 -XX:AdaptiveSizePolicyWeight=90 -Dsun.zip.disableMemoryMapping=true -Xmx1G -Xms100m -Xlog:disable -javaagent:c:\Users\TDR SOFTWARE PVT LTD\.vscode\extensions\redhat.java-1.28.1-win32-x64\lombok\lombok-1.18.31.jar -XX:+HeapDumpOnOutOfMemoryError -XX:HeapDumpPath=c:\Users\TDR SOFTWARE PVT LTD\AppData\Roaming\Code\User\workspaceStorage\dda9ed2ddc5e0cadd90f1bcc6f87684a\redhat.java -Daether.dependencyCollector.impl=bf 
java_command: c:\Users\TDR SOFTWARE PVT LTD\.vscode\extensions\redhat.java-1.28.1-win32-x64\server\plugins\org.eclipse.equinox.launcher_1.6.700.v20231214-2017.jar -configuration c:\Users\TDR SOFTWARE PVT LTD\AppData\Roaming\Code\User\globalStorage\redhat.java\1.28.1\config_win -data c:\Users\TDR SOFTWARE PVT LTD\AppData\Roaming\Code\User\workspaceStorage\dda9ed2ddc5e0cadd90f1bcc6f87684a\redhat.java\jdt_ws --stdio
java_class_path (initial): c:\Users\TDR SOFTWARE PVT LTD\.vscode\extensions\redhat.java-1.28.1-win32-x64\server\plugins\org.eclipse.equinox.launcher_1.6.700.v20231214-2017.jar
Launcher Type: SUN_STANDARD

[Global flags]
    uintx AdaptiveSizePolicyWeight                 = 90                                        {product} {command line}
     intx CICompilerCount                          = 4                                         {product} {ergonomic}
    uintx GCTimeRatio                              = 4                                         {product} {command line}
     bool HeapDumpOnOutOfMemoryError               = true                                   {manageable} {command line}
    ccstr HeapDumpPath                             = c:\Users\TDR SOFTWARE PVT LTD\AppData\Roaming\Code\User\workspaceStorage\dda9ed2ddc5e0cadd90f1bcc6f87684a\redhat.java         {manageable} {command line}
   size_t InitialHeapSize                          = 104857600                                 {product} {command line}
   size_t MaxHeapSize                              = 1073741824                                {product} {command line}
   size_t MaxNewSize                               = 357564416                                 {product} {ergonomic}
   size_t MinHeapDeltaBytes                        = 524288                                    {product} {ergonomic}
   size_t MinHeapSize                              = 104857600                                 {product} {command line}
   size_t NewSize                                  = 34603008                                  {product} {ergonomic}
    uintx NonNMethodCodeHeapSize                   = 5839372                                {pd product} {ergonomic}
    uintx NonProfiledCodeHeapSize                  = 122909434                              {pd product} {ergonomic}
   size_t OldSize                                  = 70254592                                  {product} {ergonomic}
    uintx ProfiledCodeHeapSize                     = 122909434                              {pd product} {ergonomic}
    uintx ReservedCodeCacheSize                    = 251658240                              {pd product} {ergonomic}
     bool SegmentedCodeCache                       = true                                      {product} {ergonomic}
   size_t SoftMaxHeapSize                          = 1073741824                             {manageable} {ergonomic}
     bool UseCompressedClassPointers               = true                           {product lp64_product} {ergonomic}
     bool UseCompressedOops                        = true                           {product lp64_product} {ergonomic}
     bool UseLargePagesIndividualAllocation        = false                                  {pd product} {ergonomic}
     bool UseParallelGC                            = true                                      {product} {command line}

Logging:
Log output configuration:
 #0: stdout all=off uptime,level,tags
 #1: stderr all=off uptime,level,tags

Environment Variables:
JAVA_HOME=C:\Program Files\Java\jdk-17
PATH=C:\Python312\Scripts\;C:\Python312\;C:\Program Files\Common Files\Oracle\Java\javapath;C:\Windows\system32;C:\Windows;C:\Windows\System32\Wbem;C:\Windows\System32\WindowsPowerShell\v1.0\;C:\Windows\System32\OpenSSH\;C:\Program Files (x86)\NVIDIA Corporation\PhysX\Common;C:\WINDOWS\system32;C:\WINDOWS;C:\WINDOWS\System32\Wbem;C:\WINDOWS\System32\WindowsPowerShell\v1.0\;C:\WINDOWS\System32\OpenSSH\;C:\Users\TDR SOFTWARE PVT LTD\AppData\Local\Android\Sdk;C:\Program Files\Git\cmd;C:\ProgramData\chocolatey\bin;C:\Users\TDR SOFTWARE PVT LTD\Downloads\platform-tools_r35.0.0-windows\platform-tools;C:\Users\TDR SOFTWARE PVT LTD\Downloads\gradle-8.7-all\gradle-8.7\bin;C:\Program Files\nodejs\;C:\Users\TDR SOFTWARE PVT LTD\AppData\Local\Microsoft\WindowsApps;C:\Users\TDR SOFTWARE PVT LTD\AppData\Local\Programs\Microsoft VS Code\bin;C:\Users\TDR SOFTWARE PVT LTD\AppData\Local\Android\Sdk\platform-tools;C:\Windows\SysWOW64;C:\Users\TDR SOFTWARE PVT LTD\AppData\Roaming\npm
USERNAME=TDR SOFTWARE PVT LTD
OS=Windows_NT
PROCESSOR_IDENTIFIER=Intel64 Family 6 Model 165 Stepping 3, GenuineIntel
TMP=C:\Users\TDRSOF~1\AppData\Local\Temp
TEMP=C:\WINDOWS\TEMP



Periodic native trim disabled


---------------  S Y S T E M  ---------------

OS:
 Windows 11 , 64 bit Build 22621 (10.0.22621.3235)
OS uptime: 0 days 4:44 hours
Hyper-V role detected

CPU: total 12 (initial active 12) (6 cores per cpu, 2 threads per core) family 6 model 165 stepping 3 microcode 0xf4, cx8, cmov, fxsr, ht, mmx, 3dnowpref, sse, sse2, sse3, ssse3, sse4.1, sse4.2, popcnt, lzcnt, tsc, tscinvbit, avx, avx2, aes, erms, clmul, bmi1, bmi2, adx, fma, vzeroupper, clflush, clflushopt, hv
Processor Information for all 12 processors :
  Max Mhz: 2904, Current Mhz: 2904, Mhz Limit: 2904

Memory: 4k page, system-wide physical 16295M (3203M free)
TotalPageFile size 16295M (AvailPageFile size 4M)
current process WorkingSet (physical memory assigned to process): 648M, peak: 668M
current process commit charge ("private bytes"): 669M, peak: 1044M

vm_info: OpenJDK 64-Bit Server VM (17.0.10+7) for windows-amd64 JRE (17.0.10+7), built on Jan 16 2024 23:25:11 by "admin" with MS VC++ 16.10 / 16.11 (VS2019)

END.
