#
# There is insufficient memory for the Java Runtime Environment to continue.
# Native memory allocation (malloc) failed to allocate 1178416 bytes for Chunk::new
# Possible reasons:
#   The system is out of physical RAM or swap space
#   The process is running with CompressedOops enabled, and the Java Heap may be blocking the growth of the native heap
# Possible solutions:
#   Reduce memory load on the system
#   Increase physical memory or swap space
#   Check if swap backing store is full
#   Decrease Java heap size (-Xmx/-Xms)
#   Decrease number of Java threads
#   Decrease Java thread stack sizes (-Xss)
#   Set larger code cache with -XX:ReservedCodeCacheSize=
#   JVM is running with Unscaled Compressed Oops mode in which the Java heap is
#     placed in the first 4GB address space. The Java Heap base address is the
#     maximum limit for the native heap growth. Please use -XX:HeapBaseMinAddress
#     to set the Java Heap base and to place the Java Heap above 4GB virtual address.
# This output file may be truncated or incomplete.
#
#  Out of Memory Error (arena.cpp:191), pid=15708, tid=17204
#
# JRE version: OpenJDK Runtime Environment Temurin-17.0.10+7 (17.0.10+7) (build 17.0.10+7)
# Java VM: OpenJDK 64-Bit Server VM Temurin-17.0.10+7 (17.0.10+7, mixed mode, tiered, compressed oops, compressed class ptrs, parallel gc, windows-amd64)
# No core dump will be written. Minidumps are not enabled by default on client versions of Windows
#

---------------  S U M M A R Y ------------

Command Line: --add-modules=ALL-SYSTEM --add-opens=java.base/java.util=ALL-UNNAMED --add-opens=java.base/java.lang=ALL-UNNAMED --add-opens=java.base/sun.nio.fs=ALL-UNNAMED -Declipse.application=org.eclipse.jdt.ls.core.id1 -Dosgi.bundles.defaultStartLevel=4 -Declipse.product=org.eclipse.jdt.ls.core.product -Djava.import.generatesMetadataFilesAtProjectRoot=false -DDetectVMInstallationsJob.disabled=true -Dfile.encoding=utf8 -XX:+UseParallelGC -XX:GCTimeRatio=4 -XX:AdaptiveSizePolicyWeight=90 -Dsun.zip.disableMemoryMapping=true -Xmx1G -Xms100m -Xlog:disable -javaagent:c:\Users\TDR SOFTWARE PVT LTD\.vscode\extensions\redhat.java-1.29.0-win32-x64\lombok\lombok-1.18.32.jar -XX:+HeapDumpOnOutOfMemoryError -XX:HeapDumpPath=c:\Users\TDR SOFTWARE PVT LTD\AppData\Roaming\Code\User\workspaceStorage\dda9ed2ddc5e0cadd90f1bcc6f87684a\redhat.java -Daether.dependencyCollector.impl=bf c:\Users\TDR SOFTWARE PVT LTD\.vscode\extensions\redhat.java-1.29.0-win32-x64\server\plugins\org.eclipse.equinox.launcher_1.6.800.v20240304-1850.jar -configuration c:\Users\TDR SOFTWARE PVT LTD\AppData\Roaming\Code\User\globalStorage\redhat.java\1.29.0\config_win -data c:\Users\TDR SOFTWARE PVT LTD\AppData\Roaming\Code\User\workspaceStorage\dda9ed2ddc5e0cadd90f1bcc6f87684a\redhat.java\jdt_ws --stdio

Host: Intel(R) Core(TM) i5-10400F CPU @ 2.90GHz, 12 cores, 15G,  Windows 11 , 64 bit Build 22621 (10.0.22621.3374)
Time: Tue Apr 23 10:19:47 2024 India Standard Time elapsed time: 4.503915 seconds (0d 0h 0m 4s)

---------------  T H R E A D  ---------------

Current thread (0x0000016919634b50):  JavaThread "C2 CompilerThread1" daemon [_thread_in_native, id=17204, stack(0x0000006475d00000,0x0000006475e00000)]


Current CompileTask:
C2:   4503 3931       4       org.lombokweb.asm.ClassReader::readMethod (1066 bytes)

Stack: [0x0000006475d00000,0x0000006475e00000]
Native frames: (J=compiled Java code, j=interpreted, Vv=VM code, C=native code)
V  [jvm.dll+0x67d2c9]
V  [jvm.dll+0x834afa]
V  [jvm.dll+0x8365be]
V  [jvm.dll+0x836c23]
V  [jvm.dll+0x2477ff]
V  [jvm.dll+0xac514]
V  [jvm.dll+0xacb5c]
V  [jvm.dll+0x366782]
V  [jvm.dll+0x330bfa]
V  [jvm.dll+0x33009a]
V  [jvm.dll+0x219ef1]
V  [jvm.dll+0x219311]
V  [jvm.dll+0x1a502d]
V  [jvm.dll+0x2290de]
V  [jvm.dll+0x2272ac]
V  [jvm.dll+0x7e9bb7]
V  [jvm.dll+0x7e3fba]
V  [jvm.dll+0x67c1b5]
C  [ucrtbase.dll+0x29333]
C  [KERNEL32.DLL+0x1257d]
C  [ntdll.dll+0x5aa48]


---------------  P R O C E S S  ---------------

Threads class SMR info:
_java_thread_list=0x0000016916f57e80, length=23, elements={
0x000001697d8ff2f0, 0x000001697d9ad1d0, 0x000001697d9ae7f0, 0x0000016916d7d080,
0x0000016916d7dd10, 0x0000016916d809b0, 0x0000016916d823f0, 0x0000016916d82ff0,
0x0000016916de5910, 0x0000016916de65d0, 0x0000016916e611f0, 0x000001691852c670,
0x0000016918ce9b60, 0x0000016918c47050, 0x0000016918eb8d70, 0x00000169194561c0,
0x000001691916d110, 0x0000016919449f70, 0x000001691933ba80, 0x000001691933ddf0,
0x000001691933c4a0, 0x0000016919634b50, 0x000001691933e300
}

Java Threads: ( => current thread )
  0x000001697d8ff2f0 JavaThread "main" [_thread_blocked, id=2040, stack(0x0000006473c00000,0x0000006473d00000)]
  0x000001697d9ad1d0 JavaThread "Reference Handler" daemon [_thread_blocked, id=19424, stack(0x0000006473f00000,0x0000006474000000)]
  0x000001697d9ae7f0 JavaThread "Finalizer" daemon [_thread_blocked, id=18608, stack(0x0000006474000000,0x0000006474100000)]
  0x0000016916d7d080 JavaThread "Signal Dispatcher" daemon [_thread_blocked, id=14492, stack(0x0000006474100000,0x0000006474200000)]
  0x0000016916d7dd10 JavaThread "Attach Listener" daemon [_thread_blocked, id=19464, stack(0x0000006474200000,0x0000006474300000)]
  0x0000016916d809b0 JavaThread "Service Thread" daemon [_thread_blocked, id=13332, stack(0x0000006474300000,0x0000006474400000)]
  0x0000016916d823f0 JavaThread "Monitor Deflation Thread" daemon [_thread_blocked, id=17292, stack(0x0000006474400000,0x0000006474500000)]
  0x0000016916d82ff0 JavaThread "C2 CompilerThread0" daemon [_thread_in_native, id=14732, stack(0x0000006474500000,0x0000006474600000)]
  0x0000016916de5910 JavaThread "C1 CompilerThread0" daemon [_thread_in_native, id=11628, stack(0x0000006474600000,0x0000006474700000)]
  0x0000016916de65d0 JavaThread "Sweeper thread" daemon [_thread_blocked, id=12580, stack(0x0000006474700000,0x0000006474800000)]
  0x0000016916e611f0 JavaThread "Common-Cleaner" daemon [_thread_blocked, id=18624, stack(0x0000006474800000,0x0000006474900000)]
  0x000001691852c670 JavaThread "Notification Thread" daemon [_thread_blocked, id=15448, stack(0x0000006474a00000,0x0000006474b00000)]
  0x0000016918ce9b60 JavaThread "Active Thread: Equinox Container: 297ed974-ce87-47d2-b927-7f3e3ee56035" [_thread_blocked, id=16768, stack(0x0000006475300000,0x0000006475400000)]
  0x0000016918c47050 JavaThread "Framework Event Dispatcher: Equinox Container: 297ed974-ce87-47d2-b927-7f3e3ee56035" daemon [_thread_blocked, id=16924, stack(0x0000006475400000,0x0000006475500000)]
  0x0000016918eb8d70 JavaThread "Start Level: Equinox Container: 297ed974-ce87-47d2-b927-7f3e3ee56035" daemon [_thread_in_Java, id=15636, stack(0x0000006475500000,0x0000006475600000)]
  0x00000169194561c0 JavaThread "Bundle File Closer" daemon [_thread_blocked, id=16716, stack(0x0000006475700000,0x0000006475800000)]
  0x000001691916d110 JavaThread "SCR Component Actor" daemon [_thread_blocked, id=20236, stack(0x0000006475900000,0x0000006475a00000)]
  0x0000016919449f70 JavaThread "SCR Component Registry" daemon [_thread_blocked, id=15380, stack(0x0000006475a00000,0x0000006475b00000)]
  0x000001691933ba80 JavaThread "Worker-JM" [_thread_blocked, id=20388, stack(0x0000006475b00000,0x0000006475c00000)]
  0x000001691933ddf0 JavaThread "Worker-0" [_thread_blocked, id=16636, stack(0x0000006474900000,0x0000006474a00000)]
  0x000001691933c4a0 JavaThread "Worker-1: Refreshing workspace" [_thread_in_native, id=14672, stack(0x0000006475c00000,0x0000006475d00000)]
=>0x0000016919634b50 JavaThread "C2 CompilerThread1" daemon [_thread_in_native, id=17204, stack(0x0000006475d00000,0x0000006475e00000)]
  0x000001691933e300 JavaThread "Worker-2" [_thread_blocked, id=12192, stack(0x0000006475e00000,0x0000006475f00000)]

Other Threads:
  0x000001697fb92050 VMThread "VM Thread" [stack: 0x0000006473e00000,0x0000006473f00000] [id=8116]
  0x00000169185b6910 WatcherThread [stack: 0x0000006474b00000,0x0000006474c00000] [id=15096]
  0x000001697d913dc0 GCTaskThread "GC Thread#0" [stack: 0x0000006473d00000,0x0000006473e00000] [id=19872]
  0x00000169188cd450 GCTaskThread "GC Thread#1" [stack: 0x0000006474d00000,0x0000006474e00000] [id=14600]
  0x0000016918f94aa0 GCTaskThread "GC Thread#2" [stack: 0x0000006474e00000,0x0000006474f00000] [id=18860]
  0x000001691889bf40 GCTaskThread "GC Thread#3" [stack: 0x0000006474f00000,0x0000006475000000] [id=3932]
  0x000001691889c810 GCTaskThread "GC Thread#4" [stack: 0x0000006475000000,0x0000006475100000] [id=13464]
  0x000001691889ced0 GCTaskThread "GC Thread#5" [stack: 0x0000006475100000,0x0000006475200000] [id=2812]
  0x000001691889d190 GCTaskThread "GC Thread#6" [stack: 0x0000006475200000,0x0000006475300000] [id=19388]
  0x000001697b7895d0 GCTaskThread "GC Thread#7" [stack: 0x0000006475600000,0x0000006475700000] [id=16732]
  0x0000016919013c90 GCTaskThread "GC Thread#8" [stack: 0x0000006475800000,0x0000006475900000] [id=19400]
  0x0000016919014790 GCTaskThread "GC Thread#9" [stack: 0x0000006474c00000,0x0000006474d00000] [id=16760]

Threads with active compile tasks:
C2 CompilerThread0     4527 4106       4       org.lombokweb.asm.MethodWriter::putMethodInfo (1274 bytes)
C1 CompilerThread0     4527 4098       3       org.lombokweb.asm.MethodWriter::visitJumpInsn (495 bytes)
C2 CompilerThread1     4527 3931       4       org.lombokweb.asm.ClassReader::readMethod (1066 bytes)

VM state: not at safepoint (normal execution)

VM Mutex/Monitor currently owned by a thread: None

Heap address: 0x00000000c0000000, size: 1024 MB, Compressed Oops mode: 32-bit

CDS archive(s) not mapped
Compressed class space mapped at: 0x0000000100000000-0x0000000140000000, reserved size: 1073741824
Narrow klass base: 0x0000000000000000, Narrow klass shift: 3, Narrow klass range: 0x140000000

GC Precious Log:
 CPUs: 12 total, 12 available
 Memory: 16295M
 Large Page Support: Disabled
 NUMA Support: Disabled
 Compressed Oops: Enabled (32-bit)
 Alignments: Space 512K, Generation 512K, Heap 2M
 Heap Min Capacity: 100M
 Heap Initial Capacity: 100M
 Heap Max Capacity: 1G
 Pre-touch: Disabled
 Parallel Workers: 10

Heap:
 PSYoungGen      total 27648K, used 26816K [0x00000000eab00000, 0x00000000eca00000, 0x0000000100000000)
  eden space 23552K, 98% used [0x00000000eab00000,0x00000000ec19f610,0x00000000ec200000)
  from space 4096K, 89% used [0x00000000ec380000,0x00000000ec710ad8,0x00000000ec780000)
  to   space 2560K, 0% used [0x00000000ec780000,0x00000000ec780000,0x00000000eca00000)
 ParOldGen       total 68608K, used 14061K [0x00000000c0000000, 0x00000000c4300000, 0x00000000eab00000)
  object space 68608K, 20% used [0x00000000c0000000,0x00000000c0dbb6c0,0x00000000c4300000)
 Metaspace       used 32761K, committed 33472K, reserved 1114112K
  class space    used 3151K, committed 3456K, reserved 1048576K

Card table byte_map: [0x000001697d290000,0x000001697d4a0000] _byte_map_base: 0x000001697cc90000

Marking Bits: (ParMarkBitMap*) 0x00007ffddab9d7d0
 Begin Bits: [0x000001697d9b0000, 0x000001697e9b0000)
 End Bits:   [0x000001697e9b0000, 0x000001697f9b0000)

Polling page: 0x000001697b860000

Metaspace:

Usage:
  Non-class:     28.92 MB used.
      Class:      3.08 MB used.
       Both:     31.99 MB used.

Virtual space:
  Non-class space:       64.00 MB reserved,      29.31 MB ( 46%) committed,  1 nodes.
      Class space:        1.00 GB reserved,       3.38 MB ( <1%) committed,  1 nodes.
             Both:        1.06 GB reserved,      32.69 MB (  3%) committed. 

Chunk freelists:
   Non-Class:  2.61 MB
       Class:  12.65 MB
        Both:  15.26 MB

MaxMetaspaceSize: unlimited
CompressedClassSpaceSize: 1.00 GB
Initial GC threshold: 21.00 MB
Current GC threshold: 35.00 MB
CDS: off
MetaspaceReclaimPolicy: balanced
 - commit_granule_bytes: 65536.
 - commit_granule_words: 8192.
 - virtual_space_node_default_size: 8388608.
 - enlarge_chunks_in_place: 1.
 - new_chunks_are_fully_committed: 0.
 - uncommit_free_chunks: 1.
 - use_allocation_guard: 0.
 - handle_deallocations: 1.


Internal statistics:

num_allocs_failed_limit: 3.
num_arena_births: 338.
num_arena_deaths: 0.
num_vsnodes_births: 2.
num_vsnodes_deaths: 0.
num_space_committed: 523.
num_space_uncommitted: 0.
num_chunks_returned_to_freelist: 3.
num_chunks_taken_from_freelist: 1308.
num_chunk_merges: 3.
num_chunk_splits: 870.
num_chunks_enlarged: 603.
num_inconsistent_stats: 0.

CodeHeap 'non-profiled nmethods': size=120000Kb used=1835Kb max_used=1835Kb free=118164Kb
 bounds [0x000001690a6b0000, 0x000001690a920000, 0x0000016911be0000]
CodeHeap 'profiled nmethods': size=120000Kb used=8749Kb max_used=8749Kb free=111250Kb
 bounds [0x0000016902be0000, 0x0000016903470000, 0x000001690a110000]
CodeHeap 'non-nmethods': size=5760Kb used=1249Kb max_used=1275Kb free=4510Kb
 bounds [0x000001690a110000, 0x000001690a380000, 0x000001690a6b0000]
 total_blobs=4655 nmethods=4090 adapters=479
 compilation: enabled
              stopped_count=0, restarted_count=0
 full_count=0

Compilation events (20 events):
Event: 4.487 Thread 0x0000016916de5910 4068  s    3       org.eclipse.core.internal.preferences.RootPreferences::getChild (60 bytes)
Event: 4.487 Thread 0x0000016916de5910 nmethod 4068 0x0000016903448090 code [0x00000169034482c0, 0x0000016903448bb8]
Event: 4.487 Thread 0x0000016916de5910 4070       3       org.eclipse.core.internal.preferences.PreferencesService::getDefault (20 bytes)
Event: 4.487 Thread 0x0000016916de5910 nmethod 4070 0x0000016903448d90 code [0x0000016903448f40, 0x0000016903449148]
Event: 4.492 Thread 0x0000016916de5910 4071       3       org.eclipse.core.runtime.Path::append (264 bytes)
Event: 4.493 Thread 0x0000016916de5910 nmethod 4071 0x0000016903449210 code [0x00000169034495a0, 0x000001690344ade8]
Event: 4.494 Thread 0x0000016916de5910 4072       3       java.net.URL::<init> (7 bytes)
Event: 4.494 Thread 0x0000016916de5910 nmethod 4072 0x000001690344b710 code [0x000001690344b8c0, 0x000001690344ba68]
Event: 4.495 Thread 0x0000016916de5910 4073       1       java.net.URI::getRawPath (5 bytes)
Event: 4.495 Thread 0x0000016916de5910 nmethod 4073 0x000001690a877510 code [0x000001690a8776a0, 0x000001690a877778]
Event: 4.495 Thread 0x0000016916de5910 4074       1       java.net.URI::getPort (5 bytes)
Event: 4.495 Thread 0x0000016916de5910 nmethod 4074 0x000001690a877810 code [0x000001690a8779a0, 0x000001690a877a78]
Event: 4.495 Thread 0x0000016916de5910 4075       3       org.eclipse.core.internal.resources.Resource::getStore (9 bytes)
Event: 4.496 Thread 0x0000016916de5910 nmethod 4075 0x000001690344bb90 code [0x000001690344bdc0, 0x000001690344c548]
Event: 4.498 Thread 0x0000016916de5910 4076       3       java.nio.charset.CharsetDecoder::<init> (10 bytes)
Event: 4.498 Thread 0x0000016916de5910 nmethod 4076 0x000001690344c890 code [0x000001690344ca40, 0x000001690344cb88]
Event: 4.499 Thread 0x0000016916de5910 4077       3       java.io.File::getCanonicalPath (31 bytes)
Event: 4.499 Thread 0x0000016916de5910 nmethod 4077 0x000001690344cc10 code [0x000001690344cde0, 0x000001690344d0b8]
Event: 4.499 Thread 0x0000016916de5910 4078       3       java.io.WinNTFileSystem::canonicalize (372 bytes)
Event: 4.500 Thread 0x0000016916d82ff0 4080       4       lombok.launch.ClassFileMetaData::decodeString (181 bytes)

GC Heap History (20 events):
Event: 0.730 GC heap before
{Heap before GC invocations=1 (full 0):
 PSYoungGen      total 29696K, used 25600K [0x00000000eab00000, 0x00000000ecc00000, 0x0000000100000000)
  eden space 25600K, 100% used [0x00000000eab00000,0x00000000ec400000,0x00000000ec400000)
  from space 4096K, 0% used [0x00000000ec800000,0x00000000ec800000,0x00000000ecc00000)
  to   space 4096K, 0% used [0x00000000ec400000,0x00000000ec400000,0x00000000ec800000)
 ParOldGen       total 68608K, used 0K [0x00000000c0000000, 0x00000000c4300000, 0x00000000eab00000)
  object space 68608K, 0% used [0x00000000c0000000,0x00000000c0000000,0x00000000c4300000)
 Metaspace       used 10991K, committed 11200K, reserved 1114112K
  class space    used 1093K, committed 1216K, reserved 1048576K
}
Event: 0.735 GC heap after
{Heap after GC invocations=1 (full 0):
 PSYoungGen      total 29696K, used 3140K [0x00000000eab00000, 0x00000000ecc00000, 0x0000000100000000)
  eden space 25600K, 0% used [0x00000000eab00000,0x00000000eab00000,0x00000000ec400000)
  from space 4096K, 76% used [0x00000000ec400000,0x00000000ec711288,0x00000000ec800000)
  to   space 4096K, 0% used [0x00000000ec800000,0x00000000ec800000,0x00000000ecc00000)
 ParOldGen       total 68608K, used 16K [0x00000000c0000000, 0x00000000c4300000, 0x00000000eab00000)
  object space 68608K, 0% used [0x00000000c0000000,0x00000000c0004000,0x00000000c4300000)
 Metaspace       used 10991K, committed 11200K, reserved 1114112K
  class space    used 1093K, committed 1216K, reserved 1048576K
}
Event: 1.196 GC heap before
{Heap before GC invocations=2 (full 0):
 PSYoungGen      total 29696K, used 28740K [0x00000000eab00000, 0x00000000ecc00000, 0x0000000100000000)
  eden space 25600K, 100% used [0x00000000eab00000,0x00000000ec400000,0x00000000ec400000)
  from space 4096K, 76% used [0x00000000ec400000,0x00000000ec711288,0x00000000ec800000)
  to   space 4096K, 0% used [0x00000000ec800000,0x00000000ec800000,0x00000000ecc00000)
 ParOldGen       total 68608K, used 16K [0x00000000c0000000, 0x00000000c4300000, 0x00000000eab00000)
  object space 68608K, 0% used [0x00000000c0000000,0x00000000c0004000,0x00000000c4300000)
 Metaspace       used 14580K, committed 14784K, reserved 1114112K
  class space    used 1453K, committed 1536K, reserved 1048576K
}
Event: 1.200 GC heap after
{Heap after GC invocations=2 (full 0):
 PSYoungGen      total 29696K, used 4087K [0x00000000eab00000, 0x00000000ecc00000, 0x0000000100000000)
  eden space 25600K, 0% used [0x00000000eab00000,0x00000000eab00000,0x00000000ec400000)
  from space 4096K, 99% used [0x00000000ec800000,0x00000000ecbfdc78,0x00000000ecc00000)
  to   space 4096K, 0% used [0x00000000ec400000,0x00000000ec400000,0x00000000ec800000)
 ParOldGen       total 68608K, used 1473K [0x00000000c0000000, 0x00000000c4300000, 0x00000000eab00000)
  object space 68608K, 2% used [0x00000000c0000000,0x00000000c0170408,0x00000000c4300000)
 Metaspace       used 14580K, committed 14784K, reserved 1114112K
  class space    used 1453K, committed 1536K, reserved 1048576K
}
Event: 1.654 GC heap before
{Heap before GC invocations=3 (full 0):
 PSYoungGen      total 29696K, used 29687K [0x00000000eab00000, 0x00000000ecc00000, 0x0000000100000000)
  eden space 25600K, 100% used [0x00000000eab00000,0x00000000ec400000,0x00000000ec400000)
  from space 4096K, 99% used [0x00000000ec800000,0x00000000ecbfdc78,0x00000000ecc00000)
  to   space 4096K, 0% used [0x00000000ec400000,0x00000000ec400000,0x00000000ec800000)
 ParOldGen       total 68608K, used 1473K [0x00000000c0000000, 0x00000000c4300000, 0x00000000eab00000)
  object space 68608K, 2% used [0x00000000c0000000,0x00000000c0170408,0x00000000c4300000)
 Metaspace       used 16105K, committed 16384K, reserved 1114112K
  class space    used 1615K, committed 1728K, reserved 1048576K
}
Event: 1.663 GC heap after
{Heap after GC invocations=3 (full 0):
 PSYoungGen      total 29696K, used 4068K [0x00000000eab00000, 0x00000000ecc00000, 0x0000000100000000)
  eden space 25600K, 0% used [0x00000000eab00000,0x00000000eab00000,0x00000000ec400000)
  from space 4096K, 99% used [0x00000000ec400000,0x00000000ec7f9040,0x00000000ec800000)
  to   space 4096K, 0% used [0x00000000ec800000,0x00000000ec800000,0x00000000ecc00000)
 ParOldGen       total 68608K, used 5293K [0x00000000c0000000, 0x00000000c4300000, 0x00000000eab00000)
  object space 68608K, 7% used [0x00000000c0000000,0x00000000c052b6e8,0x00000000c4300000)
 Metaspace       used 16105K, committed 16384K, reserved 1114112K
  class space    used 1615K, committed 1728K, reserved 1048576K
}
Event: 2.103 GC heap before
{Heap before GC invocations=4 (full 0):
 PSYoungGen      total 29696K, used 29668K [0x00000000eab00000, 0x00000000ecc00000, 0x0000000100000000)
  eden space 25600K, 100% used [0x00000000eab00000,0x00000000ec400000,0x00000000ec400000)
  from space 4096K, 99% used [0x00000000ec400000,0x00000000ec7f9040,0x00000000ec800000)
  to   space 4096K, 0% used [0x00000000ec800000,0x00000000ec800000,0x00000000ecc00000)
 ParOldGen       total 68608K, used 5293K [0x00000000c0000000, 0x00000000c4300000, 0x00000000eab00000)
  object space 68608K, 7% used [0x00000000c0000000,0x00000000c052b6e8,0x00000000c4300000)
 Metaspace       used 19615K, committed 19904K, reserved 1114112K
  class space    used 1979K, committed 2112K, reserved 1048576K
}
Event: 2.110 GC heap after
{Heap after GC invocations=4 (full 0):
 PSYoungGen      total 29696K, used 4093K [0x00000000eab00000, 0x00000000ecc00000, 0x0000000100000000)
  eden space 25600K, 0% used [0x00000000eab00000,0x00000000eab00000,0x00000000ec400000)
  from space 4096K, 99% used [0x00000000ec800000,0x00000000ecbff700,0x00000000ecc00000)
  to   space 4096K, 0% used [0x00000000ec400000,0x00000000ec400000,0x00000000ec800000)
 ParOldGen       total 68608K, used 6375K [0x00000000c0000000, 0x00000000c4300000, 0x00000000eab00000)
  object space 68608K, 9% used [0x00000000c0000000,0x00000000c0639ff8,0x00000000c4300000)
 Metaspace       used 19615K, committed 19904K, reserved 1114112K
  class space    used 1979K, committed 2112K, reserved 1048576K
}
Event: 2.185 GC heap before
{Heap before GC invocations=5 (full 0):
 PSYoungGen      total 29696K, used 11938K [0x00000000eab00000, 0x00000000ecc00000, 0x0000000100000000)
  eden space 25600K, 30% used [0x00000000eab00000,0x00000000eb2a92e8,0x00000000ec400000)
  from space 4096K, 99% used [0x00000000ec800000,0x00000000ecbff700,0x00000000ecc00000)
  to   space 4096K, 0% used [0x00000000ec400000,0x00000000ec400000,0x00000000ec800000)
 ParOldGen       total 68608K, used 6375K [0x00000000c0000000, 0x00000000c4300000, 0x00000000eab00000)
  object space 68608K, 9% used [0x00000000c0000000,0x00000000c0639ff8,0x00000000c4300000)
 Metaspace       used 21076K, committed 21504K, reserved 1114112K
  class space    used 2114K, committed 2304K, reserved 1048576K
}
Event: 2.188 GC heap after
{Heap after GC invocations=5 (full 0):
 PSYoungGen      total 29696K, used 4082K [0x00000000eab00000, 0x00000000ece00000, 0x0000000100000000)
  eden space 25600K, 0% used [0x00000000eab00000,0x00000000eab00000,0x00000000ec400000)
  from space 4096K, 99% used [0x00000000ec400000,0x00000000ec7fcae0,0x00000000ec800000)
  to   space 5120K, 0% used [0x00000000ec900000,0x00000000ec900000,0x00000000ece00000)
 ParOldGen       total 68608K, used 6583K [0x00000000c0000000, 0x00000000c4300000, 0x00000000eab00000)
  object space 68608K, 9% used [0x00000000c0000000,0x00000000c066dff8,0x00000000c4300000)
 Metaspace       used 21076K, committed 21504K, reserved 1114112K
  class space    used 2114K, committed 2304K, reserved 1048576K
}
Event: 2.188 GC heap before
{Heap before GC invocations=6 (full 1):
 PSYoungGen      total 29696K, used 4082K [0x00000000eab00000, 0x00000000ece00000, 0x0000000100000000)
  eden space 25600K, 0% used [0x00000000eab00000,0x00000000eab00000,0x00000000ec400000)
  from space 4096K, 99% used [0x00000000ec400000,0x00000000ec7fcae0,0x00000000ec800000)
  to   space 5120K, 0% used [0x00000000ec900000,0x00000000ec900000,0x00000000ece00000)
 ParOldGen       total 68608K, used 6583K [0x00000000c0000000, 0x00000000c4300000, 0x00000000eab00000)
  object space 68608K, 9% used [0x00000000c0000000,0x00000000c066dff8,0x00000000c4300000)
 Metaspace       used 21076K, committed 21504K, reserved 1114112K
  class space    used 2114K, committed 2304K, reserved 1048576K
}
Event: 2.206 GC heap after
{Heap after GC invocations=6 (full 1):
 PSYoungGen      total 29696K, used 0K [0x00000000eab00000, 0x00000000ece00000, 0x0000000100000000)
  eden space 25600K, 0% used [0x00000000eab00000,0x00000000eab00000,0x00000000ec400000)
  from space 4096K, 0% used [0x00000000ec400000,0x00000000ec400000,0x00000000ec800000)
  to   space 5120K, 0% used [0x00000000ec900000,0x00000000ec900000,0x00000000ece00000)
 ParOldGen       total 68608K, used 10348K [0x00000000c0000000, 0x00000000c4300000, 0x00000000eab00000)
  object space 68608K, 15% used [0x00000000c0000000,0x00000000c0a1b238,0x00000000c4300000)
 Metaspace       used 21076K, committed 21504K, reserved 1114112K
  class space    used 2114K, committed 2304K, reserved 1048576K
}
Event: 3.412 GC heap before
{Heap before GC invocations=7 (full 1):
 PSYoungGen      total 29696K, used 25600K [0x00000000eab00000, 0x00000000ece00000, 0x0000000100000000)
  eden space 25600K, 100% used [0x00000000eab00000,0x00000000ec400000,0x00000000ec400000)
  from space 4096K, 0% used [0x00000000ec400000,0x00000000ec400000,0x00000000ec800000)
  to   space 5120K, 0% used [0x00000000ec900000,0x00000000ec900000,0x00000000ece00000)
 ParOldGen       total 68608K, used 10348K [0x00000000c0000000, 0x00000000c4300000, 0x00000000eab00000)
  object space 68608K, 15% used [0x00000000c0000000,0x00000000c0a1b238,0x00000000c4300000)
 Metaspace       used 24075K, committed 24640K, reserved 1114112K
  class space    used 2415K, committed 2688K, reserved 1048576K
}
Event: 3.417 GC heap after
{Heap after GC invocations=7 (full 1):
 PSYoungGen      total 29184K, used 3776K [0x00000000eab00000, 0x00000000ecd00000, 0x0000000100000000)
  eden space 25088K, 0% used [0x00000000eab00000,0x00000000eab00000,0x00000000ec380000)
  from space 4096K, 92% used [0x00000000ec900000,0x00000000eccb0000,0x00000000ecd00000)
  to   space 4096K, 0% used [0x00000000ec500000,0x00000000ec500000,0x00000000ec900000)
 ParOldGen       total 68608K, used 10356K [0x00000000c0000000, 0x00000000c4300000, 0x00000000eab00000)
  object space 68608K, 15% used [0x00000000c0000000,0x00000000c0a1d238,0x00000000c4300000)
 Metaspace       used 24075K, committed 24640K, reserved 1114112K
  class space    used 2415K, committed 2688K, reserved 1048576K
}
Event: 3.856 GC heap before
{Heap before GC invocations=8 (full 1):
 PSYoungGen      total 29184K, used 28817K [0x00000000eab00000, 0x00000000ecd00000, 0x0000000100000000)
  eden space 25088K, 99% used [0x00000000eab00000,0x00000000ec374498,0x00000000ec380000)
  from space 4096K, 92% used [0x00000000ec900000,0x00000000eccb0000,0x00000000ecd00000)
  to   space 4096K, 0% used [0x00000000ec500000,0x00000000ec500000,0x00000000ec900000)
 ParOldGen       total 68608K, used 10356K [0x00000000c0000000, 0x00000000c4300000, 0x00000000eab00000)
  object space 68608K, 15% used [0x00000000c0000000,0x00000000c0a1d238,0x00000000c4300000)
 Metaspace       used 26598K, committed 27200K, reserved 1114112K
  class space    used 2708K, committed 2944K, reserved 1048576K
}
Event: 3.859 GC heap after
{Heap after GC invocations=8 (full 1):
 PSYoungGen      total 28672K, used 4088K [0x00000000eab00000, 0x00000000ece00000, 0x0000000100000000)
  eden space 24576K, 0% used [0x00000000eab00000,0x00000000eab00000,0x00000000ec300000)
  from space 4096K, 99% used [0x00000000ec500000,0x00000000ec8fe0b0,0x00000000ec900000)
  to   space 5120K, 0% used [0x00000000ec900000,0x00000000ec900000,0x00000000ece00000)
 ParOldGen       total 68608K, used 11268K [0x00000000c0000000, 0x00000000c4300000, 0x00000000eab00000)
  object space 68608K, 16% used [0x00000000c0000000,0x00000000c0b01258,0x00000000c4300000)
 Metaspace       used 26598K, committed 27200K, reserved 1114112K
  class space    used 2708K, committed 2944K, reserved 1048576K
}
Event: 4.182 GC heap before
{Heap before GC invocations=9 (full 1):
 PSYoungGen      total 28672K, used 28382K [0x00000000eab00000, 0x00000000ece00000, 0x0000000100000000)
  eden space 24576K, 98% used [0x00000000eab00000,0x00000000ec2b9868,0x00000000ec300000)
  from space 4096K, 99% used [0x00000000ec500000,0x00000000ec8fe0b0,0x00000000ec900000)
  to   space 5120K, 0% used [0x00000000ec900000,0x00000000ec900000,0x00000000ece00000)
 ParOldGen       total 68608K, used 11268K [0x00000000c0000000, 0x00000000c4300000, 0x00000000eab00000)
  object space 68608K, 16% used [0x00000000c0000000,0x00000000c0b01258,0x00000000c4300000)
 Metaspace       used 28492K, committed 29120K, reserved 1114112K
  class space    used 2863K, committed 3136K, reserved 1048576K
}
Event: 4.184 GC heap after
{Heap after GC invocations=9 (full 1):
 PSYoungGen      total 28672K, used 4437K [0x00000000eab00000, 0x00000000ecd80000, 0x0000000100000000)
  eden space 24064K, 0% used [0x00000000eab00000,0x00000000eab00000,0x00000000ec280000)
  from space 4608K, 96% used [0x00000000ec900000,0x00000000ecd55568,0x00000000ecd80000)
  to   space 5120K, 0% used [0x00000000ec380000,0x00000000ec380000,0x00000000ec880000)
 ParOldGen       total 68608K, used 11276K [0x00000000c0000000, 0x00000000c4300000, 0x00000000eab00000)
  object space 68608K, 16% used [0x00000000c0000000,0x00000000c0b03258,0x00000000c4300000)
 Metaspace       used 28492K, committed 29120K, reserved 1114112K
  class space    used 2863K, committed 3136K, reserved 1048576K
}
Event: 4.389 GC heap before
{Heap before GC invocations=10 (full 1):
 PSYoungGen      total 28672K, used 28501K [0x00000000eab00000, 0x00000000ecd80000, 0x0000000100000000)
  eden space 24064K, 100% used [0x00000000eab00000,0x00000000ec280000,0x00000000ec280000)
  from space 4608K, 96% used [0x00000000ec900000,0x00000000ecd55568,0x00000000ecd80000)
  to   space 5120K, 0% used [0x00000000ec380000,0x00000000ec380000,0x00000000ec880000)
 ParOldGen       total 68608K, used 11276K [0x00000000c0000000, 0x00000000c4300000, 0x00000000eab00000)
  object space 68608K, 16% used [0x00000000c0000000,0x00000000c0b03258,0x00000000c4300000)
 Metaspace       used 31463K, committed 32192K, reserved 1114112K
  class space    used 3085K, committed 3392K, reserved 1048576K
}
Event: 4.393 GC heap after
{Heap after GC invocations=10 (full 1):
 PSYoungGen      total 27648K, used 3650K [0x00000000eab00000, 0x00000000eca00000, 0x0000000100000000)
  eden space 23552K, 0% used [0x00000000eab00000,0x00000000eab00000,0x00000000ec200000)
  from space 4096K, 89% used [0x00000000ec380000,0x00000000ec710ad8,0x00000000ec780000)
  to   space 2560K, 0% used [0x00000000ec780000,0x00000000ec780000,0x00000000eca00000)
 ParOldGen       total 68608K, used 14061K [0x00000000c0000000, 0x00000000c4300000, 0x00000000eab00000)
  object space 68608K, 20% used [0x00000000c0000000,0x00000000c0dbb6c0,0x00000000c4300000)
 Metaspace       used 31463K, committed 32192K, reserved 1114112K
  class space    used 3085K, committed 3392K, reserved 1048576K
}

Dll operation events (9 events):
Event: 0.008 Loaded shared library c:\Users\TDR SOFTWARE PVT LTD\.vscode\extensions\redhat.java-1.29.0-win32-x64\jre\17.0.10-win32-x86_64\bin\java.dll
Event: 0.149 Loaded shared library c:\Users\TDR SOFTWARE PVT LTD\.vscode\extensions\redhat.java-1.29.0-win32-x64\jre\17.0.10-win32-x86_64\bin\zip.dll
Event: 0.152 Loaded shared library C:\Users\TDR SOFTWARE PVT LTD\.vscode\extensions\redhat.java-1.29.0-win32-x64\jre\17.0.10-win32-x86_64\bin\instrument.dll
Event: 0.169 Loaded shared library C:\Users\TDR SOFTWARE PVT LTD\.vscode\extensions\redhat.java-1.29.0-win32-x64\jre\17.0.10-win32-x86_64\bin\net.dll
Event: 0.173 Loaded shared library C:\Users\TDR SOFTWARE PVT LTD\.vscode\extensions\redhat.java-1.29.0-win32-x64\jre\17.0.10-win32-x86_64\bin\nio.dll
Event: 0.183 Loaded shared library C:\Users\TDR SOFTWARE PVT LTD\.vscode\extensions\redhat.java-1.29.0-win32-x64\jre\17.0.10-win32-x86_64\bin\zip.dll
Event: 0.197 Loaded shared library C:\Users\TDR SOFTWARE PVT LTD\.vscode\extensions\redhat.java-1.29.0-win32-x64\jre\17.0.10-win32-x86_64\bin\jimage.dll
Event: 0.262 Loaded shared library c:\Users\TDR SOFTWARE PVT LTD\.vscode\extensions\redhat.java-1.29.0-win32-x64\jre\17.0.10-win32-x86_64\bin\verify.dll
Event: 1.155 Loaded shared library C:\Users\TDR SOFTWARE PVT LTD\AppData\Roaming\Code\User\globalStorage\redhat.java\1.29.0\config_win\org.eclipse.equinox.launcher\org.eclipse.equinox.launcher.win32.win32.x86_64_1.2.900.v20240213-1244\eclipse_11900.dll

Deoptimization events (20 events):
Event: 3.700 Thread 0x0000016918eb8d70 DEOPT PACKING pc=0x000001690a6d25b8 sp=0x00000064755ede90
Event: 3.700 Thread 0x0000016918eb8d70 DEOPT UNPACKING pc=0x000001690a1666a3 sp=0x00000064755ede20 mode 2
Event: 4.030 Thread 0x0000016918eb8d70 Uncommon trap: trap_request=0xffffff45 fr.pc=0x000001690a855684 relative=0x0000000000000844
Event: 4.030 Thread 0x0000016918eb8d70 Uncommon trap: reason=unstable_if action=reinterpret pc=0x000001690a855684 method=org.lombokweb.asm.ClassReader.readUTF8(I[C)Ljava/lang/String; @ 11 c2
Event: 4.030 Thread 0x0000016918eb8d70 DEOPT PACKING pc=0x000001690a855684 sp=0x00000064755ef6f0
Event: 4.030 Thread 0x0000016918eb8d70 DEOPT UNPACKING pc=0x000001690a1666a3 sp=0x00000064755ef6e8 mode 2
Event: 4.315 Thread 0x000001691933ddf0 Uncommon trap: trap_request=0xffffff45 fr.pc=0x000001690a86871c relative=0x00000000000003dc
Event: 4.315 Thread 0x000001691933ddf0 Uncommon trap: reason=unstable_if action=reinterpret pc=0x000001690a86871c method=org.eclipse.core.internal.dtree.DeltaDataTree.lookup(Lorg/eclipse/core/runtime/IPath;)Lorg/eclipse/core/internal/dtree/DataTreeLookup; @ 136 c2
Event: 4.315 Thread 0x000001691933ddf0 DEOPT PACKING pc=0x000001690a86871c sp=0x00000064749fef80
Event: 4.315 Thread 0x000001691933ddf0 DEOPT UNPACKING pc=0x000001690a1666a3 sp=0x00000064749fef18 mode 2
Event: 4.346 Thread 0x0000016918eb8d70 Uncommon trap: trap_request=0xffffff45 fr.pc=0x000001690a863a3c relative=0x000000000000013c
Event: 4.346 Thread 0x0000016918eb8d70 Uncommon trap: reason=unstable_if action=reinterpret pc=0x000001690a863a3c method=org.lombokweb.asm.ByteVector.putByteArray([BII)Lorg/lombokweb/asm/ByteVector; @ 20 c2
Event: 4.346 Thread 0x0000016918eb8d70 DEOPT PACKING pc=0x000001690a863a3c sp=0x00000064755f2980
Event: 4.346 Thread 0x0000016918eb8d70 DEOPT UNPACKING pc=0x000001690a1666a3 sp=0x00000064755f2950 mode 2
Event: 4.346 Thread 0x0000016918eb8d70 Uncommon trap: trap_request=0xffffff45 fr.pc=0x000001690a864074 relative=0x0000000000000354
Event: 4.346 Thread 0x0000016918eb8d70 Uncommon trap: reason=unstable_if action=reinterpret pc=0x000001690a864074 method=org.lombokweb.asm.Label.resolve([BLorg/lombokweb/asm/ByteVector;I)Z @ 81 c2
Event: 4.346 Thread 0x0000016918eb8d70 DEOPT PACKING pc=0x000001690a864074 sp=0x00000064755f2a00
Event: 4.346 Thread 0x0000016918eb8d70 DEOPT UNPACKING pc=0x000001690a1666a3 sp=0x00000064755f2908 mode 2
Event: 4.459 Thread 0x000001691933c4a0 DEOPT PACKING pc=0x0000016902c5d389 sp=0x0000006475cfec30
Event: 4.459 Thread 0x000001691933c4a0 DEOPT UNPACKING pc=0x000001690a166e43 sp=0x0000006475cfe128 mode 0

Classes unloaded (0 events):
No events

Classes redefined (0 events):
No events

Internal exceptions (20 events):
Event: 3.165 Thread 0x0000016918eb8d70 Exception <a 'java/lang/NoSuchMethodError'{0x00000000ebd31630}: 'java.lang.Object java.lang.invoke.DirectMethodHandle$Holder.invokeSpecial(java.lang.Object, java.lang.Object, java.lang.Object, long, java.lang.Object)'> (0x00000000ebd31630) 
thrown [s\src\hotspot\share\interpreter\linkResolver.cpp, line 759]
Event: 3.166 Thread 0x0000016918eb8d70 Exception <a 'java/lang/NoSuchMethodError'{0x00000000ebd397e8}: 'java.lang.Object java.lang.invoke.DirectMethodHandle$Holder.newInvokeSpecial(java.lang.Object, java.lang.Object, java.lang.Object, long)'> (0x00000000ebd397e8) 
thrown [s\src\hotspot\share\interpreter\linkResolver.cpp, line 759]
Event: 3.166 Thread 0x0000016918eb8d70 Exception <a 'java/lang/NoSuchMethodError'{0x00000000ebd3dd88}: 'java.lang.Object java.lang.invoke.DirectMethodHandle$Holder.invokeSpecial(java.lang.Object, java.lang.Object, java.lang.Object, java.lang.Object, long)'> (0x00000000ebd3dd88) 
thrown [s\src\hotspot\share\interpreter\linkResolver.cpp, line 759]
Event: 3.166 Thread 0x0000016918eb8d70 Exception <a 'java/lang/NoSuchMethodError'{0x00000000ebd41ef8}: 'java.lang.Object java.lang.invoke.Invokers$Holder.linkToTargetMethod(java.lang.Object, java.lang.Object, long, java.lang.Object)'> (0x00000000ebd41ef8) 
thrown [s\src\hotspot\share\interpreter\linkResolver.cpp, line 759]
Event: 3.181 Thread 0x0000016918eb8d70 Exception <a 'java/lang/NoSuchMethodError'{0x00000000ebdbb6b0}: 'int java.lang.invoke.DirectMethodHandle$Holder.invokeStaticInit(java.lang.Object, java.lang.Object, java.lang.Object)'> (0x00000000ebdbb6b0) 
thrown [s\src\hotspot\share\interpreter\linkResolver.cpp, line 759]
Event: 3.198 Thread 0x0000016918eb8d70 Exception <a 'java/lang/IncompatibleClassChangeError'{0x00000000ebe8b670}: Found class java.lang.Object, but interface was expected> (0x00000000ebe8b670) 
thrown [s\src\hotspot\share\interpreter\linkResolver.cpp, line 826]
Event: 3.340 Thread 0x0000016918eb8d70 Exception <a 'java/lang/NoSuchMethodError'{0x00000000ebec4dd0}: 'java.lang.Object java.lang.invoke.DirectMethodHandle$Holder.invokeSpecial(java.lang.Object, java.lang.Object, java.lang.Object, int, java.lang.Object, java.lang.Object)'> (0x00000000ebec4dd0) 
thrown [s\src\hotspot\share\interpreter\linkResolver.cpp, line 759]
Event: 3.341 Thread 0x0000016918eb8d70 Exception <a 'java/lang/NoSuchMethodError'{0x00000000ebecd548}: 'java.lang.Object java.lang.invoke.DirectMethodHandle$Holder.newInvokeSpecial(java.lang.Object, java.lang.Object, java.lang.Object, int, java.lang.Object)'> (0x00000000ebecd548) 
thrown [s\src\hotspot\share\interpreter\linkResolver.cpp, line 759]
Event: 3.341 Thread 0x0000016918eb8d70 Exception <a 'java/lang/NoSuchMethodError'{0x00000000ebed19a0}: 'java.lang.Object java.lang.invoke.DirectMethodHandle$Holder.invokeSpecial(java.lang.Object, java.lang.Object, java.lang.Object, java.lang.Object, int, java.lang.Object)'> (0x00000000ebed19a0) 
thrown [s\src\hotspot\share\interpreter\linkResolver.cpp, line 759]
Event: 3.342 Thread 0x000001691933ddf0 Exception <a 'java/lang/NoSuchMethodError'{0x00000000ebdf1548}: 'java.lang.Object java.lang.invoke.DirectMethodHandle$Holder.invokeSpecial(java.lang.Object, java.lang.Object, int, java.lang.Object, java.lang.Object)'> (0x00000000ebdf1548) 
thrown [s\src\hotspot\share\interpreter\linkResolver.cpp, line 759]
Event: 3.581 Thread 0x0000016918eb8d70 Exception <a 'java/lang/NoSuchMethodError'{0x00000000eb3d5148}: 'java.lang.Object java.lang.invoke.Invokers$Holder.linkToTargetMethod(java.lang.Object, long, java.lang.Object, java.lang.Object)'> (0x00000000eb3d5148) 
thrown [s\src\hotspot\share\interpreter\linkResolver.cpp, line 759]
Event: 3.647 Thread 0x0000016918eb8d70 Exception <a 'java/io/FileNotFoundException'{0x00000000ebb1b2b8}> (0x00000000ebb1b2b8) 
thrown [s\src\hotspot\share\prims\jni.cpp, line 516]
Event: 3.648 Thread 0x0000016918eb8d70 Exception <a 'java/lang/NoSuchMethodError'{0x00000000ebb24618}: 'java.lang.Object java.lang.invoke.DirectMethodHandle$Holder.newInvokeSpecial(java.lang.Object, int, java.lang.Object, java.lang.Object)'> (0x00000000ebb24618) 
thrown [s\src\hotspot\share\interpreter\linkResolver.cpp, line 759]
Event: 3.804 Thread 0x0000016918eb8d70 Exception <a 'java/lang/NoSuchMethodError'{0x00000000ec22a090}: 'void java.lang.invoke.DirectMethodHandle$Holder.invokeSpecial(java.lang.Object, java.lang.Object, java.lang.Object, int)'> (0x00000000ec22a090) 
thrown [s\src\hotspot\share\interpreter\linkResolver.cpp, line 759]
Event: 3.921 Thread 0x000001691933c4a0 Exception <a 'java/lang/NoSuchMethodError'{0x00000000ead4cdd0}: 'int java.lang.invoke.DirectMethodHandle$Holder.invokeVirtual(java.lang.Object, java.lang.Object)'> (0x00000000ead4cdd0) 
thrown [s\src\hotspot\share\interpreter\linkResolver.cpp, line 759]
Event: 4.164 Thread 0x0000016918eb8d70 Exception <a 'java/io/FileNotFoundException'{0x00000000ec15f188}> (0x00000000ec15f188) 
thrown [s\src\hotspot\share\prims\jni.cpp, line 516]
Event: 4.164 Thread 0x0000016918eb8d70 Exception <a 'java/io/FileNotFoundException'{0x00000000ec160010}> (0x00000000ec160010) 
thrown [s\src\hotspot\share\prims\jni.cpp, line 516]
Event: 4.164 Thread 0x0000016918eb8d70 Exception <a 'java/io/FileNotFoundException'{0x00000000ec160fe0}> (0x00000000ec160fe0) 
thrown [s\src\hotspot\share\prims\jni.cpp, line 516]
Event: 4.346 Thread 0x0000016918eb8d70 Implicit null exception at 0x000001690a863949 to 0x000001690a863a1c
Event: 4.483 Thread 0x0000016918eb8d70 Exception <a 'java/io/FileNotFoundException'{0x00000000ebc10458}> (0x00000000ebc10458) 
thrown [s\src\hotspot\share\prims\jni.cpp, line 516]

VM Operations (20 events):
Event: 3.348 Executing VM operation: HandshakeAllThreads
Event: 3.348 Executing VM operation: HandshakeAllThreads done
Event: 3.348 Executing VM operation: Cleanup
Event: 3.348 Executing VM operation: Cleanup done
Event: 3.389 Executing VM operation: HandshakeAllThreads
Event: 3.389 Executing VM operation: HandshakeAllThreads done
Event: 3.389 Executing VM operation: HandshakeAllThreads
Event: 3.389 Executing VM operation: HandshakeAllThreads done
Event: 3.412 Executing VM operation: ParallelGCFailedAllocation
Event: 3.417 Executing VM operation: ParallelGCFailedAllocation done
Event: 3.431 Executing VM operation: HandshakeAllThreads
Event: 3.431 Executing VM operation: HandshakeAllThreads done
Event: 3.436 Executing VM operation: HandshakeAllThreads
Event: 3.436 Executing VM operation: HandshakeAllThreads done
Event: 3.856 Executing VM operation: ParallelGCFailedAllocation
Event: 3.859 Executing VM operation: ParallelGCFailedAllocation done
Event: 4.182 Executing VM operation: ParallelGCFailedAllocation
Event: 4.184 Executing VM operation: ParallelGCFailedAllocation done
Event: 4.389 Executing VM operation: ParallelGCFailedAllocation
Event: 4.393 Executing VM operation: ParallelGCFailedAllocation done

Events (20 events):
Event: 3.983 loading class java/util/zip/GZIPInputStream
Event: 3.984 loading class java/util/zip/GZIPInputStream done
Event: 3.987 loading class java/net/SocketTimeoutException
Event: 3.987 loading class java/io/InterruptedIOException
Event: 3.987 loading class java/io/InterruptedIOException done
Event: 3.987 loading class java/net/SocketTimeoutException done
Event: 3.987 loading class java/net/SocketException
Event: 3.987 loading class java/net/SocketException done
Event: 3.987 loading class java/net/UnknownHostException
Event: 3.987 loading class java/net/UnknownHostException done
Event: 3.987 loading class java/net/ProtocolException
Event: 3.987 loading class java/net/ProtocolException done
Event: 4.008 loading class java/lang/ThreadLocal$SuppliedThreadLocal
Event: 4.008 loading class java/lang/ThreadLocal$SuppliedThreadLocal done
Event: 4.015 loading class java/io/FileWriter
Event: 4.016 loading class java/io/FileWriter done
Event: 4.159 loading class java/lang/NegativeArraySizeException
Event: 4.159 loading class java/lang/NegativeArraySizeException done
Event: 4.314 loading class java/util/ArrayDeque$DeqSpliterator
Event: 4.314 loading class java/util/ArrayDeque$DeqSpliterator done


Dynamic libraries:
0x00007ff7b3c60000 - 0x00007ff7b3c6e000 	c:\Users\TDR SOFTWARE PVT LTD\.vscode\extensions\redhat.java-1.29.0-win32-x64\jre\17.0.10-win32-x86_64\bin\java.exe
0x00007ffe67f50000 - 0x00007ffe68166000 	C:\WINDOWS\SYSTEM32\ntdll.dll
0x00007ffe66e20000 - 0x00007ffe66ee4000 	C:\WINDOWS\System32\KERNEL32.DLL
0x00007ffe65270000 - 0x00007ffe65617000 	C:\WINDOWS\System32\KERNELBASE.dll
0x00007ffe65a80000 - 0x00007ffe65b91000 	C:\WINDOWS\System32\ucrtbase.dll
0x00007ffe13fd0000 - 0x00007ffe13fe7000 	c:\Users\TDR SOFTWARE PVT LTD\.vscode\extensions\redhat.java-1.29.0-win32-x64\jre\17.0.10-win32-x86_64\bin\jli.dll
0x00007ffe001c0000 - 0x00007ffe001db000 	c:\Users\TDR SOFTWARE PVT LTD\.vscode\extensions\redhat.java-1.29.0-win32-x64\jre\17.0.10-win32-x86_64\bin\VCRUNTIME140.dll
0x00007ffe66b90000 - 0x00007ffe66d3e000 	C:\WINDOWS\System32\USER32.dll
0x00007ffe570c0000 - 0x00007ffe57353000 	C:\WINDOWS\WinSxS\amd64_microsoft.windows.common-controls_6595b64144ccf1df_6.0.22621.3235_none_270f74e173860f98\COMCTL32.dll
0x00007ffe65ba0000 - 0x00007ffe65bc6000 	C:\WINDOWS\System32\win32u.dll
0x00007ffe673c0000 - 0x00007ffe67467000 	C:\WINDOWS\System32\msvcrt.dll
0x00007ffe675d0000 - 0x00007ffe675f9000 	C:\WINDOWS\System32\GDI32.dll
0x00007ffe65960000 - 0x00007ffe65a79000 	C:\WINDOWS\System32\gdi32full.dll
0x00007ffe65750000 - 0x00007ffe657ea000 	C:\WINDOWS\System32\msvcp_win.dll
0x00007ffe67ed0000 - 0x00007ffe67f01000 	C:\WINDOWS\System32\IMM32.DLL
0x00007ffe4dc10000 - 0x00007ffe4dc1c000 	c:\Users\TDR SOFTWARE PVT LTD\.vscode\extensions\redhat.java-1.29.0-win32-x64\jre\17.0.10-win32-x86_64\bin\vcruntime140_1.dll
0x00007ffddac70000 - 0x00007ffddacfd000 	c:\Users\TDR SOFTWARE PVT LTD\.vscode\extensions\redhat.java-1.29.0-win32-x64\jre\17.0.10-win32-x86_64\bin\msvcp140.dll
0x00007ffdda000000 - 0x00007ffddac62000 	c:\Users\TDR SOFTWARE PVT LTD\.vscode\extensions\redhat.java-1.29.0-win32-x64\jre\17.0.10-win32-x86_64\bin\server\jvm.dll
0x00007ffe65c90000 - 0x00007ffe65d42000 	C:\WINDOWS\System32\ADVAPI32.dll
0x00007ffe666a0000 - 0x00007ffe66748000 	C:\WINDOWS\System32\sechost.dll
0x00007ffe65bd0000 - 0x00007ffe65bf8000 	C:\WINDOWS\System32\bcrypt.dll
0x00007ffe670c0000 - 0x00007ffe671d5000 	C:\WINDOWS\System32\RPCRT4.dll
0x00007ffe53fe0000 - 0x00007ffe53fe9000 	C:\WINDOWS\SYSTEM32\WSOCK32.dll
0x00007ffe64770000 - 0x00007ffe647bd000 	C:\WINDOWS\SYSTEM32\POWRPROF.dll
0x00007ffe591b0000 - 0x00007ffe591e4000 	C:\WINDOWS\SYSTEM32\WINMM.dll
0x00007ffe66280000 - 0x00007ffe662f1000 	C:\WINDOWS\System32\WS2_32.dll
0x00007ffe5c490000 - 0x00007ffe5c49a000 	C:\WINDOWS\SYSTEM32\VERSION.dll
0x00007ffe646c0000 - 0x00007ffe646d3000 	C:\WINDOWS\SYSTEM32\UMPDC.dll
0x00007ffe64210000 - 0x00007ffe64228000 	C:\WINDOWS\SYSTEM32\kernel.appcore.dll
0x00007ffe480d0000 - 0x00007ffe480da000 	c:\Users\TDR SOFTWARE PVT LTD\.vscode\extensions\redhat.java-1.29.0-win32-x64\jre\17.0.10-win32-x86_64\bin\jimage.dll
0x00007ffe50e30000 - 0x00007ffe51063000 	C:\WINDOWS\SYSTEM32\DBGHELP.DLL
0x00007ffe667b0000 - 0x00007ffe66b38000 	C:\WINDOWS\System32\combase.dll
0x00007ffe66d40000 - 0x00007ffe66e17000 	C:\WINDOWS\System32\OLEAUT32.dll
0x00007ffe4fbc0000 - 0x00007ffe4fbf2000 	C:\WINDOWS\SYSTEM32\dbgcore.DLL
0x00007ffe65c00000 - 0x00007ffe65c79000 	C:\WINDOWS\System32\bcryptPrimitives.dll
0x00007ffe42c20000 - 0x00007ffe42c2e000 	c:\Users\TDR SOFTWARE PVT LTD\.vscode\extensions\redhat.java-1.29.0-win32-x64\jre\17.0.10-win32-x86_64\bin\instrument.dll
0x00007ffdfe740000 - 0x00007ffdfe765000 	c:\Users\TDR SOFTWARE PVT LTD\.vscode\extensions\redhat.java-1.29.0-win32-x64\jre\17.0.10-win32-x86_64\bin\java.dll
0x00007ffdfecf0000 - 0x00007ffdfed08000 	c:\Users\TDR SOFTWARE PVT LTD\.vscode\extensions\redhat.java-1.29.0-win32-x64\jre\17.0.10-win32-x86_64\bin\zip.dll
0x00007ffe67600000 - 0x00007ffe67e5c000 	C:\WINDOWS\System32\SHELL32.dll
0x00007ffe63180000 - 0x00007ffe63a79000 	C:\WINDOWS\SYSTEM32\windows.storage.dll
0x00007ffe63040000 - 0x00007ffe6317e000 	C:\WINDOWS\SYSTEM32\wintypes.dll
0x00007ffe664f0000 - 0x00007ffe665e3000 	C:\WINDOWS\System32\SHCORE.dll
0x00007ffe67570000 - 0x00007ffe675ce000 	C:\WINDOWS\System32\shlwapi.dll
0x00007ffe651a0000 - 0x00007ffe651c1000 	C:\WINDOWS\SYSTEM32\profapi.dll
0x00007ffdfe720000 - 0x00007ffdfe739000 	C:\Users\TDR SOFTWARE PVT LTD\.vscode\extensions\redhat.java-1.29.0-win32-x64\jre\17.0.10-win32-x86_64\bin\net.dll
0x00007ffe5f930000 - 0x00007ffe5fa66000 	C:\WINDOWS\SYSTEM32\WINHTTP.dll
0x00007ffe647c0000 - 0x00007ffe64829000 	C:\WINDOWS\system32\mswsock.dll
0x00007ffdfdfb0000 - 0x00007ffdfdfc6000 	C:\Users\TDR SOFTWARE PVT LTD\.vscode\extensions\redhat.java-1.29.0-win32-x64\jre\17.0.10-win32-x86_64\bin\nio.dll
0x00007ffe425c0000 - 0x00007ffe425d0000 	c:\Users\TDR SOFTWARE PVT LTD\.vscode\extensions\redhat.java-1.29.0-win32-x64\jre\17.0.10-win32-x86_64\bin\verify.dll
0x00007ffe14150000 - 0x00007ffe1418e000 	C:\Users\TDR SOFTWARE PVT LTD\AppData\Roaming\Code\User\globalStorage\redhat.java\1.29.0\config_win\org.eclipse.equinox.launcher\org.eclipse.equinox.launcher.win32.win32.x86_64_1.2.900.v20240213-1244\eclipse_11900.dll
0x00007ffe671e0000 - 0x00007ffe67385000 	C:\WINDOWS\System32\ole32.dll

dbghelp: loaded successfully - version: 4.0.5 - missing functions: none
symbol engine: initialized successfully - sym options: 0x614 - pdb path: .;c:\Users\TDR SOFTWARE PVT LTD\.vscode\extensions\redhat.java-1.29.0-win32-x64\jre\17.0.10-win32-x86_64\bin;C:\WINDOWS\SYSTEM32;C:\WINDOWS\WinSxS\amd64_microsoft.windows.common-controls_6595b64144ccf1df_6.0.22621.3235_none_270f74e173860f98;c:\Users\TDR SOFTWARE PVT LTD\.vscode\extensions\redhat.java-1.29.0-win32-x64\jre\17.0.10-win32-x86_64\bin\server;C:\Users\TDR SOFTWARE PVT LTD\AppData\Roaming\Code\User\globalStorage\redhat.java\1.29.0\config_win\org.eclipse.equinox.launcher\org.eclipse.equinox.launcher.win32.win32.x86_64_1.2.900.v20240213-1244

VM Arguments:
jvm_args: --add-modules=ALL-SYSTEM --add-opens=java.base/java.util=ALL-UNNAMED --add-opens=java.base/java.lang=ALL-UNNAMED --add-opens=java.base/sun.nio.fs=ALL-UNNAMED -Declipse.application=org.eclipse.jdt.ls.core.id1 -Dosgi.bundles.defaultStartLevel=4 -Declipse.product=org.eclipse.jdt.ls.core.product -Djava.import.generatesMetadataFilesAtProjectRoot=false -DDetectVMInstallationsJob.disabled=true -Dfile.encoding=utf8 -XX:+UseParallelGC -XX:GCTimeRatio=4 -XX:AdaptiveSizePolicyWeight=90 -Dsun.zip.disableMemoryMapping=true -Xmx1G -Xms100m -Xlog:disable -javaagent:c:\Users\TDR SOFTWARE PVT LTD\.vscode\extensions\redhat.java-1.29.0-win32-x64\lombok\lombok-1.18.32.jar -XX:+HeapDumpOnOutOfMemoryError -XX:HeapDumpPath=c:\Users\TDR SOFTWARE PVT LTD\AppData\Roaming\Code\User\workspaceStorage\dda9ed2ddc5e0cadd90f1bcc6f87684a\redhat.java -Daether.dependencyCollector.impl=bf 
java_command: c:\Users\TDR SOFTWARE PVT LTD\.vscode\extensions\redhat.java-1.29.0-win32-x64\server\plugins\org.eclipse.equinox.launcher_1.6.800.v20240304-1850.jar -configuration c:\Users\TDR SOFTWARE PVT LTD\AppData\Roaming\Code\User\globalStorage\redhat.java\1.29.0\config_win -data c:\Users\TDR SOFTWARE PVT LTD\AppData\Roaming\Code\User\workspaceStorage\dda9ed2ddc5e0cadd90f1bcc6f87684a\redhat.java\jdt_ws --stdio
java_class_path (initial): c:\Users\TDR SOFTWARE PVT LTD\.vscode\extensions\redhat.java-1.29.0-win32-x64\server\plugins\org.eclipse.equinox.launcher_1.6.800.v20240304-1850.jar
Launcher Type: SUN_STANDARD

[Global flags]
    uintx AdaptiveSizePolicyWeight                 = 90                                        {product} {command line}
     intx CICompilerCount                          = 4                                         {product} {ergonomic}
    uintx GCTimeRatio                              = 4                                         {product} {command line}
     bool HeapDumpOnOutOfMemoryError               = true                                   {manageable} {command line}
    ccstr HeapDumpPath                             = c:\Users\TDR SOFTWARE PVT LTD\AppData\Roaming\Code\User\workspaceStorage\dda9ed2ddc5e0cadd90f1bcc6f87684a\redhat.java         {manageable} {command line}
   size_t InitialHeapSize                          = 104857600                                 {product} {command line}
   size_t MaxHeapSize                              = 1073741824                                {product} {command line}
   size_t MaxNewSize                               = 357564416                                 {product} {ergonomic}
   size_t MinHeapDeltaBytes                        = 524288                                    {product} {ergonomic}
   size_t MinHeapSize                              = 104857600                                 {product} {command line}
   size_t NewSize                                  = 34603008                                  {product} {ergonomic}
    uintx NonNMethodCodeHeapSize                   = 5839372                                {pd product} {ergonomic}
    uintx NonProfiledCodeHeapSize                  = 122909434                              {pd product} {ergonomic}
   size_t OldSize                                  = 70254592                                  {product} {ergonomic}
    uintx ProfiledCodeHeapSize                     = 122909434                              {pd product} {ergonomic}
    uintx ReservedCodeCacheSize                    = 251658240                              {pd product} {ergonomic}
     bool SegmentedCodeCache                       = true                                      {product} {ergonomic}
   size_t SoftMaxHeapSize                          = 1073741824                             {manageable} {ergonomic}
     bool UseCompressedClassPointers               = true                           {product lp64_product} {ergonomic}
     bool UseCompressedOops                        = true                           {product lp64_product} {ergonomic}
     bool UseLargePagesIndividualAllocation        = false                                  {pd product} {ergonomic}
     bool UseParallelGC                            = true                                      {product} {command line}

Logging:
Log output configuration:
 #0: stdout all=off uptime,level,tags
 #1: stderr all=off uptime,level,tags

Environment Variables:
JAVA_HOME=C:\Program Files\Java\jdk-17
PATH=C:\Python312\Scripts\;C:\Python312\;C:\Program Files\Common Files\Oracle\Java\javapath;C:\Windows\system32;C:\Windows;C:\Windows\System32\Wbem;C:\Windows\System32\WindowsPowerShell\v1.0\;C:\Windows\System32\OpenSSH\;C:\Program Files (x86)\NVIDIA Corporation\PhysX\Common;C:\WINDOWS\system32;C:\WINDOWS;C:\WINDOWS\System32\Wbem;C:\WINDOWS\System32\WindowsPowerShell\v1.0\;C:\WINDOWS\System32\OpenSSH\;C:\Users\TDR SOFTWARE PVT LTD\AppData\Local\Android\Sdk;C:\Program Files\Git\cmd;C:\ProgramData\chocolatey\bin;C:\Users\TDR SOFTWARE PVT LTD\Downloads\platform-tools_r35.0.0-windows\platform-tools;C:\Users\TDR SOFTWARE PVT LTD\Downloads\gradle-8.7-all\gradle-8.7\bin;C:\Users\YOUR_USERNAME\AppData\Roaming\npm;C:\Program Files\nodejs\;C:\Users\TDR SOFTWARE PVT LTD\AppData\Local\Microsoft\WindowsApps;C:\Users\TDR SOFTWARE PVT LTD\AppData\Local\Android\Sdk\platform-tools;C:\Windows\SysWOW64;C:\Users\TDR SOFTWARE PVT LTD\AppData\Roaming\npm;C:\Users\TDR SOFTWARE PVT LTD\AppData\Local\Programs\Microsoft VS Code\bin
USERNAME=TDR SOFTWARE PVT LTD
OS=Windows_NT
PROCESSOR_IDENTIFIER=Intel64 Family 6 Model 165 Stepping 3, GenuineIntel
TMP=C:\Users\TDRSOF~1\AppData\Local\Temp
TEMP=C:\WINDOWS\TEMP



Periodic native trim disabled


---------------  S Y S T E M  ---------------

OS:
 Windows 11 , 64 bit Build 22621 (10.0.22621.3374)
OS uptime: 0 days 0:31 hours
Hyper-V role detected

CPU: total 12 (initial active 12) (6 cores per cpu, 2 threads per core) family 6 model 165 stepping 3 microcode 0xf4, cx8, cmov, fxsr, ht, mmx, 3dnowpref, sse, sse2, sse3, ssse3, sse4.1, sse4.2, popcnt, lzcnt, tsc, tscinvbit, avx, avx2, aes, erms, clmul, bmi1, bmi2, adx, fma, vzeroupper, clflush, clflushopt, hv
Processor Information for all 12 processors :
  Max Mhz: 2904, Current Mhz: 2904, Mhz Limit: 2904

Memory: 4k page, system-wide physical 16295M (1582M free)
TotalPageFile size 16295M (AvailPageFile size 78M)
current process WorkingSet (physical memory assigned to process): 149M, peak: 149M
current process commit charge ("private bytes"): 255M, peak: 256M

vm_info: OpenJDK 64-Bit Server VM (17.0.10+7) for windows-amd64 JRE (17.0.10+7), built on Jan 16 2024 23:25:11 by "admin" with MS VC++ 16.10 / 16.11 (VS2019)

END.
