#
# There is insufficient memory for the Java Runtime Environment to continue.
# Native memory allocation (mmap) failed to map 268435456 bytes for G1 virtual space
# Possible reasons:
#   The system is out of physical RAM or swap space
#   The process is running with CompressedOops enabled, and the Java Heap may be blocking the growth of the native heap
# Possible solutions:
#   Reduce memory load on the system
#   Increase physical memory or swap space
#   Check if swap backing store is full
#   Decrease Java heap size (-Xmx/-Xms)
#   Decrease number of Java threads
#   Decrease Java thread stack sizes (-Xss)
#   Set larger code cache with -XX:ReservedCodeCacheSize=
#   JVM is running with Zero Based Compressed Oops mode in which the Java heap is
#     placed in the first 32GB address space. The Java Heap base address is the
#     maximum limit for the native heap growth. Please use -XX:HeapBaseMinAddress
#     to set the Java Heap base and to place the Java Heap above 32GB virtual address.
# This output file may be truncated or incomplete.
#
#  Out of Memory Error (os_windows.cpp:3548), pid=13272, tid=13252
#
# JRE version:  (17.0.10+11) (build )
# Java VM: Java HotSpot(TM) 64-Bit Server VM (17.0.10+11-LTS-240, mixed mode, sharing, tiered, compressed oops, compressed class ptrs, g1 gc, windows-amd64)
# No core dump will be written. Minidumps are not enabled by default on client versions of Windows
#

---------------  S U M M A R Y ------------

Command Line: org.jetbrains.kotlin.cli.jvm.K2JVMCompiler @D:\PROJECTS\customerapp\node_modules\react-native-screens\android\build\20240410_2012845465733357420.compiler.options

Host: Intel(R) Core(TM) i5-10400F CPU @ 2.90GHz, 12 cores, 15G,  Windows 11 , 64 bit Build 22621 (10.0.22621.3374)
Time: Wed Apr 10 23:29:40 2024 India Standard Time elapsed time: 0.018767 seconds (0d 0h 0m 0s)

---------------  T H R E A D  ---------------

Current thread (0x000001b8a37bafe0):  JavaThread "Unknown thread" [_thread_in_vm, id=13252, stack(0x000000471da00000,0x000000471db00000)]

Stack: [0x000000471da00000,0x000000471db00000]
Native frames: (J=compiled Java code, j=interpreted, Vv=VM code, C=native code)
V  [jvm.dll+0x677a5a]
V  [jvm.dll+0x7d8b2d]
V  [jvm.dll+0x7da48e]
V  [jvm.dll+0x7daaf3]
V  [jvm.dll+0x2455ff]
V  [jvm.dll+0x6749b9]
V  [jvm.dll+0x669382]
V  [jvm.dll+0x302e96]
V  [jvm.dll+0x30a416]
V  [jvm.dll+0x359cbe]
V  [jvm.dll+0x359eef]
V  [jvm.dll+0x2d9e88]
V  [jvm.dll+0x2dadf4]
V  [jvm.dll+0x7aa551]
V  [jvm.dll+0x367911]
V  [jvm.dll+0x789639]
V  [jvm.dll+0x3eb30f]
V  [jvm.dll+0x3ecd91]
C  [jli.dll+0x5297]
C  [ucrtbase.dll+0x29333]
C  [KERNEL32.DLL+0x1257d]
C  [ntdll.dll+0x5aa48]


---------------  P R O C E S S  ---------------

Threads class SMR info:
_java_thread_list=0x00007ffc37416a18, length=0, elements={
}

Java Threads: ( => current thread )

Other Threads:
  0x000001b8a5920f40 GCTaskThread "GC Thread#0" [stack: 0x000000471db00000,0x000000471dc00000] [id=13620]
  0x000001b8a5932d30 ConcurrentGCThread "G1 Main Marker" [stack: 0x000000471dc00000,0x000000471dd00000] [id=2304]
  0x000001b8a5933740 ConcurrentGCThread "G1 Conc#0" [stack: 0x0000000000000000,0x0000000000000000] [id=15764]

[error occurred during error reporting (printing all threads), id 0xc0000005, EXCEPTION_ACCESS_VIOLATION (0xc0000005) at pc=0x00007ffc36c4aae7]

VM state: not at safepoint (not fully initialized)

VM Mutex/Monitor currently owned by a thread:  ([mutex/lock_event])
[0x000001b8a58b21f0] Heap_lock - owner thread: 0x000001b8a37bafe0

Heap address: 0x0000000701600000, size: 4074 MB, Compressed Oops mode: Zero based, Oop shift amount: 3

CDS archive(s) mapped at: [0x0000000000000000-0x0000000000000000-0x0000000000000000), size 0, SharedBaseAddress: 0x0000000800000000, ArchiveRelocationMode: 1.
Narrow klass base: 0x0000000000000000, Narrow klass shift: 0, Narrow klass range: 0x0

GC Precious Log:
<Empty>

Heap:
 garbage-first heap   total 0K, used 0K [0x0000000701600000, 0x0000000800000000)
  region size 2048K, 0 young (0K), 0 survivors (0K)

[error occurred during error reporting (printing heap information), id 0xc0000005, EXCEPTION_ACCESS_VIOLATION (0xc0000005) at pc=0x00007ffc37031249]

GC Heap History (0 events):
No events

Deoptimization events (0 events):
No events

Classes unloaded (0 events):
No events

Classes redefined (0 events):
No events

Internal exceptions (0 events):
No events

VM Operations (0 events):
No events

Events (1 events):
Event: 0.011 Loaded shared library C:\Program Files\Java\jdk-17\bin\java.dll


Dynamic libraries:
0x00007ff7b9aa0000 - 0x00007ff7b9ab0000 	C:\Program Files\Java\jdk-17\bin\java.exe
0x00007ffc73e70000 - 0x00007ffc74086000 	C:\WINDOWS\SYSTEM32\ntdll.dll
0x00007ffc734e0000 - 0x00007ffc735a4000 	C:\WINDOWS\System32\KERNEL32.DLL
0x00007ffc712b0000 - 0x00007ffc71657000 	C:\WINDOWS\System32\KERNELBASE.dll
0x00007ffc719e0000 - 0x00007ffc71af1000 	C:\WINDOWS\System32\ucrtbase.dll
0x00007ffc375f0000 - 0x00007ffc37609000 	C:\Program Files\Java\jdk-17\bin\jli.dll
0x00007ffc720e0000 - 0x00007ffc72192000 	C:\WINDOWS\System32\ADVAPI32.dll
0x00007ffc737d0000 - 0x00007ffc73877000 	C:\WINDOWS\System32\msvcrt.dll
0x00007ffc73880000 - 0x00007ffc73928000 	C:\WINDOWS\System32\sechost.dll
0x00007ffc71250000 - 0x00007ffc71278000 	C:\WINDOWS\System32\bcrypt.dll
0x00007ffc726d0000 - 0x00007ffc727e5000 	C:\WINDOWS\System32\RPCRT4.dll
0x00007ffc375d0000 - 0x00007ffc375eb000 	C:\Program Files\Java\jdk-17\bin\VCRUNTIME140.dll
0x00007ffc72510000 - 0x00007ffc726be000 	C:\WINDOWS\System32\USER32.dll
0x00007ffc71280000 - 0x00007ffc712a6000 	C:\WINDOWS\System32\win32u.dll
0x00007ffc723f0000 - 0x00007ffc72419000 	C:\WINDOWS\System32\GDI32.dll
0x00007ffc71660000 - 0x00007ffc71779000 	C:\WINDOWS\System32\gdi32full.dll
0x00007ffc71b00000 - 0x00007ffc71b9a000 	C:\WINDOWS\System32\msvcp_win.dll
0x00007ffc63900000 - 0x00007ffc63b93000 	C:\WINDOWS\WinSxS\amd64_microsoft.windows.common-controls_6595b64144ccf1df_6.0.22621.3235_none_270f74e173860f98\COMCTL32.dll
0x00007ffc6a3d0000 - 0x00007ffc6a3da000 	C:\WINDOWS\SYSTEM32\VERSION.dll
0x00007ffc721f0000 - 0x00007ffc72221000 	C:\WINDOWS\System32\IMM32.DLL
0x00007ffc50e30000 - 0x00007ffc50e3c000 	C:\Program Files\Java\jdk-17\bin\vcruntime140_1.dll
0x00007ffc37540000 - 0x00007ffc375ce000 	C:\Program Files\Java\jdk-17\bin\msvcp140.dll
0x00007ffc36960000 - 0x00007ffc3753f000 	C:\Program Files\Java\jdk-17\bin\server\jvm.dll
0x00007ffc73470000 - 0x00007ffc73478000 	C:\WINDOWS\System32\PSAPI.DLL
0x00007ffc3b0c0000 - 0x00007ffc3b0c9000 	C:\WINDOWS\SYSTEM32\WSOCK32.dll
0x00007ffc72b10000 - 0x00007ffc72b81000 	C:\WINDOWS\System32\WS2_32.dll
0x00007ffc5b6d0000 - 0x00007ffc5b704000 	C:\WINDOWS\SYSTEM32\WINMM.dll
0x00007ffc70190000 - 0x00007ffc701a8000 	C:\WINDOWS\SYSTEM32\kernel.appcore.dll
0x00007ffc386e0000 - 0x00007ffc386ea000 	C:\Program Files\Java\jdk-17\bin\jimage.dll
0x00007ffc6a3e0000 - 0x00007ffc6a613000 	C:\WINDOWS\SYSTEM32\DBGHELP.DLL
0x00007ffc71c50000 - 0x00007ffc71fd8000 	C:\WINDOWS\System32\combase.dll
0x00007ffc72420000 - 0x00007ffc724f7000 	C:\WINDOWS\System32\OLEAUT32.dll
0x00007ffc6a390000 - 0x00007ffc6a3c2000 	C:\WINDOWS\SYSTEM32\dbgcore.DLL
0x00007ffc71780000 - 0x00007ffc717f9000 	C:\WINDOWS\System32\bcryptPrimitives.dll
0x00007ffc36930000 - 0x00007ffc36955000 	C:\Program Files\Java\jdk-17\bin\java.dll

dbghelp: loaded successfully - version: 4.0.5 - missing functions: none
symbol engine: initialized successfully - sym options: 0x614 - pdb path: .;C:\Program Files\Java\jdk-17\bin;C:\WINDOWS\SYSTEM32;C:\WINDOWS\WinSxS\amd64_microsoft.windows.common-controls_6595b64144ccf1df_6.0.22621.3235_none_270f74e173860f98;C:\Program Files\Java\jdk-17\bin\server

VM Arguments:
java_command: org.jetbrains.kotlin.cli.jvm.K2JVMCompiler @D:\PROJECTS\customerapp\node_modules\react-native-screens\android\build\20240410_2012845465733357420.compiler.options
java_class_path (initial): C:\Users\TDR SOFTWARE PVT LTD\.gradle\caches\modules-2\files-2.1\org.jetbrains.kotlin\kotlin-compiler-embeddable\1.9.22\9cd4dc7773cf2a99ecd961a88fbbc9a2da3fb5e1\kotlin-compiler-embeddable-1.9.22.jar;C:\Users\TDR SOFTWARE PVT LTD\.gradle\caches\modules-2\files-2.1\org.jetbrains.kotlin\kotlin-stdlib\1.9.22\d6c44cd08d8f3f9bece8101216dbe6553365c6e3\kotlin-stdlib-1.9.22.jar;C:\Users\TDR SOFTWARE PVT LTD\.gradle\caches\modules-2\files-2.1\org.jetbrains.kotlin\kotlin-script-runtime\1.9.22\f8139a46fc677ec9badc49ae954392f4f5e7e7c7\kotlin-script-runtime-1.9.22.jar;C:\Users\TDR SOFTWARE PVT LTD\.gradle\caches\modules-2\files-2.1\org.jetbrains.kotlin\kotlin-reflect\1.6.10\1cbe9c92c12a94eea200d23c2bbaedaf3daf5132\kotlin-reflect-1.6.10.jar;C:\Users\TDR SOFTWARE PVT LTD\.gradle\caches\modules-2\files-2.1\org.jetbrains.kotlin\kotlin-daemon-embeddable\1.9.22\20e2c5df715f3240c765cfc222530e2796542021\kotlin-daemon-embeddable-1.9.22.jar;C:\Users\TDR SOFTWARE PVT LTD\.gradle\caches\modules-2\files-2.1\org.jetbrains.intellij.deps\trove4j\1.0.20200330\3afb14d5f9ceb459d724e907a21145e8ff394f02\trove4j-1.0.20200330.jar;C:\Users\TDR SOFTWARE PVT LTD\.gradle\caches\modules-2\files-2.1\org.jetbrains\annotations\13.0\919f0dfe192fb4e063e7dacadee7f8bb9a2672a9\annotations-13.0.jar
Launcher Type: SUN_STANDARD

[Global flags]
     intx CICompilerCount                          = 4                                         {product} {ergonomic}
     uint ConcGCThreads                            = 3                                         {product} {ergonomic}
     uint G1ConcRefinementThreads                  = 10                                        {product} {ergonomic}
   size_t G1HeapRegionSize                         = 2097152                                   {product} {ergonomic}
    uintx GCDrainStackTargetSize                   = 64                                        {product} {ergonomic}
   size_t InitialHeapSize                          = 268435456                                 {product} {ergonomic}
   size_t MarkStackSize                            = 4194304                                   {product} {ergonomic}
   size_t MaxHeapSize                              = 4271898624                                {product} {ergonomic}
   size_t MinHeapDeltaBytes                        = 2097152                                   {product} {ergonomic}
   size_t MinHeapSize                              = 8388608                                   {product} {ergonomic}
    uintx NonNMethodCodeHeapSize                   = 5839372                                {pd product} {ergonomic}
    uintx NonProfiledCodeHeapSize                  = 122909434                              {pd product} {ergonomic}
    uintx ProfiledCodeHeapSize                     = 122909434                              {pd product} {ergonomic}
    uintx ReservedCodeCacheSize                    = 251658240                              {pd product} {ergonomic}
     bool SegmentedCodeCache                       = true                                      {product} {ergonomic}
   size_t SoftMaxHeapSize                          = 4271898624                             {manageable} {ergonomic}
     bool UseCompressedClassPointers               = true                           {product lp64_product} {ergonomic}
     bool UseCompressedOops                        = true                           {product lp64_product} {ergonomic}
     bool UseG1GC                                  = true                                      {product} {ergonomic}
     bool UseLargePagesIndividualAllocation        = false                                  {pd product} {ergonomic}

Logging:
Log output configuration:
 #0: stdout all=warning uptime,level,tags
 #1: stderr all=off uptime,level,tags

Environment Variables:
JAVA_HOME=C:\Program Files\Java\jdk-17
CLASSPATH=D:\PROJECTS\customerapp\android\\gradle\wrapper\gradle-wrapper.jar
PATH=C:\Python312\Scripts\;C:\Python312\;C:\Program Files\Common Files\Oracle\Java\javapath;C:\Windows\system32;C:\Windows;C:\Windows\System32\Wbem;C:\Windows\System32\WindowsPowerShell\v1.0\;C:\Windows\System32\OpenSSH\;C:\Program Files (x86)\NVIDIA Corporation\PhysX\Common;C:\WINDOWS\system32;C:\WINDOWS;C:\WINDOWS\System32\Wbem;C:\WINDOWS\System32\WindowsPowerShell\v1.0\;C:\WINDOWS\System32\OpenSSH\;C:\Users\TDR SOFTWARE PVT LTD\AppData\Local\Android\Sdk;C:\Program Files\Git\cmd;C:\ProgramData\chocolatey\bin;C:\Users\TDR SOFTWARE PVT LTD\Downloads\platform-tools_r35.0.0-windows\platform-tools;C:\Users\TDR SOFTWARE PVT LTD\Downloads\gradle-8.7-all\gradle-8.7\bin;C:\Users\YOUR_USERNAME\AppData\Roaming\npm;C:\Program Files\nodejs\;C:\Users\TDR SOFTWARE PVT LTD\AppData\Local\Microsoft\WindowsApps;C:\Users\TDR SOFTWARE PVT LTD\AppData\Local\Android\Sdk\platform-tools;C:\Windows\SysWOW64;C:\Users\TDR SOFTWARE PVT LTD\AppData\Roaming\npm;C:\Users\TDR SOFTWARE PVT LTD\AppData\Local\Programs\Microsoft VS Code\bin
USERNAME=TDR SOFTWARE PVT LTD
LANG=en_US.UTF-8
OS=Windows_NT
PROCESSOR_IDENTIFIER=Intel64 Family 6 Model 165 Stepping 3, GenuineIntel



---------------  S Y S T E M  ---------------

OS:
 Windows 11 , 64 bit Build 22621 (10.0.22621.3374)
OS uptime: 0 days 2:41 hours
Hyper-V role detected

CPU: total 12 (initial active 12) (6 cores per cpu, 2 threads per core) family 6 model 165 stepping 3 microcode 0xf4, cx8, cmov, fxsr, ht, mmx, 3dnowpref, sse, sse2, sse3, ssse3, sse4.1, sse4.2, popcnt, lzcnt, tsc, tscinvbit, avx, avx2, aes, erms, clmul, bmi1, bmi2, adx, fma, vzeroupper, clflush, clflushopt, hv

Memory: 4k page, system-wide physical 16295M (3298M free)
TotalPageFile size 16295M (AvailPageFile size 5M)
current process WorkingSet (physical memory assigned to process): 11M, peak: 11M
current process commit charge ("private bytes"): 64M, peak: 320M

vm_info: Java HotSpot(TM) 64-Bit Server VM (17.0.10+11-LTS-240) for windows-amd64 JRE (17.0.10+11-LTS-240), built on Dec 19 2023 21:47:25 by "mach5one" with MS VC++ 17.1 (VS2022)

END.
