#
# There is insufficient memory for the Java Runtime Environment to continue.
# Native memory allocation (mmap) failed to map 67108864 bytes for G1 virtual space
# Possible reasons:
#   The system is out of physical RAM or swap space
#   The process is running with CompressedOops enabled, and the Java Heap may be blocking the growth of the native heap
# Possible solutions:
#   Reduce memory load on the system
#   Increase physical memory or swap space
#   Check if swap backing store is full
#   Decrease Java heap size (-Xmx/-Xms)
#   Decrease number of Java threads
#   Decrease Java thread stack sizes (-Xss)
#   Set larger code cache with -XX:ReservedCodeCacheSize=
#   JVM is running with Unscaled Compressed Oops mode in which the Java heap is
#     placed in the first 4GB address space. The Java Heap base address is the
#     maximum limit for the native heap growth. Please use -XX:HeapBaseMinAddress
#     to set the Java Heap base and to place the Java Heap above 4GB virtual address.
# This output file may be truncated or incomplete.
#
#  Out of Memory Error (os_windows.cpp:3548), pid=15548, tid=17220
#
# JRE version:  (17.0.10+11) (build )
# Java VM: Java HotSpot(TM) 64-Bit Server VM (17.0.10+11-LTS-240, mixed mode, sharing, tiered, compressed oops, compressed class ptrs, g1 gc, windows-amd64)
# No core dump will be written. Minidumps are not enabled by default on client versions of Windows
#

---------------  S U M M A R Y ------------

Command Line: -Xmx64m -Xms64m -Dorg.gradle.appname=gradlew org.gradle.wrapper.GradleWrapperMain app:installDebug -PreactNativeDevServerPort=8081

Host: Intel(R) Core(TM) i5-10400F CPU @ 2.90GHz, 12 cores, 15G,  Windows 11 , 64 bit Build 22621 (10.0.22621.3235)
Time: Thu Apr  4 10:27:38 2024 India Standard Time elapsed time: 0.008562 seconds (0d 0h 0m 0s)

---------------  T H R E A D  ---------------

Current thread (0x000001c6e9015060):  JavaThread "Unknown thread" [_thread_in_vm, id=17220, stack(0x0000004ffa900000,0x0000004ffaa00000)]

Stack: [0x0000004ffa900000,0x0000004ffaa00000]
Native frames: (J=compiled Java code, j=interpreted, Vv=VM code, C=native code)
V  [jvm.dll+0x677a5a]
V  [jvm.dll+0x7d8b2d]
V  [jvm.dll+0x7da48e]
V  [jvm.dll+0x7daaf3]
V  [jvm.dll+0x2455ff]
V  [jvm.dll+0x6749b9]
V  [jvm.dll+0x669382]
V  [jvm.dll+0x302e96]
V  [jvm.dll+0x30a416]
V  [jvm.dll+0x359cbe]
V  [jvm.dll+0x359eef]
V  [jvm.dll+0x2d9e88]
V  [jvm.dll+0x2dadf4]
V  [jvm.dll+0x7aa551]
V  [jvm.dll+0x367911]
V  [jvm.dll+0x789639]
V  [jvm.dll+0x3eb30f]
V  [jvm.dll+0x3ecd91]
C  [jli.dll+0x5297]
C  [ucrtbase.dll+0x29363]
C  [KERNEL32.DLL+0x1257d]
C  [ntdll.dll+0x5aa58]


---------------  P R O C E S S  ---------------

Threads class SMR info:
_java_thread_list=0x00007ff9a0a26a18, length=0, elements={
}

Java Threads: ( => current thread )

Other Threads:
  0x000001c6e9035f80 GCTaskThread "GC Thread#0" [stack: 0x0000004ffaa00000,0x0000004ffab00000] [id=12732]
  0x000001c6e90376d0 ConcurrentGCThread "G1 Main Marker" [stack: 0x0000004ffab00000,0x0000004ffac00000] [id=16572]
  0x000001c6e90380e0 ConcurrentGCThread "G1 Conc#0" [stack: 0x0000004ffac00000,0x0000004ffad00000] [id=11248]

[error occurred during error reporting (printing all threads), id 0xc0000005, EXCEPTION_ACCESS_VIOLATION (0xc0000005) at pc=0x00007ff9a025aae7]

VM state: not at safepoint (not fully initialized)

VM Mutex/Monitor currently owned by a thread:  ([mutex/lock_event])
[0x000001c6e9010350] Heap_lock - owner thread: 0x000001c6e9015060

Heap address: 0x00000000fc000000, size: 64 MB, Compressed Oops mode: 32-bit

CDS archive(s) mapped at: [0x0000000000000000-0x0000000000000000-0x0000000000000000), size 0, SharedBaseAddress: 0x0000000800000000, ArchiveRelocationMode: 1.
Narrow klass base: 0x0000000000000000, Narrow klass shift: 0, Narrow klass range: 0x0

GC Precious Log:
<Empty>

Heap:
 garbage-first heap   total 0K, used 0K [0x00000000fc000000, 0x0000000100000000)
  region size 1024K, 0 young (0K), 0 survivors (0K)

[error occurred during error reporting (printing heap information), id 0xc0000005, EXCEPTION_ACCESS_VIOLATION (0xc0000005) at pc=0x00007ff9a0641249]

GC Heap History (0 events):
No events

Deoptimization events (0 events):
No events

Classes unloaded (0 events):
No events

Classes redefined (0 events):
No events

Internal exceptions (0 events):
No events

VM Operations (0 events):
No events

Events (1 events):
Event: 0.005 Loaded shared library C:\Program Files\Java\jdk-17\bin\java.dll


Dynamic libraries:
0x00007ff7907c0000 - 0x00007ff7907d0000 	C:\Program Files\Java\jdk-17\bin\java.exe
0x00007ff9f04d0000 - 0x00007ff9f06e6000 	C:\WINDOWS\SYSTEM32\ntdll.dll
0x00007ff9eec10000 - 0x00007ff9eecd4000 	C:\WINDOWS\System32\KERNEL32.DLL
0x00007ff9edcb0000 - 0x00007ff9ee056000 	C:\WINDOWS\System32\KERNELBASE.dll
0x00007ff9ed980000 - 0x00007ff9eda91000 	C:\WINDOWS\System32\ucrtbase.dll
0x00007ff9dc650000 - 0x00007ff9dc669000 	C:\Program Files\Java\jdk-17\bin\jli.dll
0x00007ff9dc590000 - 0x00007ff9dc5ab000 	C:\Program Files\Java\jdk-17\bin\VCRUNTIME140.dll
0x00007ff9ee880000 - 0x00007ff9ee932000 	C:\WINDOWS\System32\ADVAPI32.dll
0x00007ff9ee7a0000 - 0x00007ff9ee847000 	C:\WINDOWS\System32\msvcrt.dll
0x00007ff9ee6f0000 - 0x00007ff9ee798000 	C:\WINDOWS\System32\sechost.dll
0x00007ff9edc80000 - 0x00007ff9edca8000 	C:\WINDOWS\System32\bcrypt.dll
0x00007ff9ee570000 - 0x00007ff9ee685000 	C:\WINDOWS\System32\RPCRT4.dll
0x00007ff9ee3c0000 - 0x00007ff9ee56d000 	C:\WINDOWS\System32\USER32.dll
0x00007ff9e1930000 - 0x00007ff9e1bc3000 	C:\WINDOWS\WinSxS\amd64_microsoft.windows.common-controls_6595b64144ccf1df_6.0.22621.3235_none_270f74e173860f98\COMCTL32.dll
0x00007ff9ee0e0000 - 0x00007ff9ee106000 	C:\WINDOWS\System32\win32u.dll
0x00007ff9ee850000 - 0x00007ff9ee879000 	C:\WINDOWS\System32\GDI32.dll
0x00007ff9edaa0000 - 0x00007ff9edbb8000 	C:\WINDOWS\System32\gdi32full.dll
0x00007ff9ee110000 - 0x00007ff9ee1aa000 	C:\WINDOWS\System32\msvcp_win.dll
0x00007ff9e4930000 - 0x00007ff9e493a000 	C:\WINDOWS\SYSTEM32\VERSION.dll
0x00007ff9ee940000 - 0x00007ff9ee971000 	C:\WINDOWS\System32\IMM32.DLL
0x00007ff9dc640000 - 0x00007ff9dc64c000 	C:\Program Files\Java\jdk-17\bin\vcruntime140_1.dll
0x00007ff9cd440000 - 0x00007ff9cd4ce000 	C:\Program Files\Java\jdk-17\bin\msvcp140.dll
0x00007ff99ff70000 - 0x00007ff9a0b4f000 	C:\Program Files\Java\jdk-17\bin\server\jvm.dll
0x00007ff9ef2f0000 - 0x00007ff9ef2f8000 	C:\WINDOWS\System32\PSAPI.DLL
0x00007ff9dc570000 - 0x00007ff9dc579000 	C:\WINDOWS\SYSTEM32\WSOCK32.dll
0x00007ff9e15b0000 - 0x00007ff9e15e4000 	C:\WINDOWS\SYSTEM32\WINMM.dll
0x00007ff9eece0000 - 0x00007ff9eed51000 	C:\WINDOWS\System32\WS2_32.dll
0x00007ff9ec810000 - 0x00007ff9ec828000 	C:\WINDOWS\SYSTEM32\kernel.appcore.dll
0x00007ff9dc530000 - 0x00007ff9dc53a000 	C:\Program Files\Java\jdk-17\bin\jimage.dll
0x00007ff9d96d0000 - 0x00007ff9d9903000 	C:\WINDOWS\SYSTEM32\DBGHELP.DLL
0x00007ff9eff40000 - 0x00007ff9f02c8000 	C:\WINDOWS\System32\combase.dll
0x00007ff9efdd0000 - 0x00007ff9efea7000 	C:\WINDOWS\System32\OLEAUT32.dll
0x00007ff9dc5b0000 - 0x00007ff9dc5e2000 	C:\WINDOWS\SYSTEM32\dbgcore.DLL
0x00007ff9ee060000 - 0x00007ff9ee0da000 	C:\WINDOWS\System32\bcryptPrimitives.dll
0x00007ff9d0330000 - 0x00007ff9d0355000 	C:\Program Files\Java\jdk-17\bin\java.dll

dbghelp: loaded successfully - version: 4.0.5 - missing functions: none
symbol engine: initialized successfully - sym options: 0x614 - pdb path: .;C:\Program Files\Java\jdk-17\bin;C:\WINDOWS\SYSTEM32;C:\WINDOWS\WinSxS\amd64_microsoft.windows.common-controls_6595b64144ccf1df_6.0.22621.3235_none_270f74e173860f98;C:\Program Files\Java\jdk-17\bin\server

VM Arguments:
jvm_args: -Xmx64m -Xms64m -Dorg.gradle.appname=gradlew 
java_command: org.gradle.wrapper.GradleWrapperMain app:installDebug -PreactNativeDevServerPort=8081
java_class_path (initial): D:\PROJECTS\customerapp\android\\gradle\wrapper\gradle-wrapper.jar
Launcher Type: SUN_STANDARD

[Global flags]
     intx CICompilerCount                          = 4                                         {product} {ergonomic}
     uint ConcGCThreads                            = 3                                         {product} {ergonomic}
     uint G1ConcRefinementThreads                  = 10                                        {product} {ergonomic}
   size_t G1HeapRegionSize                         = 1048576                                   {product} {ergonomic}
    uintx GCDrainStackTargetSize                   = 64                                        {product} {ergonomic}
   size_t InitialHeapSize                          = 67108864                                  {product} {command line}
   size_t MarkStackSize                            = 4194304                                   {product} {ergonomic}
   size_t MaxHeapSize                              = 67108864                                  {product} {command line}
   size_t MinHeapDeltaBytes                        = 1048576                                   {product} {ergonomic}
   size_t MinHeapSize                              = 67108864                                  {product} {command line}
    uintx NonNMethodCodeHeapSize                   = 5839372                                {pd product} {ergonomic}
    uintx NonProfiledCodeHeapSize                  = 122909434                              {pd product} {ergonomic}
    uintx ProfiledCodeHeapSize                     = 122909434                              {pd product} {ergonomic}
    uintx ReservedCodeCacheSize                    = 251658240                              {pd product} {ergonomic}
     bool SegmentedCodeCache                       = true                                      {product} {ergonomic}
   size_t SoftMaxHeapSize                          = 67108864                               {manageable} {ergonomic}
     bool UseCompressedClassPointers               = true                           {product lp64_product} {ergonomic}
     bool UseCompressedOops                        = true                           {product lp64_product} {ergonomic}
     bool UseG1GC                                  = true                                      {product} {ergonomic}
     bool UseLargePagesIndividualAllocation        = false                                  {pd product} {ergonomic}

Logging:
Log output configuration:
 #0: stdout all=warning uptime,level,tags
 #1: stderr all=off uptime,level,tags

Environment Variables:
JAVA_HOME=C:\Program Files\Java\jdk-17
CLASSPATH=D:\PROJECTS\customerapp\android\\gradle\wrapper\gradle-wrapper.jar
PATH=D:\PROJECTS\customerapp\node_modules\.bin;D:\PROJECTS\customerapp\node_modules\.bin;D:\PROJECTS\node_modules\.bin;D:\node_modules\.bin;C:\Users\YOUR_USERNAME\AppData\Roaming\npm\node_modules\npm\node_modules\@npmcli\run-script\lib\node-gyp-bin;C:\Python312\Scripts\;C:\Python312\;C:\Program Files\Common Files\Oracle\Java\javapath;C:\Windows\system32;C:\Windows;C:\Windows\System32\Wbem;C:\Windows\System32\WindowsPowerShell\v1.0\;C:\Windows\System32\OpenSSH\;C:\Program Files (x86)\NVIDIA Corporation\PhysX\Common;C:\WINDOWS\system32;C:\WINDOWS;C:\WINDOWS\System32\Wbem;C:\WINDOWS\System32\WindowsPowerShell\v1.0\;C:\WINDOWS\System32\OpenSSH\;C:\Users\TDR SOFTWARE PVT LTD\AppData\Local\Android\Sdk;C:\Program Files\Git\cmd;C:\ProgramData\chocolatey\bin;C:\Users\TDR SOFTWARE PVT LTD\Downloads\platform-tools_r35.0.0-windows\platform-tools;C:\Users\TDR SOFTWARE PVT LTD\Downloads\gradle-8.7-all\gradle-8.7\bin;C:\Users\YOUR_USERNAME\AppData\Roaming\npm;C:\Program Files\nodejs\;C:\Users\TDR SOFTWARE PVT LTD\AppData\Local\Microsoft\WindowsApps;C:\Users\TDR SOFTWARE PVT LTD\AppData\Local\Programs\Microsoft VS Code\bin;C:\Users\TDR SOFTWARE PVT LTD\AppData\Local\Android\Sdk\platform-tools;C:\Windows\SysWOW64;C:\Users\TDR SOFTWARE PVT LTD\AppData\Roaming\npm;
USERNAME=TDR SOFTWARE PVT LTD
LANG=en_US.UTF-8
OS=Windows_NT
PROCESSOR_IDENTIFIER=Intel64 Family 6 Model 165 Stepping 3, GenuineIntel



---------------  S Y S T E M  ---------------

OS:
 Windows 11 , 64 bit Build 22621 (10.0.22621.3235)
OS uptime: 1 days 18:22 hours
Hyper-V role detected

CPU: total 12 (initial active 12) (6 cores per cpu, 2 threads per core) family 6 model 165 stepping 3 microcode 0xf4, cx8, cmov, fxsr, ht, mmx, 3dnowpref, sse, sse2, sse3, ssse3, sse4.1, sse4.2, popcnt, lzcnt, tsc, tscinvbit, avx, avx2, aes, erms, clmul, bmi1, bmi2, adx, fma, vzeroupper, clflush, clflushopt, hv

Memory: 4k page, system-wide physical 16295M (3343M free)
TotalPageFile size 16295M (AvailPageFile size 47M)
current process WorkingSet (physical memory assigned to process): 11M, peak: 11M
current process commit charge ("private bytes"): 63M, peak: 127M

vm_info: Java HotSpot(TM) 64-Bit Server VM (17.0.10+11-LTS-240) for windows-amd64 JRE (17.0.10+11-LTS-240), built on Dec 19 2023 21:47:25 by "mach5one" with MS VC++ 17.1 (VS2022)

END.
