#
# There is insufficient memory for the Java Runtime Environment to continue.
# Native memory allocation (mmap) failed to map 65536 bytes for Failed to commit metaspace.
# Possible reasons:
#   The system is out of physical RAM or swap space
#   The process is running with CompressedOops enabled, and the Java Heap may be blocking the growth of the native heap
# Possible solutions:
#   Reduce memory load on the system
#   Increase physical memory or swap space
#   Check if swap backing store is full
#   Decrease Java heap size (-Xmx/-Xms)
#   Decrease number of Java threads
#   Decrease Java thread stack sizes (-Xss)
#   Set larger code cache with -XX:ReservedCodeCacheSize=
#   JVM is running with Unscaled Compressed Oops mode in which the Java heap is
#     placed in the first 4GB address space. The Java Heap base address is the
#     maximum limit for the native heap growth. Please use -XX:HeapBaseMinAddress
#     to set the Java Heap base and to place the Java Heap above 4GB virtual address.
# This output file may be truncated or incomplete.
#
#  Out of Memory Error (virtualSpaceNode.cpp:110), pid=13160, tid=10368
#
# JRE version: Java(TM) SE Runtime Environment (17.0.10+11) (build 17.0.10+11-LTS-240)
# Java VM: Java HotSpot(TM) 64-Bit Server VM (17.0.10+11-LTS-240, mixed mode, sharing, tiered, compressed oops, compressed class ptrs, g1 gc, windows-amd64)
# No core dump will be written. Minidumps are not enabled by default on client versions of Windows
#

---------------  S U M M A R Y ------------

Command Line: -XX:MaxMetaspaceSize=512m --add-opens=java.base/java.util=ALL-UNNAMED --add-opens=java.base/java.lang=ALL-UNNAMED --add-opens=java.base/java.lang.invoke=ALL-UNNAMED --add-opens=java.prefs/java.util.prefs=ALL-UNNAMED --add-opens=java.base/java.nio.charset=ALL-UNNAMED --add-opens=java.base/java.net=ALL-UNNAMED --add-opens=java.base/java.util.concurrent.atomic=ALL-UNNAMED -Xmx2048m -Dfile.encoding=windows-1252 -Duser.country=IN -Duser.language=en -Duser.variant -javaagent:C:\Users\TDR SOFTWARE PVT LTD\.gradle\wrapper\dists\gradle-8.7-bin\bhs2wmbdwecv87pi65oeuq5iu\gradle-8.7\lib\agents\gradle-instrumentation-agent-8.7.jar org.gradle.launcher.daemon.bootstrap.GradleDaemon 8.7

Host: Intel(R) Core(TM) i5-10400F CPU @ 2.90GHz, 12 cores, 15G,  Windows 11 , 64 bit Build 22621 (10.0.22621.3235)
Time: Tue Apr  9 11:53:51 2024 India Standard Time elapsed time: 12.997964 seconds (0d 0h 0m 12s)

---------------  T H R E A D  ---------------

Current thread (0x00000259d9264140):  JavaThread "C1 CompilerThread0" daemon [_thread_in_vm, id=10368, stack(0x000000aed3900000,0x000000aed3a00000)]


Current CompileTask:
C1:  12998 9279       3       org.objectweb.asm.MethodWriter::visitInsn (115 bytes)

Stack: [0x000000aed3900000,0x000000aed3a00000]
Native frames: (J=compiled Java code, j=interpreted, Vv=VM code, C=native code)
V  [jvm.dll+0x677a5a]
V  [jvm.dll+0x7d8b2d]
V  [jvm.dll+0x7da48e]
V  [jvm.dll+0x7daaf3]
V  [jvm.dll+0x2455ff]
V  [jvm.dll+0x7d483b]
V  [jvm.dll+0x61dc06]
V  [jvm.dll+0x1bfa87]
V  [jvm.dll+0x620570]
V  [jvm.dll+0x61e5c6]
V  [jvm.dll+0x62f64a]
V  [jvm.dll+0x6285ea]
V  [jvm.dll+0x1cb8a0]
V  [jvm.dll+0x1cba90]
V  [jvm.dll+0x146701]
V  [jvm.dll+0x146545]
V  [jvm.dll+0x13e271]
V  [jvm.dll+0x1404fe]
V  [jvm.dll+0x13eb05]
V  [jvm.dll+0x138bc8]
V  [jvm.dll+0x1481a6]
V  [jvm.dll+0x134360]
V  [jvm.dll+0x1346c0]
V  [jvm.dll+0x134988]
V  [jvm.dll+0x133e21]
V  [jvm.dll+0x135abd]
V  [jvm.dll+0x226aeb]
V  [jvm.dll+0x224cab]
V  [jvm.dll+0x78e45c]
V  [jvm.dll+0x78888a]
V  [jvm.dll+0x676935]
C  [ucrtbase.dll+0x29363]
C  [KERNEL32.DLL+0x1257d]
C  [ntdll.dll+0x5aa58]


---------------  P R O C E S S  ---------------

Threads class SMR info:
_java_thread_list=0x00000259f9f92e40, length=133, elements={
0x00000259baab52a0, 0x00000259d9137c20, 0x00000259d91389b0, 0x00000259d914c3d0,
0x00000259d914cea0, 0x00000259d914d970, 0x00000259d91509f0, 0x00000259d9155270,
0x00000259d9264140, 0x00000259d928d630, 0x00000259d9378f70, 0x00000259d9478950,
0x00000259f9309720, 0x00000259fadfe1c0, 0x00000259f96ea6b0, 0x00000259fa1c8af0,
0x00000259f9782af0, 0x00000259f97b9860, 0x00000259f97ba790, 0x00000259f97bc5f0,
0x00000259f97ba280, 0x00000259f97baca0, 0x00000259f97b9d70, 0x00000259f97bb1b0,
0x00000259f97bb6c0, 0x00000259f97bc0e0, 0x00000259f97b8e40, 0x00000259f97b9350,
0x00000259fcdeaa70, 0x00000259fcdee730, 0x00000259fcde9b40, 0x00000259fcded800,
0x00000259fcde9120, 0x00000259fcded2f0, 0x00000259fcdeaf80, 0x00000259fcdea560,
0x00000259fcdea050, 0x00000259fcdef660, 0x00000259fcdeb490, 0x00000259fcdeb9a0,
0x00000259fcde8700, 0x00000259fcdef150, 0x00000259fcdebeb0, 0x00000259fcde81f0,
0x00000259fcdecde0, 0x00000259fcdec3c0, 0x00000259fcdec8d0, 0x00000259fcdee220,
0x00000259fcde9630, 0x00000259fcde8c10, 0x00000259fcdefb70, 0x00000259d9b31290,
0x00000259d9b2f430, 0x00000259d9b2ea10, 0x00000259d9b31cb0, 0x00000259d9b2dae0,
0x00000259d9b30360, 0x00000259d9b2b770, 0x00000259d9b2c190, 0x00000259d9b2d0c0,
0x00000259d9b317a0, 0x00000259d9b321c0, 0x00000259d9b2cbb0, 0x00000259d9b2b260,
0x00000259fc7dd0e0, 0x00000259fc7dd630, 0x00000259d9b2d5d0, 0x00000259d9b2dff0,
0x00000259d9b326d0, 0x00000259d9b30d80, 0x00000259d9b2e500, 0x00000259d9b30870,
0x00000259d9b2fe50, 0x00000259d9b32be0, 0x00000259d9b2bc80, 0x00000259fe2e5270,
0x00000259fe2e3e30, 0x00000259fe2e4340, 0x00000259fe2e6bc0, 0x00000259fe2e66b0,
0x00000259fe2e1fd0, 0x00000259fe2e75e0, 0x00000259fe2e1ac0, 0x00000259fe2e70d0,
0x00000259fe2e24e0, 0x00000259fe2e0170, 0x00000259fe2e7af0, 0x00000259fe2e3410,
0x00000259fe2e29f0, 0x00000259fe2e2f00, 0x00000259fe2e3920, 0x00000259fe2e4d60,
0x00000259fe2e15b0, 0x00000259fe2e4850, 0x00000259fe2e5780, 0x00000259fe2e10a0,
0x00000259fe2e0680, 0x00000259fe2e5c90, 0x00000259fe2e0b90, 0x00000259fe2e61a0,
0x00000259fc17fff0, 0x00000259fc183cb0, 0x00000259fc183290, 0x00000259fc182360,
0x00000259fc17e6a0, 0x00000259fc182d80, 0x00000259fc17c840, 0x00000259fc1841c0,
0x00000259fc17dc80, 0x00000259fc182870, 0x00000259fc17d770, 0x00000259fc17ebb0,
0x00000259fc1837a0, 0x00000259fc180500, 0x00000259fc17cd50, 0x00000259fc17d260,
0x00000259fc180a10, 0x00000259fc17e190, 0x00000259fc181940, 0x00000259fc180f20,
0x00000259fc17f0c0, 0x00000259fc17f5d0, 0x00000259fc181e50, 0x00000259fc17fae0,
0x00000259fb7a9da0, 0x00000259fb7ac110, 0x00000259fb7a8960, 0x00000259fb7a8e70,
0x00000259fb7abc00, 0x00000259fb7aa2b0, 0x00000259fb7a9380, 0x00000259fb7aa7c0,
0x00000259fb7a9890
}

Java Threads: ( => current thread )
  0x00000259baab52a0 JavaThread "main" [_thread_blocked, id=15092, stack(0x000000aed2b00000,0x000000aed2c00000)]
  0x00000259d9137c20 JavaThread "Reference Handler" daemon [_thread_blocked, id=14264, stack(0x000000aed3200000,0x000000aed3300000)]
  0x00000259d91389b0 JavaThread "Finalizer" daemon [_thread_blocked, id=14956, stack(0x000000aed3300000,0x000000aed3400000)]
  0x00000259d914c3d0 JavaThread "Signal Dispatcher" daemon [_thread_blocked, id=13096, stack(0x000000aed3400000,0x000000aed3500000)]
  0x00000259d914cea0 JavaThread "Attach Listener" daemon [_thread_blocked, id=7608, stack(0x000000aed3500000,0x000000aed3600000)]
  0x00000259d914d970 JavaThread "Service Thread" daemon [_thread_blocked, id=15148, stack(0x000000aed3600000,0x000000aed3700000)]
  0x00000259d91509f0 JavaThread "Monitor Deflation Thread" daemon [_thread_blocked, id=16956, stack(0x000000aed3700000,0x000000aed3800000)]
  0x00000259d9155270 JavaThread "C2 CompilerThread0" daemon [_thread_blocked, id=6680, stack(0x000000aed3800000,0x000000aed3900000)]
=>0x00000259d9264140 JavaThread "C1 CompilerThread0" daemon [_thread_in_vm, id=10368, stack(0x000000aed3900000,0x000000aed3a00000)]
  0x00000259d928d630 JavaThread "Sweeper thread" daemon [_thread_blocked, id=16344, stack(0x000000aed3a00000,0x000000aed3b00000)]
  0x00000259d9378f70 JavaThread "Common-Cleaner" daemon [_thread_blocked, id=7752, stack(0x000000aed3b00000,0x000000aed3c00000)]
  0x00000259d9478950 JavaThread "Notification Thread" daemon [_thread_blocked, id=11464, stack(0x000000aed3c00000,0x000000aed3d00000)]
  0x00000259f9309720 JavaThread "Daemon health stats" [_thread_blocked, id=15028, stack(0x000000aed4500000,0x000000aed4600000)]
  0x00000259fadfe1c0 JavaThread "Incoming local TCP Connector on port 49542" [_thread_in_native, id=9844, stack(0x000000aed4600000,0x000000aed4700000)]
  0x00000259f96ea6b0 JavaThread "Daemon periodic checks" [_thread_blocked, id=14748, stack(0x000000aed4700000,0x000000aed4800000)]
  0x00000259fa1c8af0 JavaThread "Daemon" [_thread_blocked, id=16416, stack(0x000000aed4800000,0x000000aed4900000)]
  0x00000259f9782af0 JavaThread "Handler for socket connection from /127.0.0.1:49542 to /127.0.0.1:49543" [_thread_in_native, id=8244, stack(0x000000aed4900000,0x000000aed4a00000)]
  0x00000259f97b9860 JavaThread "Cancel handler" [_thread_blocked, id=16020, stack(0x000000aed4a00000,0x000000aed4b00000)]
  0x00000259f97ba790 JavaThread "Daemon worker" [_thread_in_vm, id=4660, stack(0x000000aed4b00000,0x000000aed4c00000)]
  0x00000259f97bc5f0 JavaThread "Asynchronous log dispatcher for DefaultDaemonConnection: socket connection from /127.0.0.1:49542 to /127.0.0.1:49543" [_thread_blocked, id=14740, stack(0x000000aed4c00000,0x000000aed4d00000)]
  0x00000259f97ba280 JavaThread "Stdin handler" [_thread_blocked, id=15260, stack(0x000000aed4d00000,0x000000aed4e00000)]
  0x00000259f97baca0 JavaThread "Daemon client event forwarder" [_thread_blocked, id=1832, stack(0x000000aed4e00000,0x000000aed4f00000)]
  0x00000259f97b9d70 JavaThread "Cache worker for journal cache (C:\Users\TDR SOFTWARE PVT LTD\.gradle\caches\journal-1)" [_thread_blocked, id=16180, stack(0x000000aed4f00000,0x000000aed5000000)]
  0x00000259f97bb1b0 JavaThread "File lock request listener" [_thread_in_native, id=3048, stack(0x000000aed5000000,0x000000aed5100000)]
  0x00000259f97bb6c0 JavaThread "Cache worker for file hash cache (C:\Users\TDR SOFTWARE PVT LTD\.gradle\caches\8.7\fileHashes)" [_thread_blocked, id=17328, stack(0x000000aed5100000,0x000000aed5200000)]
  0x00000259f97bc0e0 JavaThread "Cache worker for file hash cache (D:\PROJECTS\customerapp\android\.gradle\8.7\fileHashes)" [_thread_blocked, id=15368, stack(0x000000aed5200000,0x000000aed5300000)]
  0x00000259f97b8e40 JavaThread "File watcher server" daemon [_thread_in_native, id=9760, stack(0x000000aed5300000,0x000000aed5400000)]
  0x00000259f97b9350 JavaThread "File watcher consumer" daemon [_thread_blocked, id=13076, stack(0x000000aed5400000,0x000000aed5500000)]
  0x00000259fcdeaa70 JavaThread "Cache worker for checksums cache (D:\PROJECTS\customerapp\android\.gradle\8.7\checksums)" [_thread_blocked, id=15888, stack(0x000000aed5b00000,0x000000aed5c00000)]
  0x00000259fcdee730 JavaThread "Cache worker for cache directory md-supplier (C:\Users\TDR SOFTWARE PVT LTD\.gradle\caches\8.7\md-supplier)" [_thread_blocked, id=13856, stack(0x000000aed5c00000,0x000000aed5d00000)]
  0x00000259fcde9b40 JavaThread "Cache worker for cache directory md-rule (C:\Users\TDR SOFTWARE PVT LTD\.gradle\caches\8.7\md-rule)" [_thread_blocked, id=14276, stack(0x000000aed5d00000,0x000000aed5e00000)]
  0x00000259fcded800 JavaThread "Cache worker for file content cache (C:\Users\TDR SOFTWARE PVT LTD\.gradle\caches\8.7\fileContent)" [_thread_blocked, id=364, stack(0x000000aed5e00000,0x000000aed5f00000)]
  0x00000259fcde9120 JavaThread "jar transforms" [_thread_blocked, id=12848, stack(0x000000aed5f00000,0x000000aed6000000)]
  0x00000259fcded2f0 JavaThread "jar transforms Thread 2" [_thread_blocked, id=10508, stack(0x000000aed6000000,0x000000aed6100000)]
  0x00000259fcdeaf80 JavaThread "jar transforms Thread 3" [_thread_blocked, id=12704, stack(0x000000aed6100000,0x000000aed6200000)]
  0x00000259fcdea560 JavaThread "jar transforms Thread 4" [_thread_blocked, id=11072, stack(0x000000aed6200000,0x000000aed6300000)]
  0x00000259fcdea050 JavaThread "Unconstrained build operations" [_thread_blocked, id=14112, stack(0x000000aed6300000,0x000000aed6400000)]
  0x00000259fcdef660 JavaThread "Unconstrained build operations Thread 2" [_thread_blocked, id=11960, stack(0x000000aed6400000,0x000000aed6500000)]
  0x00000259fcdeb490 JavaThread "Unconstrained build operations Thread 3" [_thread_blocked, id=8964, stack(0x000000aed6500000,0x000000aed6600000)]
  0x00000259fcdeb9a0 JavaThread "Unconstrained build operations Thread 4" [_thread_blocked, id=9004, stack(0x000000aed6600000,0x000000aed6700000)]
  0x00000259fcde8700 JavaThread "Cache worker for Build Output Cleanup Cache (D:\PROJECTS\customerapp\node_modules\@react-native\gradle-plugin\.gradle\buildOutputCleanup)" [_thread_blocked, id=1532, stack(0x000000aed6700000,0x000000aed6800000)]
  0x00000259fcdef150 JavaThread "Unconstrained build operations Thread 5" [_thread_blocked, id=8928, stack(0x000000aed6800000,0x000000aed6900000)]
  0x00000259fcdebeb0 JavaThread "Unconstrained build operations Thread 6" [_thread_blocked, id=1960, stack(0x000000aed6900000,0x000000aed6a00000)]
  0x00000259fcde81f0 JavaThread "Unconstrained build operations Thread 7" [_thread_blocked, id=10560, stack(0x000000aed6a00000,0x000000aed6b00000)]
  0x00000259fcdecde0 JavaThread "Unconstrained build operations Thread 8" [_thread_blocked, id=14832, stack(0x000000aed6b00000,0x000000aed6c00000)]
  0x00000259fcdec3c0 JavaThread "Unconstrained build operations Thread 9" [_thread_blocked, id=15500, stack(0x000000aed6c00000,0x000000aed6d00000)]
  0x00000259fcdec8d0 JavaThread "Unconstrained build operations Thread 10" [_thread_blocked, id=6892, stack(0x000000aed6d00000,0x000000aed6e00000)]
  0x00000259fcdee220 JavaThread "Unconstrained build operations Thread 11" [_thread_blocked, id=13920, stack(0x000000aed6e00000,0x000000aed6f00000)]
  0x00000259fcde9630 JavaThread "Unconstrained build operations Thread 12" [_thread_blocked, id=360, stack(0x000000aed6f00000,0x000000aed7000000)]
  0x00000259fcde8c10 JavaThread "Unconstrained build operations Thread 13" [_thread_blocked, id=15240, stack(0x000000aed7000000,0x000000aed7100000)]
  0x00000259fcdefb70 JavaThread "Unconstrained build operations Thread 14" [_thread_blocked, id=16016, stack(0x000000aed7100000,0x000000aed7200000)]
  0x00000259d9b31290 JavaThread "Unconstrained build operations Thread 15" [_thread_blocked, id=17124, stack(0x000000aed7200000,0x000000aed7300000)]
  0x00000259d9b2f430 JavaThread "Unconstrained build operations Thread 16" [_thread_blocked, id=9872, stack(0x000000aed7300000,0x000000aed7400000)]
  0x00000259d9b2ea10 JavaThread "Unconstrained build operations Thread 17" [_thread_blocked, id=14900, stack(0x000000aed7400000,0x000000aed7500000)]
  0x00000259d9b31cb0 JavaThread "Unconstrained build operations Thread 18" [_thread_blocked, id=1416, stack(0x000000aed7500000,0x000000aed7600000)]
  0x00000259d9b2dae0 JavaThread "Unconstrained build operations Thread 19" [_thread_blocked, id=10232, stack(0x000000aed7600000,0x000000aed7700000)]
  0x00000259d9b30360 JavaThread "Unconstrained build operations Thread 20" [_thread_blocked, id=9356, stack(0x000000aed7700000,0x000000aed7800000)]
  0x00000259d9b2b770 JavaThread "Unconstrained build operations Thread 21" [_thread_blocked, id=4700, stack(0x000000aed7800000,0x000000aed7900000)]
  0x00000259d9b2c190 JavaThread "Unconstrained build operations Thread 22" [_thread_blocked, id=10540, stack(0x000000aed7900000,0x000000aed7a00000)]
  0x00000259d9b2d0c0 JavaThread "Unconstrained build operations Thread 23" [_thread_blocked, id=11628, stack(0x000000aed7a00000,0x000000aed7b00000)]
  0x00000259d9b317a0 JavaThread "Unconstrained build operations Thread 24" [_thread_blocked, id=5100, stack(0x000000aed7b00000,0x000000aed7c00000)]
  0x00000259d9b321c0 JavaThread "Unconstrained build operations Thread 25" [_thread_blocked, id=15040, stack(0x000000aed7c00000,0x000000aed7d00000)]
  0x00000259d9b2cbb0 JavaThread "Unconstrained build operations Thread 26" [_thread_blocked, id=896, stack(0x000000aed7d00000,0x000000aed7e00000)]
  0x00000259d9b2b260 JavaThread "Memory manager" [_thread_blocked, id=12452, stack(0x000000aed7e00000,0x000000aed7f00000)]
  0x00000259fc7dd0e0 JavaThread "C2 CompilerThread1" daemon [_thread_in_native, id=15924, stack(0x000000aed3e00000,0x000000aed3f00000)]
  0x00000259fc7dd630 JavaThread "C2 CompilerThread2" daemon [_thread_in_native, id=17272, stack(0x000000aed3f00000,0x000000aed4000000)]
  0x00000259d9b2d5d0 JavaThread "Cache worker for Build Output Cleanup Cache (D:\PROJECTS\customerapp\android\.gradle\buildOutputCleanup)" [_thread_blocked, id=6396, stack(0x000000aed7f00000,0x000000aed8000000)]
  0x00000259d9b2dff0 JavaThread "jar transforms Thread 5" [_thread_blocked, id=12932, stack(0x000000aed8000000,0x000000aed8100000)]
  0x00000259d9b326d0 JavaThread "ForkJoinPool.commonPool-worker-1" daemon [_thread_blocked, id=12716, stack(0x000000aed8100000,0x000000aed8200000)]
  0x00000259d9b30d80 JavaThread "ForkJoinPool.commonPool-worker-2" daemon [_thread_blocked, id=17364, stack(0x000000aed8200000,0x000000aed8300000)]
  0x00000259d9b2e500 JavaThread "ForkJoinPool.commonPool-worker-3" daemon [_thread_blocked, id=10952, stack(0x000000aed8300000,0x000000aed8400000)]
  0x00000259d9b30870 JavaThread "ForkJoinPool.commonPool-worker-4" daemon [_thread_blocked, id=7180, stack(0x000000aed8400000,0x000000aed8500000)]
  0x00000259d9b2fe50 JavaThread "ForkJoinPool.commonPool-worker-5" daemon [_thread_blocked, id=5048, stack(0x000000aed8500000,0x000000aed8600000)]
  0x00000259d9b32be0 JavaThread "ForkJoinPool.commonPool-worker-6" daemon [_thread_blocked, id=5672, stack(0x000000aed8600000,0x000000aed8700000)]
  0x00000259d9b2bc80 JavaThread "ForkJoinPool.commonPool-worker-7" daemon [_thread_blocked, id=11700, stack(0x000000aed8700000,0x000000aed8800000)]
  0x00000259fe2e5270 JavaThread "ForkJoinPool.commonPool-worker-8" daemon [_thread_blocked, id=10876, stack(0x000000aed8800000,0x000000aed8900000)]
  0x00000259fe2e3e30 JavaThread "ForkJoinPool.commonPool-worker-9" daemon [_thread_blocked, id=11144, stack(0x000000aed8900000,0x000000aed8a00000)]
  0x00000259fe2e4340 JavaThread "ForkJoinPool.commonPool-worker-10" daemon [_thread_blocked, id=15224, stack(0x000000aed8a00000,0x000000aed8b00000)]
  0x00000259fe2e6bc0 JavaThread "ForkJoinPool.commonPool-worker-11" daemon [_thread_blocked, id=2212, stack(0x000000aed8b00000,0x000000aed8c00000)]
  0x00000259fe2e66b0 JavaThread "Exec process" [_thread_blocked, id=13092, stack(0x000000aed8c00000,0x000000aed8d00000)]
  0x00000259fe2e1fd0 JavaThread "Exec process Thread 2" [_thread_blocked, id=14188, stack(0x000000aed8d00000,0x000000aed8e00000)]
  0x00000259fe2e75e0 JavaThread "Exec process Thread 3" [_thread_blocked, id=13708, stack(0x000000aed8e00000,0x000000aed8f00000)]
  0x00000259fe2e1ac0 JavaThread "included builds" [_thread_blocked, id=4028, stack(0x000000aed8f00000,0x000000aed9000000)]
  0x00000259fe2e70d0 JavaThread "Execution worker" [_thread_blocked, id=9308, stack(0x000000aed9000000,0x000000aed9100000)]
  0x00000259fe2e24e0 JavaThread "Execution worker Thread 2" [_thread_blocked, id=6832, stack(0x000000aed9100000,0x000000aed9200000)]
  0x00000259fe2e0170 JavaThread "Execution worker Thread 3" [_thread_blocked, id=8116, stack(0x000000aed9200000,0x000000aed9300000)]
  0x00000259fe2e7af0 JavaThread "Execution worker Thread 4" [_thread_blocked, id=16068, stack(0x000000aed9300000,0x000000aed9400000)]
  0x00000259fe2e3410 JavaThread "Execution worker Thread 5" [_thread_blocked, id=8248, stack(0x000000aed9400000,0x000000aed9500000)]
  0x00000259fe2e29f0 JavaThread "Execution worker Thread 6" [_thread_blocked, id=6984, stack(0x000000aed9500000,0x000000aed9600000)]
  0x00000259fe2e2f00 JavaThread "Execution worker Thread 7" [_thread_blocked, id=6068, stack(0x000000aed9600000,0x000000aed9700000)]
  0x00000259fe2e3920 JavaThread "Execution worker Thread 8" [_thread_blocked, id=14824, stack(0x000000aed9700000,0x000000aed9800000)]
  0x00000259fe2e4d60 JavaThread "Execution worker Thread 9" [_thread_blocked, id=6684, stack(0x000000aed9800000,0x000000aed9900000)]
  0x00000259fe2e15b0 JavaThread "Execution worker Thread 10" [_thread_blocked, id=15636, stack(0x000000aed9900000,0x000000aed9a00000)]
  0x00000259fe2e4850 JavaThread "Execution worker Thread 11" [_thread_blocked, id=16228, stack(0x000000aed9a00000,0x000000aed9b00000)]
  0x00000259fe2e5780 JavaThread "Cache worker for execution history cache (D:\PROJECTS\customerapp\node_modules\@react-native\gradle-plugin\.gradle\8.7\executionHistory)" [_thread_blocked, id=10512, stack(0x000000aed9b00000,0x000000aed9c00000)]
  0x00000259fe2e10a0 JavaThread "Unconstrained build operations Thread 27" [_thread_blocked, id=7224, stack(0x000000aed9c00000,0x000000aed9d00000)]
  0x00000259fe2e0680 JavaThread "Unconstrained build operations Thread 28" [_thread_blocked, id=9112, stack(0x000000aed9d00000,0x000000aed9e00000)]
  0x00000259fe2e5c90 JavaThread "Unconstrained build operations Thread 29" [_thread_blocked, id=8292, stack(0x000000aed9e00000,0x000000aed9f00000)]
  0x00000259fe2e0b90 JavaThread "Unconstrained build operations Thread 30" [_thread_blocked, id=5956, stack(0x000000aed9f00000,0x000000aeda000000)]
  0x00000259fe2e61a0 JavaThread "Unconstrained build operations Thread 31" [_thread_blocked, id=8544, stack(0x000000aeda000000,0x000000aeda100000)]
  0x00000259fc17fff0 JavaThread "Unconstrained build operations Thread 32" [_thread_blocked, id=9528, stack(0x000000aeda100000,0x000000aeda200000)]
  0x00000259fc183cb0 JavaThread "Unconstrained build operations Thread 33" [_thread_blocked, id=13828, stack(0x000000aeda200000,0x000000aeda300000)]
  0x00000259fc183290 JavaThread "Unconstrained build operations Thread 34" [_thread_blocked, id=12408, stack(0x000000aeda300000,0x000000aeda400000)]
  0x00000259fc182360 JavaThread "Unconstrained build operations Thread 35" [_thread_blocked, id=10716, stack(0x000000aeda400000,0x000000aeda500000)]
  0x00000259fc17e6a0 JavaThread "Unconstrained build operations Thread 36" [_thread_blocked, id=12904, stack(0x000000aeda500000,0x000000aeda600000)]
  0x00000259fc182d80 JavaThread "Unconstrained build operations Thread 37" [_thread_blocked, id=6028, stack(0x000000aeda600000,0x000000aeda700000)]
  0x00000259fc17c840 JavaThread "Unconstrained build operations Thread 38" [_thread_blocked, id=5396, stack(0x000000aeda700000,0x000000aeda800000)]
  0x00000259fc1841c0 JavaThread "Unconstrained build operations Thread 39" [_thread_blocked, id=6624, stack(0x000000aeda800000,0x000000aeda900000)]
  0x00000259fc17dc80 JavaThread "Unconstrained build operations Thread 40" [_thread_blocked, id=6428, stack(0x000000aeda900000,0x000000aedaa00000)]
  0x00000259fc182870 JavaThread "Unconstrained build operations Thread 41" [_thread_blocked, id=10712, stack(0x000000aedaa00000,0x000000aedab00000)]
  0x00000259fc17d770 JavaThread "Unconstrained build operations Thread 42" [_thread_blocked, id=9804, stack(0x000000aedab00000,0x000000aedac00000)]
  0x00000259fc17ebb0 JavaThread "Unconstrained build operations Thread 43" [_thread_blocked, id=13772, stack(0x000000aedac00000,0x000000aedad00000)]
  0x00000259fc1837a0 JavaThread "Unconstrained build operations Thread 44" [_thread_blocked, id=4740, stack(0x000000aedad00000,0x000000aedae00000)]
  0x00000259fc180500 JavaThread "Unconstrained build operations Thread 45" [_thread_blocked, id=14256, stack(0x000000aedae00000,0x000000aedaf00000)]
  0x00000259fc17cd50 JavaThread "Unconstrained build operations Thread 46" [_thread_blocked, id=5188, stack(0x000000aedaf00000,0x000000aedb000000)]
  0x00000259fc17d260 JavaThread "Unconstrained build operations Thread 47" [_thread_blocked, id=7112, stack(0x000000aedb000000,0x000000aedb100000)]
  0x00000259fc180a10 JavaThread "Unconstrained build operations Thread 48" [_thread_blocked, id=1668, stack(0x000000aedb100000,0x000000aedb200000)]
  0x00000259fc17e190 JavaThread "Unconstrained build operations Thread 49" [_thread_blocked, id=11300, stack(0x000000aedb200000,0x000000aedb300000)]
  0x00000259fc181940 JavaThread "Unconstrained build operations Thread 50" [_thread_blocked, id=5572, stack(0x000000aedb300000,0x000000aedb400000)]
  0x00000259fc180f20 JavaThread "Unconstrained build operations Thread 51" [_thread_blocked, id=4264, stack(0x000000aedb400000,0x000000aedb500000)]
  0x00000259fc17f0c0 JavaThread "Unconstrained build operations Thread 52" [_thread_blocked, id=12968, stack(0x000000aedb500000,0x000000aedb600000)]
  0x00000259fc17f5d0 JavaThread "Unconstrained build operations Thread 53" [_thread_blocked, id=17068, stack(0x000000aedb600000,0x000000aedb700000)]
  0x00000259fc181e50 JavaThread "Unconstrained build operations Thread 54" [_thread_blocked, id=10720, stack(0x000000aedb700000,0x000000aedb800000)]
  0x00000259fc17fae0 JavaThread "Unconstrained build operations Thread 55" [_thread_blocked, id=2620, stack(0x000000aedb800000,0x000000aedb900000)]
  0x00000259fb7a9da0 JavaThread "Unconstrained build operations Thread 56" [_thread_blocked, id=12568, stack(0x000000aedb900000,0x000000aedba00000)]
  0x00000259fb7ac110 JavaThread "Unconstrained build operations Thread 57" [_thread_blocked, id=2036, stack(0x000000aedba00000,0x000000aedbb00000)]
  0x00000259fb7a8960 JavaThread "Unconstrained build operations Thread 58" [_thread_blocked, id=13944, stack(0x000000aedbb00000,0x000000aedbc00000)]
  0x00000259fb7a8e70 JavaThread "Unconstrained build operations Thread 59" [_thread_blocked, id=12924, stack(0x000000aedbc00000,0x000000aedbd00000)]
  0x00000259fb7abc00 JavaThread "Unconstrained build operations Thread 60" [_thread_blocked, id=6936, stack(0x000000aedbd00000,0x000000aedbe00000)]
  0x00000259fb7aa2b0 JavaThread "Unconstrained build operations Thread 61" [_thread_blocked, id=15592, stack(0x000000aedbe00000,0x000000aedbf00000)]
  0x00000259fb7a9380 JavaThread "jar transforms Thread 6" [_thread_blocked, id=17084, stack(0x000000aedbf00000,0x000000aedc000000)]
  0x00000259fb7aa7c0 JavaThread "jar transforms Thread 7" [_thread_blocked, id=5452, stack(0x000000aedc000000,0x000000aedc100000)]
  0x00000259fb7a9890 JavaThread "jar transforms Thread 8" [_thread_blocked, id=14072, stack(0x000000aedc100000,0x000000aedc200000)]

Other Threads:
  0x00000259d9133970 VMThread "VM Thread" [stack: 0x000000aed3100000,0x000000aed3200000] [id=9968]
  0x00000259d947aaa0 WatcherThread [stack: 0x000000aed3d00000,0x000000aed3e00000] [id=7264]
  0x00000259bab11da0 GCTaskThread "GC Thread#0" [stack: 0x000000aed2c00000,0x000000aed2d00000] [id=5132]
  0x00000259f9481920 GCTaskThread "GC Thread#1" [stack: 0x000000aed4000000,0x000000aed4100000] [id=11408]
  0x00000259d98519d0 GCTaskThread "GC Thread#2" [stack: 0x000000aed4100000,0x000000aed4200000] [id=3192]
  0x00000259d9851c90 GCTaskThread "GC Thread#3" [stack: 0x000000aed4200000,0x000000aed4300000] [id=16496]
  0x00000259d9851f50 GCTaskThread "GC Thread#4" [stack: 0x000000aed4300000,0x000000aed4400000] [id=6872]
  0x00000259d9852210 GCTaskThread "GC Thread#5" [stack: 0x000000aed4400000,0x000000aed4500000] [id=13124]
  0x00000259fcdc6ed0 GCTaskThread "GC Thread#6" [stack: 0x000000aed5500000,0x000000aed5600000] [id=10612]
  0x00000259fcdc63d0 GCTaskThread "GC Thread#7" [stack: 0x000000aed5600000,0x000000aed5700000] [id=12004]
  0x00000259fcdc7710 GCTaskThread "GC Thread#8" [stack: 0x000000aed5700000,0x000000aed5800000] [id=11232]
  0x00000259fcdc5e50 GCTaskThread "GC Thread#9" [stack: 0x000000aed5800000,0x000000aed5900000] [id=10092]
  0x00000259bab22c00 ConcurrentGCThread "G1 Main Marker" [stack: 0x000000aed2d00000,0x000000aed2e00000] [id=6312]
  0x00000259bab23520 ConcurrentGCThread "G1 Conc#0" [stack: 0x000000aed2e00000,0x000000aed2f00000] [id=12952]
  0x00000259fcdc6110 ConcurrentGCThread "G1 Conc#1" [stack: 0x000000aed5900000,0x000000aed5a00000] [id=11424]
  0x00000259fcdc5b90 ConcurrentGCThread "G1 Conc#2" [stack: 0x000000aed5a00000,0x000000aed5b00000] [id=9896]
  0x00000259d8fe94e0 ConcurrentGCThread "G1 Refine#0" [stack: 0x000000aed2f00000,0x000000aed3000000] [id=16184]
  0x00000259d8feabd0 ConcurrentGCThread "G1 Service" [stack: 0x000000aed3000000,0x000000aed3100000] [id=1188]

Threads with active compile tasks:
C1 CompilerThread0    13035 9279       3       org.objectweb.asm.MethodWriter::visitInsn (115 bytes)
C2 CompilerThread2    13035 9277       4       org.objectweb.asm.SymbolTable::addConstant (330 bytes)

VM state: not at safepoint (normal execution)

VM Mutex/Monitor currently owned by a thread:  ([mutex/lock_event])
[0x00000259b873ecd0] Metaspace_lock - owner thread: 0x00000259d9264140
[0x00000259baab28f0] MethodData_lock - owner thread: 0x00000259d9264140

Heap address: 0x0000000080000000, size: 2048 MB, Compressed Oops mode: 32-bit

CDS archive(s) mapped at: [0x00000259da000000-0x00000259dabd0000-0x00000259dabd0000), size 12386304, SharedBaseAddress: 0x00000259da000000, ArchiveRelocationMode: 1.
Compressed class space mapped at: 0x00000259db000000-0x00000259f5000000, reserved size: 436207616
Narrow klass base: 0x00000259da000000, Narrow klass shift: 0, Narrow klass range: 0x100000000

GC Precious Log:
 CPUs: 12 total, 12 available
 Memory: 16295M
 Large Page Support: Disabled
 NUMA Support: Disabled
 Compressed Oops: Enabled (32-bit)
 Heap Region Size: 1M
 Heap Min Capacity: 8M
 Heap Initial Capacity: 256M
 Heap Max Capacity: 2G
 Pre-touch: Disabled
 Parallel Workers: 10
 Concurrent Workers: 3
 Concurrent Refinement Workers: 10
 Periodic GC: Disabled

Heap:
 garbage-first heap   total 175104K, used 124957K [0x0000000080000000, 0x0000000100000000)
  region size 1024K, 36 young (36864K), 6 survivors (6144K)
 Metaspace       used 74235K, committed 74880K, reserved 491520K
  class space    used 10382K, committed 10688K, reserved 425984K

Heap Regions: E=young(eden), S=young(survivor), O=old, HS=humongous(starts), HC=humongous(continues), CS=collection set, F=free, OA=open archive, CA=closed archive, TAMS=top-at-mark-start (previous, next)
|   0|0x0000000080000000, 0x0000000080100000, 0x0000000080100000|100%|HS|  |TAMS 0x0000000080100000, 0x0000000080000000| Complete 
|   1|0x0000000080100000, 0x0000000080200000, 0x0000000080200000|100%|HC|  |TAMS 0x0000000080200000, 0x0000000080100000| Complete 
|   2|0x0000000080200000, 0x0000000080300000, 0x0000000080300000|100%|HC|  |TAMS 0x0000000080300000, 0x0000000080200000| Complete 
|   3|0x0000000080300000, 0x0000000080400000, 0x0000000080400000|100%|HC|  |TAMS 0x0000000080400000, 0x0000000080300000| Complete 
|   4|0x0000000080400000, 0x0000000080500000, 0x0000000080500000|100%| O|  |TAMS 0x0000000080500000, 0x0000000080400000| Complete 
|   5|0x0000000080500000, 0x0000000080600000, 0x0000000080600000|100%| O|  |TAMS 0x0000000080600000, 0x0000000080500000| Untracked 
|   6|0x0000000080600000, 0x0000000080700000, 0x0000000080700000|100%| O|  |TAMS 0x0000000080700000, 0x0000000080600000| Untracked 
|   7|0x0000000080700000, 0x0000000080800000, 0x0000000080800000|100%| O|  |TAMS 0x0000000080800000, 0x0000000080700000| Untracked 
|   8|0x0000000080800000, 0x0000000080900000, 0x0000000080900000|100%| O|  |TAMS 0x0000000080900000, 0x0000000080800000| Untracked 
|   9|0x0000000080900000, 0x0000000080a00000, 0x0000000080a00000|100%| O|  |TAMS 0x0000000080a00000, 0x0000000080900000| Untracked 
|  10|0x0000000080a00000, 0x0000000080a9fc00, 0x0000000080b00000| 62%| O|  |TAMS 0x0000000080a9fc00, 0x0000000080a00000| Untracked 
|  11|0x0000000080b00000, 0x0000000080c00000, 0x0000000080c00000|100%| O|  |TAMS 0x0000000080c00000, 0x0000000080b00000| Untracked 
|  12|0x0000000080c00000, 0x0000000080d00000, 0x0000000080d00000|100%| O|  |TAMS 0x0000000080d00000, 0x0000000080c00000| Untracked 
|  13|0x0000000080d00000, 0x0000000080e00000, 0x0000000080e00000|100%| O|  |TAMS 0x0000000080e00000, 0x0000000080d00000| Untracked 
|  14|0x0000000080e00000, 0x0000000080f00000, 0x0000000080f00000|100%| O|  |TAMS 0x0000000080f00000, 0x0000000080e00000| Untracked 
|  15|0x0000000080f00000, 0x0000000081000000, 0x0000000081000000|100%| O|  |TAMS 0x0000000081000000, 0x0000000080f00000| Untracked 
|  16|0x0000000081000000, 0x0000000081100000, 0x0000000081100000|100%| O|  |TAMS 0x0000000081100000, 0x0000000081000000| Untracked 
|  17|0x0000000081100000, 0x0000000081200000, 0x0000000081200000|100%| O|  |TAMS 0x0000000081200000, 0x0000000081100000| Untracked 
|  18|0x0000000081200000, 0x0000000081300000, 0x0000000081300000|100%| O|  |TAMS 0x0000000081300000, 0x0000000081200000| Untracked 
|  19|0x0000000081300000, 0x0000000081400000, 0x0000000081400000|100%| O|  |TAMS 0x0000000081400000, 0x0000000081300000| Untracked 
|  20|0x0000000081400000, 0x0000000081500000, 0x0000000081500000|100%| O|  |TAMS 0x0000000081500000, 0x0000000081400000| Untracked 
|  21|0x0000000081500000, 0x0000000081600000, 0x0000000081600000|100%| O|  |TAMS 0x0000000081600000, 0x0000000081500000| Untracked 
|  22|0x0000000081600000, 0x0000000081700000, 0x0000000081700000|100%| O|  |TAMS 0x0000000081700000, 0x0000000081600000| Complete 
|  23|0x0000000081700000, 0x0000000081800000, 0x0000000081800000|100%| O|  |TAMS 0x0000000081800000, 0x0000000081700000| Untracked 
|  24|0x0000000081800000, 0x0000000081900000, 0x0000000081900000|100%| O|  |TAMS 0x0000000081900000, 0x0000000081800000| Untracked 
|  25|0x0000000081900000, 0x0000000081a00000, 0x0000000081a00000|100%| O|  |TAMS 0x0000000081a00000, 0x0000000081900000| Untracked 
|  26|0x0000000081a00000, 0x0000000081b00000, 0x0000000081b00000|100%| O|  |TAMS 0x0000000081b00000, 0x0000000081a00000| Untracked 
|  27|0x0000000081b00000, 0x0000000081c00000, 0x0000000081c00000|100%| O|  |TAMS 0x0000000081c00000, 0x0000000081b00000| Untracked 
|  28|0x0000000081c00000, 0x0000000081d00000, 0x0000000081d00000|100%| O|  |TAMS 0x0000000081d00000, 0x0000000081c00000| Untracked 
|  29|0x0000000081d00000, 0x0000000081e00000, 0x0000000081e00000|100%| O|  |TAMS 0x0000000081e00000, 0x0000000081d00000| Untracked 
|  30|0x0000000081e00000, 0x0000000081f00000, 0x0000000081f00000|100%| O|  |TAMS 0x0000000081f00000, 0x0000000081e00000| Untracked 
|  31|0x0000000081f00000, 0x0000000082000000, 0x0000000082000000|100%| O|  |TAMS 0x0000000082000000, 0x0000000081f00000| Untracked 
|  32|0x0000000082000000, 0x0000000082100000, 0x0000000082100000|100%| O|  |TAMS 0x0000000082100000, 0x0000000082000000| Untracked 
|  33|0x0000000082100000, 0x0000000082200000, 0x0000000082200000|100%| O|  |TAMS 0x0000000082200000, 0x0000000082100000| Untracked 
|  34|0x0000000082200000, 0x0000000082300000, 0x0000000082300000|100%| O|  |TAMS 0x0000000082300000, 0x0000000082200000| Untracked 
|  35|0x0000000082300000, 0x0000000082400000, 0x0000000082400000|100%| O|  |TAMS 0x0000000082400000, 0x0000000082300000| Untracked 
|  36|0x0000000082400000, 0x0000000082500000, 0x0000000082500000|100%| O|  |TAMS 0x0000000082500000, 0x0000000082400000| Untracked 
|  37|0x0000000082500000, 0x0000000082600000, 0x0000000082600000|100%| O|  |TAMS 0x0000000082600000, 0x0000000082500000| Untracked 
|  38|0x0000000082600000, 0x0000000082700000, 0x0000000082700000|100%|HS|  |TAMS 0x0000000082700000, 0x0000000082600000| Complete 
|  39|0x0000000082700000, 0x0000000082800000, 0x0000000082800000|100%|HC|  |TAMS 0x0000000082800000, 0x0000000082700000| Complete 
|  40|0x0000000082800000, 0x0000000082900000, 0x0000000082900000|100%|HS|  |TAMS 0x0000000082900000, 0x0000000082800000| Complete 
|  41|0x0000000082900000, 0x0000000082a00000, 0x0000000082a00000|100%|HC|  |TAMS 0x0000000082a00000, 0x0000000082900000| Complete 
|  42|0x0000000082a00000, 0x0000000082b00000, 0x0000000082b00000|100%| O|  |TAMS 0x0000000082b00000, 0x0000000082a00000| Untracked 
|  43|0x0000000082b00000, 0x0000000082c00000, 0x0000000082c00000|100%| O|  |TAMS 0x0000000082c00000, 0x0000000082b00000| Untracked 
|  44|0x0000000082c00000, 0x0000000082d00000, 0x0000000082d00000|100%| O|  |TAMS 0x0000000082d00000, 0x0000000082c00000| Untracked 
|  45|0x0000000082d00000, 0x0000000082e00000, 0x0000000082e00000|100%| O|  |TAMS 0x0000000082e00000, 0x0000000082d00000| Untracked 
|  46|0x0000000082e00000, 0x0000000082f00000, 0x0000000082f00000|100%|HS|  |TAMS 0x0000000082f00000, 0x0000000082e00000| Complete 
|  47|0x0000000082f00000, 0x0000000083000000, 0x0000000083000000|100%|HC|  |TAMS 0x0000000083000000, 0x0000000082f00000| Complete 
|  48|0x0000000083000000, 0x0000000083100000, 0x0000000083100000|100%|HC|  |TAMS 0x0000000083100000, 0x0000000083000000| Complete 
|  49|0x0000000083100000, 0x0000000083200000, 0x0000000083200000|100%|HC|  |TAMS 0x0000000083200000, 0x0000000083100000| Complete 
|  50|0x0000000083200000, 0x0000000083300000, 0x0000000083300000|100%|HS|  |TAMS 0x0000000083300000, 0x0000000083200000| Complete 
|  51|0x0000000083300000, 0x0000000083300000, 0x0000000083400000|  0%| F|  |TAMS 0x0000000083300000, 0x0000000083300000| Untracked 
|  52|0x0000000083400000, 0x0000000083500000, 0x0000000083500000|100%| O|  |TAMS 0x0000000083500000, 0x0000000083400000| Untracked 
|  53|0x0000000083500000, 0x0000000083600000, 0x0000000083600000|100%| O|  |TAMS 0x0000000083600000, 0x0000000083500000| Untracked 
|  54|0x0000000083600000, 0x0000000083700000, 0x0000000083700000|100%| O|  |TAMS 0x0000000083700000, 0x0000000083600000| Untracked 
|  55|0x0000000083700000, 0x0000000083800000, 0x0000000083800000|100%| O|  |TAMS 0x0000000083800000, 0x0000000083700000| Untracked 
|  56|0x0000000083800000, 0x0000000083900000, 0x0000000083900000|100%|HS|  |TAMS 0x0000000083900000, 0x0000000083800000| Complete 
|  57|0x0000000083900000, 0x0000000083a00000, 0x0000000083a00000|100%|HC|  |TAMS 0x0000000083a00000, 0x0000000083900000| Complete 
|  58|0x0000000083a00000, 0x0000000083b00000, 0x0000000083b00000|100%|HC|  |TAMS 0x0000000083b00000, 0x0000000083a00000| Complete 
|  59|0x0000000083b00000, 0x0000000083c00000, 0x0000000083c00000|100%|HC|  |TAMS 0x0000000083c00000, 0x0000000083b00000| Complete 
|  60|0x0000000083c00000, 0x0000000083d00000, 0x0000000083d00000|100%| O|  |TAMS 0x0000000083d00000, 0x0000000083c00000| Untracked 
|  61|0x0000000083d00000, 0x0000000083e00000, 0x0000000083e00000|100%| O|  |TAMS 0x0000000083e00000, 0x0000000083d00000| Untracked 
|  62|0x0000000083e00000, 0x0000000083f00000, 0x0000000083f00000|100%| O|  |TAMS 0x0000000083f00000, 0x0000000083e00000| Complete 
|  63|0x0000000083f00000, 0x0000000084000000, 0x0000000084000000|100%| O|  |TAMS 0x0000000084000000, 0x0000000083f00000| Untracked 
|  64|0x0000000084000000, 0x0000000084100000, 0x0000000084100000|100%| O|  |TAMS 0x0000000084100000, 0x0000000084000000| Untracked 
|  65|0x0000000084100000, 0x0000000084200000, 0x0000000084200000|100%| O|  |TAMS 0x0000000084200000, 0x0000000084100000| Untracked 
|  66|0x0000000084200000, 0x0000000084300000, 0x0000000084300000|100%| O|  |TAMS 0x0000000084300000, 0x0000000084200000| Untracked 
|  67|0x0000000084300000, 0x0000000084400000, 0x0000000084400000|100%| O|  |TAMS 0x0000000084400000, 0x0000000084300000| Untracked 
|  68|0x0000000084400000, 0x0000000084500000, 0x0000000084500000|100%| O|  |TAMS 0x0000000084500000, 0x0000000084400000| Untracked 
|  69|0x0000000084500000, 0x0000000084600000, 0x0000000084600000|100%| O|  |TAMS 0x0000000084600000, 0x0000000084500000| Untracked 
|  70|0x0000000084600000, 0x0000000084700000, 0x0000000084700000|100%| O|  |TAMS 0x0000000084700000, 0x0000000084600000| Untracked 
|  71|0x0000000084700000, 0x0000000084800000, 0x0000000084800000|100%|HS|  |TAMS 0x0000000084800000, 0x0000000084700000| Complete 
|  72|0x0000000084800000, 0x0000000084900000, 0x0000000084900000|100%|HS|  |TAMS 0x0000000084900000, 0x0000000084800000| Complete 
|  73|0x0000000084900000, 0x0000000084a00000, 0x0000000084a00000|100%|HS|  |TAMS 0x0000000084a00000, 0x0000000084900000| Complete 
|  74|0x0000000084a00000, 0x0000000084b00000, 0x0000000084b00000|100%| O|  |TAMS 0x0000000084b00000, 0x0000000084a00000| Untracked 
|  75|0x0000000084b00000, 0x0000000084c00000, 0x0000000084c00000|100%|HS|  |TAMS 0x0000000084c00000, 0x0000000084b00000| Complete 
|  76|0x0000000084c00000, 0x0000000084d00000, 0x0000000084d00000|100%|HS|  |TAMS 0x0000000084d00000, 0x0000000084c00000| Complete 
|  77|0x0000000084d00000, 0x0000000084e00000, 0x0000000084e00000|100%| O|  |TAMS 0x0000000084e00000, 0x0000000084d00000| Untracked 
|  78|0x0000000084e00000, 0x0000000084f00000, 0x0000000084f00000|100%| O|  |TAMS 0x0000000084f00000, 0x0000000084e00000| Untracked 
|  79|0x0000000084f00000, 0x0000000085000000, 0x0000000085000000|100%| O|  |TAMS 0x0000000085000000, 0x0000000084f00000| Untracked 
|  80|0x0000000085000000, 0x0000000085100000, 0x0000000085100000|100%| O|  |TAMS 0x0000000085100000, 0x0000000085000000| Untracked 
|  81|0x0000000085100000, 0x0000000085200000, 0x0000000085200000|100%| O|  |TAMS 0x0000000085200000, 0x0000000085100000| Untracked 
|  82|0x0000000085200000, 0x0000000085300000, 0x0000000085300000|100%| O|  |TAMS 0x0000000085300000, 0x0000000085200000| Untracked 
|  83|0x0000000085300000, 0x0000000085400000, 0x0000000085400000|100%| O|  |TAMS 0x0000000085400000, 0x0000000085300000| Untracked 
|  84|0x0000000085400000, 0x0000000085500000, 0x0000000085500000|100%| O|  |TAMS 0x0000000085500000, 0x0000000085400000| Untracked 
|  85|0x0000000085500000, 0x0000000085600000, 0x0000000085600000|100%| O|  |TAMS 0x0000000085600000, 0x0000000085500000| Untracked 
|  86|0x0000000085600000, 0x0000000085700000, 0x0000000085700000|100%|HS|  |TAMS 0x0000000085700000, 0x0000000085600000| Complete 
|  87|0x0000000085700000, 0x0000000085800000, 0x0000000085800000|100%|HS|  |TAMS 0x0000000085800000, 0x0000000085700000| Complete 
|  88|0x0000000085800000, 0x0000000085800000, 0x0000000085900000|  0%| F|  |TAMS 0x0000000085800000, 0x0000000085800000| Untracked 
|  89|0x0000000085900000, 0x0000000085a00000, 0x0000000085a00000|100%|HS|  |TAMS 0x0000000085a00000, 0x0000000085900000| Complete 
|  90|0x0000000085a00000, 0x0000000085a00000, 0x0000000085b00000|  0%| F|  |TAMS 0x0000000085a00000, 0x0000000085a00000| Untracked 
|  91|0x0000000085b00000, 0x0000000085b00000, 0x0000000085c00000|  0%| F|  |TAMS 0x0000000085b00000, 0x0000000085b00000| Untracked 
|  92|0x0000000085c00000, 0x0000000085c00000, 0x0000000085d00000|  0%| F|  |TAMS 0x0000000085c00000, 0x0000000085c00000| Untracked 
|  93|0x0000000085d00000, 0x0000000085d00000, 0x0000000085e00000|  0%| F|  |TAMS 0x0000000085d00000, 0x0000000085d00000| Untracked 
|  94|0x0000000085e00000, 0x0000000085e00000, 0x0000000085f00000|  0%| F|  |TAMS 0x0000000085e00000, 0x0000000085e00000| Untracked 
|  95|0x0000000085f00000, 0x0000000085f00000, 0x0000000086000000|  0%| F|  |TAMS 0x0000000085f00000, 0x0000000085f00000| Untracked 
|  96|0x0000000086000000, 0x0000000086000000, 0x0000000086100000|  0%| F|  |TAMS 0x0000000086000000, 0x0000000086000000| Untracked 
|  97|0x0000000086100000, 0x0000000086100000, 0x0000000086200000|  0%| F|  |TAMS 0x0000000086100000, 0x0000000086100000| Untracked 
|  98|0x0000000086200000, 0x0000000086200000, 0x0000000086300000|  0%| F|  |TAMS 0x0000000086200000, 0x0000000086200000| Untracked 
|  99|0x0000000086300000, 0x0000000086300000, 0x0000000086400000|  0%| F|  |TAMS 0x0000000086300000, 0x0000000086300000| Untracked 
| 100|0x0000000086400000, 0x0000000086400000, 0x0000000086500000|  0%| F|  |TAMS 0x0000000086400000, 0x0000000086400000| Untracked 
| 101|0x0000000086500000, 0x0000000086500000, 0x0000000086600000|  0%| F|  |TAMS 0x0000000086500000, 0x0000000086500000| Untracked 
| 102|0x0000000086600000, 0x0000000086600000, 0x0000000086700000|  0%| F|  |TAMS 0x0000000086600000, 0x0000000086600000| Untracked 
| 103|0x0000000086700000, 0x0000000086700000, 0x0000000086800000|  0%| F|  |TAMS 0x0000000086700000, 0x0000000086700000| Untracked 
| 104|0x0000000086800000, 0x0000000086800000, 0x0000000086900000|  0%| F|  |TAMS 0x0000000086800000, 0x0000000086800000| Untracked 
| 105|0x0000000086900000, 0x0000000086900000, 0x0000000086a00000|  0%| F|  |TAMS 0x0000000086900000, 0x0000000086900000| Untracked 
| 106|0x0000000086a00000, 0x0000000086a00000, 0x0000000086b00000|  0%| F|  |TAMS 0x0000000086a00000, 0x0000000086a00000| Untracked 
| 107|0x0000000086b00000, 0x0000000086b00000, 0x0000000086c00000|  0%| F|  |TAMS 0x0000000086b00000, 0x0000000086b00000| Untracked 
| 108|0x0000000086c00000, 0x0000000086c00000, 0x0000000086d00000|  0%| F|  |TAMS 0x0000000086c00000, 0x0000000086c00000| Untracked 
| 109|0x0000000086d00000, 0x0000000086d00000, 0x0000000086e00000|  0%| F|  |TAMS 0x0000000086d00000, 0x0000000086d00000| Untracked 
| 110|0x0000000086e00000, 0x0000000086e00000, 0x0000000086f00000|  0%| F|  |TAMS 0x0000000086e00000, 0x0000000086e00000| Untracked 
| 111|0x0000000086f00000, 0x0000000086f00000, 0x0000000087000000|  0%| F|  |TAMS 0x0000000086f00000, 0x0000000086f00000| Untracked 
| 112|0x0000000087000000, 0x0000000087000000, 0x0000000087100000|  0%| F|  |TAMS 0x0000000087000000, 0x0000000087000000| Untracked 
| 113|0x0000000087100000, 0x0000000087100000, 0x0000000087200000|  0%| F|  |TAMS 0x0000000087100000, 0x0000000087100000| Untracked 
| 114|0x0000000087200000, 0x0000000087200000, 0x0000000087300000|  0%| F|  |TAMS 0x0000000087200000, 0x0000000087200000| Untracked 
| 115|0x0000000087300000, 0x0000000087300000, 0x0000000087400000|  0%| F|  |TAMS 0x0000000087300000, 0x0000000087300000| Untracked 
| 116|0x0000000087400000, 0x0000000087400000, 0x0000000087500000|  0%| F|  |TAMS 0x0000000087400000, 0x0000000087400000| Untracked 
| 117|0x0000000087500000, 0x0000000087500000, 0x0000000087600000|  0%| F|  |TAMS 0x0000000087500000, 0x0000000087500000| Untracked 
| 118|0x0000000087600000, 0x0000000087667940, 0x0000000087700000| 40%| S|CS|TAMS 0x0000000087600000, 0x0000000087600000| Complete 
| 119|0x0000000087700000, 0x0000000087800000, 0x0000000087800000|100%| S|CS|TAMS 0x0000000087700000, 0x0000000087700000| Complete 
| 120|0x0000000087800000, 0x0000000087900000, 0x0000000087900000|100%| S|CS|TAMS 0x0000000087800000, 0x0000000087800000| Complete 
| 121|0x0000000087900000, 0x0000000087a00000, 0x0000000087a00000|100%| S|CS|TAMS 0x0000000087900000, 0x0000000087900000| Complete 
| 122|0x0000000087a00000, 0x0000000087b00000, 0x0000000087b00000|100%| S|CS|TAMS 0x0000000087a00000, 0x0000000087a00000| Complete 
| 123|0x0000000087b00000, 0x0000000087c00000, 0x0000000087c00000|100%| S|CS|TAMS 0x0000000087b00000, 0x0000000087b00000| Complete 
| 124|0x0000000087c00000, 0x0000000087c00000, 0x0000000087d00000|  0%| F|  |TAMS 0x0000000087c00000, 0x0000000087c00000| Untracked 
| 125|0x0000000087d00000, 0x0000000087d00000, 0x0000000087e00000|  0%| F|  |TAMS 0x0000000087d00000, 0x0000000087d00000| Untracked 
| 126|0x0000000087e00000, 0x0000000087e00000, 0x0000000087f00000|  0%| F|  |TAMS 0x0000000087e00000, 0x0000000087e00000| Untracked 
| 127|0x0000000087f00000, 0x0000000087f00000, 0x0000000088000000|  0%| F|  |TAMS 0x0000000087f00000, 0x0000000087f00000| Untracked 
| 128|0x0000000088000000, 0x0000000088000000, 0x0000000088100000|  0%| F|  |TAMS 0x0000000088000000, 0x0000000088000000| Untracked 
| 129|0x0000000088100000, 0x0000000088100000, 0x0000000088200000|  0%| F|  |TAMS 0x0000000088100000, 0x0000000088100000| Untracked 
| 130|0x0000000088200000, 0x0000000088200000, 0x0000000088300000|  0%| F|  |TAMS 0x0000000088200000, 0x0000000088200000| Untracked 
| 131|0x0000000088300000, 0x0000000088300000, 0x0000000088400000|  0%| F|  |TAMS 0x0000000088300000, 0x0000000088300000| Untracked 
| 132|0x0000000088400000, 0x0000000088400000, 0x0000000088500000|  0%| F|  |TAMS 0x0000000088400000, 0x0000000088400000| Untracked 
| 133|0x0000000088500000, 0x0000000088500000, 0x0000000088600000|  0%| F|  |TAMS 0x0000000088500000, 0x0000000088500000| Untracked 
| 134|0x0000000088600000, 0x0000000088600000, 0x0000000088700000|  0%| F|  |TAMS 0x0000000088600000, 0x0000000088600000| Untracked 
| 135|0x0000000088700000, 0x0000000088700000, 0x0000000088800000|  0%| F|  |TAMS 0x0000000088700000, 0x0000000088700000| Untracked 
| 136|0x0000000088800000, 0x0000000088800000, 0x0000000088900000|  0%| F|  |TAMS 0x0000000088800000, 0x0000000088800000| Untracked 
| 137|0x0000000088900000, 0x0000000088900000, 0x0000000088a00000|  0%| F|  |TAMS 0x0000000088900000, 0x0000000088900000| Untracked 
| 138|0x0000000088a00000, 0x0000000088a00000, 0x0000000088b00000|  0%| F|  |TAMS 0x0000000088a00000, 0x0000000088a00000| Untracked 
| 139|0x0000000088b00000, 0x0000000088b00000, 0x0000000088c00000|  0%| F|  |TAMS 0x0000000088b00000, 0x0000000088b00000| Untracked 
| 140|0x0000000088c00000, 0x0000000088c00000, 0x0000000088d00000|  0%| F|  |TAMS 0x0000000088c00000, 0x0000000088c00000| Untracked 
| 141|0x0000000088d00000, 0x0000000088d86b30, 0x0000000088e00000| 52%| E|  |TAMS 0x0000000088d00000, 0x0000000088d00000| Complete 
| 142|0x0000000088e00000, 0x0000000088f00000, 0x0000000088f00000|100%| E|CS|TAMS 0x0000000088e00000, 0x0000000088e00000| Complete 
| 143|0x0000000088f00000, 0x0000000089000000, 0x0000000089000000|100%| E|CS|TAMS 0x0000000088f00000, 0x0000000088f00000| Complete 
| 144|0x0000000089000000, 0x0000000089100000, 0x0000000089100000|100%| E|CS|TAMS 0x0000000089000000, 0x0000000089000000| Complete 
| 145|0x0000000089100000, 0x0000000089200000, 0x0000000089200000|100%| E|CS|TAMS 0x0000000089100000, 0x0000000089100000| Complete 
| 146|0x0000000089200000, 0x0000000089300000, 0x0000000089300000|100%| E|CS|TAMS 0x0000000089200000, 0x0000000089200000| Complete 
| 147|0x0000000089300000, 0x0000000089400000, 0x0000000089400000|100%| E|CS|TAMS 0x0000000089300000, 0x0000000089300000| Complete 
| 148|0x0000000089400000, 0x0000000089500000, 0x0000000089500000|100%| E|CS|TAMS 0x0000000089400000, 0x0000000089400000| Complete 
| 149|0x0000000089500000, 0x0000000089600000, 0x0000000089600000|100%| E|CS|TAMS 0x0000000089500000, 0x0000000089500000| Complete 
| 150|0x0000000089600000, 0x0000000089700000, 0x0000000089700000|100%| E|CS|TAMS 0x0000000089600000, 0x0000000089600000| Complete 
| 151|0x0000000089700000, 0x0000000089800000, 0x0000000089800000|100%| E|CS|TAMS 0x0000000089700000, 0x0000000089700000| Complete 
| 152|0x0000000089800000, 0x0000000089900000, 0x0000000089900000|100%| E|CS|TAMS 0x0000000089800000, 0x0000000089800000| Complete 
| 153|0x0000000089900000, 0x0000000089a00000, 0x0000000089a00000|100%| E|CS|TAMS 0x0000000089900000, 0x0000000089900000| Complete 
| 154|0x0000000089a00000, 0x0000000089b00000, 0x0000000089b00000|100%| E|CS|TAMS 0x0000000089a00000, 0x0000000089a00000| Complete 
| 155|0x0000000089b00000, 0x0000000089c00000, 0x0000000089c00000|100%| E|CS|TAMS 0x0000000089b00000, 0x0000000089b00000| Complete 
| 156|0x0000000089c00000, 0x0000000089d00000, 0x0000000089d00000|100%| E|CS|TAMS 0x0000000089c00000, 0x0000000089c00000| Complete 
| 157|0x0000000089d00000, 0x0000000089e00000, 0x0000000089e00000|100%| E|CS|TAMS 0x0000000089d00000, 0x0000000089d00000| Complete 
| 158|0x0000000089e00000, 0x0000000089f00000, 0x0000000089f00000|100%| E|CS|TAMS 0x0000000089e00000, 0x0000000089e00000| Complete 
| 159|0x0000000089f00000, 0x000000008a000000, 0x000000008a000000|100%| E|CS|TAMS 0x0000000089f00000, 0x0000000089f00000| Complete 
| 160|0x000000008a000000, 0x000000008a100000, 0x000000008a100000|100%| E|CS|TAMS 0x000000008a000000, 0x000000008a000000| Complete 
| 161|0x000000008a100000, 0x000000008a200000, 0x000000008a200000|100%| E|CS|TAMS 0x000000008a100000, 0x000000008a100000| Complete 
| 162|0x000000008a200000, 0x000000008a300000, 0x000000008a300000|100%| E|CS|TAMS 0x000000008a200000, 0x000000008a200000| Complete 
| 163|0x000000008a300000, 0x000000008a400000, 0x000000008a400000|100%| E|CS|TAMS 0x000000008a300000, 0x000000008a300000| Complete 
| 164|0x000000008a400000, 0x000000008a500000, 0x000000008a500000|100%| E|CS|TAMS 0x000000008a400000, 0x000000008a400000| Complete 
| 165|0x000000008a500000, 0x000000008a600000, 0x000000008a600000|100%| E|CS|TAMS 0x000000008a500000, 0x000000008a500000| Complete 
| 166|0x000000008a600000, 0x000000008a700000, 0x000000008a700000|100%| E|CS|TAMS 0x000000008a600000, 0x000000008a600000| Complete 
| 167|0x000000008a700000, 0x000000008a800000, 0x000000008a800000|100%| E|CS|TAMS 0x000000008a700000, 0x000000008a700000| Complete 
| 168|0x000000008a800000, 0x000000008a900000, 0x000000008a900000|100%| E|CS|TAMS 0x000000008a800000, 0x000000008a800000| Complete 
| 169|0x000000008a900000, 0x000000008aa00000, 0x000000008aa00000|100%| E|CS|TAMS 0x000000008a900000, 0x000000008a900000| Complete 
| 255|0x000000008ff00000, 0x0000000090000000, 0x0000000090000000|100%| E|CS|TAMS 0x000000008ff00000, 0x000000008ff00000| Complete 

Card table byte_map: [0x00000259d1cc0000,0x00000259d20c0000] _byte_map_base: 0x00000259d18c0000

Marking Bits (Prev, Next): (CMBitMap*) 0x00000259bab12310, (CMBitMap*) 0x00000259bab122d0
 Prev Bits: [0x00000259d44c0000, 0x00000259d64c0000)
 Next Bits: [0x00000259d24c0000, 0x00000259d44c0000)

Polling page: 0x00000259b8a40000

Metaspace:

Usage:
  Non-class:     62.36 MB used.
      Class:     10.14 MB used.
       Both:     72.50 MB used.

Virtual space:
  Non-class space:       64.00 MB reserved,      62.69 MB ( 98%) committed,  1 nodes.
      Class space:      416.00 MB reserved,      10.44 MB (  3%) committed,  1 nodes.
             Both:      480.00 MB reserved,      73.12 MB ( 15%) committed. 

Chunk freelists:
   Non-Class:  1.05 MB
       Class:  5.58 MB
        Both:  6.62 MB

MaxMetaspaceSize: 512.00 MB
CompressedClassSpaceSize: 416.00 MB
Initial GC threshold: 21.00 MB
Current GC threshold: 119.00 MB
CDS: on
MetaspaceReclaimPolicy: balanced
 - commit_granule_bytes: 65536.
 - commit_granule_words: 8192.
 - virtual_space_node_default_size: 8388608.
 - enlarge_chunks_in_place: 1.
 - new_chunks_are_fully_committed: 0.
 - uncommit_free_chunks: 1.
 - use_allocation_guard: 0.
 - handle_deallocations: 1.


Internal statistics:

num_allocs_failed_limit: 6.
num_arena_births: 882.
num_arena_deaths: 0.
num_vsnodes_births: 2.
num_vsnodes_deaths: 0.
num_space_committed: 1170.
num_space_uncommitted: 0.
num_chunks_returned_to_freelist: 6.
num_chunks_taken_from_freelist: 3958.
num_chunk_merges: 3.
num_chunk_splits: 2619.
num_chunks_enlarged: 1741.
num_inconsistent_stats: 0.

CodeHeap 'non-profiled nmethods': size=120000Kb used=4734Kb max_used=5354Kb free=115265Kb
 bounds [0x00000259c9e30000, 0x00000259ca370000, 0x00000259d1360000]
CodeHeap 'profiled nmethods': size=120000Kb used=14285Kb max_used=15973Kb free=105714Kb
 bounds [0x00000259c2360000, 0x00000259c3300000, 0x00000259c9890000]
CodeHeap 'non-nmethods': size=5760Kb used=2370Kb max_used=2452Kb free=3389Kb
 bounds [0x00000259c9890000, 0x00000259c9b10000, 0x00000259c9e30000]
 total_blobs=8741 nmethods=7844 adapters=809
 compilation: enabled
              stopped_count=0, restarted_count=0
 full_count=0

Compilation events (20 events):
Event: 12.989 Thread 0x00000259d9264140 9268       3       org.objectweb.asm.commons.Method::<init> (15 bytes)
Event: 12.989 Thread 0x00000259d9264140 nmethod 9268 0x00000259c24c3490 code [0x00000259c24c3640, 0x00000259c24c3858]
Event: 12.989 Thread 0x00000259d9264140 9269       3       org.objectweb.asm.Type::getDescriptor (93 bytes)
Event: 12.990 Thread 0x00000259d9264140 nmethod 9269 0x00000259c2728310 code [0x00000259c2728580, 0x00000259c2728d08]
Event: 12.990 Thread 0x00000259d9264140 9270       3       org.objectweb.asm.SymbolTable::addConstantMemberReference (147 bytes)
Event: 12.990 Thread 0x00000259d9264140 nmethod 9270 0x00000259c25c5510 code [0x00000259c25c5780, 0x00000259c25c6068]
Event: 12.990 Thread 0x00000259d9264140 9274       3       org.objectweb.asm.Frame::pop (42 bytes)
Event: 12.990 Thread 0x00000259d9264140 nmethod 9274 0x00000259c257de10 code [0x00000259c257dfc0, 0x00000259c257e178]
Event: 12.990 Thread 0x00000259d9264140 9271       3       org.objectweb.asm.SymbolTable::hash (20 bytes)
Event: 12.990 Thread 0x00000259d9264140 nmethod 9271 0x00000259c28e9890 code [0x00000259c28e9a40, 0x00000259c28e9c08]
Event: 12.990 Thread 0x00000259d9264140 9272       3       org.objectweb.asm.Frame::push (59 bytes)
Event: 12.991 Thread 0x00000259d9264140 nmethod 9272 0x00000259c2756590 code [0x00000259c27567c0, 0x00000259c2756f78]
Event: 12.991 Thread 0x00000259d9264140 9275       3       org.objectweb.asm.SymbolTable::addConstantClass (8 bytes)
Event: 12.991 Thread 0x00000259d9155270 9276       4       org.gradle.internal.instantiation.generator.AbstractClassGenerator$DslMixInPropertyType::visitInstanceMethod (104 bytes)
Event: 12.991 Thread 0x00000259d9264140 nmethod 9275 0x00000259c2629710 code [0x00000259c26298a0, 0x00000259c26299e8]
Event: 12.991 Thread 0x00000259d9264140 9273       1       com.android.build.gradle.internal.dsl.decorator.SupportedPropertyType$Collection::getImplementationType (5 bytes)
Event: 12.991 Thread 0x00000259d9264140 nmethod 9273 0x00000259c9fc2b10 code [0x00000259c9fc2ca0, 0x00000259c9fc2d78]
Event: 12.991 Thread 0x00000259fc7dd630 9277       4       org.objectweb.asm.SymbolTable::addConstant (330 bytes)
Event: 12.991 Thread 0x00000259fc7dd0e0 9278       4       org.objectweb.asm.Frame::putAbstractType (407 bytes)
Event: 12.996 Thread 0x00000259d9264140 9279       3       org.objectweb.asm.MethodWriter::visitInsn (115 bytes)

GC Heap History (20 events):
Event: 9.406 GC heap before
{Heap before GC invocations=17 (full 0):
 garbage-first heap   total 98304K, used 56651K [0x0000000080000000, 0x0000000100000000)
  region size 1024K, 4 young (4096K), 3 survivors (3072K)
 Metaspace       used 51323K, committed 51968K, reserved 491520K
  class space    used 7234K, committed 7488K, reserved 425984K
}
Event: 9.408 GC heap after
{Heap after GC invocations=18 (full 0):
 garbage-first heap   total 98304K, used 55606K [0x0000000080000000, 0x0000000100000000)
  region size 1024K, 1 young (1024K), 1 survivors (1024K)
 Metaspace       used 51323K, committed 51968K, reserved 491520K
  class space    used 7234K, committed 7488K, reserved 425984K
}
Event: 9.710 GC heap before
{Heap before GC invocations=18 (full 0):
 garbage-first heap   total 98304K, used 78134K [0x0000000080000000, 0x0000000100000000)
  region size 1024K, 24 young (24576K), 1 survivors (1024K)
 Metaspace       used 53496K, committed 54208K, reserved 491520K
  class space    used 7606K, committed 7936K, reserved 425984K
}
Event: 9.713 GC heap after
{Heap after GC invocations=19 (full 0):
 garbage-first heap   total 142336K, used 56267K [0x0000000080000000, 0x0000000100000000)
  region size 1024K, 2 young (2048K), 2 survivors (2048K)
 Metaspace       used 53496K, committed 54208K, reserved 491520K
  class space    used 7606K, committed 7936K, reserved 425984K
}
Event: 10.196 GC heap before
{Heap before GC invocations=19 (full 0):
 garbage-first heap   total 142336K, used 107467K [0x0000000080000000, 0x0000000100000000)
  region size 1024K, 48 young (49152K), 2 survivors (2048K)
 Metaspace       used 57141K, committed 57792K, reserved 491520K
  class space    used 8095K, committed 8384K, reserved 425984K
}
Event: 10.199 GC heap after
{Heap after GC invocations=20 (full 0):
 garbage-first heap   total 142336K, used 62366K [0x0000000080000000, 0x0000000100000000)
  region size 1024K, 4 young (4096K), 4 survivors (4096K)
 Metaspace       used 57141K, committed 57792K, reserved 491520K
  class space    used 8095K, committed 8384K, reserved 425984K
}
Event: 10.658 GC heap before
{Heap before GC invocations=20 (full 0):
 garbage-first heap   total 142336K, used 107422K [0x0000000080000000, 0x0000000100000000)
  region size 1024K, 48 young (49152K), 4 survivors (4096K)
 Metaspace       used 60937K, committed 61632K, reserved 491520K
  class space    used 8584K, committed 8896K, reserved 425984K
}
Event: 10.664 GC heap after
{Heap after GC invocations=21 (full 0):
 garbage-first heap   total 142336K, used 65772K [0x0000000080000000, 0x0000000100000000)
  region size 1024K, 6 young (6144K), 6 survivors (6144K)
 Metaspace       used 60937K, committed 61632K, reserved 491520K
  class space    used 8584K, committed 8896K, reserved 425984K
}
Event: 11.176 GC heap before
{Heap before GC invocations=21 (full 0):
 garbage-first heap   total 142336K, used 110828K [0x0000000080000000, 0x0000000100000000)
  region size 1024K, 50 young (51200K), 6 survivors (6144K)
 Metaspace       used 63380K, committed 64064K, reserved 491520K
  class space    used 8951K, committed 9280K, reserved 425984K
}
Event: 11.184 GC heap after
{Heap after GC invocations=22 (full 0):
 garbage-first heap   total 142336K, used 69569K [0x0000000080000000, 0x0000000100000000)
  region size 1024K, 7 young (7168K), 7 survivors (7168K)
 Metaspace       used 63380K, committed 64064K, reserved 491520K
  class space    used 8951K, committed 9280K, reserved 425984K
}
Event: 11.810 GC heap before
{Heap before GC invocations=22 (full 0):
 garbage-first heap   total 142336K, used 111553K [0x0000000080000000, 0x0000000100000000)
  region size 1024K, 49 young (50176K), 7 survivors (7168K)
 Metaspace       used 65837K, committed 66496K, reserved 491520K
  class space    used 9372K, committed 9664K, reserved 425984K
}
Event: 11.817 GC heap after
{Heap after GC invocations=23 (full 0):
 garbage-first heap   total 142336K, used 72716K [0x0000000080000000, 0x0000000100000000)
  region size 1024K, 7 young (7168K), 7 survivors (7168K)
 Metaspace       used 65837K, committed 66496K, reserved 491520K
  class space    used 9372K, committed 9664K, reserved 425984K
}
Event: 11.985 GC heap before
{Heap before GC invocations=23 (full 0):
 garbage-first heap   total 142336K, used 91148K [0x0000000080000000, 0x0000000100000000)
  region size 1024K, 26 young (26624K), 7 survivors (7168K)
 Metaspace       used 66022K, committed 66752K, reserved 491520K
  class space    used 9393K, committed 9728K, reserved 425984K
}
Event: 11.993 GC heap after
{Heap after GC invocations=24 (full 0):
 garbage-first heap   total 142336K, used 75469K [0x0000000080000000, 0x0000000100000000)
  region size 1024K, 4 young (4096K), 4 survivors (4096K)
 Metaspace       used 66022K, committed 66752K, reserved 491520K
  class space    used 9393K, committed 9728K, reserved 425984K
}
Event: 12.242 GC heap before
{Heap before GC invocations=25 (full 0):
 garbage-first heap   total 145408K, used 120525K [0x0000000080000000, 0x0000000100000000)
  region size 1024K, 42 young (43008K), 4 survivors (4096K)
 Metaspace       used 68245K, committed 68928K, reserved 491520K
  class space    used 9678K, committed 9984K, reserved 425984K
}
Event: 12.246 GC heap after
{Heap after GC invocations=26 (full 0):
 garbage-first heap   total 145408K, used 86883K [0x0000000080000000, 0x0000000100000000)
  region size 1024K, 6 young (6144K), 6 survivors (6144K)
 Metaspace       used 68245K, committed 68928K, reserved 491520K
  class space    used 9678K, committed 9984K, reserved 425984K
}
Event: 12.256 GC heap before
{Heap before GC invocations=26 (full 0):
 garbage-first heap   total 145408K, used 87907K [0x0000000080000000, 0x0000000100000000)
  region size 1024K, 7 young (7168K), 6 survivors (6144K)
 Metaspace       used 68356K, committed 69056K, reserved 491520K
  class space    used 9680K, committed 9984K, reserved 425984K
}
Event: 12.260 GC heap after
{Heap after GC invocations=27 (full 0):
 garbage-first heap   total 175104K, used 86163K [0x0000000080000000, 0x0000000100000000)
  region size 1024K, 1 young (1024K), 1 survivors (1024K)
 Metaspace       used 68356K, committed 69056K, reserved 491520K
  class space    used 9680K, committed 9984K, reserved 425984K
}
Event: 12.704 GC heap before
{Heap before GC invocations=27 (full 0):
 garbage-first heap   total 175104K, used 139411K [0x0000000080000000, 0x0000000100000000)
  region size 1024K, 47 young (48128K), 1 survivors (1024K)
 Metaspace       used 72299K, committed 73024K, reserved 491520K
  class space    used 10105K, committed 10432K, reserved 425984K
}
Event: 12.708 GC heap after
{Heap after GC invocations=28 (full 0):
 garbage-first heap   total 175104K, used 95261K [0x0000000080000000, 0x0000000100000000)
  region size 1024K, 6 young (6144K), 6 survivors (6144K)
 Metaspace       used 72299K, committed 73024K, reserved 491520K
  class space    used 10105K, committed 10432K, reserved 425984K
}

Deoptimization events (20 events):
Event: 12.844 Thread 0x00000259f97ba790 Uncommon trap: trap_request=0xffffffc6 fr.pc=0x00000259ca29d620 relative=0x0000000000000060
Event: 12.844 Thread 0x00000259f97ba790 Uncommon trap: reason=bimorphic_or_optimized_type_check action=maybe_recompile pc=0x00000259ca29d620 method=java.util.AbstractQueue.add(Ljava/lang/Object;)Z @ 2 c2
Event: 12.844 Thread 0x00000259f97ba790 DEOPT PACKING pc=0x00000259ca29d620 sp=0x000000aed4bf31e0
Event: 12.844 Thread 0x00000259f97ba790 DEOPT UNPACKING pc=0x00000259c98e23a3 sp=0x000000aed4bf31a8 mode 2
Event: 12.850 Thread 0x00000259f97ba790 Uncommon trap: trap_request=0xffffff45 fr.pc=0x00000259ca2a49a8 relative=0x00000000000006c8
Event: 12.850 Thread 0x00000259f97ba790 Uncommon trap: reason=unstable_if action=reinterpret pc=0x00000259ca2a49a8 method=java.lang.CharacterDataLatin1.isUpperCase(I)Z @ 7 c2
Event: 12.850 Thread 0x00000259f97ba790 DEOPT PACKING pc=0x00000259ca2a49a8 sp=0x000000aed4bf1df0
Event: 12.850 Thread 0x00000259f97ba790 DEOPT UNPACKING pc=0x00000259c98e23a3 sp=0x000000aed4bf1ca8 mode 2
Event: 12.865 Thread 0x00000259f97ba790 Uncommon trap: trap_request=0xffffffde fr.pc=0x00000259ca2a3aec relative=0x00000000000002ac
Event: 12.865 Thread 0x00000259f97ba790 Uncommon trap: reason=class_check action=maybe_recompile pc=0x00000259ca2a3aec method=com.google.common.collect.ComparatorOrdering.compare(Ljava/lang/Object;Ljava/lang/Object;)I @ 6 c2
Event: 12.865 Thread 0x00000259f97ba790 DEOPT PACKING pc=0x00000259ca2a3aec sp=0x000000aed4bf1e80
Event: 12.865 Thread 0x00000259f97ba790 DEOPT UNPACKING pc=0x00000259c98e23a3 sp=0x000000aed4bf1df8 mode 2
Event: 12.887 Thread 0x00000259f97ba790 Uncommon trap: trap_request=0xffffffc6 fr.pc=0x00000259ca29d620 relative=0x0000000000000060
Event: 12.887 Thread 0x00000259f97ba790 Uncommon trap: reason=bimorphic_or_optimized_type_check action=maybe_recompile pc=0x00000259ca29d620 method=java.util.AbstractQueue.add(Ljava/lang/Object;)Z @ 2 c2
Event: 12.887 Thread 0x00000259f97ba790 DEOPT PACKING pc=0x00000259ca29d620 sp=0x000000aed4bf2480
Event: 12.887 Thread 0x00000259f97ba790 DEOPT UNPACKING pc=0x00000259c98e23a3 sp=0x000000aed4bf2448 mode 2
Event: 12.887 Thread 0x00000259f97ba790 Uncommon trap: trap_request=0xffffffc6 fr.pc=0x00000259ca29d620 relative=0x0000000000000060
Event: 12.887 Thread 0x00000259f97ba790 Uncommon trap: reason=bimorphic_or_optimized_type_check action=maybe_recompile pc=0x00000259ca29d620 method=java.util.AbstractQueue.add(Ljava/lang/Object;)Z @ 2 c2
Event: 12.887 Thread 0x00000259f97ba790 DEOPT PACKING pc=0x00000259ca29d620 sp=0x000000aed4bf2480
Event: 12.887 Thread 0x00000259f97ba790 DEOPT UNPACKING pc=0x00000259c98e23a3 sp=0x000000aed4bf2448 mode 2

Classes unloaded (0 events):
No events

Classes redefined (0 events):
No events

Internal exceptions (20 events):
Event: 11.168 Thread 0x00000259f97ba790 Exception <a 'java/lang/NoSuchMethodError'{0x0000000085f6d380}: 'java.lang.Object java.lang.invoke.DirectMethodHandle$Holder.newInvokeSpecial(java.lang.Object, java.lang.Object, java.lang.Object, java.lang.Object, java.lang.Object, java.lang.Object, int)'> (0x0000000085f6d380) 
thrown [s\open\src\hotspot\share\interpreter\linkResolver.cpp, line 759]
Event: 11.168 Thread 0x00000259f97ba790 Exception <a 'java/lang/NoSuchMethodError'{0x0000000085f73368}: 'java.lang.Object java.lang.invoke.DirectMethodHandle$Holder.invokeSpecial(java.lang.Object, java.lang.Object, java.lang.Object, java.lang.Object, java.lang.Object, java.lang.Object, java.lang.Object, int)'> (0x0000000085f73368) 
thrown [s\open\src\hotspot\share\interpreter\linkResolver.cpp, line 759]
Event: 11.168 Thread 0x00000259f97ba790 Exception <a 'java/lang/NoSuchMethodError'{0x0000000085f78f38}: 'java.lang.Object java.lang.invoke.Invokers$Holder.linkToTargetMethod(java.lang.Object, java.lang.Object, java.lang.Object, java.lang.Object, java.lang.Object, int, java.lang.Object)'> (0x0000000085f78f38) 
thrown [s\open\src\hotspot\share\interpreter\linkResolver.cpp, line 759]
Event: 11.185 Thread 0x00000259d9b326d0 Implicit null exception at 0x00000259ca13b460 to 0x00000259ca13b500
Event: 11.328 Thread 0x00000259fe2e66b0 Exception <a 'java/lang/NoSuchMethodError'{0x0000000088796220}: 'void java.lang.invoke.DirectMethodHandle$Holder.invokeSpecial(java.lang.Object, java.lang.Object, int)'> (0x0000000088796220) 
thrown [s\open\src\hotspot\share\interpreter\linkResolver.cpp, line 759]
Event: 11.483 Thread 0x00000259fe2e7af0 Exception <a 'java/lang/NoSuchMethodError'{0x0000000087cc6868}: 'void java.lang.invoke.DirectMethodHandle$Holder.invokeSpecial(java.lang.Object, java.lang.Object, java.lang.Object, java.lang.Object, int, java.lang.Object, java.lang.Object)'> (0x0000000087cc6868) 
thrown [s\open\src\hotspot\share\interpreter\linkResolver.cpp, line 759]
Event: 11.496 Thread 0x00000259fe2e7af0 Exception <a 'java/lang/NoSuchMethodError'{0x0000000087b52bd8}: 'void java.lang.invoke.DirectMethodHandle$Holder.invokeInterface(java.lang.Object, java.lang.Object, java.lang.Object, java.lang.Object)'> (0x0000000087b52bd8) 
thrown [s\open\src\hotspot\share\interpreter\linkResolver.cpp, line 759]
Event: 11.551 Thread 0x00000259fe2e7af0 Exception <a 'java/lang/NoSuchMethodError'{0x0000000087827e38}: 'int java.lang.invoke.DirectMethodHandle$Holder.invokeSpecial(java.lang.Object, java.lang.Object, java.lang.Object, java.lang.Object, java.lang.Object)'> (0x0000000087827e38) 
thrown [s\open\src\hotspot\share\interpreter\linkResolver.cpp, line 759]
Event: 11.585 Thread 0x00000259fe2e7af0 Exception <a 'java/lang/IncompatibleClassChangeError'{0x0000000087533b48}: Found class java.lang.Object, but interface was expected> (0x0000000087533b48) 
thrown [s\open\src\hotspot\share\interpreter\linkResolver.cpp, line 826]
Event: 11.647 Thread 0x00000259fe2e7af0 Exception <a 'java/lang/NoSuchMethodError'{0x00000000871fcd30}: 'int java.lang.invoke.DirectMethodHandle$Holder.invokeStaticInit(java.lang.Object, java.lang.Object, java.lang.Object, java.lang.Object, java.lang.Object)'> (0x00000000871fcd30) 
thrown [s\open\src\hotspot\share\interpreter\linkResolver.cpp, line 759]
Event: 11.673 Thread 0x00000259fe2e7af0 Exception <a 'sun/nio/fs/WindowsException'{0x0000000086fb6a40}> (0x0000000086fb6a40) 
thrown [s\open\src\hotspot\share\prims\jni.cpp, line 516]
Event: 11.673 Thread 0x00000259fe2e7af0 Exception <a 'sun/nio/fs/WindowsException'{0x0000000086fb8e70}> (0x0000000086fb8e70) 
thrown [s\open\src\hotspot\share\prims\jni.cpp, line 516]
Event: 11.673 Thread 0x00000259fe2e7af0 Exception <a 'sun/nio/fs/WindowsException'{0x0000000086fbaf70}> (0x0000000086fbaf70) 
thrown [s\open\src\hotspot\share\prims\jni.cpp, line 516]
Event: 11.674 Thread 0x00000259fe2e7af0 Exception <a 'sun/nio/fs/WindowsException'{0x0000000086fbce18}> (0x0000000086fbce18) 
thrown [s\open\src\hotspot\share\prims\jni.cpp, line 516]
Event: 11.943 Thread 0x00000259f97ba790 Exception <a 'java/lang/ClassNotFoundException'{0x0000000087acf338}: build_9f40y8r0t3gl4818ihmd62wu4BeanInfo> (0x0000000087acf338) 
thrown [s\open\src\hotspot\share\classfile\systemDictionary.cpp, line 256]
Event: 11.943 Thread 0x00000259f97ba790 Exception <a 'java/lang/ClassNotFoundException'{0x0000000087ad5cd0}: build_9f40y8r0t3gl4818ihmd62wu4Customizer> (0x0000000087ad5cd0) 
thrown [s\open\src\hotspot\share\classfile\systemDictionary.cpp, line 256]
Event: 12.049 Thread 0x00000259f97ba790 Exception <a 'java/lang/ClassNotFoundException'{0x0000000088b55398}: build_99p5e8kbsje5kegk8ur2qe94xBeanInfo> (0x0000000088b55398) 
thrown [s\open\src\hotspot\share\classfile\systemDictionary.cpp, line 256]
Event: 12.049 Thread 0x00000259f97ba790 Exception <a 'java/lang/ClassNotFoundException'{0x0000000088b60ab0}: build_99p5e8kbsje5kegk8ur2qe94xCustomizer> (0x0000000088b60ab0) 
thrown [s\open\src\hotspot\share\classfile\systemDictionary.cpp, line 256]
Event: 12.558 Thread 0x00000259f97ba790 Implicit null exception at 0x00000259ca04470c to 0x00000259ca044842
Event: 12.740 Thread 0x00000259f97ba790 Exception <a 'sun/nio/fs/WindowsException'{0x000000008a966e00}> (0x000000008a966e00) 
thrown [s\open\src\hotspot\share\prims\jni.cpp, line 516]

VM Operations (20 events):
Event: 12.256 Executing VM operation: G1CollectForAllocation
Event: 12.260 Executing VM operation: G1CollectForAllocation done
Event: 12.534 Executing VM operation: HandshakeAllThreads
Event: 12.535 Executing VM operation: HandshakeAllThreads done
Event: 12.565 Executing VM operation: HandshakeAllThreads
Event: 12.565 Executing VM operation: HandshakeAllThreads done
Event: 12.566 Executing VM operation: HandshakeAllThreads
Event: 12.566 Executing VM operation: HandshakeAllThreads done
Event: 12.704 Executing VM operation: G1CollectForAllocation
Event: 12.708 Executing VM operation: G1CollectForAllocation done
Event: 12.710 Executing VM operation: HandshakeAllThreads
Event: 12.710 Executing VM operation: HandshakeAllThreads done
Event: 12.731 Executing VM operation: HandshakeAllThreads
Event: 12.731 Executing VM operation: HandshakeAllThreads done
Event: 12.747 Executing VM operation: HandshakeAllThreads
Event: 12.747 Executing VM operation: HandshakeAllThreads done
Event: 12.749 Executing VM operation: G1Concurrent
Event: 12.752 Executing VM operation: G1Concurrent done
Event: 12.770 Executing VM operation: G1Concurrent
Event: 12.770 Executing VM operation: G1Concurrent done

Events (20 events):
Event: 12.762 Thread 0x00000259d928d630 flushing nmethod 0x00000259c2f42890
Event: 12.762 Thread 0x00000259d928d630 flushing nmethod 0x00000259c2f72610
Event: 12.762 Thread 0x00000259d928d630 flushing nmethod 0x00000259c2ff6d90
Event: 12.762 Thread 0x00000259d928d630 flushing nmethod 0x00000259c3011710
Event: 12.762 Thread 0x00000259d928d630 flushing nmethod 0x00000259c3025090
Event: 12.762 Thread 0x00000259d928d630 flushing nmethod 0x00000259c3026790
Event: 12.762 Thread 0x00000259d928d630 flushing nmethod 0x00000259c302c710
Event: 12.762 Thread 0x00000259d928d630 flushing nmethod 0x00000259c302d990
Event: 12.762 Thread 0x00000259d928d630 flushing nmethod 0x00000259c3033c10
Event: 12.762 Thread 0x00000259d928d630 flushing nmethod 0x00000259c306ad10
Event: 12.763 Thread 0x00000259d928d630 flushing nmethod 0x00000259c30e4f90
Event: 12.763 Thread 0x00000259d928d630 flushing nmethod 0x00000259c30e5690
Event: 12.763 Thread 0x00000259d928d630 flushing nmethod 0x00000259c30efe90
Event: 12.763 Thread 0x00000259d928d630 flushing nmethod 0x00000259c3142390
Event: 12.763 Thread 0x00000259d928d630 flushing nmethod 0x00000259c3144910
Event: 12.764 Thread 0x00000259d928d630 flushing nmethod 0x00000259c32b7690
Event: 12.764 Thread 0x00000259d928d630 flushing nmethod 0x00000259c32c2f90
Event: 12.764 Thread 0x00000259d928d630 flushing nmethod 0x00000259c32cb890
Event: 12.764 Thread 0x00000259d928d630 flushing nmethod 0x00000259c32cd890
Event: 12.764 Thread 0x00000259d928d630 flushing nmethod 0x00000259c32d1290


Dynamic libraries:
0x00007ff6d7740000 - 0x00007ff6d7750000 	C:\Program Files\Java\jdk-17\bin\java.exe
0x00007ffd97a90000 - 0x00007ffd97ca6000 	C:\WINDOWS\SYSTEM32\ntdll.dll
0x00007ffd96b00000 - 0x00007ffd96bc4000 	C:\WINDOWS\System32\KERNEL32.DLL
0x00007ffd95290000 - 0x00007ffd95636000 	C:\WINDOWS\System32\KERNELBASE.dll
0x00007ffd95640000 - 0x00007ffd95751000 	C:\WINDOWS\System32\ucrtbase.dll
0x00007ffd898d0000 - 0x00007ffd898eb000 	C:\Program Files\Java\jdk-17\bin\VCRUNTIME140.dll
0x00007ffd8a890000 - 0x00007ffd8a8a9000 	C:\Program Files\Java\jdk-17\bin\jli.dll
0x00007ffd97990000 - 0x00007ffd97a42000 	C:\WINDOWS\System32\ADVAPI32.dll
0x00007ffd978e0000 - 0x00007ffd97987000 	C:\WINDOWS\System32\msvcrt.dll
0x00007ffd963c0000 - 0x00007ffd96468000 	C:\WINDOWS\System32\sechost.dll
0x00007ffd95260000 - 0x00007ffd95288000 	C:\WINDOWS\System32\bcrypt.dll
0x00007ffd964d0000 - 0x00007ffd965e5000 	C:\WINDOWS\System32\RPCRT4.dll
0x00007ffd96210000 - 0x00007ffd963bd000 	C:\WINDOWS\System32\USER32.dll
0x00007ffd88e90000 - 0x00007ffd89123000 	C:\WINDOWS\WinSxS\amd64_microsoft.windows.common-controls_6595b64144ccf1df_6.0.22621.3235_none_270f74e173860f98\COMCTL32.dll
0x00007ffd94e90000 - 0x00007ffd94eb6000 	C:\WINDOWS\System32\win32u.dll
0x00007ffd96e40000 - 0x00007ffd96e69000 	C:\WINDOWS\System32\GDI32.dll
0x00007ffd95030000 - 0x00007ffd95148000 	C:\WINDOWS\System32\gdi32full.dll
0x00007ffd95150000 - 0x00007ffd951ea000 	C:\WINDOWS\System32\msvcp_win.dll
0x00007ffd8c130000 - 0x00007ffd8c13a000 	C:\WINDOWS\SYSTEM32\VERSION.dll
0x00007ffd97820000 - 0x00007ffd97851000 	C:\WINDOWS\System32\IMM32.DLL
0x00007ffd8a7a0000 - 0x00007ffd8a7ac000 	C:\Program Files\Java\jdk-17\bin\vcruntime140_1.dll
0x00007ffd805d0000 - 0x00007ffd8065e000 	C:\Program Files\Java\jdk-17\bin\msvcp140.dll
0x00007ffd327b0000 - 0x00007ffd3338f000 	C:\Program Files\Java\jdk-17\bin\server\jvm.dll
0x00007ffd957e0000 - 0x00007ffd957e8000 	C:\WINDOWS\System32\PSAPI.DLL
0x00007ffd883d0000 - 0x00007ffd88404000 	C:\WINDOWS\SYSTEM32\WINMM.dll
0x00007ffd88bf0000 - 0x00007ffd88bf9000 	C:\WINDOWS\SYSTEM32\WSOCK32.dll
0x00007ffd96c60000 - 0x00007ffd96cd1000 	C:\WINDOWS\System32\WS2_32.dll
0x00007ffd93dd0000 - 0x00007ffd93de8000 	C:\WINDOWS\SYSTEM32\kernel.appcore.dll
0x00007ffd88be0000 - 0x00007ffd88bea000 	C:\Program Files\Java\jdk-17\bin\jimage.dll
0x00007ffd81f50000 - 0x00007ffd82183000 	C:\WINDOWS\SYSTEM32\DBGHELP.DLL
0x00007ffd96f50000 - 0x00007ffd972d8000 	C:\WINDOWS\System32\combase.dll
0x00007ffd96e70000 - 0x00007ffd96f47000 	C:\WINDOWS\System32\OLEAUT32.dll
0x00007ffd81f10000 - 0x00007ffd81f42000 	C:\WINDOWS\SYSTEM32\dbgcore.DLL
0x00007ffd95760000 - 0x00007ffd957da000 	C:\WINDOWS\System32\bcryptPrimitives.dll
0x00007ffd8a8b0000 - 0x00007ffd8a8be000 	C:\Program Files\Java\jdk-17\bin\instrument.dll
0x00007ffd805a0000 - 0x00007ffd805c5000 	C:\Program Files\Java\jdk-17\bin\java.dll
0x00007ffd78170000 - 0x00007ffd78247000 	C:\Program Files\Java\jdk-17\bin\jsvml.dll
0x00007ffd95950000 - 0x00007ffd961ad000 	C:\WINDOWS\System32\SHELL32.dll
0x00007ffd92ce0000 - 0x00007ffd935d8000 	C:\WINDOWS\SYSTEM32\windows.storage.dll
0x00007ffd92ba0000 - 0x00007ffd92cde000 	C:\WINDOWS\SYSTEM32\wintypes.dll
0x00007ffd95850000 - 0x00007ffd95943000 	C:\WINDOWS\System32\SHCORE.dll
0x00007ffd957f0000 - 0x00007ffd9584e000 	C:\WINDOWS\System32\shlwapi.dll
0x00007ffd94d00000 - 0x00007ffd94d26000 	C:\WINDOWS\SYSTEM32\profapi.dll
0x00007ffd803a0000 - 0x00007ffd803b8000 	C:\Program Files\Java\jdk-17\bin\zip.dll
0x00007ffd80410000 - 0x00007ffd80429000 	C:\Program Files\Java\jdk-17\bin\net.dll
0x00007ffd8f4c0000 - 0x00007ffd8f5f7000 	C:\WINDOWS\SYSTEM32\WINHTTP.dll
0x00007ffd94240000 - 0x00007ffd942a9000 	C:\WINDOWS\system32\mswsock.dll
0x00007ffd803c0000 - 0x00007ffd803d6000 	C:\Program Files\Java\jdk-17\bin\nio.dll
0x00007ffd82ac0000 - 0x00007ffd82ad0000 	C:\Program Files\Java\jdk-17\bin\verify.dll
0x00007ffd88bb0000 - 0x00007ffd88bd7000 	C:\Users\TDR SOFTWARE PVT LTD\.gradle\native\c067742578af261105cb4f569cf0c3c89f3d7b1fecec35dd04571415982c5e48\windows-amd64\native-platform.dll
0x00007ffd5ce30000 - 0x00007ffd5cf74000 	C:\Users\TDR SOFTWARE PVT LTD\.gradle\native\38dada09dfb8b06ba9b0570ebf7e218e3eb74d4ef43ca46872605cf95ebc2f47\windows-amd64\native-platform-file-events.dll
0x00007ffd8a950000 - 0x00007ffd8a95a000 	C:\Program Files\Java\jdk-17\bin\management.dll
0x00007ffd8a940000 - 0x00007ffd8a94b000 	C:\Program Files\Java\jdk-17\bin\management_ext.dll
0x00007ffd94590000 - 0x00007ffd945ab000 	C:\WINDOWS\SYSTEM32\CRYPTSP.dll
0x00007ffd93d30000 - 0x00007ffd93d65000 	C:\WINDOWS\system32\rsaenh.dll
0x00007ffd942e0000 - 0x00007ffd9430c000 	C:\WINDOWS\SYSTEM32\USERENV.dll
0x00007ffd94570000 - 0x00007ffd9457c000 	C:\WINDOWS\SYSTEM32\CRYPTBASE.dll
0x00007ffd93840000 - 0x00007ffd9386d000 	C:\WINDOWS\SYSTEM32\IPHLPAPI.DLL
0x00007ffd96200000 - 0x00007ffd96209000 	C:\WINDOWS\System32\NSI.dll
0x00007ffd8f340000 - 0x00007ffd8f359000 	C:\WINDOWS\SYSTEM32\dhcpcsvc6.DLL
0x00007ffd8f320000 - 0x00007ffd8f33f000 	C:\WINDOWS\SYSTEM32\dhcpcsvc.DLL
0x00007ffd938b0000 - 0x00007ffd939a9000 	C:\WINDOWS\SYSTEM32\DNSAPI.dll
0x00007ffd8a930000 - 0x00007ffd8a93e000 	C:\Program Files\Java\jdk-17\bin\sunmscapi.dll
0x00007ffd94ec0000 - 0x00007ffd95026000 	C:\WINDOWS\System32\CRYPT32.dll
0x00007ffd94710000 - 0x00007ffd9473e000 	C:\WINDOWS\SYSTEM32\ncrypt.dll
0x00007ffd946d0000 - 0x00007ffd94707000 	C:\WINDOWS\SYSTEM32\NTASN1.dll
0x00007ffd8a920000 - 0x00007ffd8a928000 	C:\WINDOWS\system32\wshunix.dll
0x00007ffd84d70000 - 0x00007ffd84d87000 	C:\WINDOWS\system32\napinsp.dll
0x00007ffd84d50000 - 0x00007ffd84d6b000 	C:\WINDOWS\system32\pnrpnsp.dll
0x00007ffd84d30000 - 0x00007ffd84d41000 	C:\WINDOWS\System32\winrnr.dll
0x00007ffd78f50000 - 0x00007ffd78f65000 	C:\WINDOWS\system32\wshbth.dll
0x00007ffd7eda0000 - 0x00007ffd7edc1000 	C:\WINDOWS\system32\nlansp_c.dll
0x00007ffd8cdb0000 - 0x00007ffd8cdba000 	C:\Windows\System32\rasadhlp.dll
0x00007ffd8e320000 - 0x00007ffd8e3a3000 	C:\WINDOWS\System32\fwpuclnt.dll

dbghelp: loaded successfully - version: 4.0.5 - missing functions: none
symbol engine: initialized successfully - sym options: 0x614 - pdb path: .;C:\Program Files\Java\jdk-17\bin;C:\WINDOWS\SYSTEM32;C:\WINDOWS\WinSxS\amd64_microsoft.windows.common-controls_6595b64144ccf1df_6.0.22621.3235_none_270f74e173860f98;C:\Program Files\Java\jdk-17\bin\server;C:\Users\TDR SOFTWARE PVT LTD\.gradle\native\c067742578af261105cb4f569cf0c3c89f3d7b1fecec35dd04571415982c5e48\windows-amd64;C:\Users\TDR SOFTWARE PVT LTD\.gradle\native\38dada09dfb8b06ba9b0570ebf7e218e3eb74d4ef43ca46872605cf95ebc2f47\windows-amd64

VM Arguments:
jvm_args: -XX:MaxMetaspaceSize=512m --add-opens=java.base/java.util=ALL-UNNAMED --add-opens=java.base/java.lang=ALL-UNNAMED --add-opens=java.base/java.lang.invoke=ALL-UNNAMED --add-opens=java.prefs/java.util.prefs=ALL-UNNAMED --add-opens=java.base/java.nio.charset=ALL-UNNAMED --add-opens=java.base/java.net=ALL-UNNAMED --add-opens=java.base/java.util.concurrent.atomic=ALL-UNNAMED -Xmx2048m -Dfile.encoding=windows-1252 -Duser.country=IN -Duser.language=en -Duser.variant -javaagent:C:\Users\TDR SOFTWARE PVT LTD\.gradle\wrapper\dists\gradle-8.7-bin\bhs2wmbdwecv87pi65oeuq5iu\gradle-8.7\lib\agents\gradle-instrumentation-agent-8.7.jar 
java_command: org.gradle.launcher.daemon.bootstrap.GradleDaemon 8.7
java_class_path (initial): C:\Users\TDR SOFTWARE PVT LTD\.gradle\wrapper\dists\gradle-8.7-bin\bhs2wmbdwecv87pi65oeuq5iu\gradle-8.7\lib\gradle-launcher-8.7.jar
Launcher Type: SUN_STANDARD

[Global flags]
     intx CICompilerCount                          = 4                                         {product} {ergonomic}
   size_t CompressedClassSpaceSize                 = 436207616                                 {product} {ergonomic}
     uint ConcGCThreads                            = 3                                         {product} {ergonomic}
     uint G1ConcRefinementThreads                  = 10                                        {product} {ergonomic}
   size_t G1HeapRegionSize                         = 1048576                                   {product} {ergonomic}
    uintx GCDrainStackTargetSize                   = 64                                        {product} {ergonomic}
   size_t InitialHeapSize                          = 268435456                                 {product} {ergonomic}
   size_t MarkStackSize                            = 4194304                                   {product} {ergonomic}
   size_t MaxHeapSize                              = 2147483648                                {product} {command line}
   size_t MaxMetaspaceSize                         = 536870912                                 {product} {command line}
   size_t MaxNewSize                               = 1287651328                                {product} {ergonomic}
   size_t MinHeapDeltaBytes                        = 1048576                                   {product} {ergonomic}
   size_t MinHeapSize                              = 8388608                                   {product} {ergonomic}
    uintx NonNMethodCodeHeapSize                   = 5839372                                {pd product} {ergonomic}
    uintx NonProfiledCodeHeapSize                  = 122909434                              {pd product} {ergonomic}
    uintx ProfiledCodeHeapSize                     = 122909434                              {pd product} {ergonomic}
    uintx ReservedCodeCacheSize                    = 251658240                              {pd product} {ergonomic}
     bool SegmentedCodeCache                       = true                                      {product} {ergonomic}
   size_t SoftMaxHeapSize                          = 2147483648                             {manageable} {ergonomic}
     bool UseCompressedClassPointers               = true                           {product lp64_product} {ergonomic}
     bool UseCompressedOops                        = true                           {product lp64_product} {ergonomic}
     bool UseG1GC                                  = true                                      {product} {ergonomic}
     bool UseLargePagesIndividualAllocation        = false                                  {pd product} {ergonomic}

Logging:
Log output configuration:
 #0: stdout all=warning uptime,level,tags
 #1: stderr all=off uptime,level,tags

Environment Variables:
JAVA_HOME=C:\Program Files\Java\jdk-17
CLASSPATH=D:\PROJECTS\customerapp\android\\gradle\wrapper\gradle-wrapper.jar
PATH=C:\Python312\Scripts\;C:\Python312\;C:\Program Files\Common Files\Oracle\Java\javapath;C:\Windows\system32;C:\Windows;C:\Windows\System32\Wbem;C:\Windows\System32\WindowsPowerShell\v1.0\;C:\Windows\System32\OpenSSH\;C:\Program Files (x86)\NVIDIA Corporation\PhysX\Common;C:\WINDOWS\system32;C:\WINDOWS;C:\WINDOWS\System32\Wbem;C:\WINDOWS\System32\WindowsPowerShell\v1.0\;C:\WINDOWS\System32\OpenSSH\;C:\Users\TDR SOFTWARE PVT LTD\AppData\Local\Android\Sdk;C:\Program Files\Git\cmd;C:\ProgramData\chocolatey\bin;C:\Users\TDR SOFTWARE PVT LTD\Downloads\platform-tools_r35.0.0-windows\platform-tools;C:\Users\TDR SOFTWARE PVT LTD\Downloads\gradle-8.7-all\gradle-8.7\bin;C:\Users\YOUR_USERNAME\AppData\Roaming\npm;C:\Program Files\nodejs\;C:\Users\TDR SOFTWARE PVT LTD\AppData\Local\Microsoft\WindowsApps;C:\Users\TDR SOFTWARE PVT LTD\AppData\Local\Android\Sdk\platform-tools;C:\Windows\SysWOW64;C:\Users\TDR SOFTWARE PVT LTD\AppData\Roaming\npm;C:\Users\TDR SOFTWARE PVT LTD\AppData\Local\Programs\Microsoft VS Code\bin
USERNAME=TDR SOFTWARE PVT LTD
LANG=en_US.UTF-8
OS=Windows_NT
PROCESSOR_IDENTIFIER=Intel64 Family 6 Model 165 Stepping 3, GenuineIntel



---------------  S Y S T E M  ---------------

OS:
 Windows 11 , 64 bit Build 22621 (10.0.22621.3235)
OS uptime: 0 days 21:00 hours
Hyper-V role detected

CPU: total 12 (initial active 12) (6 cores per cpu, 2 threads per core) family 6 model 165 stepping 3 microcode 0xf4, cx8, cmov, fxsr, ht, mmx, 3dnowpref, sse, sse2, sse3, ssse3, sse4.1, sse4.2, popcnt, lzcnt, tsc, tscinvbit, avx, avx2, aes, erms, clmul, bmi1, bmi2, adx, fma, vzeroupper, clflush, clflushopt, hv

Memory: 4k page, system-wide physical 16295M (3662M free)
TotalPageFile size 16295M (AvailPageFile size 373M)
current process WorkingSet (physical memory assigned to process): 404M, peak: 409M
current process commit charge ("private bytes"): 451M, peak: 466M

vm_info: Java HotSpot(TM) 64-Bit Server VM (17.0.10+11-LTS-240) for windows-amd64 JRE (17.0.10+11-LTS-240), built on Dec 19 2023 21:47:25 by "mach5one" with MS VC++ 17.1 (VS2022)

END.
