#
# There is insufficient memory for the Java Runtime Environment to continue.
# Native memory allocation (malloc) failed to allocate 1078736 bytes for Chunk::new
# Possible reasons:
#   The system is out of physical RAM or swap space
#   The process is running with CompressedOops enabled, and the Java Heap may be blocking the growth of the native heap
# Possible solutions:
#   Reduce memory load on the system
#   Increase physical memory or swap space
#   Check if swap backing store is full
#   Decrease Java heap size (-Xmx/-Xms)
#   Decrease number of Java threads
#   Decrease Java thread stack sizes (-Xss)
#   Set larger code cache with -XX:ReservedCodeCacheSize=
#   JVM is running with Unscaled Compressed Oops mode in which the Java heap is
#     placed in the first 4GB address space. The Java Heap base address is the
#     maximum limit for the native heap growth. Please use -XX:HeapBaseMinAddress
#     to set the Java Heap base and to place the Java Heap above 4GB virtual address.
# This output file may be truncated or incomplete.
#
#  Out of Memory Error (arena.cpp:189), pid=7512, tid=19884
#
# JRE version: Java(TM) SE Runtime Environment (17.0.10+11) (build 17.0.10+11-LTS-240)
# Java VM: Java HotSpot(TM) 64-Bit Server VM (17.0.10+11-LTS-240, mixed mode, sharing, tiered, compressed oops, compressed class ptrs, g1 gc, windows-amd64)
# No core dump will be written. Minidumps are not enabled by default on client versions of Windows
#

---------------  S U M M A R Y ------------

Command Line: -XX:MaxMetaspaceSize=512m --add-opens=java.base/java.util=ALL-UNNAMED --add-opens=java.base/java.lang=ALL-UNNAMED --add-opens=java.base/java.lang.invoke=ALL-UNNAMED --add-opens=java.prefs/java.util.prefs=ALL-UNNAMED --add-opens=java.base/java.nio.charset=ALL-UNNAMED --add-opens=java.base/java.net=ALL-UNNAMED --add-opens=java.base/java.util.concurrent.atomic=ALL-UNNAMED -Xmx2048m -Dfile.encoding=windows-1252 -Duser.country=IN -Duser.language=en -Duser.variant -javaagent:C:\Users\TDR SOFTWARE PVT LTD\.gradle\wrapper\dists\gradle-8.7-bin\bhs2wmbdwecv87pi65oeuq5iu\gradle-8.7\lib\agents\gradle-instrumentation-agent-8.7.jar org.gradle.launcher.daemon.bootstrap.GradleDaemon 8.7

Host: Intel(R) Core(TM) i5-10400F CPU @ 2.90GHz, 12 cores, 15G,  Windows 11 , 64 bit Build 22621 (10.0.22621.3235)
Time: Sat Apr  6 21:18:55 2024 India Standard Time elapsed time: 15.435847 seconds (0d 0h 0m 15s)

---------------  T H R E A D  ---------------

Current thread (0x000001e6faa6b1e0):  JavaThread "C2 CompilerThread0" daemon [_thread_in_native, id=19884, stack(0x000000cde3000000,0x000000cde3100000)]


Current CompileTask:
C2:  15435 9679       4       java.beans.Introspector::addMethod (196 bytes)

Stack: [0x000000cde3000000,0x000000cde3100000]
Native frames: (J=compiled Java code, j=interpreted, Vv=VM code, C=native code)
V  [jvm.dll+0x677a5a]
V  [jvm.dll+0x7d8b2d]
V  [jvm.dll+0x7da48e]
V  [jvm.dll+0x7daaf3]
V  [jvm.dll+0x2455ff]
V  [jvm.dll+0xaaafb]
V  [jvm.dll+0xab09c]
V  [jvm.dll+0x2aafef]
V  [jvm.dll+0x57fd55]
V  [jvm.dll+0x220472]
V  [jvm.dll+0x22084f]
V  [jvm.dll+0x2197a6]
V  [jvm.dll+0x216c79]
V  [jvm.dll+0x1a3410]
V  [jvm.dll+0x226aeb]
V  [jvm.dll+0x224cab]
V  [jvm.dll+0x78e45c]
V  [jvm.dll+0x78888a]
V  [jvm.dll+0x676935]
C  [ucrtbase.dll+0x29363]
C  [KERNEL32.DLL+0x1257d]
C  [ntdll.dll+0x5aa58]


---------------  P R O C E S S  ---------------

Threads class SMR info:
_java_thread_list=0x000001e6aec80260, length=133, elements={
0x000001e6e94099e0, 0x000001e6faa48bd0, 0x000001e6faa49a50, 0x000001e6faa606d0,
0x000001e6faa61290, 0x000001e6faa63d60, 0x000001e6faa64720, 0x000001e6faa6b1e0,
0x000001e6faa6cca0, 0x000001e6fab9a4c0, 0x000001e6fac91e80, 0x000001e6fac93ce0,
0x000001e6fac90530, 0x000001e6fac91460, 0x000001e6fac91970, 0x000001e6fac90a40,
0x000001e6fac90f50, 0x000001e6fac92390, 0x000001e6fac937d0, 0x000001e6fac928a0,
0x000001e6fac92db0, 0x000001e6fac932c0, 0x000001e6abccef60, 0x000001e6abcce540,
0x000001e6abcd17e0, 0x000001e6abccbcc0, 0x000001e6abccd100, 0x000001e6abccd610,
0x000001e6ae8d27e0, 0x000001e6ae8d2cf0, 0x000001e6ae8d3200, 0x000001e6abdc3eb0,
0x000001e6abdc3490, 0x000001e6abdc48d0, 0x000001e6abfe29a0, 0x000001e6abfe0630,
0x000001e6abfe2490, 0x000001e6abfe0b40, 0x000001e6ad0bcfb0, 0x000001e6ad0bd9d0,
0x000001e6faf4d350, 0x000001e6abfe33c0, 0x000001e6abfe1560, 0x000001e6abfe38d0,
0x000001e6abfe2eb0, 0x000001e6abfe0120, 0x000001e6abfe1050, 0x000001e6abfe1a70,
0x000001e6abfe1f80, 0x000001e6faf48b10, 0x000001e6faf49a40, 0x000001e6faf480f0,
0x000001e6aa6a5990, 0x000001e6ad0be3f0, 0x000001e6ad0bdee0, 0x000001e6ad0be900,
0x000001e6abdbf000, 0x000001e6abdbe5e0, 0x000001e6abdbff30, 0x000001e6abdbf510,
0x000001e6abdbeaf0, 0x000001e6abdbfa20, 0x000001e6ab7eb720, 0x000001e6faf49f50,
0x000001e6ae7b5b50, 0x000001e6ae7b6060, 0x000001e6ad831bd0, 0x000001e6faf4e280,
0x000001e6faf4dd70, 0x000001e6ae8d18b0, 0x000001e6ac2d6380, 0x000001e6ae8d1dc0,
0x000001e6ae8d22d0, 0x000001e6ac6e9d70, 0x000001e6ad0bd4c0, 0x000001e6ae7b6570,
0x000001e6ac3213b0, 0x000001e6ac6e7f10, 0x000001e6ac7261a0, 0x000001e6ac7275e0,
0x000001e6ac6e65c0, 0x000001e6ad9830d0, 0x000001e6ad983af0, 0x000001e6aa6a5ea0,
0x000001e6aa6a63b0, 0x000001e6aa6a5480, 0x000001e6aa6a68c0, 0x000001e6aa6a6dd0,
0x000001e6ac79aa60, 0x000001e6ac79d2e0, 0x000001e6ad9821a0, 0x000001e6ad9826b0,
0x000001e6ad830ca0, 0x000001e6ad8316c0, 0x000001e6ad8320e0, 0x000001e6ad8311b0,
0x000001e6af45ad50, 0x000001e6af459910, 0x000001e6af4584d0, 0x000001e6af459e20,
0x000001e6af45a330, 0x000001e6af45a840, 0x000001e6af457ab0, 0x000001e6af457fc0,
0x000001e6af45b260, 0x000001e6af458ef0, 0x000001e6af4589e0, 0x000001e6af459400,
0x000001e6ac43f480, 0x000001e6ac4417f0, 0x000001e6ac43f990, 0x000001e6ac4408c0,
0x000001e6ac440dd0, 0x000001e6ac43e550, 0x000001e6ac4412e0, 0x000001e6ac441d00,
0x000001e6ac43ea60, 0x000001e6ac6e7a00, 0x000001e6ac43ef70, 0x000001e6ac43fea0,
0x000001e6ac4403b0, 0x000001e6aa64e8d0, 0x000001e6aa64ede0, 0x000001e6aa64f2f0,
0x000001e6aa64f800, 0x000001e6aa7ce870, 0x000001e6aa7ccf20, 0x000001e6aa7cde50,
0x000001e6faf4a460, 0x000001e6ad982bc0, 0x000001e6ac1b0c10, 0x000001e6ab1f3330,
0x000001e6ab1f6300
}

Java Threads: ( => current thread )
  0x000001e6e94099e0 JavaThread "main" [_thread_blocked, id=9136, stack(0x000000cde2300000,0x000000cde2400000)]
  0x000001e6faa48bd0 JavaThread "Reference Handler" daemon [_thread_blocked, id=7044, stack(0x000000cde2a00000,0x000000cde2b00000)]
  0x000001e6faa49a50 JavaThread "Finalizer" daemon [_thread_blocked, id=4564, stack(0x000000cde2b00000,0x000000cde2c00000)]
  0x000001e6faa606d0 JavaThread "Signal Dispatcher" daemon [_thread_blocked, id=19476, stack(0x000000cde2c00000,0x000000cde2d00000)]
  0x000001e6faa61290 JavaThread "Attach Listener" daemon [_thread_blocked, id=8436, stack(0x000000cde2d00000,0x000000cde2e00000)]
  0x000001e6faa63d60 JavaThread "Service Thread" daemon [_thread_blocked, id=14096, stack(0x000000cde2e00000,0x000000cde2f00000)]
  0x000001e6faa64720 JavaThread "Monitor Deflation Thread" daemon [_thread_blocked, id=16632, stack(0x000000cde2f00000,0x000000cde3000000)]
=>0x000001e6faa6b1e0 JavaThread "C2 CompilerThread0" daemon [_thread_in_native, id=19884, stack(0x000000cde3000000,0x000000cde3100000)]
  0x000001e6faa6cca0 JavaThread "C1 CompilerThread0" daemon [_thread_in_vm, id=1136, stack(0x000000cde3100000,0x000000cde3200000)]
  0x000001e6fab9a4c0 JavaThread "Sweeper thread" daemon [_thread_blocked, id=16584, stack(0x000000cde3200000,0x000000cde3300000)]
  0x000001e6fac91e80 JavaThread "Common-Cleaner" daemon [_thread_blocked, id=19896, stack(0x000000cde3300000,0x000000cde3400000)]
  0x000001e6fac93ce0 JavaThread "Notification Thread" daemon [_thread_blocked, id=11504, stack(0x000000cde3500000,0x000000cde3600000)]
  0x000001e6fac90530 JavaThread "Daemon health stats" [_thread_blocked, id=13316, stack(0x000000cde3d00000,0x000000cde3e00000)]
  0x000001e6fac91460 JavaThread "Incoming local TCP Connector on port 64243" [_thread_in_native, id=10896, stack(0x000000cde3e00000,0x000000cde3f00000)]
  0x000001e6fac91970 JavaThread "Daemon periodic checks" [_thread_blocked, id=2704, stack(0x000000cde3f00000,0x000000cde4000000)]
  0x000001e6fac90a40 JavaThread "Daemon" [_thread_blocked, id=9692, stack(0x000000cde4000000,0x000000cde4100000)]
  0x000001e6fac90f50 JavaThread "Handler for socket connection from /127.0.0.1:64243 to /127.0.0.1:64244" [_thread_in_native, id=14068, stack(0x000000cde4100000,0x000000cde4200000)]
  0x000001e6fac92390 JavaThread "Cancel handler" [_thread_blocked, id=6316, stack(0x000000cde4200000,0x000000cde4300000)]
  0x000001e6fac937d0 JavaThread "Daemon worker" [_thread_in_native, id=13808, stack(0x000000cde4300000,0x000000cde4400000)]
  0x000001e6fac928a0 JavaThread "Asynchronous log dispatcher for DefaultDaemonConnection: socket connection from /127.0.0.1:64243 to /127.0.0.1:64244" [_thread_blocked, id=13356, stack(0x000000cde4400000,0x000000cde4500000)]
  0x000001e6fac92db0 JavaThread "Stdin handler" [_thread_blocked, id=19084, stack(0x000000cde4500000,0x000000cde4600000)]
  0x000001e6fac932c0 JavaThread "Daemon client event forwarder" [_thread_blocked, id=2476, stack(0x000000cde4600000,0x000000cde4700000)]
  0x000001e6abccef60 JavaThread "Cache worker for journal cache (C:\Users\TDR SOFTWARE PVT LTD\.gradle\caches\journal-1)" [_thread_blocked, id=13328, stack(0x000000cde4700000,0x000000cde4800000)]
  0x000001e6abcce540 JavaThread "File lock request listener" [_thread_in_native, id=12960, stack(0x000000cde4800000,0x000000cde4900000)]
  0x000001e6abcd17e0 JavaThread "Cache worker for file hash cache (C:\Users\TDR SOFTWARE PVT LTD\.gradle\caches\8.7\fileHashes)" [_thread_blocked, id=5268, stack(0x000000cde4900000,0x000000cde4a00000)]
  0x000001e6abccbcc0 JavaThread "Cache worker for file hash cache (D:\PROJECTS\customerapp\android\.gradle\8.7\fileHashes)" [_thread_blocked, id=10360, stack(0x000000cde4a00000,0x000000cde4b00000)]
  0x000001e6abccd100 JavaThread "File watcher server" daemon [_thread_in_native, id=16752, stack(0x000000cde4b00000,0x000000cde4c00000)]
  0x000001e6abccd610 JavaThread "File watcher consumer" daemon [_thread_blocked, id=7124, stack(0x000000cde3400000,0x000000cde3500000)]
  0x000001e6ae8d27e0 JavaThread "Cache worker for checksums cache (D:\PROJECTS\customerapp\android\.gradle\8.7\checksums)" [_thread_blocked, id=19732, stack(0x000000cde5100000,0x000000cde5200000)]
  0x000001e6ae8d2cf0 JavaThread "Cache worker for cache directory md-supplier (C:\Users\TDR SOFTWARE PVT LTD\.gradle\caches\8.7\md-supplier)" [_thread_blocked, id=12320, stack(0x000000cde5200000,0x000000cde5300000)]
  0x000001e6ae8d3200 JavaThread "Cache worker for cache directory md-rule (C:\Users\TDR SOFTWARE PVT LTD\.gradle\caches\8.7\md-rule)" [_thread_blocked, id=5436, stack(0x000000cde5300000,0x000000cde5400000)]
  0x000001e6abdc3eb0 JavaThread "Cache worker for file content cache (C:\Users\TDR SOFTWARE PVT LTD\.gradle\caches\8.7\fileContent)" [_thread_blocked, id=4512, stack(0x000000cde5400000,0x000000cde5500000)]
  0x000001e6abdc3490 JavaThread "jar transforms" [_thread_blocked, id=8656, stack(0x000000cde5700000,0x000000cde5800000)]
  0x000001e6abdc48d0 JavaThread "jar transforms Thread 2" [_thread_blocked, id=7384, stack(0x000000cde5800000,0x000000cde5900000)]
  0x000001e6abfe29a0 JavaThread "jar transforms Thread 3" [_thread_blocked, id=3380, stack(0x000000cde5900000,0x000000cde5a00000)]
  0x000001e6abfe0630 JavaThread "jar transforms Thread 4" [_thread_blocked, id=13240, stack(0x000000cde5a00000,0x000000cde5b00000)]
  0x000001e6abfe2490 JavaThread "Unconstrained build operations" [_thread_blocked, id=20024, stack(0x000000cde5b00000,0x000000cde5c00000)]
  0x000001e6abfe0b40 JavaThread "Unconstrained build operations Thread 2" [_thread_blocked, id=19428, stack(0x000000cde5c00000,0x000000cde5d00000)]
  0x000001e6ad0bcfb0 JavaThread "Unconstrained build operations Thread 3" [_thread_blocked, id=7116, stack(0x000000cde5d00000,0x000000cde5e00000)]
  0x000001e6ad0bd9d0 JavaThread "Unconstrained build operations Thread 4" [_thread_blocked, id=15396, stack(0x000000cde5e00000,0x000000cde5f00000)]
  0x000001e6faf4d350 JavaThread "Cache worker for Build Output Cleanup Cache (D:\PROJECTS\customerapp\node_modules\@react-native\gradle-plugin\.gradle\buildOutputCleanup)" [_thread_blocked, id=7380, stack(0x000000cde5f00000,0x000000cde6000000)]
  0x000001e6abfe33c0 JavaThread "Unconstrained build operations Thread 5" [_thread_blocked, id=19236, stack(0x000000cde6000000,0x000000cde6100000)]
  0x000001e6abfe1560 JavaThread "Unconstrained build operations Thread 6" [_thread_blocked, id=16728, stack(0x000000cde6100000,0x000000cde6200000)]
  0x000001e6abfe38d0 JavaThread "Unconstrained build operations Thread 7" [_thread_blocked, id=4820, stack(0x000000cde6200000,0x000000cde6300000)]
  0x000001e6abfe2eb0 JavaThread "Unconstrained build operations Thread 8" [_thread_blocked, id=9520, stack(0x000000cde6300000,0x000000cde6400000)]
  0x000001e6abfe0120 JavaThread "Unconstrained build operations Thread 9" [_thread_blocked, id=2328, stack(0x000000cde6400000,0x000000cde6500000)]
  0x000001e6abfe1050 JavaThread "Unconstrained build operations Thread 10" [_thread_blocked, id=20384, stack(0x000000cde6500000,0x000000cde6600000)]
  0x000001e6abfe1a70 JavaThread "Unconstrained build operations Thread 11" [_thread_blocked, id=5540, stack(0x000000cde6600000,0x000000cde6700000)]
  0x000001e6abfe1f80 JavaThread "Unconstrained build operations Thread 12" [_thread_blocked, id=17724, stack(0x000000cde6700000,0x000000cde6800000)]
  0x000001e6faf48b10 JavaThread "Unconstrained build operations Thread 13" [_thread_blocked, id=8032, stack(0x000000cde6800000,0x000000cde6900000)]
  0x000001e6faf49a40 JavaThread "Unconstrained build operations Thread 14" [_thread_blocked, id=12568, stack(0x000000cde6900000,0x000000cde6a00000)]
  0x000001e6faf480f0 JavaThread "Unconstrained build operations Thread 15" [_thread_blocked, id=17956, stack(0x000000cde6a00000,0x000000cde6b00000)]
  0x000001e6aa6a5990 JavaThread "Unconstrained build operations Thread 16" [_thread_blocked, id=8640, stack(0x000000cde6b00000,0x000000cde6c00000)]
  0x000001e6ad0be3f0 JavaThread "Unconstrained build operations Thread 17" [_thread_blocked, id=5944, stack(0x000000cde6c00000,0x000000cde6d00000)]
  0x000001e6ad0bdee0 JavaThread "Unconstrained build operations Thread 18" [_thread_blocked, id=19700, stack(0x000000cde6d00000,0x000000cde6e00000)]
  0x000001e6ad0be900 JavaThread "Unconstrained build operations Thread 19" [_thread_blocked, id=5876, stack(0x000000cde6e00000,0x000000cde6f00000)]
  0x000001e6abdbf000 JavaThread "Unconstrained build operations Thread 20" [_thread_blocked, id=2544, stack(0x000000cde6f00000,0x000000cde7000000)]
  0x000001e6abdbe5e0 JavaThread "Unconstrained build operations Thread 21" [_thread_blocked, id=18368, stack(0x000000cde7000000,0x000000cde7100000)]
  0x000001e6abdbff30 JavaThread "Unconstrained build operations Thread 22" [_thread_blocked, id=13452, stack(0x000000cde7100000,0x000000cde7200000)]
  0x000001e6abdbf510 JavaThread "Unconstrained build operations Thread 23" [_thread_blocked, id=12900, stack(0x000000cde7200000,0x000000cde7300000)]
  0x000001e6abdbeaf0 JavaThread "Unconstrained build operations Thread 24" [_thread_blocked, id=8644, stack(0x000000cde7300000,0x000000cde7400000)]
  0x000001e6abdbfa20 JavaThread "Unconstrained build operations Thread 25" [_thread_blocked, id=14712, stack(0x000000cde7400000,0x000000cde7500000)]
  0x000001e6ab7eb720 JavaThread "Unconstrained build operations Thread 26" [_thread_blocked, id=12660, stack(0x000000cde7500000,0x000000cde7600000)]
  0x000001e6faf49f50 JavaThread "Memory manager" [_thread_blocked, id=19520, stack(0x000000cde5600000,0x000000cde5700000)]
  0x000001e6ae7b5b50 JavaThread "Cache worker for Build Output Cleanup Cache (D:\PROJECTS\customerapp\android\.gradle\buildOutputCleanup)" [_thread_blocked, id=11168, stack(0x000000cde7600000,0x000000cde7700000)]
  0x000001e6ae7b6060 JavaThread "jar transforms Thread 5" [_thread_blocked, id=12412, stack(0x000000cde7700000,0x000000cde7800000)]
  0x000001e6ad831bd0 JavaThread "ForkJoinPool.commonPool-worker-1" daemon [_thread_blocked, id=19936, stack(0x000000cde7900000,0x000000cde7a00000)]
  0x000001e6faf4e280 JavaThread "ForkJoinPool.commonPool-worker-2" daemon [_thread_blocked, id=5544, stack(0x000000cde7a00000,0x000000cde7b00000)]
  0x000001e6faf4dd70 JavaThread "ForkJoinPool.commonPool-worker-3" daemon [_thread_blocked, id=19656, stack(0x000000cde7b00000,0x000000cde7c00000)]
  0x000001e6ae8d18b0 JavaThread "ForkJoinPool.commonPool-worker-4" daemon [_thread_blocked, id=9072, stack(0x000000cde7c00000,0x000000cde7d00000)]
  0x000001e6ac2d6380 JavaThread "ForkJoinPool.commonPool-worker-5" daemon [_thread_blocked, id=12464, stack(0x000000cde7d00000,0x000000cde7e00000)]
  0x000001e6ae8d1dc0 JavaThread "ForkJoinPool.commonPool-worker-6" daemon [_thread_blocked, id=15848, stack(0x000000cde7e00000,0x000000cde7f00000)]
  0x000001e6ae8d22d0 JavaThread "ForkJoinPool.commonPool-worker-7" daemon [_thread_blocked, id=8156, stack(0x000000cde7f00000,0x000000cde8000000)]
  0x000001e6ac6e9d70 JavaThread "ForkJoinPool.commonPool-worker-8" daemon [_thread_blocked, id=20048, stack(0x000000cde8000000,0x000000cde8100000)]
  0x000001e6ad0bd4c0 JavaThread "ForkJoinPool.commonPool-worker-9" daemon [_thread_blocked, id=4900, stack(0x000000cde8100000,0x000000cde8200000)]
  0x000001e6ae7b6570 JavaThread "ForkJoinPool.commonPool-worker-10" daemon [_thread_blocked, id=15420, stack(0x000000cde8200000,0x000000cde8300000)]
  0x000001e6ac3213b0 JavaThread "ForkJoinPool.commonPool-worker-11" daemon [_thread_blocked, id=20332, stack(0x000000cde8300000,0x000000cde8400000)]
  0x000001e6ac6e7f10 JavaThread "Exec process" [_thread_blocked, id=16168, stack(0x000000cde8400000,0x000000cde8500000)]
  0x000001e6ac7261a0 JavaThread "Exec process Thread 2" [_thread_blocked, id=14104, stack(0x000000cde8500000,0x000000cde8600000)]
  0x000001e6ac7275e0 JavaThread "Exec process Thread 3" [_thread_blocked, id=15800, stack(0x000000cde8600000,0x000000cde8700000)]
  0x000001e6ac6e65c0 JavaThread "included builds" [_thread_blocked, id=5004, stack(0x000000cde8700000,0x000000cde8800000)]
  0x000001e6ad9830d0 JavaThread "Execution worker" [_thread_blocked, id=18124, stack(0x000000cde8800000,0x000000cde8900000)]
  0x000001e6ad983af0 JavaThread "Execution worker Thread 2" [_thread_blocked, id=13032, stack(0x000000cde8900000,0x000000cde8a00000)]
  0x000001e6aa6a5ea0 JavaThread "Execution worker Thread 3" [_thread_blocked, id=17240, stack(0x000000cde8a00000,0x000000cde8b00000)]
  0x000001e6aa6a63b0 JavaThread "Execution worker Thread 4" [_thread_blocked, id=11732, stack(0x000000cde8b00000,0x000000cde8c00000)]
  0x000001e6aa6a5480 JavaThread "Execution worker Thread 5" [_thread_blocked, id=5012, stack(0x000000cde8c00000,0x000000cde8d00000)]
  0x000001e6aa6a68c0 JavaThread "Execution worker Thread 6" [_thread_blocked, id=17512, stack(0x000000cde8d00000,0x000000cde8e00000)]
  0x000001e6aa6a6dd0 JavaThread "Execution worker Thread 7" [_thread_blocked, id=12816, stack(0x000000cde8e00000,0x000000cde8f00000)]
  0x000001e6ac79aa60 JavaThread "Execution worker Thread 8" [_thread_blocked, id=19608, stack(0x000000cde8f00000,0x000000cde9000000)]
  0x000001e6ac79d2e0 JavaThread "Execution worker Thread 9" [_thread_blocked, id=4184, stack(0x000000cde9000000,0x000000cde9100000)]
  0x000001e6ad9821a0 JavaThread "Execution worker Thread 10" [_thread_blocked, id=9388, stack(0x000000cde9100000,0x000000cde9200000)]
  0x000001e6ad9826b0 JavaThread "Execution worker Thread 11" [_thread_blocked, id=14880, stack(0x000000cde9200000,0x000000cde9300000)]
  0x000001e6ad830ca0 JavaThread "Cache worker for execution history cache (D:\PROJECTS\customerapp\node_modules\@react-native\gradle-plugin\.gradle\8.7\executionHistory)" [_thread_blocked, id=3276, stack(0x000000cde9300000,0x000000cde9400000)]
  0x000001e6ad8316c0 JavaThread "Unconstrained build operations Thread 27" [_thread_blocked, id=19728, stack(0x000000cde9400000,0x000000cde9500000)]
  0x000001e6ad8320e0 JavaThread "Unconstrained build operations Thread 28" [_thread_blocked, id=7004, stack(0x000000cde9500000,0x000000cde9600000)]
  0x000001e6ad8311b0 JavaThread "Unconstrained build operations Thread 29" [_thread_blocked, id=14696, stack(0x000000cde9600000,0x000000cde9700000)]
  0x000001e6af45ad50 JavaThread "Unconstrained build operations Thread 30" [_thread_blocked, id=9876, stack(0x000000cde9700000,0x000000cde9800000)]
  0x000001e6af459910 JavaThread "Unconstrained build operations Thread 31" [_thread_blocked, id=17232, stack(0x000000cde9800000,0x000000cde9900000)]
  0x000001e6af4584d0 JavaThread "Unconstrained build operations Thread 32" [_thread_blocked, id=13864, stack(0x000000cde9900000,0x000000cde9a00000)]
  0x000001e6af459e20 JavaThread "Unconstrained build operations Thread 33" [_thread_blocked, id=20232, stack(0x000000cde9a00000,0x000000cde9b00000)]
  0x000001e6af45a330 JavaThread "Unconstrained build operations Thread 34" [_thread_blocked, id=5388, stack(0x000000cde9b00000,0x000000cde9c00000)]
  0x000001e6af45a840 JavaThread "Unconstrained build operations Thread 35" [_thread_blocked, id=4828, stack(0x000000cde9c00000,0x000000cde9d00000)]
  0x000001e6af457ab0 JavaThread "Unconstrained build operations Thread 36" [_thread_blocked, id=7912, stack(0x000000cde9d00000,0x000000cde9e00000)]
  0x000001e6af457fc0 JavaThread "Unconstrained build operations Thread 37" [_thread_blocked, id=6756, stack(0x000000cde9e00000,0x000000cde9f00000)]
  0x000001e6af45b260 JavaThread "Unconstrained build operations Thread 38" [_thread_blocked, id=4292, stack(0x000000cde9f00000,0x000000cdea000000)]
  0x000001e6af458ef0 JavaThread "Unconstrained build operations Thread 39" [_thread_blocked, id=17096, stack(0x000000cdea000000,0x000000cdea100000)]
  0x000001e6af4589e0 JavaThread "Unconstrained build operations Thread 40" [_thread_blocked, id=2344, stack(0x000000cdea100000,0x000000cdea200000)]
  0x000001e6af459400 JavaThread "Unconstrained build operations Thread 41" [_thread_blocked, id=13152, stack(0x000000cdea200000,0x000000cdea300000)]
  0x000001e6ac43f480 JavaThread "Unconstrained build operations Thread 42" [_thread_blocked, id=7152, stack(0x000000cdea300000,0x000000cdea400000)]
  0x000001e6ac4417f0 JavaThread "Unconstrained build operations Thread 43" [_thread_blocked, id=10272, stack(0x000000cdea400000,0x000000cdea500000)]
  0x000001e6ac43f990 JavaThread "Unconstrained build operations Thread 44" [_thread_blocked, id=20040, stack(0x000000cdea500000,0x000000cdea600000)]
  0x000001e6ac4408c0 JavaThread "Unconstrained build operations Thread 45" [_thread_blocked, id=624, stack(0x000000cdea600000,0x000000cdea700000)]
  0x000001e6ac440dd0 JavaThread "Unconstrained build operations Thread 46" [_thread_blocked, id=6368, stack(0x000000cdea700000,0x000000cdea800000)]
  0x000001e6ac43e550 JavaThread "Unconstrained build operations Thread 47" [_thread_blocked, id=19916, stack(0x000000cdea800000,0x000000cdea900000)]
  0x000001e6ac4412e0 JavaThread "Unconstrained build operations Thread 48" [_thread_blocked, id=6572, stack(0x000000cdea900000,0x000000cdeaa00000)]
  0x000001e6ac441d00 JavaThread "Unconstrained build operations Thread 49" [_thread_blocked, id=14124, stack(0x000000cdeaa00000,0x000000cdeab00000)]
  0x000001e6ac43ea60 JavaThread "Unconstrained build operations Thread 50" [_thread_blocked, id=9344, stack(0x000000cdeab00000,0x000000cdeac00000)]
  0x000001e6ac6e7a00 JavaThread "Unconstrained build operations Thread 51" [_thread_blocked, id=13944, stack(0x000000cdeac00000,0x000000cdead00000)]
  0x000001e6ac43ef70 JavaThread "Unconstrained build operations Thread 52" [_thread_blocked, id=10848, stack(0x000000cdead00000,0x000000cdeae00000)]
  0x000001e6ac43fea0 JavaThread "Unconstrained build operations Thread 53" [_thread_blocked, id=12192, stack(0x000000cdeae00000,0x000000cdeaf00000)]
  0x000001e6ac4403b0 JavaThread "Unconstrained build operations Thread 54" [_thread_blocked, id=17668, stack(0x000000cdeaf00000,0x000000cdeb000000)]
  0x000001e6aa64e8d0 JavaThread "Unconstrained build operations Thread 55" [_thread_blocked, id=20200, stack(0x000000cdeb000000,0x000000cdeb100000)]
  0x000001e6aa64ede0 JavaThread "Unconstrained build operations Thread 56" [_thread_blocked, id=13332, stack(0x000000cdeb100000,0x000000cdeb200000)]
  0x000001e6aa64f2f0 JavaThread "Unconstrained build operations Thread 57" [_thread_blocked, id=20096, stack(0x000000cdeb200000,0x000000cdeb300000)]
  0x000001e6aa64f800 JavaThread "Unconstrained build operations Thread 58" [_thread_blocked, id=20068, stack(0x000000cdeb300000,0x000000cdeb400000)]
  0x000001e6aa7ce870 JavaThread "Unconstrained build operations Thread 59" [_thread_blocked, id=15540, stack(0x000000cdeb400000,0x000000cdeb500000)]
  0x000001e6aa7ccf20 JavaThread "Unconstrained build operations Thread 60" [_thread_blocked, id=6844, stack(0x000000cdeb500000,0x000000cdeb600000)]
  0x000001e6aa7cde50 JavaThread "Unconstrained build operations Thread 61" [_thread_blocked, id=11944, stack(0x000000cdeb600000,0x000000cdeb700000)]
  0x000001e6faf4a460 JavaThread "jar transforms Thread 6" [_thread_blocked, id=15400, stack(0x000000cdeb700000,0x000000cdeb800000)]
  0x000001e6ad982bc0 JavaThread "jar transforms Thread 7" [_thread_blocked, id=4908, stack(0x000000cdeb800000,0x000000cdeb900000)]
  0x000001e6ac1b0c10 JavaThread "jar transforms Thread 8" [_thread_blocked, id=10188, stack(0x000000cdeb900000,0x000000cdeba00000)]
  0x000001e6ab1f3330 JavaThread "C2 CompilerThread1" daemon [_thread_in_native, id=3564, stack(0x000000cde5500000,0x000000cde5600000)]
  0x000001e6ab1f6300 JavaThread "C2 CompilerThread2" daemon [_thread_in_native, id=19192, stack(0x000000cde7800000,0x000000cde7900000)]

Other Threads:
  0x000001e6faa44fd0 VMThread "VM Thread" [stack: 0x000000cde2900000,0x000000cde2a00000] [id=18996]
  0x000001e6e948ccb0 WatcherThread [stack: 0x000000cde3600000,0x000000cde3700000] [id=17972]
  0x000001e6e935ec10 GCTaskThread "GC Thread#0" [stack: 0x000000cde2400000,0x000000cde2500000] [id=9852]
  0x000001e6aa133c40 GCTaskThread "GC Thread#1" [stack: 0x000000cde3800000,0x000000cde3900000] [id=8292]
  0x000001e6aa976ad0 GCTaskThread "GC Thread#2" [stack: 0x000000cde3900000,0x000000cde3a00000] [id=20188]
  0x000001e6aa976d90 GCTaskThread "GC Thread#3" [stack: 0x000000cde3a00000,0x000000cde3b00000] [id=15660]
  0x000001e6aa977050 GCTaskThread "GC Thread#4" [stack: 0x000000cde3b00000,0x000000cde3c00000] [id=20028]
  0x000001e6aa977310 GCTaskThread "GC Thread#5" [stack: 0x000000cde3c00000,0x000000cde3d00000] [id=16508]
  0x000001e6ad6b2020 GCTaskThread "GC Thread#6" [stack: 0x000000cde3700000,0x000000cde3800000] [id=1504]
  0x000001e6ac595d40 GCTaskThread "GC Thread#7" [stack: 0x000000cde4c00000,0x000000cde4d00000] [id=7680]
  0x000001e6ac58d1d0 GCTaskThread "GC Thread#8" [stack: 0x000000cde4d00000,0x000000cde4e00000] [id=19108]
  0x000001e6ad4a47b0 GCTaskThread "GC Thread#9" [stack: 0x000000cde4e00000,0x000000cde4f00000] [id=19092]
  0x000001e6e94744d0 ConcurrentGCThread "G1 Main Marker" [stack: 0x000000cde2500000,0x000000cde2600000] [id=5620]
  0x000001e6e9475680 ConcurrentGCThread "G1 Conc#0" [stack: 0x000000cde2600000,0x000000cde2700000] [id=10844]
  0x000001e6ab4d4450 ConcurrentGCThread "G1 Conc#1" [stack: 0x000000cde4f00000,0x000000cde5000000] [id=4824]
  0x000001e6aca53390 ConcurrentGCThread "G1 Conc#2" [stack: 0x000000cde5000000,0x000000cde5100000] [id=18392]
  0x000001e6e94cea30 ConcurrentGCThread "G1 Refine#0" [stack: 0x000000cde2700000,0x000000cde2800000] [id=372]
  0x000001e6fa8fdb20 ConcurrentGCThread "G1 Service" [stack: 0x000000cde2800000,0x000000cde2900000] [id=15828]

Threads with active compile tasks:
C2 CompilerThread0    15475 9679       4       java.beans.Introspector::addMethod (196 bytes)
C2 CompilerThread1    15475 9735   !   4       org.codehaus.groovy.reflection.stdclasses.CachedSAMClass::hasUsableImplementation (72 bytes)
C2 CompilerThread2    15475 9690       4       java.lang.Class::getMethod (59 bytes)

VM state: not at safepoint (normal execution)

VM Mutex/Monitor currently owned by a thread: None

Heap address: 0x0000000080000000, size: 2048 MB, Compressed Oops mode: 32-bit

CDS archive(s) mapped at: [0x000001e68f000000-0x000001e68fbd0000-0x000001e68fbd0000), size 12386304, SharedBaseAddress: 0x000001e68f000000, ArchiveRelocationMode: 1.
Compressed class space mapped at: 0x000001e690000000-0x000001e6aa000000, reserved size: 436207616
Narrow klass base: 0x000001e68f000000, Narrow klass shift: 0, Narrow klass range: 0x100000000

GC Precious Log:
 CPUs: 12 total, 12 available
 Memory: 16295M
 Large Page Support: Disabled
 NUMA Support: Disabled
 Compressed Oops: Enabled (32-bit)
 Heap Region Size: 1M
 Heap Min Capacity: 8M
 Heap Initial Capacity: 256M
 Heap Max Capacity: 2G
 Pre-touch: Disabled
 Parallel Workers: 10
 Concurrent Workers: 3
 Concurrent Refinement Workers: 10
 Periodic GC: Disabled

Heap:
 garbage-first heap   total 163840K, used 113746K [0x0000000080000000, 0x0000000100000000)
  region size 1024K, 24 young (24576K), 5 survivors (5120K)
 Metaspace       used 78642K, committed 79296K, reserved 557056K
  class space    used 10962K, committed 11264K, reserved 425984K

Heap Regions: E=young(eden), S=young(survivor), O=old, HS=humongous(starts), HC=humongous(continues), CS=collection set, F=free, OA=open archive, CA=closed archive, TAMS=top-at-mark-start (previous, next)
|   0|0x0000000080000000, 0x0000000080100000, 0x0000000080100000|100%|HS|  |TAMS 0x0000000080100000, 0x0000000080000000| Complete 
|   1|0x0000000080100000, 0x0000000080200000, 0x0000000080200000|100%|HC|  |TAMS 0x0000000080200000, 0x0000000080100000| Complete 
|   2|0x0000000080200000, 0x0000000080300000, 0x0000000080300000|100%|HC|  |TAMS 0x0000000080300000, 0x0000000080200000| Complete 
|   3|0x0000000080300000, 0x0000000080400000, 0x0000000080400000|100%|HC|  |TAMS 0x0000000080400000, 0x0000000080300000| Complete 
|   4|0x0000000080400000, 0x0000000080500000, 0x0000000080500000|100%| O|  |TAMS 0x0000000080500000, 0x0000000080400000| Untracked 
|   5|0x0000000080500000, 0x0000000080600000, 0x0000000080600000|100%| O|  |TAMS 0x0000000080600000, 0x0000000080500000| Untracked 
|   6|0x0000000080600000, 0x0000000080700000, 0x0000000080700000|100%| O|  |TAMS 0x0000000080700000, 0x0000000080600000| Untracked 
|   7|0x0000000080700000, 0x0000000080800000, 0x0000000080800000|100%| O|  |TAMS 0x0000000080800000, 0x0000000080700000| Untracked 
|   8|0x0000000080800000, 0x0000000080900000, 0x0000000080900000|100%| O|  |TAMS 0x0000000080900000, 0x0000000080800000| Untracked 
|   9|0x0000000080900000, 0x0000000080a00000, 0x0000000080a00000|100%| O|  |TAMS 0x0000000080a00000, 0x0000000080900000| Untracked 
|  10|0x0000000080a00000, 0x0000000080b00000, 0x0000000080b00000|100%| O|  |TAMS 0x0000000080b00000, 0x0000000080a00000| Untracked 
|  11|0x0000000080b00000, 0x0000000080c00000, 0x0000000080c00000|100%| O|  |TAMS 0x0000000080c00000, 0x0000000080b00000| Untracked 
|  12|0x0000000080c00000, 0x0000000080d00000, 0x0000000080d00000|100%| O|  |TAMS 0x0000000080d00000, 0x0000000080c00000| Untracked 
|  13|0x0000000080d00000, 0x0000000080e00000, 0x0000000080e00000|100%| O|  |TAMS 0x0000000080e00000, 0x0000000080d00000| Untracked 
|  14|0x0000000080e00000, 0x0000000080f00000, 0x0000000080f00000|100%| O|  |TAMS 0x0000000080f00000, 0x0000000080e00000| Untracked 
|  15|0x0000000080f00000, 0x0000000081000000, 0x0000000081000000|100%| O|  |TAMS 0x0000000081000000, 0x0000000080f00000| Untracked 
|  16|0x0000000081000000, 0x0000000081100000, 0x0000000081100000|100%| O|  |TAMS 0x0000000081100000, 0x0000000081000000| Untracked 
|  17|0x0000000081100000, 0x0000000081200000, 0x0000000081200000|100%| O|  |TAMS 0x0000000081200000, 0x0000000081100000| Untracked 
|  18|0x0000000081200000, 0x0000000081300000, 0x0000000081300000|100%| O|  |TAMS 0x0000000081300000, 0x0000000081200000| Untracked 
|  19|0x0000000081300000, 0x0000000081400000, 0x0000000081400000|100%| O|  |TAMS 0x0000000081400000, 0x0000000081300000| Untracked 
|  20|0x0000000081400000, 0x0000000081500000, 0x0000000081500000|100%| O|  |TAMS 0x0000000081500000, 0x0000000081400000| Untracked 
|  21|0x0000000081500000, 0x0000000081600000, 0x0000000081600000|100%| O|  |TAMS 0x0000000081600000, 0x0000000081500000| Untracked 
|  22|0x0000000081600000, 0x0000000081700000, 0x0000000081700000|100%| O|  |TAMS 0x0000000081700000, 0x0000000081600000| Untracked 
|  23|0x0000000081700000, 0x0000000081800000, 0x0000000081800000|100%| O|  |TAMS 0x0000000081800000, 0x0000000081700000| Untracked 
|  24|0x0000000081800000, 0x0000000081900000, 0x0000000081900000|100%| O|  |TAMS 0x0000000081900000, 0x0000000081800000| Untracked 
|  25|0x0000000081900000, 0x0000000081a00000, 0x0000000081a00000|100%| O|  |TAMS 0x0000000081a00000, 0x0000000081900000| Untracked 
|  26|0x0000000081a00000, 0x0000000081b00000, 0x0000000081b00000|100%|HS|  |TAMS 0x0000000081a00000, 0x0000000081a00000| Complete 
|  27|0x0000000081b00000, 0x0000000081c00000, 0x0000000081c00000|100%| O|  |TAMS 0x0000000081c00000, 0x0000000081b00000| Untracked 
|  28|0x0000000081c00000, 0x0000000081d00000, 0x0000000081d00000|100%| O|  |TAMS 0x0000000081d00000, 0x0000000081c00000| Untracked 
|  29|0x0000000081d00000, 0x0000000081e00000, 0x0000000081e00000|100%| O|  |TAMS 0x0000000081e00000, 0x0000000081d00000| Untracked 
|  30|0x0000000081e00000, 0x0000000081f00000, 0x0000000081f00000|100%| O|  |TAMS 0x0000000081f00000, 0x0000000081e00000| Untracked 
|  31|0x0000000081f00000, 0x0000000082000000, 0x0000000082000000|100%| O|  |TAMS 0x0000000082000000, 0x0000000081f00000| Untracked 
|  32|0x0000000082000000, 0x0000000082100000, 0x0000000082100000|100%| O|  |TAMS 0x0000000082100000, 0x0000000082000000| Untracked 
|  33|0x0000000082100000, 0x0000000082200000, 0x0000000082200000|100%| O|  |TAMS 0x0000000082200000, 0x0000000082100000| Untracked 
|  34|0x0000000082200000, 0x0000000082300000, 0x0000000082300000|100%| O|  |TAMS 0x0000000082300000, 0x0000000082200000| Untracked 
|  35|0x0000000082300000, 0x0000000082400000, 0x0000000082400000|100%| O|  |TAMS 0x0000000082400000, 0x0000000082300000| Untracked 
|  36|0x0000000082400000, 0x0000000082500000, 0x0000000082500000|100%|HS|  |TAMS 0x0000000082500000, 0x0000000082400000| Complete 
|  37|0x0000000082500000, 0x0000000082600000, 0x0000000082600000|100%|HC|  |TAMS 0x0000000082600000, 0x0000000082500000| Complete 
|  38|0x0000000082600000, 0x0000000082700000, 0x0000000082700000|100%|HS|  |TAMS 0x0000000082700000, 0x0000000082600000| Complete 
|  39|0x0000000082700000, 0x0000000082800000, 0x0000000082800000|100%|HC|  |TAMS 0x0000000082800000, 0x0000000082700000| Complete 
|  40|0x0000000082800000, 0x0000000082900000, 0x0000000082900000|100%|HS|  |TAMS 0x0000000082900000, 0x0000000082800000| Complete 
|  41|0x0000000082900000, 0x0000000082a00000, 0x0000000082a00000|100%|HC|  |TAMS 0x0000000082a00000, 0x0000000082900000| Complete 
|  42|0x0000000082a00000, 0x0000000082b00000, 0x0000000082b00000|100%|HC|  |TAMS 0x0000000082b00000, 0x0000000082a00000| Complete 
|  43|0x0000000082b00000, 0x0000000082c00000, 0x0000000082c00000|100%|HC|  |TAMS 0x0000000082c00000, 0x0000000082b00000| Complete 
|  44|0x0000000082c00000, 0x0000000082d00000, 0x0000000082d00000|100%|HS|  |TAMS 0x0000000082d00000, 0x0000000082c00000| Complete 
|  45|0x0000000082d00000, 0x0000000082e00000, 0x0000000082e00000|100%|HC|  |TAMS 0x0000000082e00000, 0x0000000082d00000| Complete 
|  46|0x0000000082e00000, 0x0000000082f00000, 0x0000000082f00000|100%|HC|  |TAMS 0x0000000082f00000, 0x0000000082e00000| Complete 
|  47|0x0000000082f00000, 0x0000000083000000, 0x0000000083000000|100%|HC|  |TAMS 0x0000000083000000, 0x0000000082f00000| Complete 
|  48|0x0000000083000000, 0x0000000083100000, 0x0000000083100000|100%| O|  |TAMS 0x0000000083100000, 0x0000000083000000| Untracked 
|  49|0x0000000083100000, 0x0000000083200000, 0x0000000083200000|100%| O|  |TAMS 0x0000000083200000, 0x0000000083100000| Untracked 
|  50|0x0000000083200000, 0x0000000083300000, 0x0000000083300000|100%| O|  |TAMS 0x0000000083300000, 0x0000000083200000| Untracked 
|  51|0x0000000083300000, 0x0000000083400000, 0x0000000083400000|100%| O|  |TAMS 0x0000000083400000, 0x0000000083300000| Untracked 
|  52|0x0000000083400000, 0x0000000083500000, 0x0000000083500000|100%| O|  |TAMS 0x0000000083500000, 0x0000000083400000| Untracked 
|  53|0x0000000083500000, 0x0000000083600000, 0x0000000083600000|100%| O|  |TAMS 0x0000000083600000, 0x0000000083500000| Untracked 
|  54|0x0000000083600000, 0x0000000083700000, 0x0000000083700000|100%| O|  |TAMS 0x00000000836f8800, 0x0000000083600000| Untracked 
|  55|0x0000000083700000, 0x0000000083800000, 0x0000000083800000|100%| O|  |TAMS 0x0000000083700000, 0x0000000083700000| Untracked 
|  56|0x0000000083800000, 0x0000000083900000, 0x0000000083900000|100%| O|  |TAMS 0x0000000083800000, 0x0000000083800000| Untracked 
|  57|0x0000000083900000, 0x0000000083a00000, 0x0000000083a00000|100%| O|  |TAMS 0x0000000083900000, 0x0000000083900000| Untracked 
|  58|0x0000000083a00000, 0x0000000083b00000, 0x0000000083b00000|100%| O|  |TAMS 0x0000000083a00000, 0x0000000083a00000| Untracked 
|  59|0x0000000083b00000, 0x0000000083c00000, 0x0000000083c00000|100%| O|  |TAMS 0x0000000083b00000, 0x0000000083b00000| Untracked 
|  60|0x0000000083c00000, 0x0000000083d00000, 0x0000000083d00000|100%| O|  |TAMS 0x0000000083c00000, 0x0000000083c00000| Untracked 
|  61|0x0000000083d00000, 0x0000000083e00000, 0x0000000083e00000|100%| O|  |TAMS 0x0000000083d00000, 0x0000000083d00000| Untracked 
|  62|0x0000000083e00000, 0x0000000083f00000, 0x0000000083f00000|100%| O|  |TAMS 0x0000000083e00000, 0x0000000083e00000| Untracked 
|  63|0x0000000083f00000, 0x0000000084000000, 0x0000000084000000|100%| O|  |TAMS 0x0000000083f00000, 0x0000000083f00000| Untracked 
|  64|0x0000000084000000, 0x0000000084100000, 0x0000000084100000|100%| O|  |TAMS 0x0000000084000000, 0x0000000084000000| Untracked 
|  65|0x0000000084100000, 0x0000000084200000, 0x0000000084200000|100%| O|  |TAMS 0x0000000084100000, 0x0000000084100000| Untracked 
|  66|0x0000000084200000, 0x0000000084300000, 0x0000000084300000|100%| O|  |TAMS 0x0000000084200000, 0x0000000084200000| Untracked 
|  67|0x0000000084300000, 0x0000000084400000, 0x0000000084400000|100%|HS|  |TAMS 0x0000000084300000, 0x0000000084300000| Complete 
|  68|0x0000000084400000, 0x0000000084500000, 0x0000000084500000|100%|HS|  |TAMS 0x0000000084400000, 0x0000000084400000| Complete 
|  69|0x0000000084500000, 0x0000000084600000, 0x0000000084600000|100%| O|  |TAMS 0x0000000084500000, 0x0000000084500000| Untracked 
|  70|0x0000000084600000, 0x0000000084700000, 0x0000000084700000|100%|HS|  |TAMS 0x0000000084600000, 0x0000000084600000| Complete 
|  71|0x0000000084700000, 0x0000000084800000, 0x0000000084800000|100%|HS|  |TAMS 0x0000000084700000, 0x0000000084700000| Complete 
|  72|0x0000000084800000, 0x0000000084900000, 0x0000000084900000|100%| O|  |TAMS 0x0000000084800000, 0x0000000084800000| Untracked 
|  73|0x0000000084900000, 0x0000000084a00000, 0x0000000084a00000|100%| O|  |TAMS 0x0000000084900000, 0x0000000084900000| Untracked 
|  74|0x0000000084a00000, 0x0000000084b00000, 0x0000000084b00000|100%| O|  |TAMS 0x0000000084a00000, 0x0000000084a00000| Untracked 
|  75|0x0000000084b00000, 0x0000000084c00000, 0x0000000084c00000|100%| O|  |TAMS 0x0000000084b00000, 0x0000000084b00000| Untracked 
|  76|0x0000000084c00000, 0x0000000084d00000, 0x0000000084d00000|100%| O|  |TAMS 0x0000000084c00000, 0x0000000084c00000| Untracked 
|  77|0x0000000084d00000, 0x0000000084e00000, 0x0000000084e00000|100%| O|  |TAMS 0x0000000084d00000, 0x0000000084d00000| Untracked 
|  78|0x0000000084e00000, 0x0000000084f00000, 0x0000000084f00000|100%| O|  |TAMS 0x0000000084e00000, 0x0000000084e00000| Untracked 
|  79|0x0000000084f00000, 0x0000000085000000, 0x0000000085000000|100%| O|  |TAMS 0x0000000084f00000, 0x0000000084f00000| Untracked 
|  80|0x0000000085000000, 0x0000000085049200, 0x0000000085100000| 28%| O|  |TAMS 0x0000000085000000, 0x0000000085000000| Untracked 
|  81|0x0000000085100000, 0x0000000085100000, 0x0000000085200000|  0%| F|  |TAMS 0x0000000085100000, 0x0000000085100000| Untracked 
|  82|0x0000000085200000, 0x0000000085300000, 0x0000000085300000|100%| O|  |TAMS 0x0000000085200000, 0x0000000085200000| Untracked 
|  83|0x0000000085300000, 0x0000000085400000, 0x0000000085400000|100%| O|  |TAMS 0x0000000085300000, 0x0000000085300000| Untracked 
|  84|0x0000000085400000, 0x0000000085500000, 0x0000000085500000|100%| O|  |TAMS 0x0000000085400000, 0x0000000085400000| Untracked 
|  85|0x0000000085500000, 0x0000000085600000, 0x0000000085600000|100%| O|  |TAMS 0x0000000085500000, 0x0000000085500000| Untracked 
|  86|0x0000000085600000, 0x0000000085700000, 0x0000000085700000|100%| O|  |TAMS 0x0000000085600000, 0x0000000085600000| Untracked 
|  87|0x0000000085700000, 0x0000000085800000, 0x0000000085800000|100%| O|  |TAMS 0x0000000085700000, 0x0000000085700000| Untracked 
|  88|0x0000000085800000, 0x0000000085900000, 0x0000000085900000|100%| O|  |TAMS 0x0000000085800000, 0x0000000085800000| Untracked 
|  89|0x0000000085900000, 0x0000000085900000, 0x0000000085a00000|  0%| F|  |TAMS 0x0000000085900000, 0x0000000085900000| Untracked 
|  90|0x0000000085a00000, 0x0000000085b00000, 0x0000000085b00000|100%| O|  |TAMS 0x0000000085a00000, 0x0000000085a00000| Untracked 
|  91|0x0000000085b00000, 0x0000000085b00000, 0x0000000085c00000|  0%| F|  |TAMS 0x0000000085b00000, 0x0000000085b00000| Untracked 
|  92|0x0000000085c00000, 0x0000000085c00000, 0x0000000085d00000|  0%| F|  |TAMS 0x0000000085c00000, 0x0000000085c00000| Untracked 
|  93|0x0000000085d00000, 0x0000000085d00000, 0x0000000085e00000|  0%| F|  |TAMS 0x0000000085d00000, 0x0000000085d00000| Untracked 
|  94|0x0000000085e00000, 0x0000000085e00000, 0x0000000085f00000|  0%| F|  |TAMS 0x0000000085e00000, 0x0000000085e00000| Untracked 
|  95|0x0000000085f00000, 0x0000000085f00000, 0x0000000086000000|  0%| F|  |TAMS 0x0000000085f00000, 0x0000000085f00000| Untracked 
|  96|0x0000000086000000, 0x0000000086000000, 0x0000000086100000|  0%| F|  |TAMS 0x0000000086000000, 0x0000000086000000| Untracked 
|  97|0x0000000086100000, 0x0000000086100000, 0x0000000086200000|  0%| F|  |TAMS 0x0000000086100000, 0x0000000086100000| Untracked 
|  98|0x0000000086200000, 0x0000000086200000, 0x0000000086300000|  0%| F|  |TAMS 0x0000000086200000, 0x0000000086200000| Untracked 
|  99|0x0000000086300000, 0x0000000086300000, 0x0000000086400000|  0%| F|  |TAMS 0x0000000086300000, 0x0000000086300000| Untracked 
| 100|0x0000000086400000, 0x0000000086400000, 0x0000000086500000|  0%| F|  |TAMS 0x0000000086400000, 0x0000000086400000| Untracked 
| 101|0x0000000086500000, 0x0000000086500000, 0x0000000086600000|  0%| F|  |TAMS 0x0000000086500000, 0x0000000086500000| Untracked 
| 102|0x0000000086600000, 0x0000000086600000, 0x0000000086700000|  0%| F|  |TAMS 0x0000000086600000, 0x0000000086600000| Untracked 
| 103|0x0000000086700000, 0x0000000086700000, 0x0000000086800000|  0%| F|  |TAMS 0x0000000086700000, 0x0000000086700000| Untracked 
| 104|0x0000000086800000, 0x0000000086800000, 0x0000000086900000|  0%| F|  |TAMS 0x0000000086800000, 0x0000000086800000| Untracked 
| 105|0x0000000086900000, 0x0000000086900000, 0x0000000086a00000|  0%| F|  |TAMS 0x0000000086900000, 0x0000000086900000| Untracked 
| 106|0x0000000086a00000, 0x0000000086a00000, 0x0000000086b00000|  0%| F|  |TAMS 0x0000000086a00000, 0x0000000086a00000| Untracked 
| 107|0x0000000086b00000, 0x0000000086b00000, 0x0000000086c00000|  0%| F|  |TAMS 0x0000000086b00000, 0x0000000086b00000| Untracked 
| 108|0x0000000086c00000, 0x0000000086c00000, 0x0000000086d00000|  0%| F|  |TAMS 0x0000000086c00000, 0x0000000086c00000| Untracked 
| 109|0x0000000086d00000, 0x0000000086d00000, 0x0000000086e00000|  0%| F|  |TAMS 0x0000000086d00000, 0x0000000086d00000| Untracked 
| 110|0x0000000086e00000, 0x0000000086ecb670, 0x0000000086f00000| 79%| S|CS|TAMS 0x0000000086e00000, 0x0000000086e00000| Complete 
| 111|0x0000000086f00000, 0x0000000087000000, 0x0000000087000000|100%| S|CS|TAMS 0x0000000086f00000, 0x0000000086f00000| Complete 
| 112|0x0000000087000000, 0x0000000087100000, 0x0000000087100000|100%| S|CS|TAMS 0x0000000087000000, 0x0000000087000000| Complete 
| 113|0x0000000087100000, 0x0000000087200000, 0x0000000087200000|100%| S|CS|TAMS 0x0000000087100000, 0x0000000087100000| Complete 
| 114|0x0000000087200000, 0x0000000087200000, 0x0000000087300000|  0%| F|  |TAMS 0x0000000087200000, 0x0000000087200000| Untracked 
| 115|0x0000000087300000, 0x0000000087300000, 0x0000000087400000|  0%| F|  |TAMS 0x0000000087300000, 0x0000000087300000| Untracked 
| 116|0x0000000087400000, 0x0000000087400000, 0x0000000087500000|  0%| F|  |TAMS 0x0000000087400000, 0x0000000087400000| Untracked 
| 117|0x0000000087500000, 0x0000000087600000, 0x0000000087600000|100%| S|CS|TAMS 0x0000000087500000, 0x0000000087500000| Complete 
| 118|0x0000000087600000, 0x0000000087600000, 0x0000000087700000|  0%| F|  |TAMS 0x0000000087600000, 0x0000000087600000| Untracked 
| 119|0x0000000087700000, 0x0000000087700000, 0x0000000087800000|  0%| F|  |TAMS 0x0000000087700000, 0x0000000087700000| Untracked 
| 120|0x0000000087800000, 0x0000000087800000, 0x0000000087900000|  0%| F|  |TAMS 0x0000000087800000, 0x0000000087800000| Untracked 
| 121|0x0000000087900000, 0x0000000087900000, 0x0000000087a00000|  0%| F|  |TAMS 0x0000000087900000, 0x0000000087900000| Untracked 
| 122|0x0000000087a00000, 0x0000000087a00000, 0x0000000087b00000|  0%| F|  |TAMS 0x0000000087a00000, 0x0000000087a00000| Untracked 
| 123|0x0000000087b00000, 0x0000000087b00000, 0x0000000087c00000|  0%| F|  |TAMS 0x0000000087b00000, 0x0000000087b00000| Untracked 
| 124|0x0000000087c00000, 0x0000000087c00000, 0x0000000087d00000|  0%| F|  |TAMS 0x0000000087c00000, 0x0000000087c00000| Untracked 
| 125|0x0000000087d00000, 0x0000000087d00000, 0x0000000087e00000|  0%| F|  |TAMS 0x0000000087d00000, 0x0000000087d00000| Untracked 
| 126|0x0000000087e00000, 0x0000000087e00000, 0x0000000087f00000|  0%| F|  |TAMS 0x0000000087e00000, 0x0000000087e00000| Untracked 
| 127|0x0000000087f00000, 0x0000000087f00000, 0x0000000088000000|  0%| F|  |TAMS 0x0000000087f00000, 0x0000000087f00000| Untracked 
| 128|0x0000000088000000, 0x0000000088000000, 0x0000000088100000|  0%| F|  |TAMS 0x0000000088000000, 0x0000000088000000| Untracked 
| 129|0x0000000088100000, 0x0000000088100000, 0x0000000088200000|  0%| F|  |TAMS 0x0000000088100000, 0x0000000088100000| Untracked 
| 130|0x0000000088200000, 0x0000000088200000, 0x0000000088300000|  0%| F|  |TAMS 0x0000000088200000, 0x0000000088200000| Untracked 
| 131|0x0000000088300000, 0x0000000088300000, 0x0000000088400000|  0%| F|  |TAMS 0x0000000088300000, 0x0000000088300000| Untracked 
| 132|0x0000000088400000, 0x0000000088400000, 0x0000000088500000|  0%| F|  |TAMS 0x0000000088400000, 0x0000000088400000| Untracked 
| 133|0x0000000088500000, 0x0000000088500000, 0x0000000088600000|  0%| F|  |TAMS 0x0000000088500000, 0x0000000088500000| Untracked 
| 134|0x0000000088600000, 0x0000000088600000, 0x0000000088700000|  0%| F|  |TAMS 0x0000000088600000, 0x0000000088600000| Untracked 
| 135|0x0000000088700000, 0x0000000088700000, 0x0000000088800000|  0%| F|  |TAMS 0x0000000088700000, 0x0000000088700000| Untracked 
| 136|0x0000000088800000, 0x0000000088800000, 0x0000000088900000|  0%| F|  |TAMS 0x0000000088800000, 0x0000000088800000| Untracked 
| 137|0x0000000088900000, 0x0000000088900000, 0x0000000088a00000|  0%| F|  |TAMS 0x0000000088900000, 0x0000000088900000| Untracked 
| 138|0x0000000088a00000, 0x0000000088a00000, 0x0000000088b00000|  0%| F|  |TAMS 0x0000000088a00000, 0x0000000088a00000| Untracked 
| 139|0x0000000088b00000, 0x0000000088b00000, 0x0000000088c00000|  0%| F|  |TAMS 0x0000000088b00000, 0x0000000088b00000| Untracked 
| 140|0x0000000088c00000, 0x0000000088c00000, 0x0000000088d00000|  0%| F|  |TAMS 0x0000000088c00000, 0x0000000088c00000| Untracked 
| 141|0x0000000088d00000, 0x0000000088d80800, 0x0000000088e00000| 50%| E|  |TAMS 0x0000000088d00000, 0x0000000088d00000| Complete 
| 142|0x0000000088e00000, 0x0000000088f00000, 0x0000000088f00000|100%| E|CS|TAMS 0x0000000088e00000, 0x0000000088e00000| Complete 
| 143|0x0000000088f00000, 0x0000000089000000, 0x0000000089000000|100%| E|CS|TAMS 0x0000000088f00000, 0x0000000088f00000| Complete 
| 144|0x0000000089000000, 0x0000000089100000, 0x0000000089100000|100%| E|CS|TAMS 0x0000000089000000, 0x0000000089000000| Complete 
| 145|0x0000000089100000, 0x0000000089200000, 0x0000000089200000|100%| E|CS|TAMS 0x0000000089100000, 0x0000000089100000| Complete 
| 146|0x0000000089200000, 0x0000000089300000, 0x0000000089300000|100%| E|CS|TAMS 0x0000000089200000, 0x0000000089200000| Complete 
| 147|0x0000000089300000, 0x0000000089400000, 0x0000000089400000|100%| E|CS|TAMS 0x0000000089300000, 0x0000000089300000| Complete 
| 148|0x0000000089400000, 0x0000000089500000, 0x0000000089500000|100%| E|CS|TAMS 0x0000000089400000, 0x0000000089400000| Complete 
| 149|0x0000000089500000, 0x0000000089600000, 0x0000000089600000|100%| E|CS|TAMS 0x0000000089500000, 0x0000000089500000| Complete 
| 150|0x0000000089600000, 0x0000000089700000, 0x0000000089700000|100%| E|CS|TAMS 0x0000000089600000, 0x0000000089600000| Complete 
| 151|0x0000000089700000, 0x0000000089800000, 0x0000000089800000|100%| E|CS|TAMS 0x0000000089700000, 0x0000000089700000| Complete 
| 152|0x0000000089800000, 0x0000000089900000, 0x0000000089900000|100%| E|CS|TAMS 0x0000000089800000, 0x0000000089800000| Complete 
| 153|0x0000000089900000, 0x0000000089a00000, 0x0000000089a00000|100%| E|CS|TAMS 0x0000000089900000, 0x0000000089900000| Complete 
| 154|0x0000000089a00000, 0x0000000089b00000, 0x0000000089b00000|100%| E|CS|TAMS 0x0000000089a00000, 0x0000000089a00000| Complete 
| 155|0x0000000089b00000, 0x0000000089c00000, 0x0000000089c00000|100%| E|CS|TAMS 0x0000000089b00000, 0x0000000089b00000| Complete 
| 156|0x0000000089c00000, 0x0000000089d00000, 0x0000000089d00000|100%| E|CS|TAMS 0x0000000089c00000, 0x0000000089c00000| Complete 
| 157|0x0000000089d00000, 0x0000000089e00000, 0x0000000089e00000|100%| E|CS|TAMS 0x0000000089d00000, 0x0000000089d00000| Complete 
| 254|0x000000008fe00000, 0x000000008ff00000, 0x000000008ff00000|100%| E|CS|TAMS 0x000000008fe00000, 0x000000008fe00000| Complete 
| 255|0x000000008ff00000, 0x0000000090000000, 0x0000000090000000|100%| E|CS|TAMS 0x000000008ff00000, 0x000000008ff00000| Complete 

Card table byte_map: [0x000001e6f3540000,0x000001e6f3940000] _byte_map_base: 0x000001e6f3140000

Marking Bits (Prev, Next): (CMBitMap*) 0x000001e6e9461bc0, (CMBitMap*) 0x000001e6e9461b80
 Prev Bits: [0x000001e6f5d40000, 0x000001e6f7d40000)
 Next Bits: [0x000001e6f3d40000, 0x000001e6f5d40000)

Polling page: 0x000001e6e9250000

Metaspace:

Usage:
  Non-class:     66.09 MB used.
      Class:     10.71 MB used.
       Both:     76.80 MB used.

Virtual space:
  Non-class space:      128.00 MB reserved,      66.44 MB ( 52%) committed,  2 nodes.
      Class space:      416.00 MB reserved,      11.00 MB (  3%) committed,  1 nodes.
             Both:      544.00 MB reserved,      77.44 MB ( 14%) committed. 

Chunk freelists:
   Non-Class:  13.45 MB
       Class:  5.01 MB
        Both:  18.46 MB

MaxMetaspaceSize: 512.00 MB
CompressedClassSpaceSize: 416.00 MB
Initial GC threshold: 21.00 MB
Current GC threshold: 98.12 MB
CDS: on
MetaspaceReclaimPolicy: balanced
 - commit_granule_bytes: 65536.
 - commit_granule_words: 8192.
 - virtual_space_node_default_size: 8388608.
 - enlarge_chunks_in_place: 1.
 - new_chunks_are_fully_committed: 0.
 - uncommit_free_chunks: 1.
 - use_allocation_guard: 0.
 - handle_deallocations: 1.


Internal statistics:

num_allocs_failed_limit: 9.
num_arena_births: 902.
num_arena_deaths: 0.
num_vsnodes_births: 3.
num_vsnodes_deaths: 0.
num_space_committed: 1239.
num_space_uncommitted: 0.
num_chunks_returned_to_freelist: 9.
num_chunks_taken_from_freelist: 4165.
num_chunk_merges: 9.
num_chunk_splits: 2766.
num_chunks_enlarged: 1859.
num_inconsistent_stats: 0.

CodeHeap 'non-profiled nmethods': size=120000Kb used=5137Kb max_used=5488Kb free=114862Kb
 bounds [0x000001e687ad0000, 0x000001e688030000, 0x000001e68f000000]
CodeHeap 'profiled nmethods': size=120000Kb used=15391Kb max_used=16572Kb free=104608Kb
 bounds [0x000001e680000000, 0x000001e681030000, 0x000001e687530000]
CodeHeap 'non-nmethods': size=5760Kb used=2372Kb max_used=2481Kb free=3387Kb
 bounds [0x000001e687530000, 0x000001e6877b0000, 0x000001e687ad0000]
 total_blobs=9154 nmethods=8256 adapters=810
 compilation: enabled
              stopped_count=0, restarted_count=0
 full_count=0

Compilation events (20 events):
Event: 15.405 Thread 0x000001e6faa6cca0 9730       3       org.gradle.internal.metaobject.DynamicInvokeResult::isFound (16 bytes)
Event: 15.405 Thread 0x000001e6faa6cca0 nmethod 9730 0x000001e6802be090 code [0x000001e6802be220, 0x000001e6802be398]
Event: 15.406 Thread 0x000001e6faa6cca0 9731       3       org.codehaus.groovy.reflection.CachedClass$3::initValue (5 bytes)
Event: 15.406 Thread 0x000001e6faa6cca0 nmethod 9731 0x000001e6802be810 code [0x000001e6802be9c0, 0x000001e6802beb08]
Event: 15.406 Thread 0x000001e6faa6cca0 9732       3       org.codehaus.groovy.reflection.CachedClass$3$$Lambda$425/0x000001e6903e0920::run (8 bytes)
Event: 15.406 Thread 0x000001e6faa6cca0 nmethod 9732 0x000001e680c16710 code [0x000001e680c168c0, 0x000001e680c16a08]
Event: 15.406 Thread 0x000001e6faa6cca0 9733       3       org.codehaus.groovy.reflection.CachedClass$3$$Lambda$428/0x000001e6903e2588::<init> (10 bytes)
Event: 15.407 Thread 0x000001e6faa6cca0 nmethod 9733 0x000001e680465310 code [0x000001e6804654a0, 0x000001e680465658]
Event: 15.412 Thread 0x000001e6ab1f3330 nmethod 9686 0x000001e687d89810 code [0x000001e687d89ce0, 0x000001e687d8cc40]
Event: 15.412 Thread 0x000001e6ab1f3330 9697       4       java.lang.Class::getMethod0 (31 bytes)
Event: 15.414 Thread 0x000001e6ab1f3330 nmethod 9697 0x000001e687cc5b10 code [0x000001e687cc5ca0, 0x000001e687cc5ea8]
Event: 15.414 Thread 0x000001e6ab1f3330 9691       4       java.util.stream.Sink$ChainedReference::begin (11 bytes)
Event: 15.415 Thread 0x000001e6ab1f3330 nmethod 9691 0x000001e687d75e10 code [0x000001e687d75f80, 0x000001e687d76018]
Event: 15.415 Thread 0x000001e6ab1f3330 9696       4       java.util.stream.ReferencePipeline$3::opWrapSink (10 bytes)
Event: 15.416 Thread 0x000001e6ab1f3330 nmethod 9696 0x000001e687d75990 code [0x000001e687d75b20, 0x000001e687d75cf8]
Event: 15.416 Thread 0x000001e6ab1f3330 9689       4       java.util.stream.ReferencePipeline::map (26 bytes)
Event: 15.420 Thread 0x000001e6ab1f3330 nmethod 9689 0x000001e687e49c90 code [0x000001e687e49e20, 0x000001e687e4a238]
Event: 15.420 Thread 0x000001e6ab1f3330 9734       4       java.lang.Class::getMethod0 (31 bytes)
Event: 15.424 Thread 0x000001e6ab1f3330 nmethod 9734 0x000001e687d75310 code [0x000001e687d754a0, 0x000001e687d75748]
Event: 15.424 Thread 0x000001e6ab1f3330 9735   !   4       org.codehaus.groovy.reflection.stdclasses.CachedSAMClass::hasUsableImplementation (72 bytes)

GC Heap History (20 events):
Event: 10.673 GC heap before
{Heap before GC invocations=13 (full 0):
 garbage-first heap   total 163840K, used 133766K [0x0000000080000000, 0x0000000100000000)
  region size 1024K, 88 young (90112K), 2 survivors (2048K)
 Metaspace       used 50188K, committed 50816K, reserved 491520K
  class space    used 7056K, committed 7360K, reserved 425984K
}
Event: 10.679 GC heap after
{Heap after GC invocations=14 (full 0):
 garbage-first heap   total 163840K, used 52360K [0x0000000080000000, 0x0000000100000000)
  region size 1024K, 10 young (10240K), 10 survivors (10240K)
 Metaspace       used 50188K, committed 50816K, reserved 491520K
  class space    used 7056K, committed 7360K, reserved 425984K
}
Event: 11.605 GC heap before
{Heap before GC invocations=14 (full 0):
 garbage-first heap   total 163840K, used 130184K [0x0000000080000000, 0x0000000100000000)
  region size 1024K, 82 young (83968K), 10 survivors (10240K)
 Metaspace       used 55958K, committed 56640K, reserved 491520K
  class space    used 7918K, committed 8256K, reserved 425984K
}
Event: 11.612 GC heap after
{Heap after GC invocations=15 (full 0):
 garbage-first heap   total 163840K, used 59762K [0x0000000080000000, 0x0000000100000000)
  region size 1024K, 4 young (4096K), 4 survivors (4096K)
 Metaspace       used 55958K, committed 56640K, reserved 491520K
  class space    used 7918K, committed 8256K, reserved 425984K
}
Event: 11.868 GC heap before
{Heap before GC invocations=15 (full 0):
 garbage-first heap   total 163840K, used 89458K [0x0000000080000000, 0x0000000100000000)
  region size 1024K, 34 young (34816K), 4 survivors (4096K)
 Metaspace       used 59435K, committed 60096K, reserved 491520K
  class space    used 8375K, committed 8704K, reserved 425984K
}
Event: 11.871 GC heap after
{Heap after GC invocations=16 (full 0):
 garbage-first heap   total 163840K, used 60606K [0x0000000080000000, 0x0000000100000000)
  region size 1024K, 5 young (5120K), 5 survivors (5120K)
 Metaspace       used 59435K, committed 60096K, reserved 491520K
  class space    used 8375K, committed 8704K, reserved 425984K
}
Event: 12.618 GC heap before
{Heap before GC invocations=17 (full 0):
 garbage-first heap   total 163840K, used 131262K [0x0000000080000000, 0x0000000100000000)
  region size 1024K, 75 young (76800K), 5 survivors (5120K)
 Metaspace       used 63313K, committed 64000K, reserved 491520K
  class space    used 8941K, committed 9280K, reserved 425984K
}
Event: 12.626 GC heap after
{Heap after GC invocations=18 (full 0):
 garbage-first heap   total 163840K, used 66959K [0x0000000080000000, 0x0000000100000000)
  region size 1024K, 10 young (10240K), 10 survivors (10240K)
 Metaspace       used 63313K, committed 64000K, reserved 491520K
  class space    used 8941K, committed 9280K, reserved 425984K
}
Event: 12.644 GC heap before
{Heap before GC invocations=18 (full 0):
 garbage-first heap   total 163840K, used 67983K [0x0000000080000000, 0x0000000100000000)
  region size 1024K, 11 young (11264K), 10 survivors (10240K)
 Metaspace       used 63385K, committed 64064K, reserved 491520K
  class space    used 8960K, committed 9280K, reserved 425984K
}
Event: 12.650 GC heap after
{Heap after GC invocations=19 (full 0):
 garbage-first heap   total 163840K, used 68403K [0x0000000080000000, 0x0000000100000000)
  region size 1024K, 2 young (2048K), 2 survivors (2048K)
 Metaspace       used 63385K, committed 64064K, reserved 491520K
  class space    used 8960K, committed 9280K, reserved 425984K
}
Event: 13.445 GC heap before
{Heap before GC invocations=19 (full 0):
 garbage-first heap   total 163840K, used 130867K [0x0000000080000000, 0x0000000100000000)
  region size 1024K, 64 young (65536K), 2 survivors (2048K)
 Metaspace       used 65932K, committed 66624K, reserved 491520K
  class space    used 9388K, committed 9728K, reserved 425984K
}
Event: 13.451 GC heap after
{Heap after GC invocations=20 (full 0):
 garbage-first heap   total 163840K, used 72561K [0x0000000080000000, 0x0000000100000000)
  region size 1024K, 6 young (6144K), 6 survivors (6144K)
 Metaspace       used 65932K, committed 66624K, reserved 491520K
  class space    used 9388K, committed 9728K, reserved 425984K
}
Event: 13.983 GC heap before
{Heap before GC invocations=20 (full 0):
 garbage-first heap   total 163840K, used 137073K [0x0000000080000000, 0x0000000100000000)
  region size 1024K, 64 young (65536K), 6 survivors (6144K)
 Metaspace       used 70119K, committed 70848K, reserved 491520K
  class space    used 9851K, committed 10176K, reserved 425984K
}
Event: 13.989 GC heap after
{Heap after GC invocations=21 (full 0):
 garbage-first heap   total 163840K, used 84713K [0x0000000080000000, 0x0000000100000000)
  region size 1024K, 7 young (7168K), 7 survivors (7168K)
 Metaspace       used 70119K, committed 70848K, reserved 491520K
  class space    used 9851K, committed 10176K, reserved 425984K
}
Event: 14.589 GC heap before
{Heap before GC invocations=21 (full 0):
 garbage-first heap   total 163840K, used 142057K [0x0000000080000000, 0x0000000100000000)
  region size 1024K, 57 young (58368K), 7 survivors (7168K)
 Metaspace       used 73765K, committed 74432K, reserved 491520K
  class space    used 10313K, committed 10624K, reserved 425984K
}
Event: 14.594 GC heap after
{Heap after GC invocations=22 (full 0):
 garbage-first heap   total 163840K, used 90335K [0x0000000080000000, 0x0000000100000000)
  region size 1024K, 6 young (6144K), 6 survivors (6144K)
 Metaspace       used 73765K, committed 74432K, reserved 491520K
  class space    used 10313K, committed 10624K, reserved 425984K
}
Event: 15.004 GC heap before
{Heap before GC invocations=22 (full 0):
 garbage-first heap   total 163840K, used 134367K [0x0000000080000000, 0x0000000100000000)
  region size 1024K, 49 young (50176K), 6 survivors (6144K)
 Metaspace       used 76915K, committed 77632K, reserved 557056K
  class space    used 10734K, committed 11072K, reserved 425984K
}
Event: 15.008 GC heap after
{Heap after GC invocations=23 (full 0):
 garbage-first heap   total 163840K, used 92932K [0x0000000080000000, 0x0000000100000000)
  region size 1024K, 3 young (3072K), 3 survivors (3072K)
 Metaspace       used 76915K, committed 77632K, reserved 557056K
  class space    used 10734K, committed 11072K, reserved 425984K
}
Event: 15.345 GC heap before
{Heap before GC invocations=23 (full 0):
 garbage-first heap   total 163840K, used 135940K [0x0000000080000000, 0x0000000100000000)
  region size 1024K, 45 young (46080K), 3 survivors (3072K)
 Metaspace       used 78507K, committed 79232K, reserved 557056K
  class space    used 10951K, committed 11264K, reserved 425984K
}
Event: 15.350 GC heap after
{Heap after GC invocations=24 (full 0):
 garbage-first heap   total 163840K, used 95314K [0x0000000080000000, 0x0000000100000000)
  region size 1024K, 5 young (5120K), 5 survivors (5120K)
 Metaspace       used 78507K, committed 79232K, reserved 557056K
  class space    used 10951K, committed 11264K, reserved 425984K
}

Deoptimization events (20 events):
Event: 15.171 Thread 0x000001e6fac937d0 Uncommon trap: trap_request=0xffffffc6 fr.pc=0x000001e687d6568c relative=0x000000000000016c
Event: 15.171 Thread 0x000001e6fac937d0 Uncommon trap: reason=bimorphic_or_optimized_type_check action=maybe_recompile pc=0x000001e687d6568c method=java.util.stream.StreamOpFlag.fromCharacteristics(Ljava/util/Spliterator;)I @ 14 c2
Event: 15.171 Thread 0x000001e6fac937d0 DEOPT PACKING pc=0x000001e687d6568c sp=0x000000cde43f3f20
Event: 15.171 Thread 0x000001e6fac937d0 DEOPT UNPACKING pc=0x000001e6875823a3 sp=0x000000cde43f3e70 mode 2
Event: 15.235 Thread 0x000001e6fac937d0 Uncommon trap: trap_request=0xffffff45 fr.pc=0x000001e687ca51ec relative=0x00000000000004ac
Event: 15.235 Thread 0x000001e6fac937d0 Uncommon trap: reason=unstable_if action=reinterpret pc=0x000001e687ca51ec method=java.util.StringJoiner.add(Ljava/lang/CharSequence;)Ljava/util/StringJoiner; @ 33 c2
Event: 15.235 Thread 0x000001e6fac937d0 DEOPT PACKING pc=0x000001e687ca51ec sp=0x000000cde43f37d0
Event: 15.235 Thread 0x000001e6fac937d0 DEOPT UNPACKING pc=0x000001e6875823a3 sp=0x000000cde43f3780 mode 2
Event: 15.241 Thread 0x000001e6fac937d0 Uncommon trap: trap_request=0xffffff45 fr.pc=0x000001e687d442e0 relative=0x0000000000000700
Event: 15.241 Thread 0x000001e6fac937d0 Uncommon trap: reason=unstable_if action=reinterpret pc=0x000001e687d442e0 method=com.sun.beans.introspect.MethodInfo$MethodOrder.compare(Ljava/lang/reflect/Method;Ljava/lang/reflect/Method;)I @ 148 c2
Event: 15.241 Thread 0x000001e6fac937d0 DEOPT PACKING pc=0x000001e687d442e0 sp=0x000000cde43f3df0
Event: 15.241 Thread 0x000001e6fac937d0 DEOPT UNPACKING pc=0x000001e6875823a3 sp=0x000000cde43f3d28 mode 2
Event: 15.241 Thread 0x000001e6fac937d0 Uncommon trap: trap_request=0xffffff45 fr.pc=0x000001e687c32f1c relative=0x00000000000006bc
Event: 15.241 Thread 0x000001e6fac937d0 Uncommon trap: reason=unstable_if action=reinterpret pc=0x000001e687c32f1c method=com.sun.beans.introspect.MethodInfo$MethodOrder.compare(Ljava/lang/reflect/Method;Ljava/lang/reflect/Method;)I @ 148 c2
Event: 15.241 Thread 0x000001e6fac937d0 DEOPT PACKING pc=0x000001e687c32f1c sp=0x000000cde43f3d60
Event: 15.241 Thread 0x000001e6fac937d0 DEOPT UNPACKING pc=0x000001e6875823a3 sp=0x000000cde43f3d20 mode 2
Event: 15.415 Thread 0x000001e6fac937d0 Uncommon trap: trap_request=0xfffffff4 fr.pc=0x000001e687cc5e4c relative=0x00000000000001ac
Event: 15.415 Thread 0x000001e6fac937d0 Uncommon trap: reason=null_check action=make_not_entrant pc=0x000001e687cc5e4c method=java.lang.PublicMethods$MethodList.getMostSpecific()Ljava/lang/reflect/Method; @ 41 c2
Event: 15.415 Thread 0x000001e6fac937d0 DEOPT PACKING pc=0x000001e687cc5e4c sp=0x000000cde43ef800
Event: 15.415 Thread 0x000001e6fac937d0 DEOPT UNPACKING pc=0x000001e6875823a3 sp=0x000000cde43ef700 mode 2

Classes unloaded (0 events):
No events

Classes redefined (0 events):
No events

Internal exceptions (20 events):
Event: 15.375 Thread 0x000001e6fac937d0 Exception <a 'java/lang/ClassNotFoundException'{0x0000000089b12588}: org/gradle/api/internal/FactoryNamedDomainObjectContainerBeanInfo> (0x0000000089b12588) 
thrown [s\open\src\hotspot\share\classfile\systemDictionary.cpp, line 256]
Event: 15.376 Thread 0x000001e6fac937d0 Exception <a 'java/lang/ClassNotFoundException'{0x0000000089b30d70}: org/gradle/api/internal/AbstractNamedDomainObjectContainerBeanInfo> (0x0000000089b30d70) 
thrown [s\open\src\hotspot\share\classfile\systemDictionary.cpp, line 256]
Event: 15.377 Thread 0x000001e6fac937d0 Exception <a 'java/lang/ClassNotFoundException'{0x0000000089b4f350}: org/gradle/api/internal/DefaultNamedDomainObjectSetBeanInfo> (0x0000000089b4f350) 
thrown [s\open\src\hotspot\share\classfile\systemDictionary.cpp, line 256]
Event: 15.377 Thread 0x000001e6fac937d0 Exception <a 'java/lang/ClassNotFoundException'{0x0000000089b6d8f8}: org/gradle/api/internal/DefaultNamedDomainObjectSetCustomizer> (0x0000000089b6d8f8) 
thrown [s\open\src\hotspot\share\classfile\systemDictionary.cpp, line 256]
Event: 15.380 Thread 0x000001e6fac937d0 Exception <a 'java/lang/ClassNotFoundException'{0x0000000089ba79d8}: org/gradle/api/internal/AbstractNamedDomainObjectContainerCustomizer> (0x0000000089ba79d8) 
thrown [s\open\src\hotspot\share\classfile\systemDictionary.cpp, line 256]
Event: 15.382 Thread 0x000001e6fac937d0 Exception <a 'java/lang/ClassNotFoundException'{0x0000000089bd9db8}: org/gradle/api/internal/FactoryNamedDomainObjectContainerCustomizer> (0x0000000089bd9db8) 
thrown [s\open\src\hotspot\share\classfile\systemDictionary.cpp, line 256]
Event: 15.383 Thread 0x000001e6fac937d0 Exception <a 'java/lang/ClassNotFoundException'{0x0000000089a01780}: org/gradle/api/internal/FactoryNamedDomainObjectContainer_DecoratedCustomizer> (0x0000000089a01780) 
thrown [s\open\src\hotspot\share\classfile\systemDictionary.cpp, line 256]
Event: 15.389 Thread 0x000001e6fac937d0 Exception <a 'java/lang/ClassNotFoundException'{0x0000000089a73968}: com/android/build/gradle/internal/dsl/SigningConfig$AgpDecorated_DecoratedBeanInfo> (0x0000000089a73968) 
thrown [s\open\src\hotspot\share\classfile\systemDictionary.cpp, line 256]
Event: 15.389 Thread 0x000001e6fac937d0 Exception <a 'java/lang/ClassNotFoundException'{0x0000000089a85ad0}: com/android/build/gradle/internal/dsl/SigningConfig$AgpDecoratedBeanInfo> (0x0000000089a85ad0) 
thrown [s\open\src\hotspot\share\classfile\systemDictionary.cpp, line 256]
Event: 15.390 Thread 0x000001e6fac937d0 Exception <a 'java/lang/ClassNotFoundException'{0x0000000089a97d30}: com/android/build/gradle/internal/dsl/SigningConfigBeanInfo> (0x0000000089a97d30) 
thrown [s\open\src\hotspot\share\classfile\systemDictionary.cpp, line 256]
Event: 15.390 Thread 0x000001e6fac937d0 Exception <a 'java/lang/ClassNotFoundException'{0x0000000089aa9e68}: com/android/builder/signing/DefaultSigningConfigBeanInfo> (0x0000000089aa9e68) 
thrown [s\open\src\hotspot\share\classfile\systemDictionary.cpp, line 256]
Event: 15.391 Thread 0x000001e6fac937d0 Exception <a 'java/lang/ClassNotFoundException'{0x0000000089abc268}: com/android/builder/signing/DefaultSigningConfigCustomizer> (0x0000000089abc268) 
thrown [s\open\src\hotspot\share\classfile\systemDictionary.cpp, line 256]
Event: 15.393 Thread 0x000001e6fac937d0 Exception <a 'java/lang/ClassNotFoundException'{0x0000000089ae64b0}: com/android/build/gradle/internal/dsl/SigningConfigCustomizer> (0x0000000089ae64b0) 
thrown [s\open\src\hotspot\share\classfile\systemDictionary.cpp, line 256]
Event: 15.394 Thread 0x000001e6fac937d0 Exception <a 'java/lang/ClassNotFoundException'{0x0000000089affb20}: com/android/build/gradle/internal/dsl/SigningConfig$AgpDecoratedCustomizer> (0x0000000089affb20) 
thrown [s\open\src\hotspot\share\classfile\systemDictionary.cpp, line 256]
Event: 15.396 Thread 0x000001e6fac937d0 Exception <a 'java/lang/ClassNotFoundException'{0x0000000089935cd8}: com/android/build/gradle/internal/dsl/SigningConfig$AgpDecorated_DecoratedCustomizer> (0x0000000089935cd8) 
thrown [s\open\src\hotspot\share\classfile\systemDictionary.cpp, line 256]
Event: 15.401 Thread 0x000001e6fac937d0 Exception <a 'java/lang/ClassNotFoundException'{0x00000000899a0da8}: build_99p5e8kbsje5kegk8ur2qe94x$_run_closure2$_closure5BeanInfo> (0x00000000899a0da8) 
thrown [s\open\src\hotspot\share\classfile\systemDictionary.cpp, line 256]
Event: 15.401 Thread 0x000001e6fac937d0 Exception <a 'java/lang/ClassNotFoundException'{0x00000000899aec18}: build_99p5e8kbsje5kegk8ur2qe94x$_run_closure2$_closure5Customizer> (0x00000000899aec18) 
thrown [s\open\src\hotspot\share\classfile\systemDictionary.cpp, line 256]
Event: 15.403 Thread 0x000001e6fac937d0 Exception <a 'java/lang/ClassNotFoundException'{0x00000000899dabd8}: build_99p5e8kbsje5kegk8ur2qe94x$_run_closure2BeanInfo> (0x00000000899dabd8) 
thrown [s\open\src\hotspot\share\classfile\systemDictionary.cpp, line 256]
Event: 15.404 Thread 0x000001e6fac937d0 Exception <a 'java/lang/ClassNotFoundException'{0x00000000899e8c18}: build_99p5e8kbsje5kegk8ur2qe94x$_run_closure2Customizer> (0x00000000899e8c18) 
thrown [s\open\src\hotspot\share\classfile\systemDictionary.cpp, line 256]
Event: 15.415 Thread 0x000001e6fac937d0 Implicit null exception at 0x000001e687cc5d35 to 0x000001e687cc5e2c

VM Operations (20 events):
Event: 14.160 Executing VM operation: HandshakeAllThreads
Event: 14.160 Executing VM operation: HandshakeAllThreads done
Event: 14.193 Executing VM operation: HandshakeAllThreads
Event: 14.194 Executing VM operation: HandshakeAllThreads done
Event: 14.195 Executing VM operation: HandshakeAllThreads
Event: 14.196 Executing VM operation: HandshakeAllThreads done
Event: 14.589 Executing VM operation: G1CollectForAllocation
Event: 14.594 Executing VM operation: G1CollectForAllocation done
Event: 14.710 Executing VM operation: HandshakeAllThreads
Event: 14.711 Executing VM operation: HandshakeAllThreads done
Event: 14.747 Executing VM operation: HandshakeAllThreads
Event: 14.747 Executing VM operation: HandshakeAllThreads done
Event: 14.843 Executing VM operation: HandshakeAllThreads
Event: 14.844 Executing VM operation: HandshakeAllThreads done
Event: 14.863 Executing VM operation: ICBufferFull
Event: 14.863 Executing VM operation: ICBufferFull done
Event: 15.004 Executing VM operation: G1CollectForAllocation
Event: 15.008 Executing VM operation: G1CollectForAllocation done
Event: 15.345 Executing VM operation: G1CollectForAllocation
Event: 15.350 Executing VM operation: G1CollectForAllocation done

Events (20 events):
Event: 14.853 Thread 0x000001e6fab9a4c0 flushing nmethod 0x000001e680de0710
Event: 14.853 Thread 0x000001e6fab9a4c0 flushing nmethod 0x000001e680e30e90
Event: 14.853 Thread 0x000001e6fab9a4c0 flushing nmethod 0x000001e680eb6c90
Event: 14.854 Thread 0x000001e6fab9a4c0 flushing nmethod 0x000001e680f3fd10
Event: 14.854 Thread 0x000001e6fab9a4c0 flushing nmethod 0x000001e680f40910
Event: 14.854 Thread 0x000001e6fab9a4c0 flushing nmethod 0x000001e680f4c090
Event: 14.854 Thread 0x000001e6fab9a4c0 flushing nmethod 0x000001e680f4c610
Event: 14.854 Thread 0x000001e6fab9a4c0 flushing nmethod 0x000001e680f4ca10
Event: 14.854 Thread 0x000001e6fab9a4c0 flushing nmethod 0x000001e680f4d090
Event: 14.854 Thread 0x000001e6fab9a4c0 flushing nmethod 0x000001e680f50a90
Event: 14.854 Thread 0x000001e6fab9a4c0 flushing nmethod 0x000001e680f54990
Event: 14.854 Thread 0x000001e6fab9a4c0 flushing nmethod 0x000001e680f56510
Event: 14.854 Thread 0x000001e6fab9a4c0 flushing nmethod 0x000001e680f59490
Event: 14.854 Thread 0x000001e6fab9a4c0 flushing nmethod 0x000001e680fc1990
Event: 15.340 loading class java/beans/IntrospectionException
Event: 15.340 loading class java/beans/IntrospectionException done
Event: 15.358 loading class java/util/AbstractList$RandomAccessSubList
Event: 15.359 loading class java/util/AbstractList$SubList
Event: 15.359 loading class java/util/AbstractList$SubList done
Event: 15.359 loading class java/util/AbstractList$RandomAccessSubList done


Dynamic libraries:
0x00007ff63a510000 - 0x00007ff63a520000 	C:\Program Files\Java\jdk-17\bin\java.exe
0x00007fffea6f0000 - 0x00007fffea906000 	C:\WINDOWS\SYSTEM32\ntdll.dll
0x00007fffe8c40000 - 0x00007fffe8d04000 	C:\WINDOWS\System32\KERNEL32.DLL
0x00007fffe7ff0000 - 0x00007fffe8396000 	C:\WINDOWS\System32\KERNELBASE.dll
0x00007fffe7a30000 - 0x00007fffe7b41000 	C:\WINDOWS\System32\ucrtbase.dll
0x00007fffc3440000 - 0x00007fffc345b000 	C:\Program Files\Java\jdk-17\bin\VCRUNTIME140.dll
0x00007fffb6a70000 - 0x00007fffb6a89000 	C:\Program Files\Java\jdk-17\bin\jli.dll
0x00007fffe8b80000 - 0x00007fffe8c32000 	C:\WINDOWS\System32\ADVAPI32.dll
0x00007fffe92d0000 - 0x00007fffe9377000 	C:\WINDOWS\System32\msvcrt.dll
0x00007fffe8d10000 - 0x00007fffe8db8000 	C:\WINDOWS\System32\sechost.dll
0x00007fffe8410000 - 0x00007fffe8438000 	C:\WINDOWS\System32\bcrypt.dll
0x00007fffe91b0000 - 0x00007fffe92c5000 	C:\WINDOWS\System32\RPCRT4.dll
0x00007fffe89d0000 - 0x00007fffe8b7d000 	C:\WINDOWS\System32\USER32.dll
0x00007fffda2f0000 - 0x00007fffda583000 	C:\WINDOWS\WinSxS\amd64_microsoft.windows.common-controls_6595b64144ccf1df_6.0.22621.3235_none_270f74e173860f98\COMCTL32.dll
0x00007fffe7d10000 - 0x00007fffe7d36000 	C:\WINDOWS\System32\win32u.dll
0x00007fffe87a0000 - 0x00007fffe87c9000 	C:\WINDOWS\System32\GDI32.dll
0x00007fffe7bf0000 - 0x00007fffe7d08000 	C:\WINDOWS\System32\gdi32full.dll
0x00007fffe7b50000 - 0x00007fffe7bea000 	C:\WINDOWS\System32\msvcp_win.dll
0x00007fffdfdd0000 - 0x00007fffdfdda000 	C:\WINDOWS\SYSTEM32\VERSION.dll
0x00007fffe8760000 - 0x00007fffe8791000 	C:\WINDOWS\System32\IMM32.DLL
0x00007fffd81b0000 - 0x00007fffd81bc000 	C:\Program Files\Java\jdk-17\bin\vcruntime140_1.dll
0x00007fffa5910000 - 0x00007fffa599e000 	C:\Program Files\Java\jdk-17\bin\msvcp140.dll
0x00007fff9ee90000 - 0x00007fff9fa6f000 	C:\Program Files\Java\jdk-17\bin\server\jvm.dll
0x00007fffe9380000 - 0x00007fffe9388000 	C:\WINDOWS\System32\PSAPI.DLL
0x00007fffd5610000 - 0x00007fffd5644000 	C:\WINDOWS\SYSTEM32\WINMM.dll
0x00007fffd7ce0000 - 0x00007fffd7ce9000 	C:\WINDOWS\SYSTEM32\WSOCK32.dll
0x00007fffea470000 - 0x00007fffea4e1000 	C:\WINDOWS\System32\WS2_32.dll
0x00007fffe6a30000 - 0x00007fffe6a48000 	C:\WINDOWS\SYSTEM32\kernel.appcore.dll
0x00007fffd7080000 - 0x00007fffd708a000 	C:\Program Files\Java\jdk-17\bin\jimage.dll
0x00007fffd7e90000 - 0x00007fffd80c3000 	C:\WINDOWS\SYSTEM32\DBGHELP.DLL
0x00007fffe8dc0000 - 0x00007fffe9148000 	C:\WINDOWS\System32\combase.dll
0x00007fffe99e0000 - 0x00007fffe9ab7000 	C:\WINDOWS\System32\OLEAUT32.dll
0x00007fffdb870000 - 0x00007fffdb8a2000 	C:\WINDOWS\SYSTEM32\dbgcore.DLL
0x00007fffe7e00000 - 0x00007fffe7e7a000 	C:\WINDOWS\System32\bcryptPrimitives.dll
0x00007fffdb970000 - 0x00007fffdb97e000 	C:\Program Files\Java\jdk-17\bin\instrument.dll
0x00007fffb1b00000 - 0x00007fffb1b25000 	C:\Program Files\Java\jdk-17\bin\java.dll
0x00007fffa5110000 - 0x00007fffa51e7000 	C:\Program Files\Java\jdk-17\bin\jsvml.dll
0x00007fffe9b10000 - 0x00007fffea36d000 	C:\WINDOWS\System32\SHELL32.dll
0x00007fffe5940000 - 0x00007fffe6238000 	C:\WINDOWS\SYSTEM32\windows.storage.dll
0x00007fffe5800000 - 0x00007fffe593e000 	C:\WINDOWS\SYSTEM32\wintypes.dll
0x00007fffea370000 - 0x00007fffea463000 	C:\WINDOWS\System32\SHCORE.dll
0x00007fffe87e0000 - 0x00007fffe883e000 	C:\WINDOWS\System32\shlwapi.dll
0x00007fffe7960000 - 0x00007fffe7986000 	C:\WINDOWS\SYSTEM32\profapi.dll
0x00007fffb0100000 - 0x00007fffb0118000 	C:\Program Files\Java\jdk-17\bin\zip.dll
0x00007fffb6a50000 - 0x00007fffb6a69000 	C:\Program Files\Java\jdk-17\bin\net.dll
0x00007fffe26b0000 - 0x00007fffe27e7000 	C:\WINDOWS\SYSTEM32\WINHTTP.dll
0x00007fffe6f90000 - 0x00007fffe6ff9000 	C:\WINDOWS\system32\mswsock.dll
0x00007fffb0120000 - 0x00007fffb0136000 	C:\Program Files\Java\jdk-17\bin\nio.dll
0x00007fffdb990000 - 0x00007fffdb9a0000 	C:\Program Files\Java\jdk-17\bin\verify.dll
0x00007fffd42a0000 - 0x00007fffd42c7000 	C:\Users\TDR SOFTWARE PVT LTD\.gradle\native\c067742578af261105cb4f569cf0c3c89f3d7b1fecec35dd04571415982c5e48\windows-amd64\native-platform.dll
0x00007fffb35d0000 - 0x00007fffb3714000 	C:\Users\TDR SOFTWARE PVT LTD\.gradle\native\38dada09dfb8b06ba9b0570ebf7e218e3eb74d4ef43ca46872605cf95ebc2f47\windows-amd64\native-platform-file-events.dll
0x00007fffd5060000 - 0x00007fffd506a000 	C:\Program Files\Java\jdk-17\bin\management.dll
0x00007fffd4310000 - 0x00007fffd431b000 	C:\Program Files\Java\jdk-17\bin\management_ext.dll
0x00007fffe72e0000 - 0x00007fffe72fb000 	C:\WINDOWS\SYSTEM32\CRYPTSP.dll
0x00007fffe6990000 - 0x00007fffe69c5000 	C:\WINDOWS\system32\rsaenh.dll
0x00007fffe7030000 - 0x00007fffe705c000 	C:\WINDOWS\SYSTEM32\USERENV.dll
0x00007fffe72c0000 - 0x00007fffe72cc000 	C:\WINDOWS\SYSTEM32\CRYPTBASE.dll
0x00007fffe64a0000 - 0x00007fffe64cd000 	C:\WINDOWS\SYSTEM32\IPHLPAPI.DLL
0x00007fffe94f0000 - 0x00007fffe94f9000 	C:\WINDOWS\System32\NSI.dll
0x00007fffe2660000 - 0x00007fffe2679000 	C:\WINDOWS\SYSTEM32\dhcpcsvc6.DLL
0x00007fffe24c0000 - 0x00007fffe24df000 	C:\WINDOWS\SYSTEM32\dhcpcsvc.DLL
0x00007fffe6510000 - 0x00007fffe6609000 	C:\WINDOWS\SYSTEM32\DNSAPI.dll
0x00007fffd4300000 - 0x00007fffd430e000 	C:\Program Files\Java\jdk-17\bin\sunmscapi.dll
0x00007fffe7e80000 - 0x00007fffe7fe6000 	C:\WINDOWS\System32\CRYPT32.dll
0x00007fffe73f0000 - 0x00007fffe741e000 	C:\WINDOWS\SYSTEM32\ncrypt.dll
0x00007fffe73b0000 - 0x00007fffe73e7000 	C:\WINDOWS\SYSTEM32\NTASN1.dll
0x00007fffd42f0000 - 0x00007fffd42f8000 	C:\WINDOWS\system32\wshunix.dll
0x00007fffd2a10000 - 0x00007fffd2a27000 	C:\WINDOWS\system32\napinsp.dll
0x00007fffd29f0000 - 0x00007fffd2a0b000 	C:\WINDOWS\system32\pnrpnsp.dll
0x00007fffd05d0000 - 0x00007fffd05e1000 	C:\WINDOWS\System32\winrnr.dll
0x00007fffca410000 - 0x00007fffca425000 	C:\WINDOWS\system32\wshbth.dll
0x00007fffd4ee0000 - 0x00007fffd4f01000 	C:\WINDOWS\system32\nlansp_c.dll
0x00007fffe1040000 - 0x00007fffe104a000 	C:\Windows\System32\rasadhlp.dll
0x00007fffe19e0000 - 0x00007fffe1a63000 	C:\WINDOWS\System32\fwpuclnt.dll

dbghelp: loaded successfully - version: 4.0.5 - missing functions: none
symbol engine: initialized successfully - sym options: 0x614 - pdb path: .;C:\Program Files\Java\jdk-17\bin;C:\WINDOWS\SYSTEM32;C:\WINDOWS\WinSxS\amd64_microsoft.windows.common-controls_6595b64144ccf1df_6.0.22621.3235_none_270f74e173860f98;C:\Program Files\Java\jdk-17\bin\server;C:\Users\TDR SOFTWARE PVT LTD\.gradle\native\c067742578af261105cb4f569cf0c3c89f3d7b1fecec35dd04571415982c5e48\windows-amd64;C:\Users\TDR SOFTWARE PVT LTD\.gradle\native\38dada09dfb8b06ba9b0570ebf7e218e3eb74d4ef43ca46872605cf95ebc2f47\windows-amd64

VM Arguments:
jvm_args: -XX:MaxMetaspaceSize=512m --add-opens=java.base/java.util=ALL-UNNAMED --add-opens=java.base/java.lang=ALL-UNNAMED --add-opens=java.base/java.lang.invoke=ALL-UNNAMED --add-opens=java.prefs/java.util.prefs=ALL-UNNAMED --add-opens=java.base/java.nio.charset=ALL-UNNAMED --add-opens=java.base/java.net=ALL-UNNAMED --add-opens=java.base/java.util.concurrent.atomic=ALL-UNNAMED -Xmx2048m -Dfile.encoding=windows-1252 -Duser.country=IN -Duser.language=en -Duser.variant -javaagent:C:\Users\TDR SOFTWARE PVT LTD\.gradle\wrapper\dists\gradle-8.7-bin\bhs2wmbdwecv87pi65oeuq5iu\gradle-8.7\lib\agents\gradle-instrumentation-agent-8.7.jar 
java_command: org.gradle.launcher.daemon.bootstrap.GradleDaemon 8.7
java_class_path (initial): C:\Users\TDR SOFTWARE PVT LTD\.gradle\wrapper\dists\gradle-8.7-bin\bhs2wmbdwecv87pi65oeuq5iu\gradle-8.7\lib\gradle-launcher-8.7.jar
Launcher Type: SUN_STANDARD

[Global flags]
     intx CICompilerCount                          = 4                                         {product} {ergonomic}
   size_t CompressedClassSpaceSize                 = 436207616                                 {product} {ergonomic}
     uint ConcGCThreads                            = 3                                         {product} {ergonomic}
     uint G1ConcRefinementThreads                  = 10                                        {product} {ergonomic}
   size_t G1HeapRegionSize                         = 1048576                                   {product} {ergonomic}
    uintx GCDrainStackTargetSize                   = 64                                        {product} {ergonomic}
   size_t InitialHeapSize                          = 268435456                                 {product} {ergonomic}
   size_t MarkStackSize                            = 4194304                                   {product} {ergonomic}
   size_t MaxHeapSize                              = 2147483648                                {product} {command line}
   size_t MaxMetaspaceSize                         = 536870912                                 {product} {command line}
   size_t MaxNewSize                               = 1287651328                                {product} {ergonomic}
   size_t MinHeapDeltaBytes                        = 1048576                                   {product} {ergonomic}
   size_t MinHeapSize                              = 8388608                                   {product} {ergonomic}
    uintx NonNMethodCodeHeapSize                   = 5839372                                {pd product} {ergonomic}
    uintx NonProfiledCodeHeapSize                  = 122909434                              {pd product} {ergonomic}
    uintx ProfiledCodeHeapSize                     = 122909434                              {pd product} {ergonomic}
    uintx ReservedCodeCacheSize                    = 251658240                              {pd product} {ergonomic}
     bool SegmentedCodeCache                       = true                                      {product} {ergonomic}
   size_t SoftMaxHeapSize                          = 2147483648                             {manageable} {ergonomic}
     bool UseCompressedClassPointers               = true                           {product lp64_product} {ergonomic}
     bool UseCompressedOops                        = true                           {product lp64_product} {ergonomic}
     bool UseG1GC                                  = true                                      {product} {ergonomic}
     bool UseLargePagesIndividualAllocation        = false                                  {pd product} {ergonomic}

Logging:
Log output configuration:
 #0: stdout all=warning uptime,level,tags
 #1: stderr all=off uptime,level,tags

Environment Variables:
JAVA_HOME=C:\Program Files\Java\jdk-17
CLASSPATH=D:\PROJECTS\customerapp\android\\gradle\wrapper\gradle-wrapper.jar
PATH=C:\Python312\Scripts\;C:\Python312\;C:\Program Files\Common Files\Oracle\Java\javapath;C:\Windows\system32;C:\Windows;C:\Windows\System32\Wbem;C:\Windows\System32\WindowsPowerShell\v1.0\;C:\Windows\System32\OpenSSH\;C:\Program Files (x86)\NVIDIA Corporation\PhysX\Common;C:\WINDOWS\system32;C:\WINDOWS;C:\WINDOWS\System32\Wbem;C:\WINDOWS\System32\WindowsPowerShell\v1.0\;C:\WINDOWS\System32\OpenSSH\;C:\Users\TDR SOFTWARE PVT LTD\AppData\Local\Android\Sdk;C:\Program Files\Git\cmd;C:\ProgramData\chocolatey\bin;C:\Users\TDR SOFTWARE PVT LTD\Downloads\platform-tools_r35.0.0-windows\platform-tools;C:\Users\TDR SOFTWARE PVT LTD\Downloads\gradle-8.7-all\gradle-8.7\bin;C:\Users\YOUR_USERNAME\AppData\Roaming\npm;C:\Program Files\nodejs\;C:\Users\TDR SOFTWARE PVT LTD\AppData\Local\Microsoft\WindowsApps;C:\Users\TDR SOFTWARE PVT LTD\AppData\Local\Android\Sdk\platform-tools;C:\Windows\SysWOW64;C:\Users\TDR SOFTWARE PVT LTD\AppData\Roaming\npm;C:\Users\TDR SOFTWARE PVT LTD\AppData\Local\Programs\Microsoft VS Code\bin
USERNAME=TDR SOFTWARE PVT LTD
LANG=en_US.UTF-8
OS=Windows_NT
PROCESSOR_IDENTIFIER=Intel64 Family 6 Model 165 Stepping 3, GenuineIntel



---------------  S Y S T E M  ---------------

OS:
 Windows 11 , 64 bit Build 22621 (10.0.22621.3235)
OS uptime: 1 days 2:46 hours
Hyper-V role detected

CPU: total 12 (initial active 12) (6 cores per cpu, 2 threads per core) family 6 model 165 stepping 3 microcode 0xf4, cx8, cmov, fxsr, ht, mmx, 3dnowpref, sse, sse2, sse3, ssse3, sse4.1, sse4.2, popcnt, lzcnt, tsc, tscinvbit, avx, avx2, aes, erms, clmul, bmi1, bmi2, adx, fma, vzeroupper, clflush, clflushopt, hv

Memory: 4k page, system-wide physical 16295M (4280M free)
TotalPageFile size 16295M (AvailPageFile size 115M)
current process WorkingSet (physical memory assigned to process): 404M, peak: 415M
current process commit charge ("private bytes"): 451M, peak: 465M

vm_info: Java HotSpot(TM) 64-Bit Server VM (17.0.10+11-LTS-240) for windows-amd64 JRE (17.0.10+11-LTS-240), built on Dec 19 2023 21:47:25 by "mach5one" with MS VC++ 17.1 (VS2022)

END.
